[0.040s] Invoking command in '/home/gh/ros_ws/build/my_cpp_pkg': CMAKE_PREFIX_PATH=/home/gh/ros_ws/install/my_robot_interfaces:/home/gh/ros_ws/install/finalprojectinterfaces:/home/gh/ros_ws/install/finalProjectLauncher:/home/gh/ros_ws/install/finalproject:/home/gh/ros_ws/install/my_robot_bringup:/home/gh/ros_ws/install/my_cpp_pkg:/home/gh/ros_ws/install/cpppkg:/opt/ros/jazzy/opt/gz_math_vendor:/opt/ros/jazzy/opt/gz_utils_vendor:/opt/ros/jazzy/opt/gz_cmake_vendor:/home/gh/ros_ws/install/pypkg:/home/gh/ros_ws/install/my_py_pkg:/opt/ros/jazzy DEBUGINFOD_URLS=https://debuginfod.ubuntu.com LD_LIBRARY_PATH=/home/gh/ros_ws/install/my_robot_interfaces/lib:/home/gh/ros_ws/install/finalprojectinterfaces/lib:/opt/ros/jazzy/opt/rviz_ogre_vendor/lib:/opt/ros/jazzy/lib/x86_64-linux-gnu:/opt/ros/jazzy/opt/gz_math_vendor/lib:/opt/ros/jazzy/opt/gz_utils_vendor/lib:/opt/ros/jazzy/opt/gz_cmake_vendor/lib:/opt/ros/jazzy/lib PYTHONPATH=/home/gh/ros_ws/install/my_robot_interfaces/lib/python3.12/site-packages:/home/gh/ros_ws/install/finalprojectinterfaces/lib/python3.12/site-packages:/home/gh/ros_ws/install/pypkg/lib/python3.12/site-packages:/home/gh/ros_ws/install/my_py_pkg/lib/python3.12/site-packages:/opt/ros/jazzy/lib/python3.12/site-packages /usr/bin/cmake --build /home/gh/ros_ws/build/my_cpp_pkg -- -j8 -l8
[0.226s] [  9%] Built target add_two_ints_client_no_oop
[0.238s] [ 18%] Built target number_publisher
[0.244s] [ 27%] Built target smartphone
[0.244s] [ 36%] Built target cpp_node
[0.259s] [ 45%] Built target number_counter
[0.261s] [ 54%] Built target robot_news_station
[0.265s] [ 63%] Built target add_two_ints_client
[0.286s] [ 72%] Built target add_two_ints_server
[0.319s] [ 81%] Built target battery
[0.322s] [ 90%] Built target led_panel
[0.332s] [100%] Built target hw_status_publisher
[0.623s] Invoked command in '/home/gh/ros_ws/build/my_cpp_pkg' returned '0': CMAKE_PREFIX_PATH=/home/gh/ros_ws/install/my_robot_interfaces:/home/gh/ros_ws/install/finalprojectinterfaces:/home/gh/ros_ws/install/finalProjectLauncher:/home/gh/ros_ws/install/finalproject:/home/gh/ros_ws/install/my_robot_bringup:/home/gh/ros_ws/install/my_cpp_pkg:/home/gh/ros_ws/install/cpppkg:/opt/ros/jazzy/opt/gz_math_vendor:/opt/ros/jazzy/opt/gz_utils_vendor:/opt/ros/jazzy/opt/gz_cmake_vendor:/home/gh/ros_ws/install/pypkg:/home/gh/ros_ws/install/my_py_pkg:/opt/ros/jazzy DEBUGINFOD_URLS=https://debuginfod.ubuntu.com LD_LIBRARY_PATH=/home/gh/ros_ws/install/my_robot_interfaces/lib:/home/gh/ros_ws/install/finalprojectinterfaces/lib:/opt/ros/jazzy/opt/rviz_ogre_vendor/lib:/opt/ros/jazzy/lib/x86_64-linux-gnu:/opt/ros/jazzy/opt/gz_math_vendor/lib:/opt/ros/jazzy/opt/gz_utils_vendor/lib:/opt/ros/jazzy/opt/gz_cmake_vendor/lib:/opt/ros/jazzy/lib PYTHONPATH=/home/gh/ros_ws/install/my_robot_interfaces/lib/python3.12/site-packages:/home/gh/ros_ws/install/finalprojectinterfaces/lib/python3.12/site-packages:/home/gh/ros_ws/install/pypkg/lib/python3.12/site-packages:/home/gh/ros_ws/install/my_py_pkg/lib/python3.12/site-packages:/opt/ros/jazzy/lib/python3.12/site-packages /usr/bin/cmake --build /home/gh/ros_ws/build/my_cpp_pkg -- -j8 -l8
[0.625s] Invoking command in '/home/gh/ros_ws/build/my_cpp_pkg': CMAKE_PREFIX_PATH=/home/gh/ros_ws/install/my_robot_interfaces:/home/gh/ros_ws/install/finalprojectinterfaces:/home/gh/ros_ws/install/finalProjectLauncher:/home/gh/ros_ws/install/finalproject:/home/gh/ros_ws/install/my_robot_bringup:/home/gh/ros_ws/install/my_cpp_pkg:/home/gh/ros_ws/install/cpppkg:/opt/ros/jazzy/opt/gz_math_vendor:/opt/ros/jazzy/opt/gz_utils_vendor:/opt/ros/jazzy/opt/gz_cmake_vendor:/home/gh/ros_ws/install/pypkg:/home/gh/ros_ws/install/my_py_pkg:/opt/ros/jazzy DEBUGINFOD_URLS=https://debuginfod.ubuntu.com LD_LIBRARY_PATH=/home/gh/ros_ws/install/my_robot_interfaces/lib:/home/gh/ros_ws/install/finalprojectinterfaces/lib:/opt/ros/jazzy/opt/rviz_ogre_vendor/lib:/opt/ros/jazzy/lib/x86_64-linux-gnu:/opt/ros/jazzy/opt/gz_math_vendor/lib:/opt/ros/jazzy/opt/gz_utils_vendor/lib:/opt/ros/jazzy/opt/gz_cmake_vendor/lib:/opt/ros/jazzy/lib PYTHONPATH=/home/gh/ros_ws/install/my_robot_interfaces/lib/python3.12/site-packages:/home/gh/ros_ws/install/finalprojectinterfaces/lib/python3.12/site-packages:/home/gh/ros_ws/install/pypkg/lib/python3.12/site-packages:/home/gh/ros_ws/install/my_py_pkg/lib/python3.12/site-packages:/opt/ros/jazzy/lib/python3.12/site-packages /usr/bin/cmake --install /home/gh/ros_ws/build/my_cpp_pkg
[0.639s] -- Install configuration: ""
[0.639s] -- Up-to-date: /home/gh/ros_ws/install/my_cpp_pkg/lib/my_cpp_pkg/cpp_node
[0.641s] -- Up-to-date: /home/gh/ros_ws/install/my_cpp_pkg/lib/my_cpp_pkg/robot_news_station
[0.642s] -- Up-to-date: /home/gh/ros_ws/install/my_cpp_pkg/lib/my_cpp_pkg/smartphone
[0.643s] -- Up-to-date: /home/gh/ros_ws/install/my_cpp_pkg/lib/my_cpp_pkg/number_publisher
[0.644s] -- Up-to-date: /home/gh/ros_ws/install/my_cpp_pkg/lib/my_cpp_pkg/number_counter
[0.645s] -- Up-to-date: /home/gh/ros_ws/install/my_cpp_pkg/lib/my_cpp_pkg/add_two_ints_server
[0.646s] -- Up-to-date: /home/gh/ros_ws/install/my_cpp_pkg/lib/my_cpp_pkg/add_two_ints_client_no_oop
[0.647s] -- Up-to-date: /home/gh/ros_ws/install/my_cpp_pkg/lib/my_cpp_pkg/add_two_ints_client
[0.648s] -- Up-to-date: /home/gh/ros_ws/install/my_cpp_pkg/lib/my_cpp_pkg/hw_status_publisher
[0.649s] -- Up-to-date: /home/gh/ros_ws/install/my_cpp_pkg/lib/my_cpp_pkg/led_panel
[0.649s] -- Up-to-date: /home/gh/ros_ws/install/my_cpp_pkg/lib/my_cpp_pkg/battery
[0.650s] -- Up-to-date: /home/gh/ros_ws/install/my_cpp_pkg/share/ament_index/resource_index/package_run_dependencies/my_cpp_pkg
[0.650s] -- Up-to-date: /home/gh/ros_ws/install/my_cpp_pkg/share/ament_index/resource_index/parent_prefix_path/my_cpp_pkg
[0.650s] -- Up-to-date: /home/gh/ros_ws/install/my_cpp_pkg/share/my_cpp_pkg/environment/ament_prefix_path.sh
[0.651s] -- Up-to-date: /home/gh/ros_ws/install/my_cpp_pkg/share/my_cpp_pkg/environment/ament_prefix_path.dsv
[0.651s] -- Up-to-date: /home/gh/ros_ws/install/my_cpp_pkg/share/my_cpp_pkg/environment/path.sh
[0.651s] -- Up-to-date: /home/gh/ros_ws/install/my_cpp_pkg/share/my_cpp_pkg/environment/path.dsv
[0.651s] -- Up-to-date: /home/gh/ros_ws/install/my_cpp_pkg/share/my_cpp_pkg/local_setup.bash
[0.652s] -- Up-to-date: /home/gh/ros_ws/install/my_cpp_pkg/share/my_cpp_pkg/local_setup.sh
[0.652s] -- Up-to-date: /home/gh/ros_ws/install/my_cpp_pkg/share/my_cpp_pkg/local_setup.zsh
[0.652s] -- Up-to-date: /home/gh/ros_ws/install/my_cpp_pkg/share/my_cpp_pkg/local_setup.dsv
[0.652s] -- Installing: /home/gh/ros_ws/install/my_cpp_pkg/share/my_cpp_pkg/package.dsv
[0.652s] -- Up-to-date: /home/gh/ros_ws/install/my_cpp_pkg/share/ament_index/resource_index/packages/my_cpp_pkg
[0.653s] -- Up-to-date: /home/gh/ros_ws/install/my_cpp_pkg/share/my_cpp_pkg/cmake/my_cpp_pkgConfig.cmake
[0.653s] -- Up-to-date: /home/gh/ros_ws/install/my_cpp_pkg/share/my_cpp_pkg/cmake/my_cpp_pkgConfig-version.cmake
[0.653s] -- Up-to-date: /home/gh/ros_ws/install/my_cpp_pkg/share/my_cpp_pkg/package.xml
[0.656s] Invoked command in '/home/gh/ros_ws/build/my_cpp_pkg' returned '0': CMAKE_PREFIX_PATH=/home/gh/ros_ws/install/my_robot_interfaces:/home/gh/ros_ws/install/finalprojectinterfaces:/home/gh/ros_ws/install/finalProjectLauncher:/home/gh/ros_ws/install/finalproject:/home/gh/ros_ws/install/my_robot_bringup:/home/gh/ros_ws/install/my_cpp_pkg:/home/gh/ros_ws/install/cpppkg:/opt/ros/jazzy/opt/gz_math_vendor:/opt/ros/jazzy/opt/gz_utils_vendor:/opt/ros/jazzy/opt/gz_cmake_vendor:/home/gh/ros_ws/install/pypkg:/home/gh/ros_ws/install/my_py_pkg:/opt/ros/jazzy DEBUGINFOD_URLS=https://debuginfod.ubuntu.com LD_LIBRARY_PATH=/home/gh/ros_ws/install/my_robot_interfaces/lib:/home/gh/ros_ws/install/finalprojectinterfaces/lib:/opt/ros/jazzy/opt/rviz_ogre_vendor/lib:/opt/ros/jazzy/lib/x86_64-linux-gnu:/opt/ros/jazzy/opt/gz_math_vendor/lib:/opt/ros/jazzy/opt/gz_utils_vendor/lib:/opt/ros/jazzy/opt/gz_cmake_vendor/lib:/opt/ros/jazzy/lib PYTHONPATH=/home/gh/ros_ws/install/my_robot_interfaces/lib/python3.12/site-packages:/home/gh/ros_ws/install/finalprojectinterfaces/lib/python3.12/site-packages:/home/gh/ros_ws/install/pypkg/lib/python3.12/site-packages:/home/gh/ros_ws/install/my_py_pkg/lib/python3.12/site-packages:/opt/ros/jazzy/lib/python3.12/site-packages /usr/bin/cmake --install /home/gh/ros_ws/build/my_cpp_pkg
