[0.021s] Invoking command in '/home/gh/ros_ws/build/cpppkg': CMAKE_PREFIX_PATH=${CMAKE_PREFIX_PATH}:/home/gh/ros_ws/install/pypkg:/opt/ros/jazzy DEBUGINFOD_URLS=https://debuginfod.ubuntu.com /usr/bin/cmake --build /home/gh/ros_ws/build/cpppkg -- -j8 -l8
[0.110s] [100%] Built target cpp_node
[0.343s] Invoked command in '/home/gh/ros_ws/build/cpppkg' returned '0': CMAKE_PREFIX_PATH=${CMAKE_PREFIX_PATH}:/home/gh/ros_ws/install/pypkg:/opt/ros/jazzy DEBUGINFOD_URLS=https://debuginfod.ubuntu.com /usr/bin/cmake --build /home/gh/ros_ws/build/cpppkg -- -j8 -l8
[0.357s] Invoking command in '/home/gh/ros_ws/build/cpppkg': CMAKE_PREFIX_PATH=${CMAKE_PREFIX_PATH}:/home/gh/ros_ws/install/pypkg:/opt/ros/jazzy DEBUGINFOD_URLS=https://debuginfod.ubuntu.com /usr/bin/cmake --install /home/gh/ros_ws/build/cpppkg
[0.368s] -- Install configuration: ""
[0.368s] -- Up-to-date: /home/gh/ros_ws/install/cpppkg/lib/cpppkg/cpp_node
[0.368s] -- Up-to-date: /home/gh/ros_ws/install/cpppkg/share/ament_index/resource_index/package_run_dependencies/cpppkg
[0.369s] -- Up-to-date: /home/gh/ros_ws/install/cpppkg/share/ament_index/resource_index/parent_prefix_path/cpppkg
[0.369s] -- Up-to-date: /home/gh/ros_ws/install/cpppkg/share/cpppkg/environment/ament_prefix_path.sh
[0.369s] -- Up-to-date: /home/gh/ros_ws/install/cpppkg/share/cpppkg/environment/ament_prefix_path.dsv
[0.370s] -- Up-to-date: /home/gh/ros_ws/install/cpppkg/share/cpppkg/environment/path.sh
[0.370s] -- Up-to-date: /home/gh/ros_ws/install/cpppkg/share/cpppkg/environment/path.dsv
[0.370s] -- Up-to-date: /home/gh/ros_ws/install/cpppkg/share/cpppkg/local_setup.bash
[0.371s] -- Up-to-date: /home/gh/ros_ws/install/cpppkg/share/cpppkg/local_setup.sh
[0.371s] -- Up-to-date: /home/gh/ros_ws/install/cpppkg/share/cpppkg/local_setup.zsh
[0.371s] -- Up-to-date: /home/gh/ros_ws/install/cpppkg/share/cpppkg/local_setup.dsv
[0.371s] -- Installing: /home/gh/ros_ws/install/cpppkg/share/cpppkg/package.dsv
[0.371s] -- Up-to-date: /home/gh/ros_ws/install/cpppkg/share/ament_index/resource_index/packages/cpppkg
[0.372s] -- Up-to-date: /home/gh/ros_ws/install/cpppkg/share/cpppkg/cmake/cpppkgConfig.cmake
[0.372s] -- Up-to-date: /home/gh/ros_ws/install/cpppkg/share/cpppkg/cmake/cpppkgConfig-version.cmake
[0.372s] -- Up-to-date: /home/gh/ros_ws/install/cpppkg/share/cpppkg/package.xml
[0.373s] Invoked command in '/home/gh/ros_ws/build/cpppkg' returned '0': CMAKE_PREFIX_PATH=${CMAKE_PREFIX_PATH}:/home/gh/ros_ws/install/pypkg:/opt/ros/jazzy DEBUGINFOD_URLS=https://debuginfod.ubuntu.com /usr/bin/cmake --install /home/gh/ros_ws/build/cpppkg
