[1.455s] Invoking command in '/home/gh/ros_ws/src/my_py_pkg': CMAKE_PREFIX_PATH=/home/gh/ros_ws/install/my_robot_interfaces:/home/gh/ros_ws/install/my_robot_bringup:/home/gh/ros_ws/install/my_cpp_pkg:/home/gh/ros_ws/install/cpppkg:/opt/ros/jazzy/opt/gz_math_vendor:/opt/ros/jazzy/opt/gz_utils_vendor:/opt/ros/jazzy/opt/gz_cmake_vendor DEBUGINFOD_URLS=https://debuginfod.ubuntu.com PYTHONPATH=/home/gh/ros_ws/build/my_py_pkg/prefix_override:/usr/lib/python3/dist-packages/colcon_core/task/python/colcon_distutils_commands:/home/gh/ros_ws/install/my_py_pkg/lib/python3.12/site-packages:/home/gh/ros_ws/install/my_robot_interfaces/lib/python3.12/site-packages:/home/gh/ros_ws/install/pypkg/lib/python3.12/site-packages:/home/gh/ros_ws/install/my_py_pkg/lib/python3.12/site-packages:/opt/ros/jazzy/lib/python3.12/site-packages /usr/bin/python3 -W ignore:setup.py install is deprecated -W ignore:easy_install command is deprecated setup.py egg_info --egg-base ../../build/my_py_pkg build --build-base /home/gh/ros_ws/build/my_py_pkg/build install --record /home/gh/ros_ws/build/my_py_pkg/install.log --single-version-externally-managed install_data
[1.860s] running egg_info
[1.887s] writing ../../build/my_py_pkg/my_py_pkg.egg-info/PKG-INFO
[1.887s] writing dependency_links to ../../build/my_py_pkg/my_py_pkg.egg-info/dependency_links.txt
[1.888s] writing entry points to ../../build/my_py_pkg/my_py_pkg.egg-info/entry_points.txt
[1.888s] writing requirements to ../../build/my_py_pkg/my_py_pkg.egg-info/requires.txt
[1.888s] writing top-level names to ../../build/my_py_pkg/my_py_pkg.egg-info/top_level.txt
[1.946s] reading manifest file '../../build/my_py_pkg/my_py_pkg.egg-info/SOURCES.txt'
[1.947s] writing manifest file '../../build/my_py_pkg/my_py_pkg.egg-info/SOURCES.txt'
[1.948s] running build
[1.948s] running build_py
[1.949s] running install
[1.957s] running install_lib
[1.987s] running install_data
[1.987s] running install_egg_info
[2.022s] removing '/home/gh/ros_ws/install/my_py_pkg/lib/python3.12/site-packages/my_py_pkg-0.0.0-py3.12.egg-info' (and everything under it)
[2.022s] Copying ../../build/my_py_pkg/my_py_pkg.egg-info to /home/gh/ros_ws/install/my_py_pkg/lib/python3.12/site-packages/my_py_pkg-0.0.0-py3.12.egg-info
[2.024s] running install_scripts
[2.226s] Installing add_two_ints_client script to /home/gh/ros_ws/install/my_py_pkg/lib/my_py_pkg
[2.227s] Installing add_two_ints_client_no_oop script to /home/gh/ros_ws/install/my_py_pkg/lib/my_py_pkg
[2.227s] Installing add_two_ints_server script to /home/gh/ros_ws/install/my_py_pkg/lib/my_py_pkg
[2.227s] Installing battery script to /home/gh/ros_ws/install/my_py_pkg/lib/my_py_pkg
[2.227s] Installing hw_status_publisher script to /home/gh/ros_ws/install/my_py_pkg/lib/my_py_pkg
[2.228s] Installing led_panel script to /home/gh/ros_ws/install/my_py_pkg/lib/my_py_pkg
[2.228s] Installing number_counter script to /home/gh/ros_ws/install/my_py_pkg/lib/my_py_pkg
[2.228s] Installing number_publisher script to /home/gh/ros_ws/install/my_py_pkg/lib/my_py_pkg
[2.228s] Installing py_node script to /home/gh/ros_ws/install/my_py_pkg/lib/my_py_pkg
[2.229s] Installing robot_news_station script to /home/gh/ros_ws/install/my_py_pkg/lib/my_py_pkg
[2.229s] Installing smartphone script to /home/gh/ros_ws/install/my_py_pkg/lib/my_py_pkg
[2.230s] writing list of installed files to '/home/gh/ros_ws/build/my_py_pkg/install.log'
[2.279s] Invoked command in '/home/gh/ros_ws/src/my_py_pkg' returned '0': CMAKE_PREFIX_PATH=/home/gh/ros_ws/install/my_robot_interfaces:/home/gh/ros_ws/install/my_robot_bringup:/home/gh/ros_ws/install/my_cpp_pkg:/home/gh/ros_ws/install/cpppkg:/opt/ros/jazzy/opt/gz_math_vendor:/opt/ros/jazzy/opt/gz_utils_vendor:/opt/ros/jazzy/opt/gz_cmake_vendor DEBUGINFOD_URLS=https://debuginfod.ubuntu.com PYTHONPATH=/home/gh/ros_ws/build/my_py_pkg/prefix_override:/usr/lib/python3/dist-packages/colcon_core/task/python/colcon_distutils_commands:/home/gh/ros_ws/install/my_py_pkg/lib/python3.12/site-packages:/home/gh/ros_ws/install/my_robot_interfaces/lib/python3.12/site-packages:/home/gh/ros_ws/install/pypkg/lib/python3.12/site-packages:/home/gh/ros_ws/install/my_py_pkg/lib/python3.12/site-packages:/opt/ros/jazzy/lib/python3.12/site-packages /usr/bin/python3 -W ignore:setup.py install is deprecated -W ignore:easy_install command is deprecated setup.py egg_info --egg-base ../../build/my_py_pkg build --build-base /home/gh/ros_ws/build/my_py_pkg/build install --record /home/gh/ros_ws/build/my_py_pkg/install.log --single-version-externally-managed install_data
