[0.024s] Invoking command in '/home/gh/ros_ws/build/cpppkg': CMAKE_PREFIX_PATH=${CMAKE_PREFIX_PATH}:/opt/ros/jazzy DEBUGINFOD_URLS=https://debuginfod.ubuntu.com /usr/bin/cmake /home/gh/ros_ws/src/cpppkg -DCMAKE_INSTALL_PREFIX=/home/gh/ros_ws/install/cpppkg
[0.106s] -- The C compiler identification is GNU 13.3.0
[0.208s] -- The CXX compiler identification is GNU 13.3.0
[0.234s] -- Detecting C compiler ABI info
[0.362s] -- Detecting C compiler ABI info - done
[0.380s] -- Check for working C compiler: /usr/bin/cc - skipped
[0.382s] -- Detecting C compile features
[0.382s] -- Detecting C compile features - done
[0.398s] -- Detecting CXX compiler ABI info
[0.565s] -- Detecting CXX compiler ABI info - done
[0.579s] -- Check for working CXX compiler: /usr/bin/c++ - skipped
[0.579s] -- Detecting CXX compile features
[0.580s] -- Detecting CXX compile features - done
[0.584s] -- Found ament_cmake: 2.5.3 (/opt/ros/jazzy/share/ament_cmake/cmake)
[0.797s] -- Found Python3: /usr/bin/python3 (found version "3.12.3") found components: Interpreter 
[0.966s] -- Found rclcpp: 28.1.8 (/opt/ros/jazzy/share/rclcpp/cmake)
[1.033s] -- Found rosidl_generator_c: 4.6.5 (/opt/ros/jazzy/share/rosidl_generator_c/cmake)
[1.052s] -- Found rosidl_generator_cpp: 4.6.5 (/opt/ros/jazzy/share/rosidl_generator_cpp/cmake)
[1.077s] -- Using all available rosidl_typesupport_c: rosidl_typesupport_fastrtps_c;rosidl_typesupport_introspection_c
[1.101s] -- Using all available rosidl_typesupport_cpp: rosidl_typesupport_fastrtps_cpp;rosidl_typesupport_introspection_cpp
[1.219s] -- Found rmw_implementation_cmake: 7.3.2 (/opt/ros/jazzy/share/rmw_implementation_cmake/cmake)
[1.224s] -- Found rmw_fastrtps_cpp: 8.4.2 (/opt/ros/jazzy/share/rmw_fastrtps_cpp/cmake)
[1.367s] -- Found OpenSSL: /usr/lib/x86_64-linux-gnu/libcrypto.so (found version "3.0.13")  
[1.399s] -- Found FastRTPS: /opt/ros/jazzy/include (Required is at least version "2.13") 
[1.438s] -- Using RMW implementation 'rmw_fastrtps_cpp' as default
[1.566s] -- Found ament_lint_auto: 0.17.2 (/opt/ros/jazzy/share/ament_lint_auto/cmake)
[1.731s] -- Added test 'lint_cmake' to check CMake code style
[1.733s] -- Added test 'xmllint' to check XML markup files
[1.734s] -- Configuring done (1.7s)
[1.743s] -- Generating done (0.0s)
[1.746s] -- Build files have been written to: /home/gh/ros_ws/build/cpppkg
[1.760s] Invoked command in '/home/gh/ros_ws/build/cpppkg' returned '0': CMAKE_PREFIX_PATH=${CMAKE_PREFIX_PATH}:/opt/ros/jazzy DEBUGINFOD_URLS=https://debuginfod.ubuntu.com /usr/bin/cmake /home/gh/ros_ws/src/cpppkg -DCMAKE_INSTALL_PREFIX=/home/gh/ros_ws/install/cpppkg
[1.763s] Invoking command in '/home/gh/ros_ws/build/cpppkg': CMAKE_PREFIX_PATH=${CMAKE_PREFIX_PATH}:/opt/ros/jazzy DEBUGINFOD_URLS=https://debuginfod.ubuntu.com /usr/bin/cmake --build /home/gh/ros_ws/build/cpppkg -- -j8 -l8
[1.830s] Invoked command in '/home/gh/ros_ws/build/cpppkg' returned '0': CMAKE_PREFIX_PATH=${CMAKE_PREFIX_PATH}:/opt/ros/jazzy DEBUGINFOD_URLS=https://debuginfod.ubuntu.com /usr/bin/cmake --build /home/gh/ros_ws/build/cpppkg -- -j8 -l8
[1.844s] Invoking command in '/home/gh/ros_ws/build/cpppkg': CMAKE_PREFIX_PATH=${CMAKE_PREFIX_PATH}:/opt/ros/jazzy DEBUGINFOD_URLS=https://debuginfod.ubuntu.com /usr/bin/cmake --install /home/gh/ros_ws/build/cpppkg
[1.856s] -- Install configuration: ""
[1.856s] -- Installing: /home/gh/ros_ws/install/cpppkg/share/ament_index/resource_index/package_run_dependencies/cpppkg
[1.858s] -- Installing: /home/gh/ros_ws/install/cpppkg/share/ament_index/resource_index/parent_prefix_path/cpppkg
[1.858s] -- Installing: /home/gh/ros_ws/install/cpppkg/share/cpppkg/environment/ament_prefix_path.sh
[1.858s] -- Installing: /home/gh/ros_ws/install/cpppkg/share/cpppkg/environment/ament_prefix_path.dsv
[1.858s] -- Installing: /home/gh/ros_ws/install/cpppkg/share/cpppkg/environment/path.sh
[1.859s] -- Installing: /home/gh/ros_ws/install/cpppkg/share/cpppkg/environment/path.dsv
[1.859s] -- Installing: /home/gh/ros_ws/install/cpppkg/share/cpppkg/local_setup.bash
[1.859s] -- Installing: /home/gh/ros_ws/install/cpppkg/share/cpppkg/local_setup.sh
[1.859s] -- Installing: /home/gh/ros_ws/install/cpppkg/share/cpppkg/local_setup.zsh
[1.859s] -- Installing: /home/gh/ros_ws/install/cpppkg/share/cpppkg/local_setup.dsv
[1.860s] -- Installing: /home/gh/ros_ws/install/cpppkg/share/cpppkg/package.dsv
[1.860s] -- Installing: /home/gh/ros_ws/install/cpppkg/share/ament_index/resource_index/packages/cpppkg
[1.860s] -- Installing: /home/gh/ros_ws/install/cpppkg/share/cpppkg/cmake/cpppkgConfig.cmake
[1.861s] -- Installing: /home/gh/ros_ws/install/cpppkg/share/cpppkg/cmake/cpppkgConfig-version.cmake
[1.861s] -- Installing: /home/gh/ros_ws/install/cpppkg/share/cpppkg/package.xml
[1.863s] Invoked command in '/home/gh/ros_ws/build/cpppkg' returned '0': CMAKE_PREFIX_PATH=${CMAKE_PREFIX_PATH}:/opt/ros/jazzy DEBUGINFOD_URLS=https://debuginfod.ubuntu.com /usr/bin/cmake --install /home/gh/ros_ws/build/cpppkg
