[1.706s] Invoking command in '/home/gh/ros_ws/src/my_py_pkg': CMAKE_PREFIX_PATH=/home/gh/ros_ws/install/my_robot_interfaces:/home/gh/ros_ws/install/finalprojectinterfaces:/home/gh/ros_ws/install/finalProjectLauncher:/home/gh/ros_ws/install/finalproject:/home/gh/ros_ws/install/my_robot_bringup:/home/gh/ros_ws/install/my_cpp_pkg:/home/gh/ros_ws/install/cpppkg:/opt/ros/jazzy/opt/gz_math_vendor:/opt/ros/jazzy/opt/gz_utils_vendor:/opt/ros/jazzy/opt/gz_cmake_vendor DEBUGINFOD_URLS=https://debuginfod.ubuntu.com LD_LIBRARY_PATH=/home/gh/ros_ws/install/my_robot_interfaces/lib:/home/gh/ros_ws/install/finalprojectinterfaces/lib:/opt/ros/jazzy/opt/rviz_ogre_vendor/lib:/opt/ros/jazzy/lib/x86_64-linux-gnu:/opt/ros/jazzy/opt/gz_math_vendor/lib:/opt/ros/jazzy/opt/gz_utils_vendor/lib:/opt/ros/jazzy/opt/gz_cmake_vendor/lib:/opt/ros/jazzy/lib PYTHONPATH=/home/gh/ros_ws/build/my_py_pkg/prefix_override:/usr/lib/python3/dist-packages/colcon_core/task/python/colcon_distutils_commands:/home/gh/ros_ws/install/my_py_pkg/lib/python3.12/site-packages:/home/gh/ros_ws/install/my_robot_interfaces/lib/python3.12/site-packages:/home/gh/ros_ws/install/finalprojectinterfaces/lib/python3.12/site-packages:/home/gh/ros_ws/install/pypkg/lib/python3.12/site-packages:/home/gh/ros_ws/install/my_py_pkg/lib/python3.12/site-packages:/opt/ros/jazzy/lib/python3.12/site-packages /usr/bin/python3 -W ignore:setup.py install is deprecated -W ignore:easy_install command is deprecated setup.py egg_info --egg-base ../../build/my_py_pkg build --build-base /home/gh/ros_ws/build/my_py_pkg/build install --record /home/gh/ros_ws/build/my_py_pkg/install.log --single-version-externally-managed install_data
[2.168s] running egg_info
[2.203s] writing ../../build/my_py_pkg/my_py_pkg.egg-info/PKG-INFO
[2.203s] writing dependency_links to ../../build/my_py_pkg/my_py_pkg.egg-info/dependency_links.txt
[2.205s] writing entry points to ../../build/my_py_pkg/my_py_pkg.egg-info/entry_points.txt
[2.205s] writing requirements to ../../build/my_py_pkg/my_py_pkg.egg-info/requires.txt
[2.205s] writing top-level names to ../../build/my_py_pkg/my_py_pkg.egg-info/top_level.txt
[2.276s] reading manifest file '../../build/my_py_pkg/my_py_pkg.egg-info/SOURCES.txt'
[2.278s] writing manifest file '../../build/my_py_pkg/my_py_pkg.egg-info/SOURCES.txt'
[2.278s] running build
[2.278s] running build_py
[2.280s] running install
[2.290s] running install_lib
[2.327s] running install_data
[2.327s] running install_egg_info
[2.365s] removing '/home/gh/ros_ws/install/my_py_pkg/lib/python3.12/site-packages/my_py_pkg-0.0.0-py3.12.egg-info' (and everything under it)
[2.366s] Copying ../../build/my_py_pkg/my_py_pkg.egg-info to /home/gh/ros_ws/install/my_py_pkg/lib/python3.12/site-packages/my_py_pkg-0.0.0-py3.12.egg-info
[2.368s] running install_scripts
[2.598s] Installing add_two_ints_client script to /home/gh/ros_ws/install/my_py_pkg/lib/my_py_pkg
[2.599s] Installing add_two_ints_client_no_oop script to /home/gh/ros_ws/install/my_py_pkg/lib/my_py_pkg
[2.599s] Installing add_two_ints_server script to /home/gh/ros_ws/install/my_py_pkg/lib/my_py_pkg
[2.599s] Installing battery script to /home/gh/ros_ws/install/my_py_pkg/lib/my_py_pkg
[2.599s] Installing hw_status_publisher script to /home/gh/ros_ws/install/my_py_pkg/lib/my_py_pkg
[2.600s] Installing led_panel script to /home/gh/ros_ws/install/my_py_pkg/lib/my_py_pkg
[2.600s] Installing number_counter script to /home/gh/ros_ws/install/my_py_pkg/lib/my_py_pkg
[2.600s] Installing number_publisher script to /home/gh/ros_ws/install/my_py_pkg/lib/my_py_pkg
[2.600s] Installing py_node script to /home/gh/ros_ws/install/my_py_pkg/lib/my_py_pkg
[2.600s] Installing robot_news_station script to /home/gh/ros_ws/install/my_py_pkg/lib/my_py_pkg
[2.601s] Installing smartphone script to /home/gh/ros_ws/install/my_py_pkg/lib/my_py_pkg
[2.602s] writing list of installed files to '/home/gh/ros_ws/build/my_py_pkg/install.log'
[2.663s] Invoked command in '/home/gh/ros_ws/src/my_py_pkg' returned '0': CMAKE_PREFIX_PATH=/home/gh/ros_ws/install/my_robot_interfaces:/home/gh/ros_ws/install/finalprojectinterfaces:/home/gh/ros_ws/install/finalProjectLauncher:/home/gh/ros_ws/install/finalproject:/home/gh/ros_ws/install/my_robot_bringup:/home/gh/ros_ws/install/my_cpp_pkg:/home/gh/ros_ws/install/cpppkg:/opt/ros/jazzy/opt/gz_math_vendor:/opt/ros/jazzy/opt/gz_utils_vendor:/opt/ros/jazzy/opt/gz_cmake_vendor DEBUGINFOD_URLS=https://debuginfod.ubuntu.com LD_LIBRARY_PATH=/home/gh/ros_ws/install/my_robot_interfaces/lib:/home/gh/ros_ws/install/finalprojectinterfaces/lib:/opt/ros/jazzy/opt/rviz_ogre_vendor/lib:/opt/ros/jazzy/lib/x86_64-linux-gnu:/opt/ros/jazzy/opt/gz_math_vendor/lib:/opt/ros/jazzy/opt/gz_utils_vendor/lib:/opt/ros/jazzy/opt/gz_cmake_vendor/lib:/opt/ros/jazzy/lib PYTHONPATH=/home/gh/ros_ws/build/my_py_pkg/prefix_override:/usr/lib/python3/dist-packages/colcon_core/task/python/colcon_distutils_commands:/home/gh/ros_ws/install/my_py_pkg/lib/python3.12/site-packages:/home/gh/ros_ws/install/my_robot_interfaces/lib/python3.12/site-packages:/home/gh/ros_ws/install/finalprojectinterfaces/lib/python3.12/site-packages:/home/gh/ros_ws/install/pypkg/lib/python3.12/site-packages:/home/gh/ros_ws/install/my_py_pkg/lib/python3.12/site-packages:/opt/ros/jazzy/lib/python3.12/site-packages /usr/bin/python3 -W ignore:setup.py install is deprecated -W ignore:easy_install command is deprecated setup.py egg_info --egg-base ../../build/my_py_pkg build --build-base /home/gh/ros_ws/build/my_py_pkg/build install --record /home/gh/ros_ws/build/my_py_pkg/install.log --single-version-externally-managed install_data
