[0.455s] DEBUG:colcon:Command line arguments: ['/usr/bin/colcon', 'build']
[0.455s] DEBUG:colcon:Parsed command line arguments: Namespace(log_base=None, log_level=None, verb_name='build', build_base='build', install_base='install', merge_install=False, symlink_install=False, test_result_base=None, continue_on_error=False, executor='parallel', parallel_workers=8, event_handlers=None, ignore_user_meta=False, metas=['./colcon.meta'], base_paths=['.'], packages_ignore=None, packages_ignore_regex=None, paths=None, packages_up_to=None, packages_up_to_regex=None, packages_above=None, packages_above_and_dependencies=None, packages_above_depth=None, packages_select_by_dep=None, packages_skip_by_dep=None, packages_skip_up_to=None, packages_select_build_failed=False, packages_skip_build_finished=False, packages_select_test_failures=False, packages_skip_test_passed=False, packages_select=None, packages_skip=None, packages_select_regex=None, packages_skip_regex=None, packages_start=None, packages_end=None, allow_overriding=[], cmake_args=None, cmake_target=None, cmake_target_skip_unavailable=False, cmake_clean_cache=False, cmake_clean_first=False, cmake_force_configure=False, ament_cmake_args=None, catkin_cmake_args=None, catkin_skip_building_tests=False, mixin_files=None, mixin=None, verb_parser=<colcon_mixin.mixin.mixin_argument.MixinArgumentDecorator object at 0x7b4ae3087f80>, verb_extension=<colcon_core.verb.build.BuildVerb object at 0x7b4ae3087c50>, main=<bound method BuildVerb.main of <colcon_core.verb.build.BuildVerb object at 0x7b4ae3087c50>>, mixin_verb=('build',))
[0.574s] Level 1:colcon.colcon_core.package_discovery:discover_packages(colcon_meta) check parameters
[0.575s] Level 1:colcon.colcon_core.package_discovery:discover_packages(recursive) check parameters
[0.575s] Level 1:colcon.colcon_core.package_discovery:discover_packages(ignore) check parameters
[0.575s] Level 1:colcon.colcon_core.package_discovery:discover_packages(path) check parameters
[0.575s] Level 1:colcon.colcon_core.package_discovery:discover_packages(colcon_meta) discover
[0.575s] Level 1:colcon.colcon_core.package_discovery:discover_packages(recursive) discover
[0.575s] INFO:colcon.colcon_core.package_discovery:Crawling recursively for packages in '/home/gh/ros_ws'
[0.575s] Level 1:colcon.colcon_core.package_identification:_identify(.) by extensions ['ignore', 'ignore_ament_install']
[0.575s] Level 1:colcon.colcon_core.package_identification:_identify(.) by extension 'ignore'
[0.575s] Level 1:colcon.colcon_core.package_identification:_identify(.) by extension 'ignore_ament_install'
[0.575s] Level 1:colcon.colcon_core.package_identification:_identify(.) by extensions ['colcon_pkg']
[0.575s] Level 1:colcon.colcon_core.package_identification:_identify(.) by extension 'colcon_pkg'
[0.575s] Level 1:colcon.colcon_core.package_identification:_identify(.) by extensions ['colcon_meta']
[0.575s] Level 1:colcon.colcon_core.package_identification:_identify(.) by extension 'colcon_meta'
[0.575s] Level 1:colcon.colcon_core.package_identification:_identify(.) by extensions ['ros']
[0.575s] Level 1:colcon.colcon_core.package_identification:_identify(.) by extension 'ros'
[0.614s] Level 1:colcon.colcon_core.package_identification:_identify(.) by extensions ['cmake', 'python']
[0.614s] Level 1:colcon.colcon_core.package_identification:_identify(.) by extension 'cmake'
[0.614s] Level 1:colcon.colcon_core.package_identification:_identify(.) by extension 'python'
[0.614s] Level 1:colcon.colcon_core.package_identification:_identify(.) by extensions ['python_setup_py']
[0.614s] Level 1:colcon.colcon_core.package_identification:_identify(.) by extension 'python_setup_py'
[0.614s] Level 1:colcon.colcon_core.package_identification:_identify(build) by extensions ['ignore', 'ignore_ament_install']
[0.614s] Level 1:colcon.colcon_core.package_identification:_identify(build) by extension 'ignore'
[0.614s] Level 1:colcon.colcon_core.package_identification:_identify(build) ignored
[0.614s] Level 1:colcon.colcon_core.package_identification:_identify(install) by extensions ['ignore', 'ignore_ament_install']
[0.615s] Level 1:colcon.colcon_core.package_identification:_identify(install) by extension 'ignore'
[0.615s] Level 1:colcon.colcon_core.package_identification:_identify(install) ignored
[0.615s] Level 1:colcon.colcon_core.package_identification:_identify(log) by extensions ['ignore', 'ignore_ament_install']
[0.615s] Level 1:colcon.colcon_core.package_identification:_identify(log) by extension 'ignore'
[0.615s] Level 1:colcon.colcon_core.package_identification:_identify(log) ignored
[0.615s] Level 1:colcon.colcon_core.package_identification:_identify(src) by extensions ['ignore', 'ignore_ament_install']
[0.615s] Level 1:colcon.colcon_core.package_identification:_identify(src) by extension 'ignore'
[0.615s] Level 1:colcon.colcon_core.package_identification:_identify(src) by extension 'ignore_ament_install'
[0.615s] Level 1:colcon.colcon_core.package_identification:_identify(src) by extensions ['colcon_pkg']
[0.615s] Level 1:colcon.colcon_core.package_identification:_identify(src) by extension 'colcon_pkg'
[0.616s] Level 1:colcon.colcon_core.package_identification:_identify(src) by extensions ['colcon_meta']
[0.616s] Level 1:colcon.colcon_core.package_identification:_identify(src) by extension 'colcon_meta'
[0.616s] Level 1:colcon.colcon_core.package_identification:_identify(src) by extensions ['ros']
[0.616s] Level 1:colcon.colcon_core.package_identification:_identify(src) by extension 'ros'
[0.616s] Level 1:colcon.colcon_core.package_identification:_identify(src) by extensions ['cmake', 'python']
[0.616s] Level 1:colcon.colcon_core.package_identification:_identify(src) by extension 'cmake'
[0.616s] Level 1:colcon.colcon_core.package_identification:_identify(src) by extension 'python'
[0.616s] Level 1:colcon.colcon_core.package_identification:_identify(src) by extensions ['python_setup_py']
[0.616s] Level 1:colcon.colcon_core.package_identification:_identify(src) by extension 'python_setup_py'
[0.616s] Level 1:colcon.colcon_core.package_identification:_identify(src/my_cpp_pkg) by extensions ['ignore', 'ignore_ament_install']
[0.616s] Level 1:colcon.colcon_core.package_identification:_identify(src/my_cpp_pkg) by extension 'ignore'
[0.616s] Level 1:colcon.colcon_core.package_identification:_identify(src/my_cpp_pkg) by extension 'ignore_ament_install'
[0.616s] Level 1:colcon.colcon_core.package_identification:_identify(src/my_cpp_pkg) by extensions ['colcon_pkg']
[0.616s] Level 1:colcon.colcon_core.package_identification:_identify(src/my_cpp_pkg) by extension 'colcon_pkg'
[0.617s] Level 1:colcon.colcon_core.package_identification:_identify(src/my_cpp_pkg) by extensions ['colcon_meta']
[0.617s] Level 1:colcon.colcon_core.package_identification:_identify(src/my_cpp_pkg) by extension 'colcon_meta'
[0.617s] Level 1:colcon.colcon_core.package_identification:_identify(src/my_cpp_pkg) by extensions ['ros']
[0.617s] Level 1:colcon.colcon_core.package_identification:_identify(src/my_cpp_pkg) by extension 'ros'
[0.622s] DEBUG:colcon.colcon_core.package_identification:Package 'src/my_cpp_pkg' with type 'ros.ament_cmake' and name 'my_cpp_pkg'
[0.622s] Level 1:colcon.colcon_core.package_identification:_identify(src/my_py_pkg) by extensions ['ignore', 'ignore_ament_install']
[0.622s] Level 1:colcon.colcon_core.package_identification:_identify(src/my_py_pkg) by extension 'ignore'
[0.622s] Level 1:colcon.colcon_core.package_identification:_identify(src/my_py_pkg) by extension 'ignore_ament_install'
[0.622s] Level 1:colcon.colcon_core.package_identification:_identify(src/my_py_pkg) by extensions ['colcon_pkg']
[0.622s] Level 1:colcon.colcon_core.package_identification:_identify(src/my_py_pkg) by extension 'colcon_pkg'
[0.622s] Level 1:colcon.colcon_core.package_identification:_identify(src/my_py_pkg) by extensions ['colcon_meta']
[0.622s] Level 1:colcon.colcon_core.package_identification:_identify(src/my_py_pkg) by extension 'colcon_meta'
[0.622s] Level 1:colcon.colcon_core.package_identification:_identify(src/my_py_pkg) by extensions ['ros']
[0.622s] Level 1:colcon.colcon_core.package_identification:_identify(src/my_py_pkg) by extension 'ros'
[0.623s] DEBUG:colcon.colcon_core.package_identification:Package 'src/my_py_pkg' with type 'ros.ament_python' and name 'my_py_pkg'
[0.623s] Level 1:colcon.colcon_core.package_identification:_identify(src/my_robot_bringup) by extensions ['ignore', 'ignore_ament_install']
[0.624s] Level 1:colcon.colcon_core.package_identification:_identify(src/my_robot_bringup) by extension 'ignore'
[0.624s] Level 1:colcon.colcon_core.package_identification:_identify(src/my_robot_bringup) by extension 'ignore_ament_install'
[0.624s] Level 1:colcon.colcon_core.package_identification:_identify(src/my_robot_bringup) by extensions ['colcon_pkg']
[0.624s] Level 1:colcon.colcon_core.package_identification:_identify(src/my_robot_bringup) by extension 'colcon_pkg'
[0.624s] Level 1:colcon.colcon_core.package_identification:_identify(src/my_robot_bringup) by extensions ['colcon_meta']
[0.624s] Level 1:colcon.colcon_core.package_identification:_identify(src/my_robot_bringup) by extension 'colcon_meta'
[0.624s] Level 1:colcon.colcon_core.package_identification:_identify(src/my_robot_bringup) by extensions ['ros']
[0.624s] Level 1:colcon.colcon_core.package_identification:_identify(src/my_robot_bringup) by extension 'ros'
[0.624s] DEBUG:colcon.colcon_core.package_identification:Package 'src/my_robot_bringup' with type 'ros.ament_cmake' and name 'my_robot_bringup'
[0.625s] Level 1:colcon.colcon_core.package_identification:_identify(src/my_robot_interfaces) by extensions ['ignore', 'ignore_ament_install']
[0.625s] Level 1:colcon.colcon_core.package_identification:_identify(src/my_robot_interfaces) by extension 'ignore'
[0.625s] Level 1:colcon.colcon_core.package_identification:_identify(src/my_robot_interfaces) by extension 'ignore_ament_install'
[0.625s] Level 1:colcon.colcon_core.package_identification:_identify(src/my_robot_interfaces) by extensions ['colcon_pkg']
[0.625s] Level 1:colcon.colcon_core.package_identification:_identify(src/my_robot_interfaces) by extension 'colcon_pkg'
[0.625s] Level 1:colcon.colcon_core.package_identification:_identify(src/my_robot_interfaces) by extensions ['colcon_meta']
[0.625s] Level 1:colcon.colcon_core.package_identification:_identify(src/my_robot_interfaces) by extension 'colcon_meta'
[0.625s] Level 1:colcon.colcon_core.package_identification:_identify(src/my_robot_interfaces) by extensions ['ros']
[0.625s] Level 1:colcon.colcon_core.package_identification:_identify(src/my_robot_interfaces) by extension 'ros'
[0.626s] DEBUG:colcon.colcon_core.package_identification:Package 'src/my_robot_interfaces' with type 'ros.ament_cmake' and name 'my_robot_interfaces'
[0.626s] Level 1:colcon.colcon_core.package_discovery:discover_packages(recursive) using defaults
[0.626s] Level 1:colcon.colcon_core.package_discovery:discover_packages(ignore) discover
[0.626s] Level 1:colcon.colcon_core.package_discovery:discover_packages(ignore) using defaults
[0.626s] Level 1:colcon.colcon_core.package_discovery:discover_packages(path) discover
[0.626s] Level 1:colcon.colcon_core.package_discovery:discover_packages(path) using defaults
[0.667s] Level 1:colcon.colcon_core.package_discovery:discover_packages(prefix_path) check parameters
[0.667s] Level 1:colcon.colcon_core.package_discovery:discover_packages(prefix_path) discover
[0.673s] DEBUG:colcon.colcon_installed_package_information.package_discovery:Found 2 installed packages in /home/gh/ros_ws/install
[0.675s] DEBUG:colcon.colcon_installed_package_information.package_discovery:Found 285 installed packages in /opt/ros/jazzy
[0.676s] Level 1:colcon.colcon_core.package_discovery:discover_packages(prefix_path) using defaults
[0.745s] Level 5:colcon.colcon_core.verb:set package 'my_robot_interfaces' build argument 'cmake_args' from command line to 'None'
[0.745s] Level 5:colcon.colcon_core.verb:set package 'my_robot_interfaces' build argument 'cmake_target' from command line to 'None'
[0.745s] Level 5:colcon.colcon_core.verb:set package 'my_robot_interfaces' build argument 'cmake_target_skip_unavailable' from command line to 'False'
[0.745s] Level 5:colcon.colcon_core.verb:set package 'my_robot_interfaces' build argument 'cmake_clean_cache' from command line to 'False'
[0.745s] Level 5:colcon.colcon_core.verb:set package 'my_robot_interfaces' build argument 'cmake_clean_first' from command line to 'False'
[0.745s] Level 5:colcon.colcon_core.verb:set package 'my_robot_interfaces' build argument 'cmake_force_configure' from command line to 'False'
[0.745s] Level 5:colcon.colcon_core.verb:set package 'my_robot_interfaces' build argument 'ament_cmake_args' from command line to 'None'
[0.745s] Level 5:colcon.colcon_core.verb:set package 'my_robot_interfaces' build argument 'catkin_cmake_args' from command line to 'None'
[0.745s] Level 5:colcon.colcon_core.verb:set package 'my_robot_interfaces' build argument 'catkin_skip_building_tests' from command line to 'False'
[0.745s] DEBUG:colcon.colcon_core.verb:Building package 'my_robot_interfaces' with the following arguments: {'ament_cmake_args': None, 'build_base': '/home/gh/ros_ws/build/my_robot_interfaces', 'catkin_cmake_args': None, 'catkin_skip_building_tests': False, 'cmake_args': None, 'cmake_clean_cache': False, 'cmake_clean_first': False, 'cmake_force_configure': False, 'cmake_target': None, 'cmake_target_skip_unavailable': False, 'install_base': '/home/gh/ros_ws/install/my_robot_interfaces', 'merge_install': False, 'path': '/home/gh/ros_ws/src/my_robot_interfaces', 'symlink_install': False, 'test_result_base': None}
[0.746s] Level 5:colcon.colcon_core.verb:set package 'my_cpp_pkg' build argument 'cmake_args' from command line to 'None'
[0.746s] Level 5:colcon.colcon_core.verb:set package 'my_cpp_pkg' build argument 'cmake_target' from command line to 'None'
[0.746s] Level 5:colcon.colcon_core.verb:set package 'my_cpp_pkg' build argument 'cmake_target_skip_unavailable' from command line to 'False'
[0.746s] Level 5:colcon.colcon_core.verb:set package 'my_cpp_pkg' build argument 'cmake_clean_cache' from command line to 'False'
[0.746s] Level 5:colcon.colcon_core.verb:set package 'my_cpp_pkg' build argument 'cmake_clean_first' from command line to 'False'
[0.746s] Level 5:colcon.colcon_core.verb:set package 'my_cpp_pkg' build argument 'cmake_force_configure' from command line to 'False'
[0.746s] Level 5:colcon.colcon_core.verb:set package 'my_cpp_pkg' build argument 'ament_cmake_args' from command line to 'None'
[0.746s] Level 5:colcon.colcon_core.verb:set package 'my_cpp_pkg' build argument 'catkin_cmake_args' from command line to 'None'
[0.746s] Level 5:colcon.colcon_core.verb:set package 'my_cpp_pkg' build argument 'catkin_skip_building_tests' from command line to 'False'
[0.746s] DEBUG:colcon.colcon_core.verb:Building package 'my_cpp_pkg' with the following arguments: {'ament_cmake_args': None, 'build_base': '/home/gh/ros_ws/build/my_cpp_pkg', 'catkin_cmake_args': None, 'catkin_skip_building_tests': False, 'cmake_args': None, 'cmake_clean_cache': False, 'cmake_clean_first': False, 'cmake_force_configure': False, 'cmake_target': None, 'cmake_target_skip_unavailable': False, 'install_base': '/home/gh/ros_ws/install/my_cpp_pkg', 'merge_install': False, 'path': '/home/gh/ros_ws/src/my_cpp_pkg', 'symlink_install': False, 'test_result_base': None}
[0.746s] Level 5:colcon.colcon_core.verb:set package 'my_py_pkg' build argument 'cmake_args' from command line to 'None'
[0.746s] Level 5:colcon.colcon_core.verb:set package 'my_py_pkg' build argument 'cmake_target' from command line to 'None'
[0.746s] Level 5:colcon.colcon_core.verb:set package 'my_py_pkg' build argument 'cmake_target_skip_unavailable' from command line to 'False'
[0.746s] Level 5:colcon.colcon_core.verb:set package 'my_py_pkg' build argument 'cmake_clean_cache' from command line to 'False'
[0.746s] Level 5:colcon.colcon_core.verb:set package 'my_py_pkg' build argument 'cmake_clean_first' from command line to 'False'
[0.746s] Level 5:colcon.colcon_core.verb:set package 'my_py_pkg' build argument 'cmake_force_configure' from command line to 'False'
[0.746s] Level 5:colcon.colcon_core.verb:set package 'my_py_pkg' build argument 'ament_cmake_args' from command line to 'None'
[0.746s] Level 5:colcon.colcon_core.verb:set package 'my_py_pkg' build argument 'catkin_cmake_args' from command line to 'None'
[0.746s] Level 5:colcon.colcon_core.verb:set package 'my_py_pkg' build argument 'catkin_skip_building_tests' from command line to 'False'
[0.746s] DEBUG:colcon.colcon_core.verb:Building package 'my_py_pkg' with the following arguments: {'ament_cmake_args': None, 'build_base': '/home/gh/ros_ws/build/my_py_pkg', 'catkin_cmake_args': None, 'catkin_skip_building_tests': False, 'cmake_args': None, 'cmake_clean_cache': False, 'cmake_clean_first': False, 'cmake_force_configure': False, 'cmake_target': None, 'cmake_target_skip_unavailable': False, 'install_base': '/home/gh/ros_ws/install/my_py_pkg', 'merge_install': False, 'path': '/home/gh/ros_ws/src/my_py_pkg', 'symlink_install': False, 'test_result_base': None}
[0.747s] Level 5:colcon.colcon_core.verb:set package 'my_robot_bringup' build argument 'cmake_args' from command line to 'None'
[0.747s] Level 5:colcon.colcon_core.verb:set package 'my_robot_bringup' build argument 'cmake_target' from command line to 'None'
[0.747s] Level 5:colcon.colcon_core.verb:set package 'my_robot_bringup' build argument 'cmake_target_skip_unavailable' from command line to 'False'
[0.747s] Level 5:colcon.colcon_core.verb:set package 'my_robot_bringup' build argument 'cmake_clean_cache' from command line to 'False'
[0.747s] Level 5:colcon.colcon_core.verb:set package 'my_robot_bringup' build argument 'cmake_clean_first' from command line to 'False'
[0.747s] Level 5:colcon.colcon_core.verb:set package 'my_robot_bringup' build argument 'cmake_force_configure' from command line to 'False'
[0.747s] Level 5:colcon.colcon_core.verb:set package 'my_robot_bringup' build argument 'ament_cmake_args' from command line to 'None'
[0.747s] Level 5:colcon.colcon_core.verb:set package 'my_robot_bringup' build argument 'catkin_cmake_args' from command line to 'None'
[0.747s] Level 5:colcon.colcon_core.verb:set package 'my_robot_bringup' build argument 'catkin_skip_building_tests' from command line to 'False'
[0.747s] DEBUG:colcon.colcon_core.verb:Building package 'my_robot_bringup' with the following arguments: {'ament_cmake_args': None, 'build_base': '/home/gh/ros_ws/build/my_robot_bringup', 'catkin_cmake_args': None, 'catkin_skip_building_tests': False, 'cmake_args': None, 'cmake_clean_cache': False, 'cmake_clean_first': False, 'cmake_force_configure': False, 'cmake_target': None, 'cmake_target_skip_unavailable': False, 'install_base': '/home/gh/ros_ws/install/my_robot_bringup', 'merge_install': False, 'path': '/home/gh/ros_ws/src/my_robot_bringup', 'symlink_install': False, 'test_result_base': None}
[0.747s] INFO:colcon.colcon_core.executor:Executing jobs using 'parallel' executor
[0.748s] DEBUG:colcon.colcon_parallel_executor.executor.parallel:run_until_complete
[0.748s] INFO:colcon.colcon_ros.task.ament_cmake.build:Building ROS package in '/home/gh/ros_ws/src/my_robot_interfaces' with build type 'ament_cmake'
[0.748s] INFO:colcon.colcon_cmake.task.cmake.build:Building CMake package in '/home/gh/ros_ws/src/my_robot_interfaces'
[0.757s] INFO:colcon.colcon_core.plugin_system:Skipping extension 'colcon_core.shell.bat': Not used on non-Windows systems
[0.758s] INFO:colcon.colcon_core.shell:Skip shell extension 'powershell' for command environment: Not usable outside of PowerShell
[0.758s] DEBUG:colcon.colcon_core.shell:Skip shell extension 'dsv' for command environment
[0.768s] DEBUG:colcon.colcon_core.event_handler.log_command:Invoking command in '/home/gh/ros_ws/build/my_robot_interfaces': CMAKE_PREFIX_PATH=${CMAKE_PREFIX_PATH}:/home/gh/ros_ws/install/pypkg:/opt/ros/jazzy DEBUGINFOD_URLS=https://debuginfod.ubuntu.com /usr/bin/cmake /home/gh/ros_ws/src/my_robot_interfaces -DCMAKE_INSTALL_PREFIX=/home/gh/ros_ws/install/my_robot_interfaces
[6.058s] DEBUG:colcon.colcon_core.event_handler.log_command:Invoked command in '/home/gh/ros_ws/build/my_robot_interfaces' returned '0': CMAKE_PREFIX_PATH=${CMAKE_PREFIX_PATH}:/home/gh/ros_ws/install/pypkg:/opt/ros/jazzy DEBUGINFOD_URLS=https://debuginfod.ubuntu.com /usr/bin/cmake /home/gh/ros_ws/src/my_robot_interfaces -DCMAKE_INSTALL_PREFIX=/home/gh/ros_ws/install/my_robot_interfaces
[6.059s] DEBUG:colcon.colcon_core.event_handler.log_command:Invoking command in '/home/gh/ros_ws/build/my_robot_interfaces': CMAKE_PREFIX_PATH=${CMAKE_PREFIX_PATH}:/home/gh/ros_ws/install/pypkg:/opt/ros/jazzy DEBUGINFOD_URLS=https://debuginfod.ubuntu.com /usr/bin/cmake --build /home/gh/ros_ws/build/my_robot_interfaces -- -j8 -l8
[13.213s] DEBUG:colcon.colcon_core.event_handler.log_command:Invoked command in '/home/gh/ros_ws/build/my_robot_interfaces' returned '0': CMAKE_PREFIX_PATH=${CMAKE_PREFIX_PATH}:/home/gh/ros_ws/install/pypkg:/opt/ros/jazzy DEBUGINFOD_URLS=https://debuginfod.ubuntu.com /usr/bin/cmake --build /home/gh/ros_ws/build/my_robot_interfaces -- -j8 -l8
[13.228s] DEBUG:colcon.colcon_core.event_handler.log_command:Invoking command in '/home/gh/ros_ws/build/my_robot_interfaces': CMAKE_PREFIX_PATH=${CMAKE_PREFIX_PATH}:/home/gh/ros_ws/install/pypkg:/opt/ros/jazzy DEBUGINFOD_URLS=https://debuginfod.ubuntu.com /usr/bin/cmake --install /home/gh/ros_ws/build/my_robot_interfaces
[13.426s] Level 1:colcon.colcon_core.environment:create_environment_scripts_only(my_robot_interfaces)
[13.427s] DEBUG:colcon.colcon_core.event_handler.log_command:Invoked command in '/home/gh/ros_ws/build/my_robot_interfaces' returned '0': CMAKE_PREFIX_PATH=${CMAKE_PREFIX_PATH}:/home/gh/ros_ws/install/pypkg:/opt/ros/jazzy DEBUGINFOD_URLS=https://debuginfod.ubuntu.com /usr/bin/cmake --install /home/gh/ros_ws/build/my_robot_interfaces
[13.436s] Level 1:colcon.colcon_core.environment:checking '/home/gh/ros_ws/install/my_robot_interfaces' for CMake module files
[13.437s] Level 1:colcon.colcon_core.environment:checking '/home/gh/ros_ws/install/my_robot_interfaces' for CMake config files
[13.438s] Level 1:colcon.colcon_core.shell:create_environment_hook('my_robot_interfaces', 'cmake_prefix_path')
[13.439s] INFO:colcon.colcon_core.shell:Creating environment hook '/home/gh/ros_ws/install/my_robot_interfaces/share/my_robot_interfaces/hook/cmake_prefix_path.ps1'
[13.440s] INFO:colcon.colcon_core.shell:Creating environment descriptor '/home/gh/ros_ws/install/my_robot_interfaces/share/my_robot_interfaces/hook/cmake_prefix_path.dsv'
[13.441s] INFO:colcon.colcon_core.shell:Creating environment hook '/home/gh/ros_ws/install/my_robot_interfaces/share/my_robot_interfaces/hook/cmake_prefix_path.sh'
[13.442s] Level 1:colcon.colcon_core.environment:checking '/home/gh/ros_ws/install/my_robot_interfaces/lib'
[13.442s] Level 1:colcon.colcon_core.shell:create_environment_hook('my_robot_interfaces', 'ld_library_path_lib')
[13.442s] INFO:colcon.colcon_core.shell:Creating environment hook '/home/gh/ros_ws/install/my_robot_interfaces/share/my_robot_interfaces/hook/ld_library_path_lib.ps1'
[13.443s] INFO:colcon.colcon_core.shell:Creating environment descriptor '/home/gh/ros_ws/install/my_robot_interfaces/share/my_robot_interfaces/hook/ld_library_path_lib.dsv'
[13.443s] INFO:colcon.colcon_core.shell:Creating environment hook '/home/gh/ros_ws/install/my_robot_interfaces/share/my_robot_interfaces/hook/ld_library_path_lib.sh'
[13.444s] Level 1:colcon.colcon_core.environment:checking '/home/gh/ros_ws/install/my_robot_interfaces/bin'
[13.444s] Level 1:colcon.colcon_core.environment:checking '/home/gh/ros_ws/install/my_robot_interfaces/lib/pkgconfig/my_robot_interfaces.pc'
[13.444s] Level 1:colcon.colcon_core.environment:checking '/home/gh/ros_ws/install/my_robot_interfaces/lib/python3.12/site-packages'
[13.444s] Level 1:colcon.colcon_core.shell:create_environment_hook('my_robot_interfaces', 'pythonpath')
[13.444s] INFO:colcon.colcon_core.shell:Creating environment hook '/home/gh/ros_ws/install/my_robot_interfaces/share/my_robot_interfaces/hook/pythonpath.ps1'
[13.445s] INFO:colcon.colcon_core.shell:Creating environment descriptor '/home/gh/ros_ws/install/my_robot_interfaces/share/my_robot_interfaces/hook/pythonpath.dsv'
[13.445s] INFO:colcon.colcon_core.shell:Creating environment hook '/home/gh/ros_ws/install/my_robot_interfaces/share/my_robot_interfaces/hook/pythonpath.sh'
[13.446s] Level 1:colcon.colcon_core.environment:checking '/home/gh/ros_ws/install/my_robot_interfaces/bin'
[13.446s] INFO:colcon.colcon_core.shell:Creating package script '/home/gh/ros_ws/install/my_robot_interfaces/share/my_robot_interfaces/package.ps1'
[13.447s] INFO:colcon.colcon_core.shell:Creating package descriptor '/home/gh/ros_ws/install/my_robot_interfaces/share/my_robot_interfaces/package.dsv'
[13.448s] INFO:colcon.colcon_core.shell:Creating package script '/home/gh/ros_ws/install/my_robot_interfaces/share/my_robot_interfaces/package.sh'
[13.451s] INFO:colcon.colcon_core.shell:Creating package script '/home/gh/ros_ws/install/my_robot_interfaces/share/my_robot_interfaces/package.bash'
[13.453s] INFO:colcon.colcon_core.shell:Creating package script '/home/gh/ros_ws/install/my_robot_interfaces/share/my_robot_interfaces/package.zsh'
[13.454s] Level 1:colcon.colcon_core.environment:create_file_with_runtime_dependencies(/home/gh/ros_ws/install/my_robot_interfaces/share/colcon-core/packages/my_robot_interfaces)
[13.455s] Level 1:colcon.colcon_core.environment:create_environment_scripts_only(my_robot_interfaces)
[13.455s] Level 1:colcon.colcon_core.environment:checking '/home/gh/ros_ws/install/my_robot_interfaces' for CMake module files
[13.456s] Level 1:colcon.colcon_core.environment:checking '/home/gh/ros_ws/install/my_robot_interfaces' for CMake config files
[13.457s] Level 1:colcon.colcon_core.shell:create_environment_hook('my_robot_interfaces', 'cmake_prefix_path')
[13.457s] INFO:colcon.colcon_core.shell:Creating environment hook '/home/gh/ros_ws/install/my_robot_interfaces/share/my_robot_interfaces/hook/cmake_prefix_path.ps1'
[13.457s] INFO:colcon.colcon_core.shell:Creating environment descriptor '/home/gh/ros_ws/install/my_robot_interfaces/share/my_robot_interfaces/hook/cmake_prefix_path.dsv'
[13.458s] INFO:colcon.colcon_core.shell:Creating environment hook '/home/gh/ros_ws/install/my_robot_interfaces/share/my_robot_interfaces/hook/cmake_prefix_path.sh'
[13.458s] Level 1:colcon.colcon_core.environment:checking '/home/gh/ros_ws/install/my_robot_interfaces/lib'
[13.458s] Level 1:colcon.colcon_core.shell:create_environment_hook('my_robot_interfaces', 'ld_library_path_lib')
[13.459s] INFO:colcon.colcon_core.shell:Creating environment hook '/home/gh/ros_ws/install/my_robot_interfaces/share/my_robot_interfaces/hook/ld_library_path_lib.ps1'
[13.459s] INFO:colcon.colcon_core.shell:Creating environment descriptor '/home/gh/ros_ws/install/my_robot_interfaces/share/my_robot_interfaces/hook/ld_library_path_lib.dsv'
[13.460s] INFO:colcon.colcon_core.shell:Creating environment hook '/home/gh/ros_ws/install/my_robot_interfaces/share/my_robot_interfaces/hook/ld_library_path_lib.sh'
[13.460s] Level 1:colcon.colcon_core.environment:checking '/home/gh/ros_ws/install/my_robot_interfaces/bin'
[13.460s] Level 1:colcon.colcon_core.environment:checking '/home/gh/ros_ws/install/my_robot_interfaces/lib/pkgconfig/my_robot_interfaces.pc'
[13.461s] Level 1:colcon.colcon_core.environment:checking '/home/gh/ros_ws/install/my_robot_interfaces/lib/python3.12/site-packages'
[13.461s] Level 1:colcon.colcon_core.shell:create_environment_hook('my_robot_interfaces', 'pythonpath')
[13.461s] INFO:colcon.colcon_core.shell:Creating environment hook '/home/gh/ros_ws/install/my_robot_interfaces/share/my_robot_interfaces/hook/pythonpath.ps1'
[13.461s] INFO:colcon.colcon_core.shell:Creating environment descriptor '/home/gh/ros_ws/install/my_robot_interfaces/share/my_robot_interfaces/hook/pythonpath.dsv'
[13.462s] INFO:colcon.colcon_core.shell:Creating environment hook '/home/gh/ros_ws/install/my_robot_interfaces/share/my_robot_interfaces/hook/pythonpath.sh'
[13.462s] Level 1:colcon.colcon_core.environment:checking '/home/gh/ros_ws/install/my_robot_interfaces/bin'
[13.463s] INFO:colcon.colcon_core.shell:Creating package script '/home/gh/ros_ws/install/my_robot_interfaces/share/my_robot_interfaces/package.ps1'
[13.463s] INFO:colcon.colcon_core.shell:Creating package descriptor '/home/gh/ros_ws/install/my_robot_interfaces/share/my_robot_interfaces/package.dsv'
[13.464s] INFO:colcon.colcon_core.shell:Creating package script '/home/gh/ros_ws/install/my_robot_interfaces/share/my_robot_interfaces/package.sh'
[13.464s] INFO:colcon.colcon_core.shell:Creating package script '/home/gh/ros_ws/install/my_robot_interfaces/share/my_robot_interfaces/package.bash'
[13.465s] INFO:colcon.colcon_core.shell:Creating package script '/home/gh/ros_ws/install/my_robot_interfaces/share/my_robot_interfaces/package.zsh'
[13.466s] Level 1:colcon.colcon_core.environment:create_file_with_runtime_dependencies(/home/gh/ros_ws/install/my_robot_interfaces/share/colcon-core/packages/my_robot_interfaces)
[13.466s] INFO:colcon.colcon_ros.task.ament_cmake.build:Building ROS package in '/home/gh/ros_ws/src/my_cpp_pkg' with build type 'ament_cmake'
[13.466s] INFO:colcon.colcon_cmake.task.cmake.build:Building CMake package in '/home/gh/ros_ws/src/my_cpp_pkg'
[13.467s] INFO:colcon.colcon_core.shell:Skip shell extension 'powershell' for command environment: Not usable outside of PowerShell
[13.467s] DEBUG:colcon.colcon_core.shell:Skip shell extension 'dsv' for command environment
[13.474s] INFO:colcon.colcon_ros.task.ament_python.build:Building ROS package in '/home/gh/ros_ws/src/my_py_pkg' with build type 'ament_python'
[13.474s] Level 1:colcon.colcon_core.shell:create_environment_hook('my_py_pkg', 'ament_prefix_path')
[13.475s] INFO:colcon.colcon_core.shell:Creating environment hook '/home/gh/ros_ws/install/my_py_pkg/share/my_py_pkg/hook/ament_prefix_path.ps1'
[13.476s] INFO:colcon.colcon_core.shell:Creating environment descriptor '/home/gh/ros_ws/install/my_py_pkg/share/my_py_pkg/hook/ament_prefix_path.dsv'
[13.477s] INFO:colcon.colcon_core.shell:Creating environment hook '/home/gh/ros_ws/install/my_py_pkg/share/my_py_pkg/hook/ament_prefix_path.sh'
[13.478s] INFO:colcon.colcon_core.shell:Skip shell extension 'powershell' for command environment: Not usable outside of PowerShell
[13.478s] DEBUG:colcon.colcon_core.shell:Skip shell extension 'dsv' for command environment
[13.489s] DEBUG:colcon.colcon_core.event_handler.log_command:Invoking command in '/home/gh/ros_ws/build/my_cpp_pkg': AMENT_PREFIX_PATH=/home/gh/ros_ws/install/my_robot_interfaces:${AMENT_PREFIX_PATH} CMAKE_PREFIX_PATH=/home/gh/ros_ws/install/my_robot_interfaces:/home/gh/ros_ws/install/cpppkg:/opt/ros/jazzy/opt/gz_math_vendor:/opt/ros/jazzy/opt/gz_utils_vendor:/opt/ros/jazzy/opt/gz_cmake_vendor:/home/gh/ros_ws/install/pypkg:/opt/ros/jazzy DEBUGINFOD_URLS=https://debuginfod.ubuntu.com LD_LIBRARY_PATH=/home/gh/ros_ws/install/my_robot_interfaces/lib:${LD_LIBRARY_PATH} PYTHONPATH=/home/gh/ros_ws/install/my_robot_interfaces/lib/python3.12/site-packages:${PYTHONPATH} /usr/bin/cmake /home/gh/ros_ws/src/my_cpp_pkg -DCMAKE_INSTALL_PREFIX=/home/gh/ros_ws/install/my_cpp_pkg
[13.849s] INFO:colcon.colcon_core.task.python.build:Building Python package in '/home/gh/ros_ws/src/my_py_pkg'
[13.850s] INFO:colcon.colcon_core.shell:Skip shell extension 'powershell' for command environment: Not usable outside of PowerShell
[13.850s] DEBUG:colcon.colcon_core.shell:Skip shell extension 'dsv' for command environment
[15.078s] DEBUG:colcon.colcon_core.event_handler.log_command:Invoking command in '/home/gh/ros_ws/src/my_py_pkg': AMENT_PREFIX_PATH=/home/gh/ros_ws/install/my_robot_interfaces:${AMENT_PREFIX_PATH} CMAKE_PREFIX_PATH=/home/gh/ros_ws/install/my_robot_interfaces:${CMAKE_PREFIX_PATH} DEBUGINFOD_URLS=https://debuginfod.ubuntu.com LD_LIBRARY_PATH=/home/gh/ros_ws/install/my_robot_interfaces/lib:${LD_LIBRARY_PATH} PYTHONPATH=/home/gh/ros_ws/build/my_py_pkg/prefix_override:/usr/lib/python3/dist-packages/colcon_core/task/python/colcon_distutils_commands:/home/gh/ros_ws/install/my_py_pkg/lib/python3.12/site-packages:/home/gh/ros_ws/install/my_robot_interfaces/lib/python3.12/site-packages:${PYTHONPATH} /usr/bin/python3 -W ignore:setup.py install is deprecated -W ignore:easy_install command is deprecated setup.py egg_info --egg-base ../../build/my_py_pkg build --build-base /home/gh/ros_ws/build/my_py_pkg/build install --record /home/gh/ros_ws/build/my_py_pkg/install.log --single-version-externally-managed install_data
[15.528s] DEBUG:colcon.colcon_core.event_handler.log_command:Invoked command in '/home/gh/ros_ws/build/my_cpp_pkg' returned '0': AMENT_PREFIX_PATH=/home/gh/ros_ws/install/my_robot_interfaces:${AMENT_PREFIX_PATH} CMAKE_PREFIX_PATH=/home/gh/ros_ws/install/my_robot_interfaces:/home/gh/ros_ws/install/cpppkg:/opt/ros/jazzy/opt/gz_math_vendor:/opt/ros/jazzy/opt/gz_utils_vendor:/opt/ros/jazzy/opt/gz_cmake_vendor:/home/gh/ros_ws/install/pypkg:/opt/ros/jazzy DEBUGINFOD_URLS=https://debuginfod.ubuntu.com LD_LIBRARY_PATH=/home/gh/ros_ws/install/my_robot_interfaces/lib:${LD_LIBRARY_PATH} PYTHONPATH=/home/gh/ros_ws/install/my_robot_interfaces/lib/python3.12/site-packages:${PYTHONPATH} /usr/bin/cmake /home/gh/ros_ws/src/my_cpp_pkg -DCMAKE_INSTALL_PREFIX=/home/gh/ros_ws/install/my_cpp_pkg
[15.529s] DEBUG:colcon.colcon_core.event_handler.log_command:Invoking command in '/home/gh/ros_ws/build/my_cpp_pkg': AMENT_PREFIX_PATH=/home/gh/ros_ws/install/my_robot_interfaces:${AMENT_PREFIX_PATH} CMAKE_PREFIX_PATH=/home/gh/ros_ws/install/my_robot_interfaces:/home/gh/ros_ws/install/cpppkg:/opt/ros/jazzy/opt/gz_math_vendor:/opt/ros/jazzy/opt/gz_utils_vendor:/opt/ros/jazzy/opt/gz_cmake_vendor:/home/gh/ros_ws/install/pypkg:/opt/ros/jazzy DEBUGINFOD_URLS=https://debuginfod.ubuntu.com LD_LIBRARY_PATH=/home/gh/ros_ws/install/my_robot_interfaces/lib:${LD_LIBRARY_PATH} PYTHONPATH=/home/gh/ros_ws/install/my_robot_interfaces/lib/python3.12/site-packages:${PYTHONPATH} /usr/bin/cmake --build /home/gh/ros_ws/build/my_cpp_pkg -- -j8 -l8
[16.291s] Level 1:colcon.colcon_core.environment:checking '/home/gh/ros_ws/install/my_py_pkg' for CMake module files
[16.293s] DEBUG:colcon.colcon_core.event_handler.log_command:Invoked command in '/home/gh/ros_ws/src/my_py_pkg' returned '0': AMENT_PREFIX_PATH=/home/gh/ros_ws/install/my_robot_interfaces:${AMENT_PREFIX_PATH} CMAKE_PREFIX_PATH=/home/gh/ros_ws/install/my_robot_interfaces:${CMAKE_PREFIX_PATH} DEBUGINFOD_URLS=https://debuginfod.ubuntu.com LD_LIBRARY_PATH=/home/gh/ros_ws/install/my_robot_interfaces/lib:${LD_LIBRARY_PATH} PYTHONPATH=/home/gh/ros_ws/build/my_py_pkg/prefix_override:/usr/lib/python3/dist-packages/colcon_core/task/python/colcon_distutils_commands:/home/gh/ros_ws/install/my_py_pkg/lib/python3.12/site-packages:/home/gh/ros_ws/install/my_robot_interfaces/lib/python3.12/site-packages:${PYTHONPATH} /usr/bin/python3 -W ignore:setup.py install is deprecated -W ignore:easy_install command is deprecated setup.py egg_info --egg-base ../../build/my_py_pkg build --build-base /home/gh/ros_ws/build/my_py_pkg/build install --record /home/gh/ros_ws/build/my_py_pkg/install.log --single-version-externally-managed install_data
[16.294s] Level 1:colcon.colcon_core.environment:checking '/home/gh/ros_ws/install/my_py_pkg' for CMake config files
[16.296s] Level 1:colcon.colcon_core.environment:checking '/home/gh/ros_ws/install/my_py_pkg/lib'
[16.296s] Level 1:colcon.colcon_core.environment:checking '/home/gh/ros_ws/install/my_py_pkg/bin'
[16.296s] Level 1:colcon.colcon_core.environment:checking '/home/gh/ros_ws/install/my_py_pkg/lib/pkgconfig/my_py_pkg.pc'
[16.296s] Level 1:colcon.colcon_core.environment:checking '/home/gh/ros_ws/install/my_py_pkg/lib/python3.12/site-packages'
[16.297s] Level 1:colcon.colcon_core.shell:create_environment_hook('my_py_pkg', 'pythonpath')
[16.297s] INFO:colcon.colcon_core.shell:Creating environment hook '/home/gh/ros_ws/install/my_py_pkg/share/my_py_pkg/hook/pythonpath.ps1'
[16.298s] INFO:colcon.colcon_core.shell:Creating environment descriptor '/home/gh/ros_ws/install/my_py_pkg/share/my_py_pkg/hook/pythonpath.dsv'
[16.299s] INFO:colcon.colcon_core.shell:Creating environment hook '/home/gh/ros_ws/install/my_py_pkg/share/my_py_pkg/hook/pythonpath.sh'
[16.300s] Level 1:colcon.colcon_core.environment:checking '/home/gh/ros_ws/install/my_py_pkg/bin'
[16.300s] Level 1:colcon.colcon_core.environment:create_environment_scripts_only(my_py_pkg)
[16.301s] INFO:colcon.colcon_core.shell:Creating package script '/home/gh/ros_ws/install/my_py_pkg/share/my_py_pkg/package.ps1'
[16.302s] INFO:colcon.colcon_core.shell:Creating package descriptor '/home/gh/ros_ws/install/my_py_pkg/share/my_py_pkg/package.dsv'
[16.303s] INFO:colcon.colcon_core.shell:Creating package script '/home/gh/ros_ws/install/my_py_pkg/share/my_py_pkg/package.sh'
[16.304s] INFO:colcon.colcon_core.shell:Creating package script '/home/gh/ros_ws/install/my_py_pkg/share/my_py_pkg/package.bash'
[16.304s] INFO:colcon.colcon_core.shell:Creating package script '/home/gh/ros_ws/install/my_py_pkg/share/my_py_pkg/package.zsh'
[16.305s] Level 1:colcon.colcon_core.environment:create_file_with_runtime_dependencies(/home/gh/ros_ws/install/my_py_pkg/share/colcon-core/packages/my_py_pkg)
[35.771s] DEBUG:colcon.colcon_core.event_handler.log_command:Invoked command in '/home/gh/ros_ws/build/my_cpp_pkg' returned '0': AMENT_PREFIX_PATH=/home/gh/ros_ws/install/my_robot_interfaces:${AMENT_PREFIX_PATH} CMAKE_PREFIX_PATH=/home/gh/ros_ws/install/my_robot_interfaces:/home/gh/ros_ws/install/cpppkg:/opt/ros/jazzy/opt/gz_math_vendor:/opt/ros/jazzy/opt/gz_utils_vendor:/opt/ros/jazzy/opt/gz_cmake_vendor:/home/gh/ros_ws/install/pypkg:/opt/ros/jazzy DEBUGINFOD_URLS=https://debuginfod.ubuntu.com LD_LIBRARY_PATH=/home/gh/ros_ws/install/my_robot_interfaces/lib:${LD_LIBRARY_PATH} PYTHONPATH=/home/gh/ros_ws/install/my_robot_interfaces/lib/python3.12/site-packages:${PYTHONPATH} /usr/bin/cmake --build /home/gh/ros_ws/build/my_cpp_pkg -- -j8 -l8
[35.772s] DEBUG:colcon.colcon_core.event_handler.log_command:Invoking command in '/home/gh/ros_ws/build/my_cpp_pkg': AMENT_PREFIX_PATH=/home/gh/ros_ws/install/my_robot_interfaces:${AMENT_PREFIX_PATH} CMAKE_PREFIX_PATH=/home/gh/ros_ws/install/my_robot_interfaces:/home/gh/ros_ws/install/cpppkg:/opt/ros/jazzy/opt/gz_math_vendor:/opt/ros/jazzy/opt/gz_utils_vendor:/opt/ros/jazzy/opt/gz_cmake_vendor:/home/gh/ros_ws/install/pypkg:/opt/ros/jazzy DEBUGINFOD_URLS=https://debuginfod.ubuntu.com LD_LIBRARY_PATH=/home/gh/ros_ws/install/my_robot_interfaces/lib:${LD_LIBRARY_PATH} PYTHONPATH=/home/gh/ros_ws/install/my_robot_interfaces/lib/python3.12/site-packages:${PYTHONPATH} /usr/bin/cmake --install /home/gh/ros_ws/build/my_cpp_pkg
[35.816s] Level 1:colcon.colcon_core.environment:create_environment_scripts_only(my_cpp_pkg)
[35.816s] Level 1:colcon.colcon_core.environment:checking '/home/gh/ros_ws/install/my_cpp_pkg' for CMake module files
[35.816s] DEBUG:colcon.colcon_core.event_handler.log_command:Invoked command in '/home/gh/ros_ws/build/my_cpp_pkg' returned '0': AMENT_PREFIX_PATH=/home/gh/ros_ws/install/my_robot_interfaces:${AMENT_PREFIX_PATH} CMAKE_PREFIX_PATH=/home/gh/ros_ws/install/my_robot_interfaces:/home/gh/ros_ws/install/cpppkg:/opt/ros/jazzy/opt/gz_math_vendor:/opt/ros/jazzy/opt/gz_utils_vendor:/opt/ros/jazzy/opt/gz_cmake_vendor:/home/gh/ros_ws/install/pypkg:/opt/ros/jazzy DEBUGINFOD_URLS=https://debuginfod.ubuntu.com LD_LIBRARY_PATH=/home/gh/ros_ws/install/my_robot_interfaces/lib:${LD_LIBRARY_PATH} PYTHONPATH=/home/gh/ros_ws/install/my_robot_interfaces/lib/python3.12/site-packages:${PYTHONPATH} /usr/bin/cmake --install /home/gh/ros_ws/build/my_cpp_pkg
[35.817s] Level 1:colcon.colcon_core.environment:checking '/home/gh/ros_ws/install/my_cpp_pkg' for CMake config files
[35.817s] Level 1:colcon.colcon_core.shell:create_environment_hook('my_cpp_pkg', 'cmake_prefix_path')
[35.817s] INFO:colcon.colcon_core.shell:Creating environment hook '/home/gh/ros_ws/install/my_cpp_pkg/share/my_cpp_pkg/hook/cmake_prefix_path.ps1'
[35.818s] INFO:colcon.colcon_core.shell:Creating environment descriptor '/home/gh/ros_ws/install/my_cpp_pkg/share/my_cpp_pkg/hook/cmake_prefix_path.dsv'
[35.818s] INFO:colcon.colcon_core.shell:Creating environment hook '/home/gh/ros_ws/install/my_cpp_pkg/share/my_cpp_pkg/hook/cmake_prefix_path.sh'
[35.819s] Level 1:colcon.colcon_core.environment:checking '/home/gh/ros_ws/install/my_cpp_pkg/lib'
[35.819s] Level 1:colcon.colcon_core.environment:checking '/home/gh/ros_ws/install/my_cpp_pkg/bin'
[35.819s] Level 1:colcon.colcon_core.environment:checking '/home/gh/ros_ws/install/my_cpp_pkg/lib/pkgconfig/my_cpp_pkg.pc'
[35.819s] Level 1:colcon.colcon_core.environment:checking '/home/gh/ros_ws/install/my_cpp_pkg/lib/python3.12/site-packages'
[35.820s] Level 1:colcon.colcon_core.environment:checking '/home/gh/ros_ws/install/my_cpp_pkg/bin'
[35.820s] INFO:colcon.colcon_core.shell:Creating package script '/home/gh/ros_ws/install/my_cpp_pkg/share/my_cpp_pkg/package.ps1'
[35.820s] INFO:colcon.colcon_core.shell:Creating package descriptor '/home/gh/ros_ws/install/my_cpp_pkg/share/my_cpp_pkg/package.dsv'
[35.821s] INFO:colcon.colcon_core.shell:Creating package script '/home/gh/ros_ws/install/my_cpp_pkg/share/my_cpp_pkg/package.sh'
[35.821s] INFO:colcon.colcon_core.shell:Creating package script '/home/gh/ros_ws/install/my_cpp_pkg/share/my_cpp_pkg/package.bash'
[35.822s] INFO:colcon.colcon_core.shell:Creating package script '/home/gh/ros_ws/install/my_cpp_pkg/share/my_cpp_pkg/package.zsh'
[35.822s] Level 1:colcon.colcon_core.environment:create_file_with_runtime_dependencies(/home/gh/ros_ws/install/my_cpp_pkg/share/colcon-core/packages/my_cpp_pkg)
[35.823s] Level 1:colcon.colcon_core.environment:create_environment_scripts_only(my_cpp_pkg)
[35.823s] Level 1:colcon.colcon_core.environment:checking '/home/gh/ros_ws/install/my_cpp_pkg' for CMake module files
[35.824s] Level 1:colcon.colcon_core.environment:checking '/home/gh/ros_ws/install/my_cpp_pkg' for CMake config files
[35.824s] Level 1:colcon.colcon_core.shell:create_environment_hook('my_cpp_pkg', 'cmake_prefix_path')
[35.824s] INFO:colcon.colcon_core.shell:Creating environment hook '/home/gh/ros_ws/install/my_cpp_pkg/share/my_cpp_pkg/hook/cmake_prefix_path.ps1'
[35.824s] INFO:colcon.colcon_core.shell:Creating environment descriptor '/home/gh/ros_ws/install/my_cpp_pkg/share/my_cpp_pkg/hook/cmake_prefix_path.dsv'
[35.825s] INFO:colcon.colcon_core.shell:Creating environment hook '/home/gh/ros_ws/install/my_cpp_pkg/share/my_cpp_pkg/hook/cmake_prefix_path.sh'
[35.826s] Level 1:colcon.colcon_core.environment:checking '/home/gh/ros_ws/install/my_cpp_pkg/lib'
[35.826s] Level 1:colcon.colcon_core.environment:checking '/home/gh/ros_ws/install/my_cpp_pkg/bin'
[35.826s] Level 1:colcon.colcon_core.environment:checking '/home/gh/ros_ws/install/my_cpp_pkg/lib/pkgconfig/my_cpp_pkg.pc'
[35.826s] Level 1:colcon.colcon_core.environment:checking '/home/gh/ros_ws/install/my_cpp_pkg/lib/python3.12/site-packages'
[35.826s] Level 1:colcon.colcon_core.environment:checking '/home/gh/ros_ws/install/my_cpp_pkg/bin'
[35.826s] INFO:colcon.colcon_core.shell:Creating package script '/home/gh/ros_ws/install/my_cpp_pkg/share/my_cpp_pkg/package.ps1'
[35.827s] INFO:colcon.colcon_core.shell:Creating package descriptor '/home/gh/ros_ws/install/my_cpp_pkg/share/my_cpp_pkg/package.dsv'
[35.828s] INFO:colcon.colcon_core.shell:Creating package script '/home/gh/ros_ws/install/my_cpp_pkg/share/my_cpp_pkg/package.sh'
[35.828s] INFO:colcon.colcon_core.shell:Creating package script '/home/gh/ros_ws/install/my_cpp_pkg/share/my_cpp_pkg/package.bash'
[35.829s] INFO:colcon.colcon_core.shell:Creating package script '/home/gh/ros_ws/install/my_cpp_pkg/share/my_cpp_pkg/package.zsh'
[35.829s] Level 1:colcon.colcon_core.environment:create_file_with_runtime_dependencies(/home/gh/ros_ws/install/my_cpp_pkg/share/colcon-core/packages/my_cpp_pkg)
[35.829s] INFO:colcon.colcon_ros.task.ament_cmake.build:Building ROS package in '/home/gh/ros_ws/src/my_robot_bringup' with build type 'ament_cmake'
[35.830s] INFO:colcon.colcon_cmake.task.cmake.build:Building CMake package in '/home/gh/ros_ws/src/my_robot_bringup'
[35.830s] INFO:colcon.colcon_core.shell:Skip shell extension 'powershell' for command environment: Not usable outside of PowerShell
[35.830s] DEBUG:colcon.colcon_core.shell:Skip shell extension 'dsv' for command environment
[35.844s] DEBUG:colcon.colcon_core.event_handler.log_command:Invoking command in '/home/gh/ros_ws/build/my_robot_bringup': AMENT_PREFIX_PATH=/home/gh/ros_ws/install/my_py_pkg:/home/gh/ros_ws/install/my_cpp_pkg:/home/gh/ros_ws/install/my_robot_interfaces:${AMENT_PREFIX_PATH} CMAKE_PREFIX_PATH=/home/gh/ros_ws/install/my_cpp_pkg:/home/gh/ros_ws/install/my_robot_interfaces:/home/gh/ros_ws/install/cpppkg:/opt/ros/jazzy/opt/gz_math_vendor:/opt/ros/jazzy/opt/gz_utils_vendor:/opt/ros/jazzy/opt/gz_cmake_vendor:/home/gh/ros_ws/install/pypkg:/opt/ros/jazzy DEBUGINFOD_URLS=https://debuginfod.ubuntu.com LD_LIBRARY_PATH=/home/gh/ros_ws/install/my_robot_interfaces/lib:${LD_LIBRARY_PATH} PYTHONPATH=/home/gh/ros_ws/install/my_py_pkg/lib/python3.12/site-packages:/home/gh/ros_ws/install/my_robot_interfaces/lib/python3.12/site-packages:${PYTHONPATH} /usr/bin/cmake /home/gh/ros_ws/src/my_robot_bringup -DCMAKE_INSTALL_PREFIX=/home/gh/ros_ws/install/my_robot_bringup
[36.694s] DEBUG:colcon.colcon_core.event_handler.log_command:Invoked command in '/home/gh/ros_ws/build/my_robot_bringup' returned '0': AMENT_PREFIX_PATH=/home/gh/ros_ws/install/my_py_pkg:/home/gh/ros_ws/install/my_cpp_pkg:/home/gh/ros_ws/install/my_robot_interfaces:${AMENT_PREFIX_PATH} CMAKE_PREFIX_PATH=/home/gh/ros_ws/install/my_cpp_pkg:/home/gh/ros_ws/install/my_robot_interfaces:/home/gh/ros_ws/install/cpppkg:/opt/ros/jazzy/opt/gz_math_vendor:/opt/ros/jazzy/opt/gz_utils_vendor:/opt/ros/jazzy/opt/gz_cmake_vendor:/home/gh/ros_ws/install/pypkg:/opt/ros/jazzy DEBUGINFOD_URLS=https://debuginfod.ubuntu.com LD_LIBRARY_PATH=/home/gh/ros_ws/install/my_robot_interfaces/lib:${LD_LIBRARY_PATH} PYTHONPATH=/home/gh/ros_ws/install/my_py_pkg/lib/python3.12/site-packages:/home/gh/ros_ws/install/my_robot_interfaces/lib/python3.12/site-packages:${PYTHONPATH} /usr/bin/cmake /home/gh/ros_ws/src/my_robot_bringup -DCMAKE_INSTALL_PREFIX=/home/gh/ros_ws/install/my_robot_bringup
[36.695s] DEBUG:colcon.colcon_core.event_handler.log_command:Invoking command in '/home/gh/ros_ws/build/my_robot_bringup': AMENT_PREFIX_PATH=/home/gh/ros_ws/install/my_py_pkg:/home/gh/ros_ws/install/my_cpp_pkg:/home/gh/ros_ws/install/my_robot_interfaces:${AMENT_PREFIX_PATH} CMAKE_PREFIX_PATH=/home/gh/ros_ws/install/my_cpp_pkg:/home/gh/ros_ws/install/my_robot_interfaces:/home/gh/ros_ws/install/cpppkg:/opt/ros/jazzy/opt/gz_math_vendor:/opt/ros/jazzy/opt/gz_utils_vendor:/opt/ros/jazzy/opt/gz_cmake_vendor:/home/gh/ros_ws/install/pypkg:/opt/ros/jazzy DEBUGINFOD_URLS=https://debuginfod.ubuntu.com LD_LIBRARY_PATH=/home/gh/ros_ws/install/my_robot_interfaces/lib:${LD_LIBRARY_PATH} PYTHONPATH=/home/gh/ros_ws/install/my_py_pkg/lib/python3.12/site-packages:/home/gh/ros_ws/install/my_robot_interfaces/lib/python3.12/site-packages:${PYTHONPATH} /usr/bin/cmake --build /home/gh/ros_ws/build/my_robot_bringup -- -j8 -l8
[36.746s] DEBUG:colcon.colcon_core.event_handler.log_command:Invoked command in '/home/gh/ros_ws/build/my_robot_bringup' returned '0': AMENT_PREFIX_PATH=/home/gh/ros_ws/install/my_py_pkg:/home/gh/ros_ws/install/my_cpp_pkg:/home/gh/ros_ws/install/my_robot_interfaces:${AMENT_PREFIX_PATH} CMAKE_PREFIX_PATH=/home/gh/ros_ws/install/my_cpp_pkg:/home/gh/ros_ws/install/my_robot_interfaces:/home/gh/ros_ws/install/cpppkg:/opt/ros/jazzy/opt/gz_math_vendor:/opt/ros/jazzy/opt/gz_utils_vendor:/opt/ros/jazzy/opt/gz_cmake_vendor:/home/gh/ros_ws/install/pypkg:/opt/ros/jazzy DEBUGINFOD_URLS=https://debuginfod.ubuntu.com LD_LIBRARY_PATH=/home/gh/ros_ws/install/my_robot_interfaces/lib:${LD_LIBRARY_PATH} PYTHONPATH=/home/gh/ros_ws/install/my_py_pkg/lib/python3.12/site-packages:/home/gh/ros_ws/install/my_robot_interfaces/lib/python3.12/site-packages:${PYTHONPATH} /usr/bin/cmake --build /home/gh/ros_ws/build/my_robot_bringup -- -j8 -l8
[36.747s] DEBUG:colcon.colcon_core.event_handler.log_command:Invoking command in '/home/gh/ros_ws/build/my_robot_bringup': AMENT_PREFIX_PATH=/home/gh/ros_ws/install/my_py_pkg:/home/gh/ros_ws/install/my_cpp_pkg:/home/gh/ros_ws/install/my_robot_interfaces:${AMENT_PREFIX_PATH} CMAKE_PREFIX_PATH=/home/gh/ros_ws/install/my_cpp_pkg:/home/gh/ros_ws/install/my_robot_interfaces:/home/gh/ros_ws/install/cpppkg:/opt/ros/jazzy/opt/gz_math_vendor:/opt/ros/jazzy/opt/gz_utils_vendor:/opt/ros/jazzy/opt/gz_cmake_vendor:/home/gh/ros_ws/install/pypkg:/opt/ros/jazzy DEBUGINFOD_URLS=https://debuginfod.ubuntu.com LD_LIBRARY_PATH=/home/gh/ros_ws/install/my_robot_interfaces/lib:${LD_LIBRARY_PATH} PYTHONPATH=/home/gh/ros_ws/install/my_py_pkg/lib/python3.12/site-packages:/home/gh/ros_ws/install/my_robot_interfaces/lib/python3.12/site-packages:${PYTHONPATH} /usr/bin/cmake --install /home/gh/ros_ws/build/my_robot_bringup
[36.765s] Level 1:colcon.colcon_core.environment:create_environment_scripts_only(my_robot_bringup)
[36.765s] Level 1:colcon.colcon_core.environment:checking '/home/gh/ros_ws/install/my_robot_bringup' for CMake module files
[36.766s] DEBUG:colcon.colcon_core.event_handler.log_command:Invoked command in '/home/gh/ros_ws/build/my_robot_bringup' returned '0': AMENT_PREFIX_PATH=/home/gh/ros_ws/install/my_py_pkg:/home/gh/ros_ws/install/my_cpp_pkg:/home/gh/ros_ws/install/my_robot_interfaces:${AMENT_PREFIX_PATH} CMAKE_PREFIX_PATH=/home/gh/ros_ws/install/my_cpp_pkg:/home/gh/ros_ws/install/my_robot_interfaces:/home/gh/ros_ws/install/cpppkg:/opt/ros/jazzy/opt/gz_math_vendor:/opt/ros/jazzy/opt/gz_utils_vendor:/opt/ros/jazzy/opt/gz_cmake_vendor:/home/gh/ros_ws/install/pypkg:/opt/ros/jazzy DEBUGINFOD_URLS=https://debuginfod.ubuntu.com LD_LIBRARY_PATH=/home/gh/ros_ws/install/my_robot_interfaces/lib:${LD_LIBRARY_PATH} PYTHONPATH=/home/gh/ros_ws/install/my_py_pkg/lib/python3.12/site-packages:/home/gh/ros_ws/install/my_robot_interfaces/lib/python3.12/site-packages:${PYTHONPATH} /usr/bin/cmake --install /home/gh/ros_ws/build/my_robot_bringup
[36.766s] Level 1:colcon.colcon_core.environment:checking '/home/gh/ros_ws/install/my_robot_bringup' for CMake config files
[36.767s] Level 1:colcon.colcon_core.shell:create_environment_hook('my_robot_bringup', 'cmake_prefix_path')
[36.767s] INFO:colcon.colcon_core.shell:Creating environment hook '/home/gh/ros_ws/install/my_robot_bringup/share/my_robot_bringup/hook/cmake_prefix_path.ps1'
[36.767s] INFO:colcon.colcon_core.shell:Creating environment descriptor '/home/gh/ros_ws/install/my_robot_bringup/share/my_robot_bringup/hook/cmake_prefix_path.dsv'
[36.768s] INFO:colcon.colcon_core.shell:Creating environment hook '/home/gh/ros_ws/install/my_robot_bringup/share/my_robot_bringup/hook/cmake_prefix_path.sh'
[36.768s] Level 1:colcon.colcon_core.environment:checking '/home/gh/ros_ws/install/my_robot_bringup/bin'
[36.768s] Level 1:colcon.colcon_core.environment:checking '/home/gh/ros_ws/install/my_robot_bringup/lib/pkgconfig/my_robot_bringup.pc'
[36.769s] Level 1:colcon.colcon_core.environment:checking '/home/gh/ros_ws/install/my_robot_bringup/lib/python3.12/site-packages'
[36.769s] Level 1:colcon.colcon_core.environment:checking '/home/gh/ros_ws/install/my_robot_bringup/bin'
[36.769s] INFO:colcon.colcon_core.shell:Creating package script '/home/gh/ros_ws/install/my_robot_bringup/share/my_robot_bringup/package.ps1'
[36.770s] INFO:colcon.colcon_core.shell:Creating package descriptor '/home/gh/ros_ws/install/my_robot_bringup/share/my_robot_bringup/package.dsv'
[36.770s] INFO:colcon.colcon_core.shell:Creating package script '/home/gh/ros_ws/install/my_robot_bringup/share/my_robot_bringup/package.sh'
[36.771s] INFO:colcon.colcon_core.shell:Creating package script '/home/gh/ros_ws/install/my_robot_bringup/share/my_robot_bringup/package.bash'
[36.771s] INFO:colcon.colcon_core.shell:Creating package script '/home/gh/ros_ws/install/my_robot_bringup/share/my_robot_bringup/package.zsh'
[36.772s] Level 1:colcon.colcon_core.environment:create_file_with_runtime_dependencies(/home/gh/ros_ws/install/my_robot_bringup/share/colcon-core/packages/my_robot_bringup)
[36.772s] Level 1:colcon.colcon_core.environment:create_environment_scripts_only(my_robot_bringup)
[36.772s] Level 1:colcon.colcon_core.environment:checking '/home/gh/ros_ws/install/my_robot_bringup' for CMake module files
[36.773s] Level 1:colcon.colcon_core.environment:checking '/home/gh/ros_ws/install/my_robot_bringup' for CMake config files
[36.773s] Level 1:colcon.colcon_core.shell:create_environment_hook('my_robot_bringup', 'cmake_prefix_path')
[36.773s] INFO:colcon.colcon_core.shell:Creating environment hook '/home/gh/ros_ws/install/my_robot_bringup/share/my_robot_bringup/hook/cmake_prefix_path.ps1'
[36.774s] INFO:colcon.colcon_core.shell:Creating environment descriptor '/home/gh/ros_ws/install/my_robot_bringup/share/my_robot_bringup/hook/cmake_prefix_path.dsv'
[36.774s] INFO:colcon.colcon_core.shell:Creating environment hook '/home/gh/ros_ws/install/my_robot_bringup/share/my_robot_bringup/hook/cmake_prefix_path.sh'
[36.775s] Level 1:colcon.colcon_core.environment:checking '/home/gh/ros_ws/install/my_robot_bringup/bin'
[36.775s] Level 1:colcon.colcon_core.environment:checking '/home/gh/ros_ws/install/my_robot_bringup/lib/pkgconfig/my_robot_bringup.pc'
[36.775s] Level 1:colcon.colcon_core.environment:checking '/home/gh/ros_ws/install/my_robot_bringup/lib/python3.12/site-packages'
[36.776s] Level 1:colcon.colcon_core.environment:checking '/home/gh/ros_ws/install/my_robot_bringup/bin'
[36.776s] INFO:colcon.colcon_core.shell:Creating package script '/home/gh/ros_ws/install/my_robot_bringup/share/my_robot_bringup/package.ps1'
[36.776s] INFO:colcon.colcon_core.shell:Creating package descriptor '/home/gh/ros_ws/install/my_robot_bringup/share/my_robot_bringup/package.dsv'
[36.777s] INFO:colcon.colcon_core.shell:Creating package script '/home/gh/ros_ws/install/my_robot_bringup/share/my_robot_bringup/package.sh'
[36.778s] INFO:colcon.colcon_core.shell:Creating package script '/home/gh/ros_ws/install/my_robot_bringup/share/my_robot_bringup/package.bash'
[36.778s] INFO:colcon.colcon_core.shell:Creating package script '/home/gh/ros_ws/install/my_robot_bringup/share/my_robot_bringup/package.zsh'
[36.779s] Level 1:colcon.colcon_core.environment:create_file_with_runtime_dependencies(/home/gh/ros_ws/install/my_robot_bringup/share/colcon-core/packages/my_robot_bringup)
[36.779s] DEBUG:colcon.colcon_parallel_executor.executor.parallel:closing loop
[36.779s] DEBUG:colcon.colcon_parallel_executor.executor.parallel:loop closed
[36.779s] DEBUG:colcon.colcon_parallel_executor.executor.parallel:run_until_complete finished with '0'
[36.779s] DEBUG:colcon.colcon_core.event_reactor:joining thread
[36.790s] INFO:colcon.colcon_core.plugin_system:Skipping extension 'colcon_notification.desktop_notification.terminal_notifier': Not used on non-Darwin systems
[36.790s] INFO:colcon.colcon_core.plugin_system:Skipping extension 'colcon_notification.desktop_notification.win32': Not used on non-Windows systems
[36.790s] INFO:colcon.colcon_notification.desktop_notification:Sending desktop notification using 'notify2'
[36.819s] DEBUG:colcon.colcon_core.event_reactor:joined thread
[36.819s] INFO:colcon.colcon_core.shell:Creating prefix script '/home/gh/ros_ws/install/local_setup.ps1'
[36.820s] INFO:colcon.colcon_core.shell:Creating prefix util module '/home/gh/ros_ws/install/_local_setup_util_ps1.py'
[36.822s] INFO:colcon.colcon_core.shell:Creating prefix chain script '/home/gh/ros_ws/install/setup.ps1'
[36.824s] INFO:colcon.colcon_core.shell:Creating prefix script '/home/gh/ros_ws/install/local_setup.sh'
[36.825s] INFO:colcon.colcon_core.shell:Creating prefix util module '/home/gh/ros_ws/install/_local_setup_util_sh.py'
[36.825s] INFO:colcon.colcon_core.shell:Creating prefix chain script '/home/gh/ros_ws/install/setup.sh'
[36.827s] INFO:colcon.colcon_core.shell:Creating prefix script '/home/gh/ros_ws/install/local_setup.bash'
[36.828s] INFO:colcon.colcon_core.shell:Creating prefix chain script '/home/gh/ros_ws/install/setup.bash'
[36.830s] INFO:colcon.colcon_core.shell:Creating prefix script '/home/gh/ros_ws/install/local_setup.zsh'
[36.830s] INFO:colcon.colcon_core.shell:Creating prefix chain script '/home/gh/ros_ws/install/setup.zsh'
