[1.148s] Invoking command in '/home/gh/ros_ws/src/pypkg': DEBUGINFOD_URLS=https://debuginfod.ubuntu.com PYTHONPATH=/home/gh/ros_ws/build/pypkg/prefix_override:/usr/lib/python3/dist-packages/colcon_core/task/python/colcon_distutils_commands:/home/gh/ros_ws/install/pypkg/lib/python3.12/site-packages:${PYTHONPATH} /usr/bin/python3 -W ignore:setup.py install is deprecated -W ignore:easy_install command is deprecated setup.py egg_info --egg-base ../../build/pypkg build --build-base /home/gh/ros_ws/build/pypkg/build install --record /home/gh/ros_ws/build/pypkg/install.log --single-version-externally-managed install_data
[1.508s] running egg_info
[1.534s] writing ../../build/pypkg/pypkg.egg-info/PKG-INFO
[1.534s] writing dependency_links to ../../build/pypkg/pypkg.egg-info/dependency_links.txt
[1.534s] writing entry points to ../../build/pypkg/pypkg.egg-info/entry_points.txt
[1.534s] writing requirements to ../../build/pypkg/pypkg.egg-info/requires.txt
[1.534s] writing top-level names to ../../build/pypkg/pypkg.egg-info/top_level.txt
[1.587s] reading manifest file '../../build/pypkg/pypkg.egg-info/SOURCES.txt'
[1.588s] writing manifest file '../../build/pypkg/pypkg.egg-info/SOURCES.txt'
[1.588s] running build
[1.588s] running build_py
[1.588s] running install
[1.597s] running install_lib
[1.622s] running install_data
[1.622s] running install_egg_info
[1.652s] removing '/home/gh/ros_ws/install/pypkg/lib/python3.12/site-packages/pypkg-0.0.0-py3.12.egg-info' (and everything under it)
[1.652s] Copying ../../build/pypkg/pypkg.egg-info to /home/gh/ros_ws/install/pypkg/lib/python3.12/site-packages/pypkg-0.0.0-py3.12.egg-info
[1.653s] running install_scripts
[1.831s] Installing py_test script to /home/gh/ros_ws/install/pypkg/lib/pypkg
[1.831s] writing list of installed files to '/home/gh/ros_ws/build/pypkg/install.log'
[1.870s] Invoked command in '/home/gh/ros_ws/src/pypkg' returned '0': DEBUGINFOD_URLS=https://debuginfod.ubuntu.com PYTHONPATH=/home/gh/ros_ws/build/pypkg/prefix_override:/usr/lib/python3/dist-packages/colcon_core/task/python/colcon_distutils_commands:/home/gh/ros_ws/install/pypkg/lib/python3.12/site-packages:${PYTHONPATH} /usr/bin/python3 -W ignore:setup.py install is deprecated -W ignore:easy_install command is deprecated setup.py egg_info --egg-base ../../build/pypkg build --build-base /home/gh/ros_ws/build/pypkg/build install --record /home/gh/ros_ws/build/pypkg/install.log --single-version-externally-managed install_data
