[  1%] Built target finalprojectinterfaces__rosidl_generator_type_description
[  1%] Built target ament_cmake_python_copy_finalprojectinterfaces
[  3%] Built target finalprojectinterfaces__cpp
[ 24%] Built target finalprojectinterfaces__rosidl_generator_c
[ 33%] Built target finalprojectinterfaces__rosidl_typesupport_c
[ 42%] Built target finalprojectinterfaces__rosidl_typesupport_cpp
[ 51%] Built target finalprojectinterfaces__rosidl_typesupport_introspection_cpp
[ 61%] Built target finalprojectinterfaces__rosidl_typesupport_introspection_c
[ 70%] Built target finalprojectinterfaces__rosidl_typesupport_fastrtps_c
[ 79%] Built target finalprojectinterfaces__rosidl_typesupport_fastrtps_cpp
[ 79%] Built target finalprojectinterfaces
[ 81%] Built target finalprojectinterfaces__py
[ 88%] Built target finalprojectinterfaces__rosidl_generator_py
[ 92%] Built target finalprojectinterfaces_s__rosidl_typesupport_fastrtps_c
[ 96%] Built target finalprojectinterfaces_s__rosidl_typesupport_introspection_c
[100%] Built target finalprojectinterfaces_s__rosidl_typesupport_c
running egg_info
writing finalprojectinterfaces.egg-info/PKG-INFO
writing dependency_links to finalprojectinterfaces.egg-info/dependency_links.txt
writing top-level names to finalprojectinterfaces.egg-info/top_level.txt
reading manifest file 'finalprojectinterfaces.egg-info/SOURCES.txt'
writing manifest file 'finalprojectinterfaces.egg-info/SOURCES.txt'
[100%] Built target ament_cmake_python_build_finalprojectinterfaces_egg
-- Install configuration: ""
-- Up-to-date: /home/gh/ros_ws/install/finalprojectinterfaces/share/ament_index/resource_index/rosidl_interfaces/finalprojectinterfaces
-- Up-to-date: /home/gh/ros_ws/install/finalprojectinterfaces/share/finalprojectinterfaces/msg/TurtleArray.json
-- Up-to-date: /home/gh/ros_ws/install/finalprojectinterfaces/share/finalprojectinterfaces/msg/Turtle.json
-- Up-to-date: /home/gh/ros_ws/install/finalprojectinterfaces/share/finalprojectinterfaces/srv/CatchTurtle.json
-- Up-to-date: /home/gh/ros_ws/install/finalprojectinterfaces/include/finalprojectinterfaces/finalprojectinterfaces
-- Up-to-date: /home/gh/ros_ws/install/finalprojectinterfaces/include/finalprojectinterfaces/finalprojectinterfaces/msg
-- Up-to-date: /home/gh/ros_ws/install/finalprojectinterfaces/include/finalprojectinterfaces/finalprojectinterfaces/msg/rosidl_generator_c__visibility_control.h
-- Up-to-date: /home/gh/ros_ws/install/finalprojectinterfaces/include/finalprojectinterfaces/finalprojectinterfaces/msg/turtle_array.h
-- Up-to-date: /home/gh/ros_ws/install/finalprojectinterfaces/include/finalprojectinterfaces/finalprojectinterfaces/msg/turtle.h
-- Up-to-date: /home/gh/ros_ws/install/finalprojectinterfaces/include/finalprojectinterfaces/finalprojectinterfaces/msg/detail
-- Up-to-date: /home/gh/ros_ws/install/finalprojectinterfaces/include/finalprojectinterfaces/finalprojectinterfaces/msg/detail/turtle__functions.h
-- Up-to-date: /home/gh/ros_ws/install/finalprojectinterfaces/include/finalprojectinterfaces/finalprojectinterfaces/msg/detail/turtle_array__description.c
-- Up-to-date: /home/gh/ros_ws/install/finalprojectinterfaces/include/finalprojectinterfaces/finalprojectinterfaces/msg/detail/turtle__struct.h
-- Up-to-date: /home/gh/ros_ws/install/finalprojectinterfaces/include/finalprojectinterfaces/finalprojectinterfaces/msg/detail/turtle__description.c
-- Up-to-date: /home/gh/ros_ws/install/finalprojectinterfaces/include/finalprojectinterfaces/finalprojectinterfaces/msg/detail/turtle_array__functions.c
-- Up-to-date: /home/gh/ros_ws/install/finalprojectinterfaces/include/finalprojectinterfaces/finalprojectinterfaces/msg/detail/turtle__functions.c
-- Up-to-date: /home/gh/ros_ws/install/finalprojectinterfaces/include/finalprojectinterfaces/finalprojectinterfaces/msg/detail/turtle__type_support.c
-- Up-to-date: /home/gh/ros_ws/install/finalprojectinterfaces/include/finalprojectinterfaces/finalprojectinterfaces/msg/detail/turtle__type_support.h
-- Up-to-date: /home/gh/ros_ws/install/finalprojectinterfaces/include/finalprojectinterfaces/finalprojectinterfaces/msg/detail/turtle_array__type_support.h
-- Up-to-date: /home/gh/ros_ws/install/finalprojectinterfaces/include/finalprojectinterfaces/finalprojectinterfaces/msg/detail/turtle_array__struct.h
-- Up-to-date: /home/gh/ros_ws/install/finalprojectinterfaces/include/finalprojectinterfaces/finalprojectinterfaces/msg/detail/turtle_array__type_support.c
-- Up-to-date: /home/gh/ros_ws/install/finalprojectinterfaces/include/finalprojectinterfaces/finalprojectinterfaces/msg/detail/turtle_array__functions.h
-- Up-to-date: /home/gh/ros_ws/install/finalprojectinterfaces/include/finalprojectinterfaces/finalprojectinterfaces/srv
-- Up-to-date: /home/gh/ros_ws/install/finalprojectinterfaces/include/finalprojectinterfaces/finalprojectinterfaces/srv/catch_turtle.h
-- Up-to-date: /home/gh/ros_ws/install/finalprojectinterfaces/include/finalprojectinterfaces/finalprojectinterfaces/srv/detail
-- Up-to-date: /home/gh/ros_ws/install/finalprojectinterfaces/include/finalprojectinterfaces/finalprojectinterfaces/srv/detail/catch_turtle__struct.h
-- Up-to-date: /home/gh/ros_ws/install/finalprojectinterfaces/include/finalprojectinterfaces/finalprojectinterfaces/srv/detail/catch_turtle__functions.c
-- Up-to-date: /home/gh/ros_ws/install/finalprojectinterfaces/include/finalprojectinterfaces/finalprojectinterfaces/srv/detail/catch_turtle__description.c
-- Up-to-date: /home/gh/ros_ws/install/finalprojectinterfaces/include/finalprojectinterfaces/finalprojectinterfaces/srv/detail/catch_turtle__type_support.h
-- Up-to-date: /home/gh/ros_ws/install/finalprojectinterfaces/include/finalprojectinterfaces/finalprojectinterfaces/srv/detail/catch_turtle__type_support.c
-- Up-to-date: /home/gh/ros_ws/install/finalprojectinterfaces/include/finalprojectinterfaces/finalprojectinterfaces/srv/detail/catch_turtle__functions.h
-- Up-to-date: /home/gh/ros_ws/install/finalprojectinterfaces/share/finalprojectinterfaces/environment/library_path.sh
-- Up-to-date: /home/gh/ros_ws/install/finalprojectinterfaces/share/finalprojectinterfaces/environment/library_path.dsv
-- Up-to-date: /home/gh/ros_ws/install/finalprojectinterfaces/lib/libfinalprojectinterfaces__rosidl_generator_c.so
-- Up-to-date: /home/gh/ros_ws/install/finalprojectinterfaces/include/finalprojectinterfaces/finalprojectinterfaces
-- Up-to-date: /home/gh/ros_ws/install/finalprojectinterfaces/include/finalprojectinterfaces/finalprojectinterfaces/msg
-- Up-to-date: /home/gh/ros_ws/install/finalprojectinterfaces/include/finalprojectinterfaces/finalprojectinterfaces/msg/rosidl_typesupport_fastrtps_c__visibility_control.h
-- Up-to-date: /home/gh/ros_ws/install/finalprojectinterfaces/include/finalprojectinterfaces/finalprojectinterfaces/msg/detail
-- Up-to-date: /home/gh/ros_ws/install/finalprojectinterfaces/include/finalprojectinterfaces/finalprojectinterfaces/msg/detail/turtle__rosidl_typesupport_fastrtps_c.h
-- Up-to-date: /home/gh/ros_ws/install/finalprojectinterfaces/include/finalprojectinterfaces/finalprojectinterfaces/msg/detail/turtle_array__rosidl_typesupport_fastrtps_c.h
-- Up-to-date: /home/gh/ros_ws/install/finalprojectinterfaces/include/finalprojectinterfaces/finalprojectinterfaces/srv
-- Up-to-date: /home/gh/ros_ws/install/finalprojectinterfaces/include/finalprojectinterfaces/finalprojectinterfaces/srv/detail
-- Up-to-date: /home/gh/ros_ws/install/finalprojectinterfaces/include/finalprojectinterfaces/finalprojectinterfaces/srv/detail/catch_turtle__rosidl_typesupport_fastrtps_c.h
-- Up-to-date: /home/gh/ros_ws/install/finalprojectinterfaces/lib/libfinalprojectinterfaces__rosidl_typesupport_fastrtps_c.so
-- Up-to-date: /home/gh/ros_ws/install/finalprojectinterfaces/include/finalprojectinterfaces/finalprojectinterfaces
-- Up-to-date: /home/gh/ros_ws/install/finalprojectinterfaces/include/finalprojectinterfaces/finalprojectinterfaces/msg
-- Up-to-date: /home/gh/ros_ws/install/finalprojectinterfaces/include/finalprojectinterfaces/finalprojectinterfaces/msg/rosidl_typesupport_introspection_c__visibility_control.h
-- Up-to-date: /home/gh/ros_ws/install/finalprojectinterfaces/include/finalprojectinterfaces/finalprojectinterfaces/msg/detail
-- Up-to-date: /home/gh/ros_ws/install/finalprojectinterfaces/include/finalprojectinterfaces/finalprojectinterfaces/msg/detail/turtle__type_support.c
-- Up-to-date: /home/gh/ros_ws/install/finalprojectinterfaces/include/finalprojectinterfaces/finalprojectinterfaces/msg/detail/turtle_array__rosidl_typesupport_introspection_c.h
-- Up-to-date: /home/gh/ros_ws/install/finalprojectinterfaces/include/finalprojectinterfaces/finalprojectinterfaces/msg/detail/turtle__rosidl_typesupport_introspection_c.h
-- Up-to-date: /home/gh/ros_ws/install/finalprojectinterfaces/include/finalprojectinterfaces/finalprojectinterfaces/msg/detail/turtle_array__type_support.c
-- Up-to-date: /home/gh/ros_ws/install/finalprojectinterfaces/include/finalprojectinterfaces/finalprojectinterfaces/srv
-- Up-to-date: /home/gh/ros_ws/install/finalprojectinterfaces/include/finalprojectinterfaces/finalprojectinterfaces/srv/detail
-- Up-to-date: /home/gh/ros_ws/install/finalprojectinterfaces/include/finalprojectinterfaces/finalprojectinterfaces/srv/detail/catch_turtle__type_support.c
-- Up-to-date: /home/gh/ros_ws/install/finalprojectinterfaces/include/finalprojectinterfaces/finalprojectinterfaces/srv/detail/catch_turtle__rosidl_typesupport_introspection_c.h
-- Up-to-date: /home/gh/ros_ws/install/finalprojectinterfaces/lib/libfinalprojectinterfaces__rosidl_typesupport_introspection_c.so
-- Up-to-date: /home/gh/ros_ws/install/finalprojectinterfaces/lib/libfinalprojectinterfaces__rosidl_typesupport_c.so
-- Up-to-date: /home/gh/ros_ws/install/finalprojectinterfaces/include/finalprojectinterfaces/finalprojectinterfaces
-- Up-to-date: /home/gh/ros_ws/install/finalprojectinterfaces/include/finalprojectinterfaces/finalprojectinterfaces/msg
-- Up-to-date: /home/gh/ros_ws/install/finalprojectinterfaces/include/finalprojectinterfaces/finalprojectinterfaces/msg/turtle_array.hpp
-- Up-to-date: /home/gh/ros_ws/install/finalprojectinterfaces/include/finalprojectinterfaces/finalprojectinterfaces/msg/turtle.hpp
-- Up-to-date: /home/gh/ros_ws/install/finalprojectinterfaces/include/finalprojectinterfaces/finalprojectinterfaces/msg/rosidl_generator_cpp__visibility_control.hpp
-- Up-to-date: /home/gh/ros_ws/install/finalprojectinterfaces/include/finalprojectinterfaces/finalprojectinterfaces/msg/detail
-- Up-to-date: /home/gh/ros_ws/install/finalprojectinterfaces/include/finalprojectinterfaces/finalprojectinterfaces/msg/detail/turtle__builder.hpp
-- Up-to-date: /home/gh/ros_ws/install/finalprojectinterfaces/include/finalprojectinterfaces/finalprojectinterfaces/msg/detail/turtle_array__traits.hpp
-- Up-to-date: /home/gh/ros_ws/install/finalprojectinterfaces/include/finalprojectinterfaces/finalprojectinterfaces/msg/detail/turtle__struct.hpp
-- Up-to-date: /home/gh/ros_ws/install/finalprojectinterfaces/include/finalprojectinterfaces/finalprojectinterfaces/msg/detail/turtle__traits.hpp
-- Up-to-date: /home/gh/ros_ws/install/finalprojectinterfaces/include/finalprojectinterfaces/finalprojectinterfaces/msg/detail/turtle_array__builder.hpp
-- Up-to-date: /home/gh/ros_ws/install/finalprojectinterfaces/include/finalprojectinterfaces/finalprojectinterfaces/msg/detail/turtle_array__type_support.hpp
-- Up-to-date: /home/gh/ros_ws/install/finalprojectinterfaces/include/finalprojectinterfaces/finalprojectinterfaces/msg/detail/turtle__type_support.hpp
-- Up-to-date: /home/gh/ros_ws/install/finalprojectinterfaces/include/finalprojectinterfaces/finalprojectinterfaces/msg/detail/turtle_array__struct.hpp
-- Up-to-date: /home/gh/ros_ws/install/finalprojectinterfaces/include/finalprojectinterfaces/finalprojectinterfaces/srv
-- Up-to-date: /home/gh/ros_ws/install/finalprojectinterfaces/include/finalprojectinterfaces/finalprojectinterfaces/srv/catch_turtle.hpp
-- Up-to-date: /home/gh/ros_ws/install/finalprojectinterfaces/include/finalprojectinterfaces/finalprojectinterfaces/srv/detail
-- Up-to-date: /home/gh/ros_ws/install/finalprojectinterfaces/include/finalprojectinterfaces/finalprojectinterfaces/srv/detail/catch_turtle__traits.hpp
-- Up-to-date: /home/gh/ros_ws/install/finalprojectinterfaces/include/finalprojectinterfaces/finalprojectinterfaces/srv/detail/catch_turtle__struct.hpp
-- Up-to-date: /home/gh/ros_ws/install/finalprojectinterfaces/include/finalprojectinterfaces/finalprojectinterfaces/srv/detail/catch_turtle__builder.hpp
-- Up-to-date: /home/gh/ros_ws/install/finalprojectinterfaces/include/finalprojectinterfaces/finalprojectinterfaces/srv/detail/catch_turtle__type_support.hpp
-- Up-to-date: /home/gh/ros_ws/install/finalprojectinterfaces/include/finalprojectinterfaces/finalprojectinterfaces
-- Up-to-date: /home/gh/ros_ws/install/finalprojectinterfaces/include/finalprojectinterfaces/finalprojectinterfaces/msg
-- Up-to-date: /home/gh/ros_ws/install/finalprojectinterfaces/include/finalprojectinterfaces/finalprojectinterfaces/msg/rosidl_typesupport_fastrtps_cpp__visibility_control.h
-- Up-to-date: /home/gh/ros_ws/install/finalprojectinterfaces/include/finalprojectinterfaces/finalprojectinterfaces/msg/detail
-- Up-to-date: /home/gh/ros_ws/install/finalprojectinterfaces/include/finalprojectinterfaces/finalprojectinterfaces/msg/detail/turtle_array__rosidl_typesupport_fastrtps_cpp.hpp
-- Up-to-date: /home/gh/ros_ws/install/finalprojectinterfaces/include/finalprojectinterfaces/finalprojectinterfaces/msg/detail/turtle__rosidl_typesupport_fastrtps_cpp.hpp
-- Up-to-date: /home/gh/ros_ws/install/finalprojectinterfaces/include/finalprojectinterfaces/finalprojectinterfaces/msg/detail/dds_fastrtps
-- Up-to-date: /home/gh/ros_ws/install/finalprojectinterfaces/include/finalprojectinterfaces/finalprojectinterfaces/srv
-- Up-to-date: /home/gh/ros_ws/install/finalprojectinterfaces/include/finalprojectinterfaces/finalprojectinterfaces/srv/detail
-- Up-to-date: /home/gh/ros_ws/install/finalprojectinterfaces/include/finalprojectinterfaces/finalprojectinterfaces/srv/detail/dds_fastrtps
-- Up-to-date: /home/gh/ros_ws/install/finalprojectinterfaces/include/finalprojectinterfaces/finalprojectinterfaces/srv/detail/catch_turtle__rosidl_typesupport_fastrtps_cpp.hpp
-- Up-to-date: /home/gh/ros_ws/install/finalprojectinterfaces/lib/libfinalprojectinterfaces__rosidl_typesupport_fastrtps_cpp.so
-- Up-to-date: /home/gh/ros_ws/install/finalprojectinterfaces/include/finalprojectinterfaces/finalprojectinterfaces
-- Up-to-date: /home/gh/ros_ws/install/finalprojectinterfaces/include/finalprojectinterfaces/finalprojectinterfaces/msg
-- Up-to-date: /home/gh/ros_ws/install/finalprojectinterfaces/include/finalprojectinterfaces/finalprojectinterfaces/msg/detail
-- Up-to-date: /home/gh/ros_ws/install/finalprojectinterfaces/include/finalprojectinterfaces/finalprojectinterfaces/msg/detail/turtle_array__type_support.cpp
-- Up-to-date: /home/gh/ros_ws/install/finalprojectinterfaces/include/finalprojectinterfaces/finalprojectinterfaces/msg/detail/turtle__type_support.cpp
-- Up-to-date: /home/gh/ros_ws/install/finalprojectinterfaces/include/finalprojectinterfaces/finalprojectinterfaces/msg/detail/turtle_array__rosidl_typesupport_introspection_cpp.hpp
-- Up-to-date: /home/gh/ros_ws/install/finalprojectinterfaces/include/finalprojectinterfaces/finalprojectinterfaces/msg/detail/turtle__rosidl_typesupport_introspection_cpp.hpp
-- Up-to-date: /home/gh/ros_ws/install/finalprojectinterfaces/include/finalprojectinterfaces/finalprojectinterfaces/srv
-- Up-to-date: /home/gh/ros_ws/install/finalprojectinterfaces/include/finalprojectinterfaces/finalprojectinterfaces/srv/detail
-- Up-to-date: /home/gh/ros_ws/install/finalprojectinterfaces/include/finalprojectinterfaces/finalprojectinterfaces/srv/detail/catch_turtle__type_support.cpp
-- Up-to-date: /home/gh/ros_ws/install/finalprojectinterfaces/include/finalprojectinterfaces/finalprojectinterfaces/srv/detail/catch_turtle__rosidl_typesupport_introspection_cpp.hpp
-- Up-to-date: /home/gh/ros_ws/install/finalprojectinterfaces/lib/libfinalprojectinterfaces__rosidl_typesupport_introspection_cpp.so
-- Up-to-date: /home/gh/ros_ws/install/finalprojectinterfaces/lib/libfinalprojectinterfaces__rosidl_typesupport_cpp.so
-- Up-to-date: /home/gh/ros_ws/install/finalprojectinterfaces/share/finalprojectinterfaces/environment/pythonpath.sh
-- Up-to-date: /home/gh/ros_ws/install/finalprojectinterfaces/share/finalprojectinterfaces/environment/pythonpath.dsv
-- Up-to-date: /home/gh/ros_ws/install/finalprojectinterfaces/lib/python3.12/site-packages/finalprojectinterfaces-0.0.0-py3.12.egg-info
-- Installing: /home/gh/ros_ws/install/finalprojectinterfaces/lib/python3.12/site-packages/finalprojectinterfaces-0.0.0-py3.12.egg-info/top_level.txt
-- Installing: /home/gh/ros_ws/install/finalprojectinterfaces/lib/python3.12/site-packages/finalprojectinterfaces-0.0.0-py3.12.egg-info/SOURCES.txt
-- Installing: /home/gh/ros_ws/install/finalprojectinterfaces/lib/python3.12/site-packages/finalprojectinterfaces-0.0.0-py3.12.egg-info/PKG-INFO
-- Installing: /home/gh/ros_ws/install/finalprojectinterfaces/lib/python3.12/site-packages/finalprojectinterfaces-0.0.0-py3.12.egg-info/dependency_links.txt
-- Up-to-date: /home/gh/ros_ws/install/finalprojectinterfaces/lib/python3.12/site-packages/finalprojectinterfaces
-- Up-to-date: /home/gh/ros_ws/install/finalprojectinterfaces/lib/python3.12/site-packages/finalprojectinterfaces/msg
-- Up-to-date: /home/gh/ros_ws/install/finalprojectinterfaces/lib/python3.12/site-packages/finalprojectinterfaces/msg/__init__.py
-- Up-to-date: /home/gh/ros_ws/install/finalprojectinterfaces/lib/python3.12/site-packages/finalprojectinterfaces/msg/_turtle.py
-- Up-to-date: /home/gh/ros_ws/install/finalprojectinterfaces/lib/python3.12/site-packages/finalprojectinterfaces/msg/_turtle_array_s.c
-- Up-to-date: /home/gh/ros_ws/install/finalprojectinterfaces/lib/python3.12/site-packages/finalprojectinterfaces/msg/_turtle_array.py
-- Up-to-date: /home/gh/ros_ws/install/finalprojectinterfaces/lib/python3.12/site-packages/finalprojectinterfaces/msg/_turtle_s.c
-- Up-to-date: /home/gh/ros_ws/install/finalprojectinterfaces/lib/python3.12/site-packages/finalprojectinterfaces/__init__.py
-- Up-to-date: /home/gh/ros_ws/install/finalprojectinterfaces/lib/python3.12/site-packages/finalprojectinterfaces/_finalprojectinterfaces_s.ep.rosidl_typesupport_c.c
-- Up-to-date: /home/gh/ros_ws/install/finalprojectinterfaces/lib/python3.12/site-packages/finalprojectinterfaces/finalprojectinterfaces_s__rosidl_typesupport_introspection_c.so
-- Up-to-date: /home/gh/ros_ws/install/finalprojectinterfaces/lib/python3.12/site-packages/finalprojectinterfaces/_finalprojectinterfaces_s.ep.rosidl_typesupport_fastrtps_c.c
-- Up-to-date: /home/gh/ros_ws/install/finalprojectinterfaces/lib/python3.12/site-packages/finalprojectinterfaces/_finalprojectinterfaces_s.ep.rosidl_typesupport_introspection_c.c
-- Up-to-date: /home/gh/ros_ws/install/finalprojectinterfaces/lib/python3.12/site-packages/finalprojectinterfaces/finalprojectinterfaces_s__rosidl_typesupport_fastrtps_c.so
-- Up-to-date: /home/gh/ros_ws/install/finalprojectinterfaces/lib/python3.12/site-packages/finalprojectinterfaces/srv
-- Up-to-date: /home/gh/ros_ws/install/finalprojectinterfaces/lib/python3.12/site-packages/finalprojectinterfaces/srv/__init__.py
-- Up-to-date: /home/gh/ros_ws/install/finalprojectinterfaces/lib/python3.12/site-packages/finalprojectinterfaces/srv/_catch_turtle.py
-- Up-to-date: /home/gh/ros_ws/install/finalprojectinterfaces/lib/python3.12/site-packages/finalprojectinterfaces/srv/_catch_turtle_s.c
-- Up-to-date: /home/gh/ros_ws/install/finalprojectinterfaces/lib/python3.12/site-packages/finalprojectinterfaces/finalprojectinterfaces_s__rosidl_typesupport_c.so
Listing '/home/gh/ros_ws/install/finalprojectinterfaces/lib/python3.12/site-packages/finalprojectinterfaces'...
Listing '/home/gh/ros_ws/install/finalprojectinterfaces/lib/python3.12/site-packages/finalprojectinterfaces/msg'...
Listing '/home/gh/ros_ws/install/finalprojectinterfaces/lib/python3.12/site-packages/finalprojectinterfaces/srv'...
-- Up-to-date: /home/gh/ros_ws/install/finalprojectinterfaces/lib/python3.12/site-packages/finalprojectinterfaces/finalprojectinterfaces_s__rosidl_typesupport_fastrtps_c.so
-- Up-to-date: /home/gh/ros_ws/install/finalprojectinterfaces/lib/python3.12/site-packages/finalprojectinterfaces/finalprojectinterfaces_s__rosidl_typesupport_introspection_c.so
-- Up-to-date: /home/gh/ros_ws/install/finalprojectinterfaces/lib/python3.12/site-packages/finalprojectinterfaces/finalprojectinterfaces_s__rosidl_typesupport_c.so
-- Up-to-date: /home/gh/ros_ws/install/finalprojectinterfaces/lib/libfinalprojectinterfaces__rosidl_generator_py.so
-- Up-to-date: /home/gh/ros_ws/install/finalprojectinterfaces/share/finalprojectinterfaces/msg/TurtleArray.idl
-- Up-to-date: /home/gh/ros_ws/install/finalprojectinterfaces/share/finalprojectinterfaces/msg/Turtle.idl
-- Up-to-date: /home/gh/ros_ws/install/finalprojectinterfaces/share/finalprojectinterfaces/srv/CatchTurtle.idl
-- Up-to-date: /home/gh/ros_ws/install/finalprojectinterfaces/share/finalprojectinterfaces/msg/TurtleArray.msg
-- Up-to-date: /home/gh/ros_ws/install/finalprojectinterfaces/share/finalprojectinterfaces/msg/Turtle.msg
-- Up-to-date: /home/gh/ros_ws/install/finalprojectinterfaces/share/finalprojectinterfaces/srv/CatchTurtle.srv
-- Up-to-date: /home/gh/ros_ws/install/finalprojectinterfaces/share/ament_index/resource_index/package_run_dependencies/finalprojectinterfaces
-- Up-to-date: /home/gh/ros_ws/install/finalprojectinterfaces/share/ament_index/resource_index/parent_prefix_path/finalprojectinterfaces
-- Up-to-date: /home/gh/ros_ws/install/finalprojectinterfaces/share/finalprojectinterfaces/environment/ament_prefix_path.sh
-- Up-to-date: /home/gh/ros_ws/install/finalprojectinterfaces/share/finalprojectinterfaces/environment/ament_prefix_path.dsv
-- Up-to-date: /home/gh/ros_ws/install/finalprojectinterfaces/share/finalprojectinterfaces/environment/path.sh
-- Up-to-date: /home/gh/ros_ws/install/finalprojectinterfaces/share/finalprojectinterfaces/environment/path.dsv
-- Up-to-date: /home/gh/ros_ws/install/finalprojectinterfaces/share/finalprojectinterfaces/local_setup.bash
-- Up-to-date: /home/gh/ros_ws/install/finalprojectinterfaces/share/finalprojectinterfaces/local_setup.sh
-- Up-to-date: /home/gh/ros_ws/install/finalprojectinterfaces/share/finalprojectinterfaces/local_setup.zsh
-- Up-to-date: /home/gh/ros_ws/install/finalprojectinterfaces/share/finalprojectinterfaces/local_setup.dsv
-- Installing: /home/gh/ros_ws/install/finalprojectinterfaces/share/finalprojectinterfaces/package.dsv
-- Up-to-date: /home/gh/ros_ws/install/finalprojectinterfaces/share/ament_index/resource_index/packages/finalprojectinterfaces
-- Up-to-date: /home/gh/ros_ws/install/finalprojectinterfaces/share/finalprojectinterfaces/cmake/export_finalprojectinterfaces__rosidl_generator_cExport.cmake
-- Up-to-date: /home/gh/ros_ws/install/finalprojectinterfaces/share/finalprojectinterfaces/cmake/export_finalprojectinterfaces__rosidl_generator_cExport-noconfig.cmake
-- Up-to-date: /home/gh/ros_ws/install/finalprojectinterfaces/share/finalprojectinterfaces/cmake/export_finalprojectinterfaces__rosidl_typesupport_fastrtps_cExport.cmake
-- Up-to-date: /home/gh/ros_ws/install/finalprojectinterfaces/share/finalprojectinterfaces/cmake/export_finalprojectinterfaces__rosidl_typesupport_fastrtps_cExport-noconfig.cmake
-- Up-to-date: /home/gh/ros_ws/install/finalprojectinterfaces/share/finalprojectinterfaces/cmake/finalprojectinterfaces__rosidl_typesupport_introspection_cExport.cmake
-- Up-to-date: /home/gh/ros_ws/install/finalprojectinterfaces/share/finalprojectinterfaces/cmake/finalprojectinterfaces__rosidl_typesupport_introspection_cExport-noconfig.cmake
-- Up-to-date: /home/gh/ros_ws/install/finalprojectinterfaces/share/finalprojectinterfaces/cmake/finalprojectinterfaces__rosidl_typesupport_cExport.cmake
-- Up-to-date: /home/gh/ros_ws/install/finalprojectinterfaces/share/finalprojectinterfaces/cmake/finalprojectinterfaces__rosidl_typesupport_cExport-noconfig.cmake
-- Up-to-date: /home/gh/ros_ws/install/finalprojectinterfaces/share/finalprojectinterfaces/cmake/export_finalprojectinterfaces__rosidl_generator_cppExport.cmake
-- Up-to-date: /home/gh/ros_ws/install/finalprojectinterfaces/share/finalprojectinterfaces/cmake/export_finalprojectinterfaces__rosidl_typesupport_fastrtps_cppExport.cmake
-- Up-to-date: /home/gh/ros_ws/install/finalprojectinterfaces/share/finalprojectinterfaces/cmake/export_finalprojectinterfaces__rosidl_typesupport_fastrtps_cppExport-noconfig.cmake
-- Up-to-date: /home/gh/ros_ws/install/finalprojectinterfaces/share/finalprojectinterfaces/cmake/finalprojectinterfaces__rosidl_typesupport_introspection_cppExport.cmake
-- Up-to-date: /home/gh/ros_ws/install/finalprojectinterfaces/share/finalprojectinterfaces/cmake/finalprojectinterfaces__rosidl_typesupport_introspection_cppExport-noconfig.cmake
-- Up-to-date: /home/gh/ros_ws/install/finalprojectinterfaces/share/finalprojectinterfaces/cmake/finalprojectinterfaces__rosidl_typesupport_cppExport.cmake
-- Up-to-date: /home/gh/ros_ws/install/finalprojectinterfaces/share/finalprojectinterfaces/cmake/finalprojectinterfaces__rosidl_typesupport_cppExport-noconfig.cmake
-- Up-to-date: /home/gh/ros_ws/install/finalprojectinterfaces/share/finalprojectinterfaces/cmake/export_finalprojectinterfaces__rosidl_generator_pyExport.cmake
-- Up-to-date: /home/gh/ros_ws/install/finalprojectinterfaces/share/finalprojectinterfaces/cmake/export_finalprojectinterfaces__rosidl_generator_pyExport-noconfig.cmake
-- Up-to-date: /home/gh/ros_ws/install/finalprojectinterfaces/share/finalprojectinterfaces/cmake/rosidl_cmake-extras.cmake
-- Up-to-date: /home/gh/ros_ws/install/finalprojectinterfaces/share/finalprojectinterfaces/cmake/ament_cmake_export_dependencies-extras.cmake
-- Up-to-date: /home/gh/ros_ws/install/finalprojectinterfaces/share/finalprojectinterfaces/cmake/ament_cmake_export_include_directories-extras.cmake
-- Up-to-date: /home/gh/ros_ws/install/finalprojectinterfaces/share/finalprojectinterfaces/cmake/ament_cmake_export_libraries-extras.cmake
-- Up-to-date: /home/gh/ros_ws/install/finalprojectinterfaces/share/finalprojectinterfaces/cmake/ament_cmake_export_targets-extras.cmake
-- Up-to-date: /home/gh/ros_ws/install/finalprojectinterfaces/share/finalprojectinterfaces/cmake/rosidl_cmake_export_typesupport_targets-extras.cmake
-- Up-to-date: /home/gh/ros_ws/install/finalprojectinterfaces/share/finalprojectinterfaces/cmake/rosidl_cmake_export_typesupport_libraries-extras.cmake
-- Up-to-date: /home/gh/ros_ws/install/finalprojectinterfaces/share/finalprojectinterfaces/cmake/finalprojectinterfacesConfig.cmake
-- Up-to-date: /home/gh/ros_ws/install/finalprojectinterfaces/share/finalprojectinterfaces/cmake/finalprojectinterfacesConfig-version.cmake
-- Up-to-date: /home/gh/ros_ws/install/finalprojectinterfaces/share/finalprojectinterfaces/package.xml
