[0.020s] Invoking command in '/home/gh/ros_ws/build/finalprojectinterfaces': CMAKE_PREFIX_PATH=${CMAKE_PREFIX_PATH}:/home/gh/ros_ws/install/pypkg:/home/gh/ros_ws/install/my_py_pkg:/opt/ros/jazzy DEBUGINFOD_URLS=https://debuginfod.ubuntu.com /usr/bin/cmake --build /home/gh/ros_ws/build/finalprojectinterfaces -- -j8 -l8
[0.171s] [  1%] Built target finalprojectinterfaces__rosidl_generator_type_description
[0.193s] [  1%] Built target ament_cmake_python_copy_finalprojectinterfaces
[0.228s] [  3%] Built target finalprojectinterfaces__cpp
[0.253s] [ 24%] Built target finalprojectinterfaces__rosidl_generator_c
[0.382s] [ 33%] Built target finalprojectinterfaces__rosidl_typesupport_c
[0.395s] [ 42%] Built target finalprojectinterfaces__rosidl_typesupport_cpp
[0.437s] [ 51%] Built target finalprojectinterfaces__rosidl_typesupport_introspection_cpp
[0.450s] [ 61%] Built target finalprojectinterfaces__rosidl_typesupport_introspection_c
[0.465s] [ 70%] Built target finalprojectinterfaces__rosidl_typesupport_fastrtps_c
[0.466s] [ 79%] Built target finalprojectinterfaces__rosidl_typesupport_fastrtps_cpp
[0.533s] [ 79%] Built target finalprojectinterfaces
[0.599s] [ 81%] Built target finalprojectinterfaces__py
[0.655s] [ 88%] Built target finalprojectinterfaces__rosidl_generator_py
[0.718s] [ 92%] Built target finalprojectinterfaces_s__rosidl_typesupport_fastrtps_c
[0.741s] [ 96%] Built target finalprojectinterfaces_s__rosidl_typesupport_introspection_c
[0.745s] [100%] Built target finalprojectinterfaces_s__rosidl_typesupport_c
[0.885s] running egg_info
[0.944s] writing finalprojectinterfaces.egg-info/PKG-INFO
[0.945s] writing dependency_links to finalprojectinterfaces.egg-info/dependency_links.txt
[0.945s] writing top-level names to finalprojectinterfaces.egg-info/top_level.txt
[1.114s] reading manifest file 'finalprojectinterfaces.egg-info/SOURCES.txt'
[1.115s] writing manifest file 'finalprojectinterfaces.egg-info/SOURCES.txt'
[1.200s] [100%] Built target ament_cmake_python_build_finalprojectinterfaces_egg
[1.233s] Invoked command in '/home/gh/ros_ws/build/finalprojectinterfaces' returned '0': CMAKE_PREFIX_PATH=${CMAKE_PREFIX_PATH}:/home/gh/ros_ws/install/pypkg:/home/gh/ros_ws/install/my_py_pkg:/opt/ros/jazzy DEBUGINFOD_URLS=https://debuginfod.ubuntu.com /usr/bin/cmake --build /home/gh/ros_ws/build/finalprojectinterfaces -- -j8 -l8
[1.234s] Invoking command in '/home/gh/ros_ws/build/finalprojectinterfaces': CMAKE_PREFIX_PATH=${CMAKE_PREFIX_PATH}:/home/gh/ros_ws/install/pypkg:/home/gh/ros_ws/install/my_py_pkg:/opt/ros/jazzy DEBUGINFOD_URLS=https://debuginfod.ubuntu.com /usr/bin/cmake --install /home/gh/ros_ws/build/finalprojectinterfaces
[1.254s] -- Install configuration: ""
[1.254s] -- Up-to-date: /home/gh/ros_ws/install/finalprojectinterfaces/share/ament_index/resource_index/rosidl_interfaces/finalprojectinterfaces
[1.256s] -- Up-to-date: /home/gh/ros_ws/install/finalprojectinterfaces/share/finalprojectinterfaces/msg/TurtleArray.json
[1.257s] -- Up-to-date: /home/gh/ros_ws/install/finalprojectinterfaces/share/finalprojectinterfaces/msg/Turtle.json
[1.257s] -- Up-to-date: /home/gh/ros_ws/install/finalprojectinterfaces/share/finalprojectinterfaces/srv/CatchTurtle.json
[1.257s] -- Up-to-date: /home/gh/ros_ws/install/finalprojectinterfaces/include/finalprojectinterfaces/finalprojectinterfaces
[1.258s] -- Up-to-date: /home/gh/ros_ws/install/finalprojectinterfaces/include/finalprojectinterfaces/finalprojectinterfaces/msg
[1.258s] -- Up-to-date: /home/gh/ros_ws/install/finalprojectinterfaces/include/finalprojectinterfaces/finalprojectinterfaces/msg/rosidl_generator_c__visibility_control.h
[1.258s] -- Up-to-date: /home/gh/ros_ws/install/finalprojectinterfaces/include/finalprojectinterfaces/finalprojectinterfaces/msg/turtle_array.h
[1.259s] -- Up-to-date: /home/gh/ros_ws/install/finalprojectinterfaces/include/finalprojectinterfaces/finalprojectinterfaces/msg/turtle.h
[1.259s] -- Up-to-date: /home/gh/ros_ws/install/finalprojectinterfaces/include/finalprojectinterfaces/finalprojectinterfaces/msg/detail
[1.259s] -- Up-to-date: /home/gh/ros_ws/install/finalprojectinterfaces/include/finalprojectinterfaces/finalprojectinterfaces/msg/detail/turtle__functions.h
[1.259s] -- Up-to-date: /home/gh/ros_ws/install/finalprojectinterfaces/include/finalprojectinterfaces/finalprojectinterfaces/msg/detail/turtle_array__description.c
[1.259s] -- Up-to-date: /home/gh/ros_ws/install/finalprojectinterfaces/include/finalprojectinterfaces/finalprojectinterfaces/msg/detail/turtle__struct.h
[1.260s] -- Up-to-date: /home/gh/ros_ws/install/finalprojectinterfaces/include/finalprojectinterfaces/finalprojectinterfaces/msg/detail/turtle__description.c
[1.260s] -- Up-to-date: /home/gh/ros_ws/install/finalprojectinterfaces/include/finalprojectinterfaces/finalprojectinterfaces/msg/detail/turtle_array__functions.c
[1.260s] -- Up-to-date: /home/gh/ros_ws/install/finalprojectinterfaces/include/finalprojectinterfaces/finalprojectinterfaces/msg/detail/turtle__functions.c
[1.260s] -- Up-to-date: /home/gh/ros_ws/install/finalprojectinterfaces/include/finalprojectinterfaces/finalprojectinterfaces/msg/detail/turtle__type_support.c
[1.260s] -- Up-to-date: /home/gh/ros_ws/install/finalprojectinterfaces/include/finalprojectinterfaces/finalprojectinterfaces/msg/detail/turtle__type_support.h
[1.261s] -- Up-to-date: /home/gh/ros_ws/install/finalprojectinterfaces/include/finalprojectinterfaces/finalprojectinterfaces/msg/detail/turtle_array__type_support.h
[1.261s] -- Up-to-date: /home/gh/ros_ws/install/finalprojectinterfaces/include/finalprojectinterfaces/finalprojectinterfaces/msg/detail/turtle_array__struct.h
[1.261s] -- Up-to-date: /home/gh/ros_ws/install/finalprojectinterfaces/include/finalprojectinterfaces/finalprojectinterfaces/msg/detail/turtle_array__type_support.c
[1.262s] -- Up-to-date: /home/gh/ros_ws/install/finalprojectinterfaces/include/finalprojectinterfaces/finalprojectinterfaces/msg/detail/turtle_array__functions.h
[1.262s] -- Up-to-date: /home/gh/ros_ws/install/finalprojectinterfaces/include/finalprojectinterfaces/finalprojectinterfaces/srv
[1.262s] -- Up-to-date: /home/gh/ros_ws/install/finalprojectinterfaces/include/finalprojectinterfaces/finalprojectinterfaces/srv/catch_turtle.h
[1.262s] -- Up-to-date: /home/gh/ros_ws/install/finalprojectinterfaces/include/finalprojectinterfaces/finalprojectinterfaces/srv/detail
[1.263s] -- Up-to-date: /home/gh/ros_ws/install/finalprojectinterfaces/include/finalprojectinterfaces/finalprojectinterfaces/srv/detail/catch_turtle__struct.h
[1.263s] -- Up-to-date: /home/gh/ros_ws/install/finalprojectinterfaces/include/finalprojectinterfaces/finalprojectinterfaces/srv/detail/catch_turtle__functions.c
[1.263s] -- Up-to-date: /home/gh/ros_ws/install/finalprojectinterfaces/include/finalprojectinterfaces/finalprojectinterfaces/srv/detail/catch_turtle__description.c
[1.263s] -- Up-to-date: /home/gh/ros_ws/install/finalprojectinterfaces/include/finalprojectinterfaces/finalprojectinterfaces/srv/detail/catch_turtle__type_support.h
[1.264s] -- Up-to-date: /home/gh/ros_ws/install/finalprojectinterfaces/include/finalprojectinterfaces/finalprojectinterfaces/srv/detail/catch_turtle__type_support.c
[1.264s] -- Up-to-date: /home/gh/ros_ws/install/finalprojectinterfaces/include/finalprojectinterfaces/finalprojectinterfaces/srv/detail/catch_turtle__functions.h
[1.264s] -- Up-to-date: /home/gh/ros_ws/install/finalprojectinterfaces/share/finalprojectinterfaces/environment/library_path.sh
[1.264s] -- Up-to-date: /home/gh/ros_ws/install/finalprojectinterfaces/share/finalprojectinterfaces/environment/library_path.dsv
[1.264s] -- Up-to-date: /home/gh/ros_ws/install/finalprojectinterfaces/lib/libfinalprojectinterfaces__rosidl_generator_c.so
[1.265s] -- Up-to-date: /home/gh/ros_ws/install/finalprojectinterfaces/include/finalprojectinterfaces/finalprojectinterfaces
[1.265s] -- Up-to-date: /home/gh/ros_ws/install/finalprojectinterfaces/include/finalprojectinterfaces/finalprojectinterfaces/msg
[1.265s] -- Up-to-date: /home/gh/ros_ws/install/finalprojectinterfaces/include/finalprojectinterfaces/finalprojectinterfaces/msg/rosidl_typesupport_fastrtps_c__visibility_control.h
[1.265s] -- Up-to-date: /home/gh/ros_ws/install/finalprojectinterfaces/include/finalprojectinterfaces/finalprojectinterfaces/msg/detail
[1.266s] -- Up-to-date: /home/gh/ros_ws/install/finalprojectinterfaces/include/finalprojectinterfaces/finalprojectinterfaces/msg/detail/turtle__rosidl_typesupport_fastrtps_c.h
[1.266s] -- Up-to-date: /home/gh/ros_ws/install/finalprojectinterfaces/include/finalprojectinterfaces/finalprojectinterfaces/msg/detail/turtle_array__rosidl_typesupport_fastrtps_c.h
[1.266s] -- Up-to-date: /home/gh/ros_ws/install/finalprojectinterfaces/include/finalprojectinterfaces/finalprojectinterfaces/srv
[1.266s] -- Up-to-date: /home/gh/ros_ws/install/finalprojectinterfaces/include/finalprojectinterfaces/finalprojectinterfaces/srv/detail
[1.266s] -- Up-to-date: /home/gh/ros_ws/install/finalprojectinterfaces/include/finalprojectinterfaces/finalprojectinterfaces/srv/detail/catch_turtle__rosidl_typesupport_fastrtps_c.h
[1.267s] -- Up-to-date: /home/gh/ros_ws/install/finalprojectinterfaces/lib/libfinalprojectinterfaces__rosidl_typesupport_fastrtps_c.so
[1.267s] -- Up-to-date: /home/gh/ros_ws/install/finalprojectinterfaces/include/finalprojectinterfaces/finalprojectinterfaces
[1.267s] -- Up-to-date: /home/gh/ros_ws/install/finalprojectinterfaces/include/finalprojectinterfaces/finalprojectinterfaces/msg
[1.267s] -- Up-to-date: /home/gh/ros_ws/install/finalprojectinterfaces/include/finalprojectinterfaces/finalprojectinterfaces/msg/rosidl_typesupport_introspection_c__visibility_control.h
[1.268s] -- Up-to-date: /home/gh/ros_ws/install/finalprojectinterfaces/include/finalprojectinterfaces/finalprojectinterfaces/msg/detail
[1.268s] -- Up-to-date: /home/gh/ros_ws/install/finalprojectinterfaces/include/finalprojectinterfaces/finalprojectinterfaces/msg/detail/turtle__type_support.c
[1.268s] -- Up-to-date: /home/gh/ros_ws/install/finalprojectinterfaces/include/finalprojectinterfaces/finalprojectinterfaces/msg/detail/turtle_array__rosidl_typesupport_introspection_c.h
[1.269s] -- Up-to-date: /home/gh/ros_ws/install/finalprojectinterfaces/include/finalprojectinterfaces/finalprojectinterfaces/msg/detail/turtle__rosidl_typesupport_introspection_c.h
[1.269s] -- Up-to-date: /home/gh/ros_ws/install/finalprojectinterfaces/include/finalprojectinterfaces/finalprojectinterfaces/msg/detail/turtle_array__type_support.c
[1.269s] -- Up-to-date: /home/gh/ros_ws/install/finalprojectinterfaces/include/finalprojectinterfaces/finalprojectinterfaces/srv
[1.269s] -- Up-to-date: /home/gh/ros_ws/install/finalprojectinterfaces/include/finalprojectinterfaces/finalprojectinterfaces/srv/detail
[1.269s] -- Up-to-date: /home/gh/ros_ws/install/finalprojectinterfaces/include/finalprojectinterfaces/finalprojectinterfaces/srv/detail/catch_turtle__type_support.c
[1.270s] -- Up-to-date: /home/gh/ros_ws/install/finalprojectinterfaces/include/finalprojectinterfaces/finalprojectinterfaces/srv/detail/catch_turtle__rosidl_typesupport_introspection_c.h
[1.270s] -- Up-to-date: /home/gh/ros_ws/install/finalprojectinterfaces/lib/libfinalprojectinterfaces__rosidl_typesupport_introspection_c.so
[1.270s] -- Up-to-date: /home/gh/ros_ws/install/finalprojectinterfaces/lib/libfinalprojectinterfaces__rosidl_typesupport_c.so
[1.270s] -- Up-to-date: /home/gh/ros_ws/install/finalprojectinterfaces/include/finalprojectinterfaces/finalprojectinterfaces
[1.270s] -- Up-to-date: /home/gh/ros_ws/install/finalprojectinterfaces/include/finalprojectinterfaces/finalprojectinterfaces/msg
[1.271s] -- Up-to-date: /home/gh/ros_ws/install/finalprojectinterfaces/include/finalprojectinterfaces/finalprojectinterfaces/msg/turtle_array.hpp
[1.271s] -- Up-to-date: /home/gh/ros_ws/install/finalprojectinterfaces/include/finalprojectinterfaces/finalprojectinterfaces/msg/turtle.hpp
[1.271s] -- Up-to-date: /home/gh/ros_ws/install/finalprojectinterfaces/include/finalprojectinterfaces/finalprojectinterfaces/msg/rosidl_generator_cpp__visibility_control.hpp
[1.271s] -- Up-to-date: /home/gh/ros_ws/install/finalprojectinterfaces/include/finalprojectinterfaces/finalprojectinterfaces/msg/detail
[1.272s] -- Up-to-date: /home/gh/ros_ws/install/finalprojectinterfaces/include/finalprojectinterfaces/finalprojectinterfaces/msg/detail/turtle__builder.hpp
[1.272s] -- Up-to-date: /home/gh/ros_ws/install/finalprojectinterfaces/include/finalprojectinterfaces/finalprojectinterfaces/msg/detail/turtle_array__traits.hpp
[1.272s] -- Up-to-date: /home/gh/ros_ws/install/finalprojectinterfaces/include/finalprojectinterfaces/finalprojectinterfaces/msg/detail/turtle__struct.hpp
[1.272s] -- Up-to-date: /home/gh/ros_ws/install/finalprojectinterfaces/include/finalprojectinterfaces/finalprojectinterfaces/msg/detail/turtle__traits.hpp
[1.273s] -- Up-to-date: /home/gh/ros_ws/install/finalprojectinterfaces/include/finalprojectinterfaces/finalprojectinterfaces/msg/detail/turtle_array__builder.hpp
[1.273s] -- Up-to-date: /home/gh/ros_ws/install/finalprojectinterfaces/include/finalprojectinterfaces/finalprojectinterfaces/msg/detail/turtle_array__type_support.hpp
[1.273s] -- Up-to-date: /home/gh/ros_ws/install/finalprojectinterfaces/include/finalprojectinterfaces/finalprojectinterfaces/msg/detail/turtle__type_support.hpp
[1.273s] -- Up-to-date: /home/gh/ros_ws/install/finalprojectinterfaces/include/finalprojectinterfaces/finalprojectinterfaces/msg/detail/turtle_array__struct.hpp
[1.274s] -- Up-to-date: /home/gh/ros_ws/install/finalprojectinterfaces/include/finalprojectinterfaces/finalprojectinterfaces/srv
[1.274s] -- Up-to-date: /home/gh/ros_ws/install/finalprojectinterfaces/include/finalprojectinterfaces/finalprojectinterfaces/srv/catch_turtle.hpp
[1.274s] -- Up-to-date: /home/gh/ros_ws/install/finalprojectinterfaces/include/finalprojectinterfaces/finalprojectinterfaces/srv/detail
[1.274s] -- Up-to-date: /home/gh/ros_ws/install/finalprojectinterfaces/include/finalprojectinterfaces/finalprojectinterfaces/srv/detail/catch_turtle__traits.hpp
[1.274s] -- Up-to-date: /home/gh/ros_ws/install/finalprojectinterfaces/include/finalprojectinterfaces/finalprojectinterfaces/srv/detail/catch_turtle__struct.hpp
[1.275s] -- Up-to-date: /home/gh/ros_ws/install/finalprojectinterfaces/include/finalprojectinterfaces/finalprojectinterfaces/srv/detail/catch_turtle__builder.hpp
[1.275s] -- Up-to-date: /home/gh/ros_ws/install/finalprojectinterfaces/include/finalprojectinterfaces/finalprojectinterfaces/srv/detail/catch_turtle__type_support.hpp
[1.275s] -- Up-to-date: /home/gh/ros_ws/install/finalprojectinterfaces/include/finalprojectinterfaces/finalprojectinterfaces
[1.275s] -- Up-to-date: /home/gh/ros_ws/install/finalprojectinterfaces/include/finalprojectinterfaces/finalprojectinterfaces/msg
[1.275s] -- Up-to-date: /home/gh/ros_ws/install/finalprojectinterfaces/include/finalprojectinterfaces/finalprojectinterfaces/msg/rosidl_typesupport_fastrtps_cpp__visibility_control.h
[1.276s] -- Up-to-date: /home/gh/ros_ws/install/finalprojectinterfaces/include/finalprojectinterfaces/finalprojectinterfaces/msg/detail
[1.276s] -- Up-to-date: /home/gh/ros_ws/install/finalprojectinterfaces/include/finalprojectinterfaces/finalprojectinterfaces/msg/detail/turtle_array__rosidl_typesupport_fastrtps_cpp.hpp
[1.276s] -- Up-to-date: /home/gh/ros_ws/install/finalprojectinterfaces/include/finalprojectinterfaces/finalprojectinterfaces/msg/detail/turtle__rosidl_typesupport_fastrtps_cpp.hpp
[1.276s] -- Up-to-date: /home/gh/ros_ws/install/finalprojectinterfaces/include/finalprojectinterfaces/finalprojectinterfaces/msg/detail/dds_fastrtps
[1.276s] -- Up-to-date: /home/gh/ros_ws/install/finalprojectinterfaces/include/finalprojectinterfaces/finalprojectinterfaces/srv
[1.277s] -- Up-to-date: /home/gh/ros_ws/install/finalprojectinterfaces/include/finalprojectinterfaces/finalprojectinterfaces/srv/detail
[1.277s] -- Up-to-date: /home/gh/ros_ws/install/finalprojectinterfaces/include/finalprojectinterfaces/finalprojectinterfaces/srv/detail/dds_fastrtps
[1.277s] -- Up-to-date: /home/gh/ros_ws/install/finalprojectinterfaces/include/finalprojectinterfaces/finalprojectinterfaces/srv/detail/catch_turtle__rosidl_typesupport_fastrtps_cpp.hpp
[1.277s] -- Up-to-date: /home/gh/ros_ws/install/finalprojectinterfaces/lib/libfinalprojectinterfaces__rosidl_typesupport_fastrtps_cpp.so
[1.277s] -- Up-to-date: /home/gh/ros_ws/install/finalprojectinterfaces/include/finalprojectinterfaces/finalprojectinterfaces
[1.278s] -- Up-to-date: /home/gh/ros_ws/install/finalprojectinterfaces/include/finalprojectinterfaces/finalprojectinterfaces/msg
[1.278s] -- Up-to-date: /home/gh/ros_ws/install/finalprojectinterfaces/include/finalprojectinterfaces/finalprojectinterfaces/msg/detail
[1.278s] -- Up-to-date: /home/gh/ros_ws/install/finalprojectinterfaces/include/finalprojectinterfaces/finalprojectinterfaces/msg/detail/turtle_array__type_support.cpp
[1.278s] -- Up-to-date: /home/gh/ros_ws/install/finalprojectinterfaces/include/finalprojectinterfaces/finalprojectinterfaces/msg/detail/turtle__type_support.cpp
[1.278s] -- Up-to-date: /home/gh/ros_ws/install/finalprojectinterfaces/include/finalprojectinterfaces/finalprojectinterfaces/msg/detail/turtle_array__rosidl_typesupport_introspection_cpp.hpp
[1.279s] -- Up-to-date: /home/gh/ros_ws/install/finalprojectinterfaces/include/finalprojectinterfaces/finalprojectinterfaces/msg/detail/turtle__rosidl_typesupport_introspection_cpp.hpp
[1.279s] -- Up-to-date: /home/gh/ros_ws/install/finalprojectinterfaces/include/finalprojectinterfaces/finalprojectinterfaces/srv
[1.279s] -- Up-to-date: /home/gh/ros_ws/install/finalprojectinterfaces/include/finalprojectinterfaces/finalprojectinterfaces/srv/detail
[1.279s] -- Up-to-date: /home/gh/ros_ws/install/finalprojectinterfaces/include/finalprojectinterfaces/finalprojectinterfaces/srv/detail/catch_turtle__type_support.cpp
[1.279s] -- Up-to-date: /home/gh/ros_ws/install/finalprojectinterfaces/include/finalprojectinterfaces/finalprojectinterfaces/srv/detail/catch_turtle__rosidl_typesupport_introspection_cpp.hpp
[1.279s] -- Up-to-date: /home/gh/ros_ws/install/finalprojectinterfaces/lib/libfinalprojectinterfaces__rosidl_typesupport_introspection_cpp.so
[1.280s] -- Up-to-date: /home/gh/ros_ws/install/finalprojectinterfaces/lib/libfinalprojectinterfaces__rosidl_typesupport_cpp.so
[1.280s] -- Up-to-date: /home/gh/ros_ws/install/finalprojectinterfaces/share/finalprojectinterfaces/environment/pythonpath.sh
[1.280s] -- Up-to-date: /home/gh/ros_ws/install/finalprojectinterfaces/share/finalprojectinterfaces/environment/pythonpath.dsv
[1.280s] -- Up-to-date: /home/gh/ros_ws/install/finalprojectinterfaces/lib/python3.12/site-packages/finalprojectinterfaces-0.0.0-py3.12.egg-info
[1.280s] -- Installing: /home/gh/ros_ws/install/finalprojectinterfaces/lib/python3.12/site-packages/finalprojectinterfaces-0.0.0-py3.12.egg-info/top_level.txt
[1.281s] -- Installing: /home/gh/ros_ws/install/finalprojectinterfaces/lib/python3.12/site-packages/finalprojectinterfaces-0.0.0-py3.12.egg-info/SOURCES.txt
[1.281s] -- Installing: /home/gh/ros_ws/install/finalprojectinterfaces/lib/python3.12/site-packages/finalprojectinterfaces-0.0.0-py3.12.egg-info/PKG-INFO
[1.281s] -- Installing: /home/gh/ros_ws/install/finalprojectinterfaces/lib/python3.12/site-packages/finalprojectinterfaces-0.0.0-py3.12.egg-info/dependency_links.txt
[1.281s] -- Up-to-date: /home/gh/ros_ws/install/finalprojectinterfaces/lib/python3.12/site-packages/finalprojectinterfaces
[1.281s] -- Up-to-date: /home/gh/ros_ws/install/finalprojectinterfaces/lib/python3.12/site-packages/finalprojectinterfaces/msg
[1.282s] -- Up-to-date: /home/gh/ros_ws/install/finalprojectinterfaces/lib/python3.12/site-packages/finalprojectinterfaces/msg/__init__.py
[1.282s] -- Up-to-date: /home/gh/ros_ws/install/finalprojectinterfaces/lib/python3.12/site-packages/finalprojectinterfaces/msg/_turtle.py
[1.282s] -- Up-to-date: /home/gh/ros_ws/install/finalprojectinterfaces/lib/python3.12/site-packages/finalprojectinterfaces/msg/_turtle_array_s.c
[1.282s] -- Up-to-date: /home/gh/ros_ws/install/finalprojectinterfaces/lib/python3.12/site-packages/finalprojectinterfaces/msg/_turtle_array.py
[1.282s] -- Up-to-date: /home/gh/ros_ws/install/finalprojectinterfaces/lib/python3.12/site-packages/finalprojectinterfaces/msg/_turtle_s.c
[1.283s] -- Up-to-date: /home/gh/ros_ws/install/finalprojectinterfaces/lib/python3.12/site-packages/finalprojectinterfaces/__init__.py
[1.283s] -- Up-to-date: /home/gh/ros_ws/install/finalprojectinterfaces/lib/python3.12/site-packages/finalprojectinterfaces/_finalprojectinterfaces_s.ep.rosidl_typesupport_c.c
[1.283s] -- Up-to-date: /home/gh/ros_ws/install/finalprojectinterfaces/lib/python3.12/site-packages/finalprojectinterfaces/finalprojectinterfaces_s__rosidl_typesupport_introspection_c.so
[1.283s] -- Up-to-date: /home/gh/ros_ws/install/finalprojectinterfaces/lib/python3.12/site-packages/finalprojectinterfaces/_finalprojectinterfaces_s.ep.rosidl_typesupport_fastrtps_c.c
[1.283s] -- Up-to-date: /home/gh/ros_ws/install/finalprojectinterfaces/lib/python3.12/site-packages/finalprojectinterfaces/_finalprojectinterfaces_s.ep.rosidl_typesupport_introspection_c.c
[1.283s] -- Up-to-date: /home/gh/ros_ws/install/finalprojectinterfaces/lib/python3.12/site-packages/finalprojectinterfaces/finalprojectinterfaces_s__rosidl_typesupport_fastrtps_c.so
[1.284s] -- Up-to-date: /home/gh/ros_ws/install/finalprojectinterfaces/lib/python3.12/site-packages/finalprojectinterfaces/srv
[1.284s] -- Up-to-date: /home/gh/ros_ws/install/finalprojectinterfaces/lib/python3.12/site-packages/finalprojectinterfaces/srv/__init__.py
[1.284s] -- Up-to-date: /home/gh/ros_ws/install/finalprojectinterfaces/lib/python3.12/site-packages/finalprojectinterfaces/srv/_catch_turtle.py
[1.284s] -- Up-to-date: /home/gh/ros_ws/install/finalprojectinterfaces/lib/python3.12/site-packages/finalprojectinterfaces/srv/_catch_turtle_s.c
[1.284s] -- Up-to-date: /home/gh/ros_ws/install/finalprojectinterfaces/lib/python3.12/site-packages/finalprojectinterfaces/finalprojectinterfaces_s__rosidl_typesupport_c.so
[1.368s] Listing '/home/gh/ros_ws/install/finalprojectinterfaces/lib/python3.12/site-packages/finalprojectinterfaces'...
[1.368s] Listing '/home/gh/ros_ws/install/finalprojectinterfaces/lib/python3.12/site-packages/finalprojectinterfaces/msg'...
[1.369s] Listing '/home/gh/ros_ws/install/finalprojectinterfaces/lib/python3.12/site-packages/finalprojectinterfaces/srv'...
[1.396s] -- Up-to-date: /home/gh/ros_ws/install/finalprojectinterfaces/lib/python3.12/site-packages/finalprojectinterfaces/finalprojectinterfaces_s__rosidl_typesupport_fastrtps_c.so
[1.397s] -- Up-to-date: /home/gh/ros_ws/install/finalprojectinterfaces/lib/python3.12/site-packages/finalprojectinterfaces/finalprojectinterfaces_s__rosidl_typesupport_introspection_c.so
[1.399s] -- Up-to-date: /home/gh/ros_ws/install/finalprojectinterfaces/lib/python3.12/site-packages/finalprojectinterfaces/finalprojectinterfaces_s__rosidl_typesupport_c.so
[1.403s] -- Up-to-date: /home/gh/ros_ws/install/finalprojectinterfaces/lib/libfinalprojectinterfaces__rosidl_generator_py.so
[1.406s] -- Up-to-date: /home/gh/ros_ws/install/finalprojectinterfaces/share/finalprojectinterfaces/msg/TurtleArray.idl
[1.410s] -- Up-to-date: /home/gh/ros_ws/install/finalprojectinterfaces/share/finalprojectinterfaces/msg/Turtle.idl
[1.410s] -- Up-to-date: /home/gh/ros_ws/install/finalprojectinterfaces/share/finalprojectinterfaces/srv/CatchTurtle.idl
[1.410s] -- Up-to-date: /home/gh/ros_ws/install/finalprojectinterfaces/share/finalprojectinterfaces/msg/TurtleArray.msg
[1.411s] -- Up-to-date: /home/gh/ros_ws/install/finalprojectinterfaces/share/finalprojectinterfaces/msg/Turtle.msg
[1.412s] -- Up-to-date: /home/gh/ros_ws/install/finalprojectinterfaces/share/finalprojectinterfaces/srv/CatchTurtle.srv
[1.412s] -- Up-to-date: /home/gh/ros_ws/install/finalprojectinterfaces/share/ament_index/resource_index/package_run_dependencies/finalprojectinterfaces
[1.412s] -- Up-to-date: /home/gh/ros_ws/install/finalprojectinterfaces/share/ament_index/resource_index/parent_prefix_path/finalprojectinterfaces
[1.415s] -- Up-to-date: /home/gh/ros_ws/install/finalprojectinterfaces/share/finalprojectinterfaces/environment/ament_prefix_path.sh
[1.415s] -- Up-to-date: /home/gh/ros_ws/install/finalprojectinterfaces/share/finalprojectinterfaces/environment/ament_prefix_path.dsv
[1.416s] -- Up-to-date: /home/gh/ros_ws/install/finalprojectinterfaces/share/finalprojectinterfaces/environment/path.sh
[1.416s] -- Up-to-date: /home/gh/ros_ws/install/finalprojectinterfaces/share/finalprojectinterfaces/environment/path.dsv
[1.416s] -- Up-to-date: /home/gh/ros_ws/install/finalprojectinterfaces/share/finalprojectinterfaces/local_setup.bash
[1.427s] -- Up-to-date: /home/gh/ros_ws/install/finalprojectinterfaces/share/finalprojectinterfaces/local_setup.sh
[1.427s] -- Up-to-date: /home/gh/ros_ws/install/finalprojectinterfaces/share/finalprojectinterfaces/local_setup.zsh
[1.427s] -- Up-to-date: /home/gh/ros_ws/install/finalprojectinterfaces/share/finalprojectinterfaces/local_setup.dsv
[1.428s] -- Installing: /home/gh/ros_ws/install/finalprojectinterfaces/share/finalprojectinterfaces/package.dsv
[1.428s] -- Up-to-date: /home/gh/ros_ws/install/finalprojectinterfaces/share/ament_index/resource_index/packages/finalprojectinterfaces
[1.428s] -- Up-to-date: /home/gh/ros_ws/install/finalprojectinterfaces/share/finalprojectinterfaces/cmake/export_finalprojectinterfaces__rosidl_generator_cExport.cmake
[1.429s] -- Up-to-date: /home/gh/ros_ws/install/finalprojectinterfaces/share/finalprojectinterfaces/cmake/export_finalprojectinterfaces__rosidl_generator_cExport-noconfig.cmake
[1.433s] -- Up-to-date: /home/gh/ros_ws/install/finalprojectinterfaces/share/finalprojectinterfaces/cmake/export_finalprojectinterfaces__rosidl_typesupport_fastrtps_cExport.cmake
[1.434s] -- Up-to-date: /home/gh/ros_ws/install/finalprojectinterfaces/share/finalprojectinterfaces/cmake/export_finalprojectinterfaces__rosidl_typesupport_fastrtps_cExport-noconfig.cmake
[1.434s] -- Up-to-date: /home/gh/ros_ws/install/finalprojectinterfaces/share/finalprojectinterfaces/cmake/finalprojectinterfaces__rosidl_typesupport_introspection_cExport.cmake
[1.435s] -- Up-to-date: /home/gh/ros_ws/install/finalprojectinterfaces/share/finalprojectinterfaces/cmake/finalprojectinterfaces__rosidl_typesupport_introspection_cExport-noconfig.cmake
[1.435s] -- Up-to-date: /home/gh/ros_ws/install/finalprojectinterfaces/share/finalprojectinterfaces/cmake/finalprojectinterfaces__rosidl_typesupport_cExport.cmake
[1.435s] -- Up-to-date: /home/gh/ros_ws/install/finalprojectinterfaces/share/finalprojectinterfaces/cmake/finalprojectinterfaces__rosidl_typesupport_cExport-noconfig.cmake
[1.435s] -- Up-to-date: /home/gh/ros_ws/install/finalprojectinterfaces/share/finalprojectinterfaces/cmake/export_finalprojectinterfaces__rosidl_generator_cppExport.cmake
[1.435s] -- Up-to-date: /home/gh/ros_ws/install/finalprojectinterfaces/share/finalprojectinterfaces/cmake/export_finalprojectinterfaces__rosidl_typesupport_fastrtps_cppExport.cmake
[1.436s] -- Up-to-date: /home/gh/ros_ws/install/finalprojectinterfaces/share/finalprojectinterfaces/cmake/export_finalprojectinterfaces__rosidl_typesupport_fastrtps_cppExport-noconfig.cmake
[1.436s] -- Up-to-date: /home/gh/ros_ws/install/finalprojectinterfaces/share/finalprojectinterfaces/cmake/finalprojectinterfaces__rosidl_typesupport_introspection_cppExport.cmake
[1.436s] -- Up-to-date: /home/gh/ros_ws/install/finalprojectinterfaces/share/finalprojectinterfaces/cmake/finalprojectinterfaces__rosidl_typesupport_introspection_cppExport-noconfig.cmake
[1.436s] -- Up-to-date: /home/gh/ros_ws/install/finalprojectinterfaces/share/finalprojectinterfaces/cmake/finalprojectinterfaces__rosidl_typesupport_cppExport.cmake
[1.436s] -- Up-to-date: /home/gh/ros_ws/install/finalprojectinterfaces/share/finalprojectinterfaces/cmake/finalprojectinterfaces__rosidl_typesupport_cppExport-noconfig.cmake
[1.437s] -- Up-to-date: /home/gh/ros_ws/install/finalprojectinterfaces/share/finalprojectinterfaces/cmake/export_finalprojectinterfaces__rosidl_generator_pyExport.cmake
[1.445s] -- Up-to-date: /home/gh/ros_ws/install/finalprojectinterfaces/share/finalprojectinterfaces/cmake/export_finalprojectinterfaces__rosidl_generator_pyExport-noconfig.cmake
[1.445s] -- Up-to-date: /home/gh/ros_ws/install/finalprojectinterfaces/share/finalprojectinterfaces/cmake/rosidl_cmake-extras.cmake
[1.445s] -- Up-to-date: /home/gh/ros_ws/install/finalprojectinterfaces/share/finalprojectinterfaces/cmake/ament_cmake_export_dependencies-extras.cmake
[1.446s] -- Up-to-date: /home/gh/ros_ws/install/finalprojectinterfaces/share/finalprojectinterfaces/cmake/ament_cmake_export_include_directories-extras.cmake
[1.446s] -- Up-to-date: /home/gh/ros_ws/install/finalprojectinterfaces/share/finalprojectinterfaces/cmake/ament_cmake_export_libraries-extras.cmake
[1.446s] -- Up-to-date: /home/gh/ros_ws/install/finalprojectinterfaces/share/finalprojectinterfaces/cmake/ament_cmake_export_targets-extras.cmake
[1.446s] -- Up-to-date: /home/gh/ros_ws/install/finalprojectinterfaces/share/finalprojectinterfaces/cmake/rosidl_cmake_export_typesupport_targets-extras.cmake
[1.448s] -- Up-to-date: /home/gh/ros_ws/install/finalprojectinterfaces/share/finalprojectinterfaces/cmake/rosidl_cmake_export_typesupport_libraries-extras.cmake
[1.448s] -- Up-to-date: /home/gh/ros_ws/install/finalprojectinterfaces/share/finalprojectinterfaces/cmake/finalprojectinterfacesConfig.cmake
[1.449s] -- Up-to-date: /home/gh/ros_ws/install/finalprojectinterfaces/share/finalprojectinterfaces/cmake/finalprojectinterfacesConfig-version.cmake
[1.449s] -- Up-to-date: /home/gh/ros_ws/install/finalprojectinterfaces/share/finalprojectinterfaces/package.xml
[1.770s] Invoked command in '/home/gh/ros_ws/build/finalprojectinterfaces' returned '0': CMAKE_PREFIX_PATH=${CMAKE_PREFIX_PATH}:/home/gh/ros_ws/install/pypkg:/home/gh/ros_ws/install/my_py_pkg:/opt/ros/jazzy DEBUGINFOD_URLS=https://debuginfod.ubuntu.com /usr/bin/cmake --install /home/gh/ros_ws/build/finalprojectinterfaces
