running egg_info
creating ../../build/pypkg/pypkg.egg-info
writing ../../build/pypkg/pypkg.egg-info/PKG-INFO
writing dependency_links to ../../build/pypkg/pypkg.egg-info/dependency_links.txt
writing requirements to ../../build/pypkg/pypkg.egg-info/requires.txt
writing top-level names to ../../build/pypkg/pypkg.egg-info/top_level.txt
writing manifest file '../../build/pypkg/pypkg.egg-info/SOURCES.txt'
reading manifest file '../../build/pypkg/pypkg.egg-info/SOURCES.txt'
writing manifest file '../../build/pypkg/pypkg.egg-info/SOURCES.txt'
running build
running build_py
creating /home/gh/ros_ws/build/pypkg/build
creating /home/gh/ros_ws/build/pypkg/build/lib
creating /home/gh/ros_ws/build/pypkg/build/lib/pypkg
copying pypkg/__init__.py -> /home/gh/ros_ws/build/pypkg/build/lib/pypkg
running install
running install_lib
creating /home/gh/ros_ws/install/pypkg/lib/python3.12/site-packages/pypkg
copying /home/gh/ros_ws/build/pypkg/build/lib/pypkg/__init__.py -> /home/gh/ros_ws/install/pypkg/lib/python3.12/site-packages/pypkg
byte-compiling /home/gh/ros_ws/install/pypkg/lib/python3.12/site-packages/pypkg/__init__.py to __init__.cpython-312.pyc
running install_data
creating /home/gh/ros_ws/install/pypkg/share/ament_index
creating /home/gh/ros_ws/install/pypkg/share/ament_index/resource_index
creating /home/gh/ros_ws/install/pypkg/share/ament_index/resource_index/packages
copying resource/pypkg -> /home/gh/ros_ws/install/pypkg/share/ament_index/resource_index/packages
copying package.xml -> /home/gh/ros_ws/install/pypkg/share/pypkg
running install_egg_info
Copying ../../build/pypkg/pypkg.egg-info to /home/gh/ros_ws/install/pypkg/lib/python3.12/site-packages/pypkg-0.0.0-py3.12.egg-info
running install_scripts
writing list of installed files to '/home/gh/ros_ws/build/pypkg/install.log'
