[0.011s] Invoking command in '/home/gh/ros_ws/build/finalProjectLauncher': AMENT_PREFIX_PATH=/home/gh/ros_ws/install/finalproject:${AMENT_PREFIX_PATH} CMAKE_PREFIX_PATH=/home/gh/ros_ws/install/finalproject:/home/gh/ros_ws/install/my_robot_bringup:/home/gh/ros_ws/install/my_cpp_pkg:/home/gh/ros_ws/install/my_robot_interfaces:/home/gh/ros_ws/install/cpppkg:/opt/ros/jazzy/opt/gz_math_vendor:/opt/ros/jazzy/opt/gz_utils_vendor:/opt/ros/jazzy/opt/gz_cmake_vendor:/home/gh/ros_ws/install/pypkg:/home/gh/ros_ws/install/my_py_pkg:/opt/ros/jazzy DEBUGINFOD_URLS=https://debuginfod.ubuntu.com /usr/bin/cmake /home/gh/ros_ws/src/finalProjectLauncher -DCMAKE_INSTALL_PREFIX=/home/gh/ros_ws/install/finalProjectLauncher
[0.087s] -- The C compiler identification is GNU 13.3.0
[0.164s] -- The CXX compiler identification is GNU 13.3.0
[0.183s] -- Detecting C compiler ABI info
[0.301s] -- Detecting C compiler ABI info - done
[0.315s] -- Check for working C compiler: /usr/bin/cc - skipped
[0.315s] -- Detecting C compile features
[0.316s] -- Detecting C compile features - done
[0.329s] -- Detecting CXX compiler ABI info
[0.459s] -- Detecting CXX compiler ABI info - done
[0.472s] -- Check for working CXX compiler: /usr/bin/c++ - skipped
[0.473s] -- Detecting CXX compile features
[0.473s] -- Detecting CXX compile features - done
[0.478s] -- Found ament_cmake: 2.5.3 (/opt/ros/jazzy/share/ament_cmake/cmake)
[0.674s] -- Found Python3: /usr/bin/python3 (found version "3.12.3") found components: Interpreter 
[0.921s] WARNING: Package name "finalProjectLauncher" does not follow the naming conventions. It should start with a lower case letter and only contain lower case letters, digits, underscores, and dashes.
[0.944s] -- Configuring done (0.9s)
[0.948s] -- Generating done (0.0s)
[0.950s] -- Build files have been written to: /home/gh/ros_ws/build/finalProjectLauncher
[0.958s] Invoked command in '/home/gh/ros_ws/build/finalProjectLauncher' returned '0': AMENT_PREFIX_PATH=/home/gh/ros_ws/install/finalproject:${AMENT_PREFIX_PATH} CMAKE_PREFIX_PATH=/home/gh/ros_ws/install/finalproject:/home/gh/ros_ws/install/my_robot_bringup:/home/gh/ros_ws/install/my_cpp_pkg:/home/gh/ros_ws/install/my_robot_interfaces:/home/gh/ros_ws/install/cpppkg:/opt/ros/jazzy/opt/gz_math_vendor:/opt/ros/jazzy/opt/gz_utils_vendor:/opt/ros/jazzy/opt/gz_cmake_vendor:/home/gh/ros_ws/install/pypkg:/home/gh/ros_ws/install/my_py_pkg:/opt/ros/jazzy DEBUGINFOD_URLS=https://debuginfod.ubuntu.com /usr/bin/cmake /home/gh/ros_ws/src/finalProjectLauncher -DCMAKE_INSTALL_PREFIX=/home/gh/ros_ws/install/finalProjectLauncher
[0.959s] Invoking command in '/home/gh/ros_ws/build/finalProjectLauncher': AMENT_PREFIX_PATH=/home/gh/ros_ws/install/finalproject:${AMENT_PREFIX_PATH} CMAKE_PREFIX_PATH=/home/gh/ros_ws/install/finalproject:/home/gh/ros_ws/install/my_robot_bringup:/home/gh/ros_ws/install/my_cpp_pkg:/home/gh/ros_ws/install/my_robot_interfaces:/home/gh/ros_ws/install/cpppkg:/opt/ros/jazzy/opt/gz_math_vendor:/opt/ros/jazzy/opt/gz_utils_vendor:/opt/ros/jazzy/opt/gz_cmake_vendor:/home/gh/ros_ws/install/pypkg:/home/gh/ros_ws/install/my_py_pkg:/opt/ros/jazzy DEBUGINFOD_URLS=https://debuginfod.ubuntu.com /usr/bin/cmake --build /home/gh/ros_ws/build/finalProjectLauncher -- -j8 -l8
[1.015s] Invoked command in '/home/gh/ros_ws/build/finalProjectLauncher' returned '0': AMENT_PREFIX_PATH=/home/gh/ros_ws/install/finalproject:${AMENT_PREFIX_PATH} CMAKE_PREFIX_PATH=/home/gh/ros_ws/install/finalproject:/home/gh/ros_ws/install/my_robot_bringup:/home/gh/ros_ws/install/my_cpp_pkg:/home/gh/ros_ws/install/my_robot_interfaces:/home/gh/ros_ws/install/cpppkg:/opt/ros/jazzy/opt/gz_math_vendor:/opt/ros/jazzy/opt/gz_utils_vendor:/opt/ros/jazzy/opt/gz_cmake_vendor:/home/gh/ros_ws/install/pypkg:/home/gh/ros_ws/install/my_py_pkg:/opt/ros/jazzy DEBUGINFOD_URLS=https://debuginfod.ubuntu.com /usr/bin/cmake --build /home/gh/ros_ws/build/finalProjectLauncher -- -j8 -l8
[1.016s] Invoking command in '/home/gh/ros_ws/build/finalProjectLauncher': AMENT_PREFIX_PATH=/home/gh/ros_ws/install/finalproject:${AMENT_PREFIX_PATH} CMAKE_PREFIX_PATH=/home/gh/ros_ws/install/finalproject:/home/gh/ros_ws/install/my_robot_bringup:/home/gh/ros_ws/install/my_cpp_pkg:/home/gh/ros_ws/install/my_robot_interfaces:/home/gh/ros_ws/install/cpppkg:/opt/ros/jazzy/opt/gz_math_vendor:/opt/ros/jazzy/opt/gz_utils_vendor:/opt/ros/jazzy/opt/gz_cmake_vendor:/home/gh/ros_ws/install/pypkg:/home/gh/ros_ws/install/my_py_pkg:/opt/ros/jazzy DEBUGINFOD_URLS=https://debuginfod.ubuntu.com /usr/bin/cmake --install /home/gh/ros_ws/build/finalProjectLauncher
[1.027s] -- Install configuration: ""
[1.027s] -- Installing: /home/gh/ros_ws/install/finalProjectLauncher/share/finalProjectLauncher//launch
[1.027s] -- Installing: /home/gh/ros_ws/install/finalProjectLauncher/share/finalProjectLauncher//launch/finalProject.launch.xml
[1.028s] -- Installing: /home/gh/ros_ws/install/finalProjectLauncher/share/ament_index/resource_index/package_run_dependencies/finalProjectLauncher
[1.028s] -- Installing: /home/gh/ros_ws/install/finalProjectLauncher/share/ament_index/resource_index/parent_prefix_path/finalProjectLauncher
[1.028s] -- Installing: /home/gh/ros_ws/install/finalProjectLauncher/share/finalProjectLauncher/environment/ament_prefix_path.sh
[1.028s] -- Installing: /home/gh/ros_ws/install/finalProjectLauncher/share/finalProjectLauncher/environment/ament_prefix_path.dsv
[1.029s] -- Installing: /home/gh/ros_ws/install/finalProjectLauncher/share/finalProjectLauncher/environment/path.sh
[1.029s] -- Installing: /home/gh/ros_ws/install/finalProjectLauncher/share/finalProjectLauncher/environment/path.dsv
[1.029s] -- Installing: /home/gh/ros_ws/install/finalProjectLauncher/share/finalProjectLauncher/local_setup.bash
[1.030s] -- Installing: /home/gh/ros_ws/install/finalProjectLauncher/share/finalProjectLauncher/local_setup.sh
[1.030s] -- Installing: /home/gh/ros_ws/install/finalProjectLauncher/share/finalProjectLauncher/local_setup.zsh
[1.030s] -- Installing: /home/gh/ros_ws/install/finalProjectLauncher/share/finalProjectLauncher/local_setup.dsv
[1.030s] -- Installing: /home/gh/ros_ws/install/finalProjectLauncher/share/finalProjectLauncher/package.dsv
[1.031s] -- Installing: /home/gh/ros_ws/install/finalProjectLauncher/share/ament_index/resource_index/packages/finalProjectLauncher
[1.031s] -- Installing: /home/gh/ros_ws/install/finalProjectLauncher/share/finalProjectLauncher/cmake/finalProjectLauncherConfig.cmake
[1.031s] -- Installing: /home/gh/ros_ws/install/finalProjectLauncher/share/finalProjectLauncher/cmake/finalProjectLauncherConfig-version.cmake
[1.032s] -- Installing: /home/gh/ros_ws/install/finalProjectLauncher/share/finalProjectLauncher/package.xml
[1.035s] Invoked command in '/home/gh/ros_ws/build/finalProjectLauncher' returned '0': AMENT_PREFIX_PATH=/home/gh/ros_ws/install/finalproject:${AMENT_PREFIX_PATH} CMAKE_PREFIX_PATH=/home/gh/ros_ws/install/finalproject:/home/gh/ros_ws/install/my_robot_bringup:/home/gh/ros_ws/install/my_cpp_pkg:/home/gh/ros_ws/install/my_robot_interfaces:/home/gh/ros_ws/install/cpppkg:/opt/ros/jazzy/opt/gz_math_vendor:/opt/ros/jazzy/opt/gz_utils_vendor:/opt/ros/jazzy/opt/gz_cmake_vendor:/home/gh/ros_ws/install/pypkg:/home/gh/ros_ws/install/my_py_pkg:/opt/ros/jazzy DEBUGINFOD_URLS=https://debuginfod.ubuntu.com /usr/bin/cmake --install /home/gh/ros_ws/build/finalProjectLauncher
