-- The C compiler identification is GNU 13.3.0
-- The CXX compiler identification is GNU 13.3.0
-- Detecting C compiler ABI info
-- Detecting C compiler ABI info - done
-- Check for working C compiler: /usr/bin/cc - skipped
-- Detecting C compile features
-- Detecting C compile features - done
-- Detecting CXX compiler ABI info
-- Detecting CXX compiler ABI info - done
-- Check for working CXX compiler: /usr/bin/c++ - skipped
-- Detecting CXX compile features
-- Detecting CXX compile features - done
-- Found ament_cmake: 2.5.3 (/opt/ros/jazzy/share/ament_cmake/cmake)
-- Found Python3: /usr/bin/python3 (found version "3.12.3") found components: Interpreter 
-- Found rclcpp: 28.1.8 (/opt/ros/jazzy/share/rclcpp/cmake)
-- Found rosidl_generator_c: 4.6.5 (/opt/ros/jazzy/share/rosidl_generator_c/cmake)
-- Found rosidl_generator_cpp: 4.6.5 (/opt/ros/jazzy/share/rosidl_generator_cpp/cmake)
-- Using all available rosidl_typesupport_c: rosidl_typesupport_fastrtps_c;rosidl_typesupport_introspection_c
-- Using all available rosidl_typesupport_cpp: rosidl_typesupport_fastrtps_cpp;rosidl_typesupport_introspection_cpp
-- Found rmw_implementation_cmake: 7.3.2 (/opt/ros/jazzy/share/rmw_implementation_cmake/cmake)
-- Found rmw_fastrtps_cpp: 8.4.2 (/opt/ros/jazzy/share/rmw_fastrtps_cpp/cmake)
-- Found OpenSSL: /usr/lib/x86_64-linux-gnu/libcrypto.so (found version "3.0.13")  
-- Found FastRTPS: /opt/ros/jazzy/include (Required is at least version "2.13") 
-- Using RMW implementation 'rmw_fastrtps_cpp' as default
-- Found example_interfaces: 0.12.0 (/opt/ros/jazzy/share/example_interfaces/cmake)
-- Found my_robot_interfaces: 0.0.0 (/home/gh/ros_ws/install/my_robot_interfaces/share/my_robot_interfaces/cmake)
-- Configuring done (1.9s)
-- Generating done (0.1s)
-- Build files have been written to: /home/gh/ros_ws/build/my_cpp_pkg
[  4%] [32mBuilding CXX object CMakeFiles/add_two_ints_server.dir/src/add_two_ints_server.cpp.o[0m
[  9%] [32mBuilding CXX object CMakeFiles/smartphone.dir/src/smartphone.cpp.o[0m
[ 13%] [32mBuilding CXX object CMakeFiles/number_publisher.dir/src/number_publisher.cpp.o[0m
[ 18%] [32mBuilding CXX object CMakeFiles/cpp_node.dir/src/my_first_node.cpp.o[0m
[ 22%] [32mBuilding CXX object CMakeFiles/number_counter.dir/src/number_counter.cpp.o[0m
[ 27%] [32mBuilding CXX object CMakeFiles/robot_news_station.dir/src/robot_news_station.cpp.o[0m
[ 31%] [32mBuilding CXX object CMakeFiles/add_two_ints_client.dir/src/add_two_ints_client.cpp.o[0m
[ 36%] [32mBuilding CXX object CMakeFiles/add_two_ints_client_no_oop.dir/src/add_two_ints_client_no_oop.cpp.o[0m
[ 40%] [32m[1mLinking CXX executable add_two_ints_client[0m
[ 45%] [32m[1mLinking CXX executable cpp_node[0m
[ 50%] [32m[1mLinking CXX executable add_two_ints_server[0m
[ 54%] [32m[1mLinking CXX executable add_two_ints_client_no_oop[0m
[ 54%] Built target cpp_node
[ 59%] [32mBuilding CXX object CMakeFiles/hw_status_publisher.dir/src/hardware_status_publisher.cpp.o[0m
[ 59%] Built target add_two_ints_client
[ 59%] Built target add_two_ints_server
[ 63%] [32mBuilding CXX object CMakeFiles/led_panel.dir/src/led_panel.cpp.o[0m
[ 68%] [32mBuilding CXX object CMakeFiles/battery.dir/src/battery.cpp.o[0m
[ 68%] Built target add_two_ints_client_no_oop
[ 72%] [32m[1mLinking CXX executable robot_news_station[0m
[ 72%] Built target robot_news_station
[ 77%] [32m[1mLinking CXX executable number_publisher[0m
[ 77%] Built target number_publisher
[ 81%] [32m[1mLinking CXX executable battery[0m
[ 81%] Built target battery
[ 86%] [32m[1mLinking CXX executable smartphone[0m
[ 90%] [32m[1mLinking CXX executable hw_status_publisher[0m
[ 90%] Built target smartphone
[ 90%] Built target hw_status_publisher
[ 95%] [32m[1mLinking CXX executable number_counter[0m
[ 95%] Built target number_counter
[100%] [32m[1mLinking CXX executable led_panel[0m
[100%] Built target led_panel
-- Install configuration: ""
-- Installing: /home/gh/ros_ws/install/my_cpp_pkg/lib/my_cpp_pkg/cpp_node
-- Set non-toolchain portion of runtime path of "/home/gh/ros_ws/install/my_cpp_pkg/lib/my_cpp_pkg/cpp_node" to ""
-- Installing: /home/gh/ros_ws/install/my_cpp_pkg/lib/my_cpp_pkg/robot_news_station
-- Set non-toolchain portion of runtime path of "/home/gh/ros_ws/install/my_cpp_pkg/lib/my_cpp_pkg/robot_news_station" to ""
-- Installing: /home/gh/ros_ws/install/my_cpp_pkg/lib/my_cpp_pkg/smartphone
-- Set non-toolchain portion of runtime path of "/home/gh/ros_ws/install/my_cpp_pkg/lib/my_cpp_pkg/smartphone" to ""
-- Installing: /home/gh/ros_ws/install/my_cpp_pkg/lib/my_cpp_pkg/number_publisher
-- Set non-toolchain portion of runtime path of "/home/gh/ros_ws/install/my_cpp_pkg/lib/my_cpp_pkg/number_publisher" to ""
-- Installing: /home/gh/ros_ws/install/my_cpp_pkg/lib/my_cpp_pkg/number_counter
-- Set non-toolchain portion of runtime path of "/home/gh/ros_ws/install/my_cpp_pkg/lib/my_cpp_pkg/number_counter" to ""
-- Installing: /home/gh/ros_ws/install/my_cpp_pkg/lib/my_cpp_pkg/add_two_ints_server
-- Set non-toolchain portion of runtime path of "/home/gh/ros_ws/install/my_cpp_pkg/lib/my_cpp_pkg/add_two_ints_server" to ""
-- Installing: /home/gh/ros_ws/install/my_cpp_pkg/lib/my_cpp_pkg/add_two_ints_client_no_oop
-- Set non-toolchain portion of runtime path of "/home/gh/ros_ws/install/my_cpp_pkg/lib/my_cpp_pkg/add_two_ints_client_no_oop" to ""
-- Installing: /home/gh/ros_ws/install/my_cpp_pkg/lib/my_cpp_pkg/add_two_ints_client
-- Set non-toolchain portion of runtime path of "/home/gh/ros_ws/install/my_cpp_pkg/lib/my_cpp_pkg/add_two_ints_client" to ""
-- Installing: /home/gh/ros_ws/install/my_cpp_pkg/lib/my_cpp_pkg/hw_status_publisher
-- Set non-toolchain portion of runtime path of "/home/gh/ros_ws/install/my_cpp_pkg/lib/my_cpp_pkg/hw_status_publisher" to ""
-- Installing: /home/gh/ros_ws/install/my_cpp_pkg/lib/my_cpp_pkg/led_panel
-- Set non-toolchain portion of runtime path of "/home/gh/ros_ws/install/my_cpp_pkg/lib/my_cpp_pkg/led_panel" to ""
-- Installing: /home/gh/ros_ws/install/my_cpp_pkg/lib/my_cpp_pkg/battery
-- Set non-toolchain portion of runtime path of "/home/gh/ros_ws/install/my_cpp_pkg/lib/my_cpp_pkg/battery" to ""
-- Installing: /home/gh/ros_ws/install/my_cpp_pkg/share/ament_index/resource_index/package_run_dependencies/my_cpp_pkg
-- Installing: /home/gh/ros_ws/install/my_cpp_pkg/share/ament_index/resource_index/parent_prefix_path/my_cpp_pkg
-- Installing: /home/gh/ros_ws/install/my_cpp_pkg/share/my_cpp_pkg/environment/ament_prefix_path.sh
-- Installing: /home/gh/ros_ws/install/my_cpp_pkg/share/my_cpp_pkg/environment/ament_prefix_path.dsv
-- Installing: /home/gh/ros_ws/install/my_cpp_pkg/share/my_cpp_pkg/environment/path.sh
-- Installing: /home/gh/ros_ws/install/my_cpp_pkg/share/my_cpp_pkg/environment/path.dsv
-- Installing: /home/gh/ros_ws/install/my_cpp_pkg/share/my_cpp_pkg/local_setup.bash
-- Installing: /home/gh/ros_ws/install/my_cpp_pkg/share/my_cpp_pkg/local_setup.sh
-- Installing: /home/gh/ros_ws/install/my_cpp_pkg/share/my_cpp_pkg/local_setup.zsh
-- Installing: /home/gh/ros_ws/install/my_cpp_pkg/share/my_cpp_pkg/local_setup.dsv
-- Installing: /home/gh/ros_ws/install/my_cpp_pkg/share/my_cpp_pkg/package.dsv
-- Installing: /home/gh/ros_ws/install/my_cpp_pkg/share/ament_index/resource_index/packages/my_cpp_pkg
-- Installing: /home/gh/ros_ws/install/my_cpp_pkg/share/my_cpp_pkg/cmake/my_cpp_pkgConfig.cmake
-- Installing: /home/gh/ros_ws/install/my_cpp_pkg/share/my_cpp_pkg/cmake/my_cpp_pkgConfig-version.cmake
-- Installing: /home/gh/ros_ws/install/my_cpp_pkg/share/my_cpp_pkg/package.xml
