[0.021s] Invoking command in '/home/gh/ros_ws/build/my_cpp_pkg': AMENT_PREFIX_PATH=/home/gh/ros_ws/install/my_robot_interfaces:${AMENT_PREFIX_PATH} CMAKE_PREFIX_PATH=/home/gh/ros_ws/install/my_robot_interfaces:/home/gh/ros_ws/install/cpppkg:/opt/ros/jazzy/opt/gz_math_vendor:/opt/ros/jazzy/opt/gz_utils_vendor:/opt/ros/jazzy/opt/gz_cmake_vendor:/home/gh/ros_ws/install/pypkg:/opt/ros/jazzy DEBUGINFOD_URLS=https://debuginfod.ubuntu.com LD_LIBRARY_PATH=/home/gh/ros_ws/install/my_robot_interfaces/lib:${LD_LIBRARY_PATH} PYTHONPATH=/home/gh/ros_ws/install/my_robot_interfaces/lib/python3.12/site-packages:${PYTHONPATH} /usr/bin/cmake /home/gh/ros_ws/src/my_cpp_pkg -DCMAKE_INSTALL_PREFIX=/home/gh/ros_ws/install/my_cpp_pkg
[0.103s] -- The C compiler identification is GNU 13.3.0
[0.191s] -- The CXX compiler identification is GNU 13.3.0
[0.212s] -- Detecting C compiler ABI info
[0.344s] -- Detecting C compiler ABI info - done
[0.362s] -- Check for working C compiler: /usr/bin/cc - skipped
[0.362s] -- Detecting C compile features
[0.363s] -- Detecting C compile features - done
[0.378s] -- Detecting CXX compiler ABI info
[0.538s] -- Detecting CXX compiler ABI info - done
[0.557s] -- Check for working CXX compiler: /usr/bin/c++ - skipped
[0.558s] -- Detecting CXX compile features
[0.559s] -- Detecting CXX compile features - done
[0.562s] -- Found ament_cmake: 2.5.3 (/opt/ros/jazzy/share/ament_cmake/cmake)
[0.795s] -- Found Python3: /usr/bin/python3 (found version "3.12.3") found components: Interpreter 
[0.973s] -- Found rclcpp: 28.1.8 (/opt/ros/jazzy/share/rclcpp/cmake)
[1.039s] -- Found rosidl_generator_c: 4.6.5 (/opt/ros/jazzy/share/rosidl_generator_c/cmake)
[1.064s] -- Found rosidl_generator_cpp: 4.6.5 (/opt/ros/jazzy/share/rosidl_generator_cpp/cmake)
[1.095s] -- Using all available rosidl_typesupport_c: rosidl_typesupport_fastrtps_c;rosidl_typesupport_introspection_c
[1.126s] -- Using all available rosidl_typesupport_cpp: rosidl_typesupport_fastrtps_cpp;rosidl_typesupport_introspection_cpp
[1.276s] -- Found rmw_implementation_cmake: 7.3.2 (/opt/ros/jazzy/share/rmw_implementation_cmake/cmake)
[1.283s] -- Found rmw_fastrtps_cpp: 8.4.2 (/opt/ros/jazzy/share/rmw_fastrtps_cpp/cmake)
[1.422s] -- Found OpenSSL: /usr/lib/x86_64-linux-gnu/libcrypto.so (found version "3.0.13")  
[1.457s] -- Found FastRTPS: /opt/ros/jazzy/include (Required is at least version "2.13") 
[1.492s] -- Using RMW implementation 'rmw_fastrtps_cpp' as default
[1.648s] -- Found example_interfaces: 0.12.0 (/opt/ros/jazzy/share/example_interfaces/cmake)
[1.764s] -- Found my_robot_interfaces: 0.0.0 (/home/gh/ros_ws/install/my_robot_interfaces/share/my_robot_interfaces/cmake)
[1.955s] -- Configuring done (1.9s)
[2.021s] -- Generating done (0.1s)
[2.042s] -- Build files have been written to: /home/gh/ros_ws/build/my_cpp_pkg
[2.060s] Invoked command in '/home/gh/ros_ws/build/my_cpp_pkg' returned '0': AMENT_PREFIX_PATH=/home/gh/ros_ws/install/my_robot_interfaces:${AMENT_PREFIX_PATH} CMAKE_PREFIX_PATH=/home/gh/ros_ws/install/my_robot_interfaces:/home/gh/ros_ws/install/cpppkg:/opt/ros/jazzy/opt/gz_math_vendor:/opt/ros/jazzy/opt/gz_utils_vendor:/opt/ros/jazzy/opt/gz_cmake_vendor:/home/gh/ros_ws/install/pypkg:/opt/ros/jazzy DEBUGINFOD_URLS=https://debuginfod.ubuntu.com LD_LIBRARY_PATH=/home/gh/ros_ws/install/my_robot_interfaces/lib:${LD_LIBRARY_PATH} PYTHONPATH=/home/gh/ros_ws/install/my_robot_interfaces/lib/python3.12/site-packages:${PYTHONPATH} /usr/bin/cmake /home/gh/ros_ws/src/my_cpp_pkg -DCMAKE_INSTALL_PREFIX=/home/gh/ros_ws/install/my_cpp_pkg
[2.062s] Invoking command in '/home/gh/ros_ws/build/my_cpp_pkg': AMENT_PREFIX_PATH=/home/gh/ros_ws/install/my_robot_interfaces:${AMENT_PREFIX_PATH} CMAKE_PREFIX_PATH=/home/gh/ros_ws/install/my_robot_interfaces:/home/gh/ros_ws/install/cpppkg:/opt/ros/jazzy/opt/gz_math_vendor:/opt/ros/jazzy/opt/gz_utils_vendor:/opt/ros/jazzy/opt/gz_cmake_vendor:/home/gh/ros_ws/install/pypkg:/opt/ros/jazzy DEBUGINFOD_URLS=https://debuginfod.ubuntu.com LD_LIBRARY_PATH=/home/gh/ros_ws/install/my_robot_interfaces/lib:${LD_LIBRARY_PATH} PYTHONPATH=/home/gh/ros_ws/install/my_robot_interfaces/lib/python3.12/site-packages:${PYTHONPATH} /usr/bin/cmake --build /home/gh/ros_ws/build/my_cpp_pkg -- -j8 -l8
[2.155s] [  4%] [32mBuilding CXX object CMakeFiles/add_two_ints_server.dir/src/add_two_ints_server.cpp.o[0m
[2.155s] [  9%] [32mBuilding CXX object CMakeFiles/smartphone.dir/src/smartphone.cpp.o[0m
[2.155s] [ 13%] [32mBuilding CXX object CMakeFiles/number_publisher.dir/src/number_publisher.cpp.o[0m
[2.163s] [ 18%] [32mBuilding CXX object CMakeFiles/cpp_node.dir/src/my_first_node.cpp.o[0m
[2.165s] [ 22%] [32mBuilding CXX object CMakeFiles/number_counter.dir/src/number_counter.cpp.o[0m
[2.178s] [ 27%] [32mBuilding CXX object CMakeFiles/robot_news_station.dir/src/robot_news_station.cpp.o[0m
[2.184s] [ 31%] [32mBuilding CXX object CMakeFiles/add_two_ints_client.dir/src/add_two_ints_client.cpp.o[0m
[2.188s] [ 36%] [32mBuilding CXX object CMakeFiles/add_two_ints_client_no_oop.dir/src/add_two_ints_client_no_oop.cpp.o[0m
[11.375s] [ 40%] [32m[1mLinking CXX executable add_two_ints_client[0m
[11.545s] [ 45%] [32m[1mLinking CXX executable cpp_node[0m
[11.593s] [ 50%] [32m[1mLinking CXX executable add_two_ints_server[0m
[11.839s] [ 54%] [32m[1mLinking CXX executable add_two_ints_client_no_oop[0m
[12.040s] [ 54%] Built target cpp_node
[12.087s] [ 59%] [32mBuilding CXX object CMakeFiles/hw_status_publisher.dir/src/hardware_status_publisher.cpp.o[0m
[12.117s] [ 59%] Built target add_two_ints_client
[12.125s] [ 59%] Built target add_two_ints_server
[12.176s] [ 63%] [32mBuilding CXX object CMakeFiles/led_panel.dir/src/led_panel.cpp.o[0m
[12.181s] [ 68%] [32mBuilding CXX object CMakeFiles/battery.dir/src/battery.cpp.o[0m
[12.293s] [ 68%] Built target add_two_ints_client_no_oop
[13.902s] [ 72%] [32m[1mLinking CXX executable robot_news_station[0m
[14.383s] [ 72%] Built target robot_news_station
[14.762s] [ 77%] [32m[1mLinking CXX executable number_publisher[0m
[15.250s] [ 77%] Built target number_publisher
[19.404s] [ 81%] [32m[1mLinking CXX executable battery[0m
[19.647s] [ 81%] Built target battery
[19.942s] [ 86%] [32m[1mLinking CXX executable smartphone[0m
[20.153s] [ 90%] [32m[1mLinking CXX executable hw_status_publisher[0m
[20.381s] [ 90%] Built target smartphone
[20.421s] [ 90%] Built target hw_status_publisher
[21.416s] [ 95%] [32m[1mLinking CXX executable number_counter[0m
[21.865s] [ 95%] Built target number_counter
[22.032s] [100%] [32m[1mLinking CXX executable led_panel[0m
[22.287s] [100%] Built target led_panel
[22.303s] Invoked command in '/home/gh/ros_ws/build/my_cpp_pkg' returned '0': AMENT_PREFIX_PATH=/home/gh/ros_ws/install/my_robot_interfaces:${AMENT_PREFIX_PATH} CMAKE_PREFIX_PATH=/home/gh/ros_ws/install/my_robot_interfaces:/home/gh/ros_ws/install/cpppkg:/opt/ros/jazzy/opt/gz_math_vendor:/opt/ros/jazzy/opt/gz_utils_vendor:/opt/ros/jazzy/opt/gz_cmake_vendor:/home/gh/ros_ws/install/pypkg:/opt/ros/jazzy DEBUGINFOD_URLS=https://debuginfod.ubuntu.com LD_LIBRARY_PATH=/home/gh/ros_ws/install/my_robot_interfaces/lib:${LD_LIBRARY_PATH} PYTHONPATH=/home/gh/ros_ws/install/my_robot_interfaces/lib/python3.12/site-packages:${PYTHONPATH} /usr/bin/cmake --build /home/gh/ros_ws/build/my_cpp_pkg -- -j8 -l8
[22.304s] Invoking command in '/home/gh/ros_ws/build/my_cpp_pkg': AMENT_PREFIX_PATH=/home/gh/ros_ws/install/my_robot_interfaces:${AMENT_PREFIX_PATH} CMAKE_PREFIX_PATH=/home/gh/ros_ws/install/my_robot_interfaces:/home/gh/ros_ws/install/cpppkg:/opt/ros/jazzy/opt/gz_math_vendor:/opt/ros/jazzy/opt/gz_utils_vendor:/opt/ros/jazzy/opt/gz_cmake_vendor:/home/gh/ros_ws/install/pypkg:/opt/ros/jazzy DEBUGINFOD_URLS=https://debuginfod.ubuntu.com LD_LIBRARY_PATH=/home/gh/ros_ws/install/my_robot_interfaces/lib:${LD_LIBRARY_PATH} PYTHONPATH=/home/gh/ros_ws/install/my_robot_interfaces/lib/python3.12/site-packages:${PYTHONPATH} /usr/bin/cmake --install /home/gh/ros_ws/build/my_cpp_pkg
[22.315s] -- Install configuration: ""
[22.315s] -- Installing: /home/gh/ros_ws/install/my_cpp_pkg/lib/my_cpp_pkg/cpp_node
[22.316s] -- Set non-toolchain portion of runtime path of "/home/gh/ros_ws/install/my_cpp_pkg/lib/my_cpp_pkg/cpp_node" to ""
[22.317s] -- Installing: /home/gh/ros_ws/install/my_cpp_pkg/lib/my_cpp_pkg/robot_news_station
[22.318s] -- Set non-toolchain portion of runtime path of "/home/gh/ros_ws/install/my_cpp_pkg/lib/my_cpp_pkg/robot_news_station" to ""
[22.319s] -- Installing: /home/gh/ros_ws/install/my_cpp_pkg/lib/my_cpp_pkg/smartphone
[22.324s] -- Set non-toolchain portion of runtime path of "/home/gh/ros_ws/install/my_cpp_pkg/lib/my_cpp_pkg/smartphone" to ""
[22.324s] -- Installing: /home/gh/ros_ws/install/my_cpp_pkg/lib/my_cpp_pkg/number_publisher
[22.326s] -- Set non-toolchain portion of runtime path of "/home/gh/ros_ws/install/my_cpp_pkg/lib/my_cpp_pkg/number_publisher" to ""
[22.326s] -- Installing: /home/gh/ros_ws/install/my_cpp_pkg/lib/my_cpp_pkg/number_counter
[22.332s] -- Set non-toolchain portion of runtime path of "/home/gh/ros_ws/install/my_cpp_pkg/lib/my_cpp_pkg/number_counter" to ""
[22.332s] -- Installing: /home/gh/ros_ws/install/my_cpp_pkg/lib/my_cpp_pkg/add_two_ints_server
[22.334s] -- Set non-toolchain portion of runtime path of "/home/gh/ros_ws/install/my_cpp_pkg/lib/my_cpp_pkg/add_two_ints_server" to ""
[22.334s] -- Installing: /home/gh/ros_ws/install/my_cpp_pkg/lib/my_cpp_pkg/add_two_ints_client_no_oop
[22.335s] -- Set non-toolchain portion of runtime path of "/home/gh/ros_ws/install/my_cpp_pkg/lib/my_cpp_pkg/add_two_ints_client_no_oop" to ""
[22.335s] -- Installing: /home/gh/ros_ws/install/my_cpp_pkg/lib/my_cpp_pkg/add_two_ints_client
[22.337s] -- Set non-toolchain portion of runtime path of "/home/gh/ros_ws/install/my_cpp_pkg/lib/my_cpp_pkg/add_two_ints_client" to ""
[22.337s] -- Installing: /home/gh/ros_ws/install/my_cpp_pkg/lib/my_cpp_pkg/hw_status_publisher
[22.339s] -- Set non-toolchain portion of runtime path of "/home/gh/ros_ws/install/my_cpp_pkg/lib/my_cpp_pkg/hw_status_publisher" to ""
[22.339s] -- Installing: /home/gh/ros_ws/install/my_cpp_pkg/lib/my_cpp_pkg/led_panel
[22.342s] -- Set non-toolchain portion of runtime path of "/home/gh/ros_ws/install/my_cpp_pkg/lib/my_cpp_pkg/led_panel" to ""
[22.342s] -- Installing: /home/gh/ros_ws/install/my_cpp_pkg/lib/my_cpp_pkg/battery
[22.343s] -- Set non-toolchain portion of runtime path of "/home/gh/ros_ws/install/my_cpp_pkg/lib/my_cpp_pkg/battery" to ""
[22.343s] -- Installing: /home/gh/ros_ws/install/my_cpp_pkg/share/ament_index/resource_index/package_run_dependencies/my_cpp_pkg
[22.344s] -- Installing: /home/gh/ros_ws/install/my_cpp_pkg/share/ament_index/resource_index/parent_prefix_path/my_cpp_pkg
[22.344s] -- Installing: /home/gh/ros_ws/install/my_cpp_pkg/share/my_cpp_pkg/environment/ament_prefix_path.sh
[22.344s] -- Installing: /home/gh/ros_ws/install/my_cpp_pkg/share/my_cpp_pkg/environment/ament_prefix_path.dsv
[22.344s] -- Installing: /home/gh/ros_ws/install/my_cpp_pkg/share/my_cpp_pkg/environment/path.sh
[22.345s] -- Installing: /home/gh/ros_ws/install/my_cpp_pkg/share/my_cpp_pkg/environment/path.dsv
[22.345s] -- Installing: /home/gh/ros_ws/install/my_cpp_pkg/share/my_cpp_pkg/local_setup.bash
[22.345s] -- Installing: /home/gh/ros_ws/install/my_cpp_pkg/share/my_cpp_pkg/local_setup.sh
[22.345s] -- Installing: /home/gh/ros_ws/install/my_cpp_pkg/share/my_cpp_pkg/local_setup.zsh
[22.345s] -- Installing: /home/gh/ros_ws/install/my_cpp_pkg/share/my_cpp_pkg/local_setup.dsv
[22.345s] -- Installing: /home/gh/ros_ws/install/my_cpp_pkg/share/my_cpp_pkg/package.dsv
[22.345s] -- Installing: /home/gh/ros_ws/install/my_cpp_pkg/share/ament_index/resource_index/packages/my_cpp_pkg
[22.346s] -- Installing: /home/gh/ros_ws/install/my_cpp_pkg/share/my_cpp_pkg/cmake/my_cpp_pkgConfig.cmake
[22.346s] -- Installing: /home/gh/ros_ws/install/my_cpp_pkg/share/my_cpp_pkg/cmake/my_cpp_pkgConfig-version.cmake
[22.346s] -- Installing: /home/gh/ros_ws/install/my_cpp_pkg/share/my_cpp_pkg/package.xml
[22.349s] Invoked command in '/home/gh/ros_ws/build/my_cpp_pkg' returned '0': AMENT_PREFIX_PATH=/home/gh/ros_ws/install/my_robot_interfaces:${AMENT_PREFIX_PATH} CMAKE_PREFIX_PATH=/home/gh/ros_ws/install/my_robot_interfaces:/home/gh/ros_ws/install/cpppkg:/opt/ros/jazzy/opt/gz_math_vendor:/opt/ros/jazzy/opt/gz_utils_vendor:/opt/ros/jazzy/opt/gz_cmake_vendor:/home/gh/ros_ws/install/pypkg:/opt/ros/jazzy DEBUGINFOD_URLS=https://debuginfod.ubuntu.com LD_LIBRARY_PATH=/home/gh/ros_ws/install/my_robot_interfaces/lib:${LD_LIBRARY_PATH} PYTHONPATH=/home/gh/ros_ws/install/my_robot_interfaces/lib/python3.12/site-packages:${PYTHONPATH} /usr/bin/cmake --install /home/gh/ros_ws/build/my_cpp_pkg
