[0.014s] Invoking command in '/home/gh/ros_ws/build/my_robot_bringup': AMENT_PREFIX_PATH=/home/gh/ros_ws/install/my_py_pkg:/home/gh/ros_ws/install/my_cpp_pkg:/home/gh/ros_ws/install/my_robot_interfaces:${AMENT_PREFIX_PATH} CMAKE_PREFIX_PATH=/home/gh/ros_ws/install/my_cpp_pkg:/home/gh/ros_ws/install/my_robot_interfaces:/home/gh/ros_ws/install/cpppkg:/opt/ros/jazzy/opt/gz_math_vendor:/opt/ros/jazzy/opt/gz_utils_vendor:/opt/ros/jazzy/opt/gz_cmake_vendor:/home/gh/ros_ws/install/pypkg:/opt/ros/jazzy DEBUGINFOD_URLS=https://debuginfod.ubuntu.com LD_LIBRARY_PATH=/home/gh/ros_ws/install/my_robot_interfaces/lib:${LD_LIBRARY_PATH} PYTHONPATH=/home/gh/ros_ws/install/my_py_pkg/lib/python3.12/site-packages:/home/gh/ros_ws/install/my_robot_interfaces/lib/python3.12/site-packages:${PYTHONPATH} /usr/bin/cmake /home/gh/ros_ws/src/my_robot_bringup -DCMAKE_INSTALL_PREFIX=/home/gh/ros_ws/install/my_robot_bringup
[0.090s] -- The C compiler identification is GNU 13.3.0
[0.171s] -- The CXX compiler identification is GNU 13.3.0
[0.190s] -- Detecting C compiler ABI info
[0.296s] -- Detecting C compiler ABI info - done
[0.307s] -- Check for working C compiler: /usr/bin/cc - skipped
[0.308s] -- Detecting C compile features
[0.308s] -- Detecting C compile features - done
[0.319s] -- Detecting CXX compiler ABI info
[0.440s] -- Detecting CXX compiler ABI info - done
[0.452s] -- Check for working CXX compiler: /usr/bin/c++ - skipped
[0.452s] -- Detecting CXX compile features
[0.453s] -- Detecting CXX compile features - done
[0.456s] -- Found ament_cmake: 2.5.3 (/opt/ros/jazzy/share/ament_cmake/cmake)
[0.627s] -- Found Python3: /usr/bin/python3 (found version "3.12.3") found components: Interpreter 
[0.851s] -- Configuring done (0.8s)
[0.855s] -- Generating done (0.0s)
[0.857s] -- Build files have been written to: /home/gh/ros_ws/build/my_robot_bringup
[0.863s] Invoked command in '/home/gh/ros_ws/build/my_robot_bringup' returned '0': AMENT_PREFIX_PATH=/home/gh/ros_ws/install/my_py_pkg:/home/gh/ros_ws/install/my_cpp_pkg:/home/gh/ros_ws/install/my_robot_interfaces:${AMENT_PREFIX_PATH} CMAKE_PREFIX_PATH=/home/gh/ros_ws/install/my_cpp_pkg:/home/gh/ros_ws/install/my_robot_interfaces:/home/gh/ros_ws/install/cpppkg:/opt/ros/jazzy/opt/gz_math_vendor:/opt/ros/jazzy/opt/gz_utils_vendor:/opt/ros/jazzy/opt/gz_cmake_vendor:/home/gh/ros_ws/install/pypkg:/opt/ros/jazzy DEBUGINFOD_URLS=https://debuginfod.ubuntu.com LD_LIBRARY_PATH=/home/gh/ros_ws/install/my_robot_interfaces/lib:${LD_LIBRARY_PATH} PYTHONPATH=/home/gh/ros_ws/install/my_py_pkg/lib/python3.12/site-packages:/home/gh/ros_ws/install/my_robot_interfaces/lib/python3.12/site-packages:${PYTHONPATH} /usr/bin/cmake /home/gh/ros_ws/src/my_robot_bringup -DCMAKE_INSTALL_PREFIX=/home/gh/ros_ws/install/my_robot_bringup
[0.865s] Invoking command in '/home/gh/ros_ws/build/my_robot_bringup': AMENT_PREFIX_PATH=/home/gh/ros_ws/install/my_py_pkg:/home/gh/ros_ws/install/my_cpp_pkg:/home/gh/ros_ws/install/my_robot_interfaces:${AMENT_PREFIX_PATH} CMAKE_PREFIX_PATH=/home/gh/ros_ws/install/my_cpp_pkg:/home/gh/ros_ws/install/my_robot_interfaces:/home/gh/ros_ws/install/cpppkg:/opt/ros/jazzy/opt/gz_math_vendor:/opt/ros/jazzy/opt/gz_utils_vendor:/opt/ros/jazzy/opt/gz_cmake_vendor:/home/gh/ros_ws/install/pypkg:/opt/ros/jazzy DEBUGINFOD_URLS=https://debuginfod.ubuntu.com LD_LIBRARY_PATH=/home/gh/ros_ws/install/my_robot_interfaces/lib:${LD_LIBRARY_PATH} PYTHONPATH=/home/gh/ros_ws/install/my_py_pkg/lib/python3.12/site-packages:/home/gh/ros_ws/install/my_robot_interfaces/lib/python3.12/site-packages:${PYTHONPATH} /usr/bin/cmake --build /home/gh/ros_ws/build/my_robot_bringup -- -j8 -l8
[0.915s] Invoked command in '/home/gh/ros_ws/build/my_robot_bringup' returned '0': AMENT_PREFIX_PATH=/home/gh/ros_ws/install/my_py_pkg:/home/gh/ros_ws/install/my_cpp_pkg:/home/gh/ros_ws/install/my_robot_interfaces:${AMENT_PREFIX_PATH} CMAKE_PREFIX_PATH=/home/gh/ros_ws/install/my_cpp_pkg:/home/gh/ros_ws/install/my_robot_interfaces:/home/gh/ros_ws/install/cpppkg:/opt/ros/jazzy/opt/gz_math_vendor:/opt/ros/jazzy/opt/gz_utils_vendor:/opt/ros/jazzy/opt/gz_cmake_vendor:/home/gh/ros_ws/install/pypkg:/opt/ros/jazzy DEBUGINFOD_URLS=https://debuginfod.ubuntu.com LD_LIBRARY_PATH=/home/gh/ros_ws/install/my_robot_interfaces/lib:${LD_LIBRARY_PATH} PYTHONPATH=/home/gh/ros_ws/install/my_py_pkg/lib/python3.12/site-packages:/home/gh/ros_ws/install/my_robot_interfaces/lib/python3.12/site-packages:${PYTHONPATH} /usr/bin/cmake --build /home/gh/ros_ws/build/my_robot_bringup -- -j8 -l8
[0.916s] Invoking command in '/home/gh/ros_ws/build/my_robot_bringup': AMENT_PREFIX_PATH=/home/gh/ros_ws/install/my_py_pkg:/home/gh/ros_ws/install/my_cpp_pkg:/home/gh/ros_ws/install/my_robot_interfaces:${AMENT_PREFIX_PATH} CMAKE_PREFIX_PATH=/home/gh/ros_ws/install/my_cpp_pkg:/home/gh/ros_ws/install/my_robot_interfaces:/home/gh/ros_ws/install/cpppkg:/opt/ros/jazzy/opt/gz_math_vendor:/opt/ros/jazzy/opt/gz_utils_vendor:/opt/ros/jazzy/opt/gz_cmake_vendor:/home/gh/ros_ws/install/pypkg:/opt/ros/jazzy DEBUGINFOD_URLS=https://debuginfod.ubuntu.com LD_LIBRARY_PATH=/home/gh/ros_ws/install/my_robot_interfaces/lib:${LD_LIBRARY_PATH} PYTHONPATH=/home/gh/ros_ws/install/my_py_pkg/lib/python3.12/site-packages:/home/gh/ros_ws/install/my_robot_interfaces/lib/python3.12/site-packages:${PYTHONPATH} /usr/bin/cmake --install /home/gh/ros_ws/build/my_robot_bringup
[0.927s] -- Install configuration: ""
[0.927s] -- Installing: /home/gh/ros_ws/install/my_robot_bringup/share/my_robot_bringup//launch
[0.927s] -- Installing: /home/gh/ros_ws/install/my_robot_bringup/share/my_robot_bringup//launch/number_app.launch.py
[0.928s] -- Installing: /home/gh/ros_ws/install/my_robot_bringup/share/my_robot_bringup//launch/number_app.launch.xml
[0.928s] -- Installing: /home/gh/ros_ws/install/my_robot_bringup/share/my_robot_bringup//launch/radio.launch.xml
[0.928s] -- Installing: /home/gh/ros_ws/install/my_robot_bringup/share/my_robot_bringup//launch/number_app_from_python.launch.xml
[0.928s] -- Installing: /home/gh/ros_ws/install/my_robot_bringup/share/my_robot_bringup//config
[0.929s] -- Installing: /home/gh/ros_ws/install/my_robot_bringup/share/my_robot_bringup//config/radio_config.yaml
[0.929s] -- Installing: /home/gh/ros_ws/install/my_robot_bringup/share/my_robot_bringup//config/number_app.yaml
[0.929s] -- Installing: /home/gh/ros_ws/install/my_robot_bringup/share/ament_index/resource_index/package_run_dependencies/my_robot_bringup
[0.929s] -- Installing: /home/gh/ros_ws/install/my_robot_bringup/share/ament_index/resource_index/parent_prefix_path/my_robot_bringup
[0.930s] -- Installing: /home/gh/ros_ws/install/my_robot_bringup/share/my_robot_bringup/environment/ament_prefix_path.sh
[0.930s] -- Installing: /home/gh/ros_ws/install/my_robot_bringup/share/my_robot_bringup/environment/ament_prefix_path.dsv
[0.930s] -- Installing: /home/gh/ros_ws/install/my_robot_bringup/share/my_robot_bringup/environment/path.sh
[0.930s] -- Installing: /home/gh/ros_ws/install/my_robot_bringup/share/my_robot_bringup/environment/path.dsv
[0.931s] -- Installing: /home/gh/ros_ws/install/my_robot_bringup/share/my_robot_bringup/local_setup.bash
[0.931s] -- Installing: /home/gh/ros_ws/install/my_robot_bringup/share/my_robot_bringup/local_setup.sh
[0.931s] -- Installing: /home/gh/ros_ws/install/my_robot_bringup/share/my_robot_bringup/local_setup.zsh
[0.931s] -- Installing: /home/gh/ros_ws/install/my_robot_bringup/share/my_robot_bringup/local_setup.dsv
[0.932s] -- Installing: /home/gh/ros_ws/install/my_robot_bringup/share/my_robot_bringup/package.dsv
[0.932s] -- Installing: /home/gh/ros_ws/install/my_robot_bringup/share/ament_index/resource_index/packages/my_robot_bringup
[0.932s] -- Installing: /home/gh/ros_ws/install/my_robot_bringup/share/my_robot_bringup/cmake/my_robot_bringupConfig.cmake
[0.933s] -- Installing: /home/gh/ros_ws/install/my_robot_bringup/share/my_robot_bringup/cmake/my_robot_bringupConfig-version.cmake
[0.933s] -- Installing: /home/gh/ros_ws/install/my_robot_bringup/share/my_robot_bringup/package.xml
[0.935s] Invoked command in '/home/gh/ros_ws/build/my_robot_bringup' returned '0': AMENT_PREFIX_PATH=/home/gh/ros_ws/install/my_py_pkg:/home/gh/ros_ws/install/my_cpp_pkg:/home/gh/ros_ws/install/my_robot_interfaces:${AMENT_PREFIX_PATH} CMAKE_PREFIX_PATH=/home/gh/ros_ws/install/my_cpp_pkg:/home/gh/ros_ws/install/my_robot_interfaces:/home/gh/ros_ws/install/cpppkg:/opt/ros/jazzy/opt/gz_math_vendor:/opt/ros/jazzy/opt/gz_utils_vendor:/opt/ros/jazzy/opt/gz_cmake_vendor:/home/gh/ros_ws/install/pypkg:/opt/ros/jazzy DEBUGINFOD_URLS=https://debuginfod.ubuntu.com LD_LIBRARY_PATH=/home/gh/ros_ws/install/my_robot_interfaces/lib:${LD_LIBRARY_PATH} PYTHONPATH=/home/gh/ros_ws/install/my_py_pkg/lib/python3.12/site-packages:/home/gh/ros_ws/install/my_robot_interfaces/lib/python3.12/site-packages:${PYTHONPATH} /usr/bin/cmake --install /home/gh/ros_ws/build/my_robot_bringup
