[1.010s] Invoking command in '/home/gh/ros_ws/src/pypkg': DEBUGINFOD_URLS=https://debuginfod.ubuntu.com PYTHONPATH=/home/gh/ros_ws/build/pypkg/prefix_override:/usr/lib/python3/dist-packages/colcon_core/task/python/colcon_distutils_commands:/home/gh/ros_ws/install/pypkg/lib/python3.12/site-packages:${PYTHONPATH} /usr/bin/python3 -W ignore:setup.py install is deprecated -W ignore:easy_install command is deprecated setup.py egg_info --egg-base ../../build/pypkg build --build-base /home/gh/ros_ws/build/pypkg/build install --record /home/gh/ros_ws/build/pypkg/install.log --single-version-externally-managed install_data
[1.417s] running egg_info
[1.444s] writing ../../build/pypkg/pypkg.egg-info/PKG-INFO
[1.444s] writing dependency_links to ../../build/pypkg/pypkg.egg-info/dependency_links.txt
[1.444s] writing requirements to ../../build/pypkg/pypkg.egg-info/requires.txt
[1.445s] writing top-level names to ../../build/pypkg/pypkg.egg-info/top_level.txt
[1.497s] reading manifest file '../../build/pypkg/pypkg.egg-info/SOURCES.txt'
[1.498s] writing manifest file '../../build/pypkg/pypkg.egg-info/SOURCES.txt'
[1.498s] running build
[1.498s] running build_py
[1.499s] copying pypkg/firstnode.py -> /home/gh/ros_ws/build/pypkg/build/lib/pypkg
[1.499s] running install
[1.506s] running install_lib
[1.531s] copying /home/gh/ros_ws/build/pypkg/build/lib/pypkg/firstnode.py -> /home/gh/ros_ws/install/pypkg/lib/python3.12/site-packages/pypkg
[1.532s] byte-compiling /home/gh/ros_ws/install/pypkg/lib/python3.12/site-packages/pypkg/firstnode.py to firstnode.cpython-312.pyc
[1.532s] running install_data
[1.533s] running install_egg_info
[1.558s] removing '/home/gh/ros_ws/install/pypkg/lib/python3.12/site-packages/pypkg-0.0.0-py3.12.egg-info' (and everything under it)
[1.558s] Copying ../../build/pypkg/pypkg.egg-info to /home/gh/ros_ws/install/pypkg/lib/python3.12/site-packages/pypkg-0.0.0-py3.12.egg-info
[1.560s] running install_scripts
[1.728s] writing list of installed files to '/home/gh/ros_ws/build/pypkg/install.log'
[1.762s] Invoked command in '/home/gh/ros_ws/src/pypkg' returned '0': DEBUGINFOD_URLS=https://debuginfod.ubuntu.com PYTHONPATH=/home/gh/ros_ws/build/pypkg/prefix_override:/usr/lib/python3/dist-packages/colcon_core/task/python/colcon_distutils_commands:/home/gh/ros_ws/install/pypkg/lib/python3.12/site-packages:${PYTHONPATH} /usr/bin/python3 -W ignore:setup.py install is deprecated -W ignore:easy_install command is deprecated setup.py egg_info --egg-base ../../build/pypkg build --build-base /home/gh/ros_ws/build/pypkg/build install --record /home/gh/ros_ws/build/pypkg/install.log --single-version-externally-managed install_data
