[0.024s] Invoking command in '/home/gh/ros_ws/build/my_robot_interfaces': CMAKE_PREFIX_PATH=${CMAKE_PREFIX_PATH}:/home/gh/ros_ws/install/pypkg:/home/gh/ros_ws/install/my_py_pkg:/opt/ros/jazzy DEBUGINFOD_URLS=https://debuginfod.ubuntu.com /usr/bin/cmake --build /home/gh/ros_ws/build/my_robot_interfaces -- -j8 -l8
[0.106s] [  1%] Built target my_robot_interfaces__rosidl_generator_type_description
[0.131s] [  1%] Built target ament_cmake_python_copy_my_robot_interfaces
[0.146s] [  3%] Built target my_robot_interfaces__cpp
[0.162s] [ 25%] Built target my_robot_interfaces__rosidl_generator_c
[0.223s] [ 34%] Built target my_robot_interfaces__rosidl_typesupport_cpp
[0.224s] [ 53%] Built target my_robot_interfaces__rosidl_typesupport_introspection_cpp
[0.224s] [ 53%] Built target my_robot_interfaces__rosidl_typesupport_c
[0.230s] [ 62%] Built target my_robot_interfaces__rosidl_typesupport_fastrtps_cpp
[0.231s] [ 71%] Built target my_robot_interfaces__rosidl_typesupport_introspection_c
[0.234s] [ 81%] Built target my_robot_interfaces__rosidl_typesupport_fastrtps_c
[0.269s] [ 81%] Built target my_robot_interfaces
[0.306s] [ 82%] Built target my_robot_interfaces__py
[0.351s] [ 90%] Built target my_robot_interfaces__rosidl_generator_py
[0.396s] [ 93%] Built target my_robot_interfaces_s__rosidl_typesupport_c
[0.396s] [ 96%] Built target my_robot_interfaces_s__rosidl_typesupport_fastrtps_c
[0.400s] [100%] Built target my_robot_interfaces_s__rosidl_typesupport_introspection_c
[0.569s] running egg_info
[0.612s] writing my_robot_interfaces.egg-info/PKG-INFO
[0.612s] writing dependency_links to my_robot_interfaces.egg-info/dependency_links.txt
[0.612s] writing top-level names to my_robot_interfaces.egg-info/top_level.txt
[0.705s] reading manifest file 'my_robot_interfaces.egg-info/SOURCES.txt'
[0.706s] writing manifest file 'my_robot_interfaces.egg-info/SOURCES.txt'
[0.751s] [100%] Built target ament_cmake_python_build_my_robot_interfaces_egg
[0.771s] Invoked command in '/home/gh/ros_ws/build/my_robot_interfaces' returned '0': CMAKE_PREFIX_PATH=${CMAKE_PREFIX_PATH}:/home/gh/ros_ws/install/pypkg:/home/gh/ros_ws/install/my_py_pkg:/opt/ros/jazzy DEBUGINFOD_URLS=https://debuginfod.ubuntu.com /usr/bin/cmake --build /home/gh/ros_ws/build/my_robot_interfaces -- -j8 -l8
[0.774s] Invoking command in '/home/gh/ros_ws/build/my_robot_interfaces': CMAKE_PREFIX_PATH=${CMAKE_PREFIX_PATH}:/home/gh/ros_ws/install/pypkg:/home/gh/ros_ws/install/my_py_pkg:/opt/ros/jazzy DEBUGINFOD_URLS=https://debuginfod.ubuntu.com /usr/bin/cmake --install /home/gh/ros_ws/build/my_robot_interfaces
[0.787s] -- Install configuration: ""
[0.787s] -- Up-to-date: /home/gh/ros_ws/install/my_robot_interfaces/share/ament_index/resource_index/rosidl_interfaces/my_robot_interfaces
[0.788s] -- Up-to-date: /home/gh/ros_ws/install/my_robot_interfaces/share/my_robot_interfaces/msg/HardwareStatus.json
[0.788s] -- Up-to-date: /home/gh/ros_ws/install/my_robot_interfaces/share/my_robot_interfaces/msg/LedStateArray.json
[0.788s] -- Up-to-date: /home/gh/ros_ws/install/my_robot_interfaces/share/my_robot_interfaces/srv/ComputeRectangleArea.json
[0.789s] -- Up-to-date: /home/gh/ros_ws/install/my_robot_interfaces/share/my_robot_interfaces/srv/SetLed.json
[0.789s] -- Up-to-date: /home/gh/ros_ws/install/my_robot_interfaces/include/my_robot_interfaces/my_robot_interfaces
[0.789s] -- Up-to-date: /home/gh/ros_ws/install/my_robot_interfaces/include/my_robot_interfaces/my_robot_interfaces/msg
[0.790s] -- Up-to-date: /home/gh/ros_ws/install/my_robot_interfaces/include/my_robot_interfaces/my_robot_interfaces/msg/rosidl_generator_c__visibility_control.h
[0.790s] -- Up-to-date: /home/gh/ros_ws/install/my_robot_interfaces/include/my_robot_interfaces/my_robot_interfaces/msg/hardware_status.h
[0.790s] -- Up-to-date: /home/gh/ros_ws/install/my_robot_interfaces/include/my_robot_interfaces/my_robot_interfaces/msg/led_state_array.h
[0.790s] -- Up-to-date: /home/gh/ros_ws/install/my_robot_interfaces/include/my_robot_interfaces/my_robot_interfaces/msg/detail
[0.790s] -- Up-to-date: /home/gh/ros_ws/install/my_robot_interfaces/include/my_robot_interfaces/my_robot_interfaces/msg/detail/hardware_status__functions.c
[0.790s] -- Up-to-date: /home/gh/ros_ws/install/my_robot_interfaces/include/my_robot_interfaces/my_robot_interfaces/msg/detail/hardware_status__functions.h
[0.790s] -- Up-to-date: /home/gh/ros_ws/install/my_robot_interfaces/include/my_robot_interfaces/my_robot_interfaces/msg/detail/led_state_array__struct.h
[0.791s] -- Up-to-date: /home/gh/ros_ws/install/my_robot_interfaces/include/my_robot_interfaces/my_robot_interfaces/msg/detail/led_state_array__functions.h
[0.791s] -- Up-to-date: /home/gh/ros_ws/install/my_robot_interfaces/include/my_robot_interfaces/my_robot_interfaces/msg/detail/led_state_array__description.c
[0.791s] -- Up-to-date: /home/gh/ros_ws/install/my_robot_interfaces/include/my_robot_interfaces/my_robot_interfaces/msg/detail/hardware_status__struct.h
[0.791s] -- Up-to-date: /home/gh/ros_ws/install/my_robot_interfaces/include/my_robot_interfaces/my_robot_interfaces/msg/detail/led_state_array__type_support.c
[0.792s] -- Up-to-date: /home/gh/ros_ws/install/my_robot_interfaces/include/my_robot_interfaces/my_robot_interfaces/msg/detail/led_state_array__type_support.h
[0.792s] -- Up-to-date: /home/gh/ros_ws/install/my_robot_interfaces/include/my_robot_interfaces/my_robot_interfaces/msg/detail/led_state_array__functions.c
[0.792s] -- Up-to-date: /home/gh/ros_ws/install/my_robot_interfaces/include/my_robot_interfaces/my_robot_interfaces/msg/detail/hardware_status__type_support.c
[0.792s] -- Up-to-date: /home/gh/ros_ws/install/my_robot_interfaces/include/my_robot_interfaces/my_robot_interfaces/msg/detail/hardware_status__type_support.h
[0.792s] -- Up-to-date: /home/gh/ros_ws/install/my_robot_interfaces/include/my_robot_interfaces/my_robot_interfaces/msg/detail/hardware_status__description.c
[0.793s] -- Up-to-date: /home/gh/ros_ws/install/my_robot_interfaces/include/my_robot_interfaces/my_robot_interfaces/srv
[0.793s] -- Up-to-date: /home/gh/ros_ws/install/my_robot_interfaces/include/my_robot_interfaces/my_robot_interfaces/srv/set_led.h
[0.793s] -- Up-to-date: /home/gh/ros_ws/install/my_robot_interfaces/include/my_robot_interfaces/my_robot_interfaces/srv/compute_rectangle_area.h
[0.793s] -- Up-to-date: /home/gh/ros_ws/install/my_robot_interfaces/include/my_robot_interfaces/my_robot_interfaces/srv/detail
[0.793s] -- Up-to-date: /home/gh/ros_ws/install/my_robot_interfaces/include/my_robot_interfaces/my_robot_interfaces/srv/detail/compute_rectangle_area__type_support.h
[0.793s] -- Up-to-date: /home/gh/ros_ws/install/my_robot_interfaces/include/my_robot_interfaces/my_robot_interfaces/srv/detail/compute_rectangle_area__functions.c
[0.794s] -- Up-to-date: /home/gh/ros_ws/install/my_robot_interfaces/include/my_robot_interfaces/my_robot_interfaces/srv/detail/set_led__type_support.h
[0.794s] -- Up-to-date: /home/gh/ros_ws/install/my_robot_interfaces/include/my_robot_interfaces/my_robot_interfaces/srv/detail/set_led__struct.h
[0.794s] -- Up-to-date: /home/gh/ros_ws/install/my_robot_interfaces/include/my_robot_interfaces/my_robot_interfaces/srv/detail/compute_rectangle_area__type_support.c
[0.794s] -- Up-to-date: /home/gh/ros_ws/install/my_robot_interfaces/include/my_robot_interfaces/my_robot_interfaces/srv/detail/set_led__type_support.c
[0.794s] -- Up-to-date: /home/gh/ros_ws/install/my_robot_interfaces/include/my_robot_interfaces/my_robot_interfaces/srv/detail/set_led__functions.c
[0.794s] -- Up-to-date: /home/gh/ros_ws/install/my_robot_interfaces/include/my_robot_interfaces/my_robot_interfaces/srv/detail/compute_rectangle_area__functions.h
[0.794s] -- Up-to-date: /home/gh/ros_ws/install/my_robot_interfaces/include/my_robot_interfaces/my_robot_interfaces/srv/detail/set_led__description.c
[0.794s] -- Up-to-date: /home/gh/ros_ws/install/my_robot_interfaces/include/my_robot_interfaces/my_robot_interfaces/srv/detail/set_led__functions.h
[0.794s] -- Up-to-date: /home/gh/ros_ws/install/my_robot_interfaces/include/my_robot_interfaces/my_robot_interfaces/srv/detail/compute_rectangle_area__struct.h
[0.795s] -- Up-to-date: /home/gh/ros_ws/install/my_robot_interfaces/include/my_robot_interfaces/my_robot_interfaces/srv/detail/compute_rectangle_area__description.c
[0.795s] -- Up-to-date: /home/gh/ros_ws/install/my_robot_interfaces/share/my_robot_interfaces/environment/library_path.sh
[0.795s] -- Up-to-date: /home/gh/ros_ws/install/my_robot_interfaces/share/my_robot_interfaces/environment/library_path.dsv
[0.795s] -- Up-to-date: /home/gh/ros_ws/install/my_robot_interfaces/lib/libmy_robot_interfaces__rosidl_generator_c.so
[0.795s] -- Up-to-date: /home/gh/ros_ws/install/my_robot_interfaces/include/my_robot_interfaces/my_robot_interfaces
[0.795s] -- Up-to-date: /home/gh/ros_ws/install/my_robot_interfaces/include/my_robot_interfaces/my_robot_interfaces/msg
[0.795s] -- Up-to-date: /home/gh/ros_ws/install/my_robot_interfaces/include/my_robot_interfaces/my_robot_interfaces/msg/rosidl_typesupport_fastrtps_c__visibility_control.h
[0.795s] -- Up-to-date: /home/gh/ros_ws/install/my_robot_interfaces/include/my_robot_interfaces/my_robot_interfaces/msg/detail
[0.795s] -- Up-to-date: /home/gh/ros_ws/install/my_robot_interfaces/include/my_robot_interfaces/my_robot_interfaces/msg/detail/led_state_array__rosidl_typesupport_fastrtps_c.h
[0.796s] -- Up-to-date: /home/gh/ros_ws/install/my_robot_interfaces/include/my_robot_interfaces/my_robot_interfaces/msg/detail/hardware_status__rosidl_typesupport_fastrtps_c.h
[0.796s] -- Up-to-date: /home/gh/ros_ws/install/my_robot_interfaces/include/my_robot_interfaces/my_robot_interfaces/srv
[0.796s] -- Up-to-date: /home/gh/ros_ws/install/my_robot_interfaces/include/my_robot_interfaces/my_robot_interfaces/srv/detail
[0.796s] -- Up-to-date: /home/gh/ros_ws/install/my_robot_interfaces/include/my_robot_interfaces/my_robot_interfaces/srv/detail/set_led__rosidl_typesupport_fastrtps_c.h
[0.796s] -- Up-to-date: /home/gh/ros_ws/install/my_robot_interfaces/include/my_robot_interfaces/my_robot_interfaces/srv/detail/compute_rectangle_area__rosidl_typesupport_fastrtps_c.h
[0.796s] -- Up-to-date: /home/gh/ros_ws/install/my_robot_interfaces/lib/libmy_robot_interfaces__rosidl_typesupport_fastrtps_c.so
[0.796s] -- Up-to-date: /home/gh/ros_ws/install/my_robot_interfaces/include/my_robot_interfaces/my_robot_interfaces
[0.796s] -- Up-to-date: /home/gh/ros_ws/install/my_robot_interfaces/include/my_robot_interfaces/my_robot_interfaces/msg
[0.797s] -- Up-to-date: /home/gh/ros_ws/install/my_robot_interfaces/include/my_robot_interfaces/my_robot_interfaces/msg/rosidl_typesupport_introspection_c__visibility_control.h
[0.797s] -- Up-to-date: /home/gh/ros_ws/install/my_robot_interfaces/include/my_robot_interfaces/my_robot_interfaces/msg/detail
[0.797s] -- Up-to-date: /home/gh/ros_ws/install/my_robot_interfaces/include/my_robot_interfaces/my_robot_interfaces/msg/detail/led_state_array__rosidl_typesupport_introspection_c.h
[0.797s] -- Up-to-date: /home/gh/ros_ws/install/my_robot_interfaces/include/my_robot_interfaces/my_robot_interfaces/msg/detail/hardware_status__rosidl_typesupport_introspection_c.h
[0.797s] -- Up-to-date: /home/gh/ros_ws/install/my_robot_interfaces/include/my_robot_interfaces/my_robot_interfaces/msg/detail/led_state_array__type_support.c
[0.797s] -- Up-to-date: /home/gh/ros_ws/install/my_robot_interfaces/include/my_robot_interfaces/my_robot_interfaces/msg/detail/hardware_status__type_support.c
[0.797s] -- Up-to-date: /home/gh/ros_ws/install/my_robot_interfaces/include/my_robot_interfaces/my_robot_interfaces/srv
[0.797s] -- Up-to-date: /home/gh/ros_ws/install/my_robot_interfaces/include/my_robot_interfaces/my_robot_interfaces/srv/detail
[0.797s] -- Up-to-date: /home/gh/ros_ws/install/my_robot_interfaces/include/my_robot_interfaces/my_robot_interfaces/srv/detail/set_led__rosidl_typesupport_introspection_c.h
[0.798s] -- Up-to-date: /home/gh/ros_ws/install/my_robot_interfaces/include/my_robot_interfaces/my_robot_interfaces/srv/detail/compute_rectangle_area__type_support.c
[0.798s] -- Up-to-date: /home/gh/ros_ws/install/my_robot_interfaces/include/my_robot_interfaces/my_robot_interfaces/srv/detail/set_led__type_support.c
[0.798s] -- Up-to-date: /home/gh/ros_ws/install/my_robot_interfaces/include/my_robot_interfaces/my_robot_interfaces/srv/detail/compute_rectangle_area__rosidl_typesupport_introspection_c.h
[0.798s] -- Up-to-date: /home/gh/ros_ws/install/my_robot_interfaces/lib/libmy_robot_interfaces__rosidl_typesupport_introspection_c.so
[0.798s] -- Up-to-date: /home/gh/ros_ws/install/my_robot_interfaces/lib/libmy_robot_interfaces__rosidl_typesupport_c.so
[0.798s] -- Up-to-date: /home/gh/ros_ws/install/my_robot_interfaces/include/my_robot_interfaces/my_robot_interfaces
[0.798s] -- Up-to-date: /home/gh/ros_ws/install/my_robot_interfaces/include/my_robot_interfaces/my_robot_interfaces/msg
[0.798s] -- Up-to-date: /home/gh/ros_ws/install/my_robot_interfaces/include/my_robot_interfaces/my_robot_interfaces/msg/hardware_status.hpp
[0.798s] -- Up-to-date: /home/gh/ros_ws/install/my_robot_interfaces/include/my_robot_interfaces/my_robot_interfaces/msg/rosidl_generator_cpp__visibility_control.hpp
[0.799s] -- Up-to-date: /home/gh/ros_ws/install/my_robot_interfaces/include/my_robot_interfaces/my_robot_interfaces/msg/led_state_array.hpp
[0.799s] -- Up-to-date: /home/gh/ros_ws/install/my_robot_interfaces/include/my_robot_interfaces/my_robot_interfaces/msg/detail
[0.799s] -- Up-to-date: /home/gh/ros_ws/install/my_robot_interfaces/include/my_robot_interfaces/my_robot_interfaces/msg/detail/led_state_array__struct.hpp
[0.799s] -- Up-to-date: /home/gh/ros_ws/install/my_robot_interfaces/include/my_robot_interfaces/my_robot_interfaces/msg/detail/hardware_status__builder.hpp
[0.799s] -- Up-to-date: /home/gh/ros_ws/install/my_robot_interfaces/include/my_robot_interfaces/my_robot_interfaces/msg/detail/hardware_status__type_support.hpp
[0.799s] -- Up-to-date: /home/gh/ros_ws/install/my_robot_interfaces/include/my_robot_interfaces/my_robot_interfaces/msg/detail/hardware_status__struct.hpp
[0.799s] -- Up-to-date: /home/gh/ros_ws/install/my_robot_interfaces/include/my_robot_interfaces/my_robot_interfaces/msg/detail/led_state_array__traits.hpp
[0.799s] -- Up-to-date: /home/gh/ros_ws/install/my_robot_interfaces/include/my_robot_interfaces/my_robot_interfaces/msg/detail/led_state_array__type_support.hpp
[0.799s] -- Up-to-date: /home/gh/ros_ws/install/my_robot_interfaces/include/my_robot_interfaces/my_robot_interfaces/msg/detail/led_state_array__builder.hpp
[0.800s] -- Up-to-date: /home/gh/ros_ws/install/my_robot_interfaces/include/my_robot_interfaces/my_robot_interfaces/msg/detail/hardware_status__traits.hpp
[0.800s] -- Up-to-date: /home/gh/ros_ws/install/my_robot_interfaces/include/my_robot_interfaces/my_robot_interfaces/srv
[0.800s] -- Up-to-date: /home/gh/ros_ws/install/my_robot_interfaces/include/my_robot_interfaces/my_robot_interfaces/srv/set_led.hpp
[0.800s] -- Up-to-date: /home/gh/ros_ws/install/my_robot_interfaces/include/my_robot_interfaces/my_robot_interfaces/srv/compute_rectangle_area.hpp
[0.801s] -- Up-to-date: /home/gh/ros_ws/install/my_robot_interfaces/include/my_robot_interfaces/my_robot_interfaces/srv/detail
[0.801s] -- Up-to-date: /home/gh/ros_ws/install/my_robot_interfaces/include/my_robot_interfaces/my_robot_interfaces/srv/detail/set_led__builder.hpp
[0.801s] -- Up-to-date: /home/gh/ros_ws/install/my_robot_interfaces/include/my_robot_interfaces/my_robot_interfaces/srv/detail/compute_rectangle_area__traits.hpp
[0.801s] -- Up-to-date: /home/gh/ros_ws/install/my_robot_interfaces/include/my_robot_interfaces/my_robot_interfaces/srv/detail/compute_rectangle_area__struct.hpp
[0.801s] -- Up-to-date: /home/gh/ros_ws/install/my_robot_interfaces/include/my_robot_interfaces/my_robot_interfaces/srv/detail/set_led__traits.hpp
[0.801s] -- Up-to-date: /home/gh/ros_ws/install/my_robot_interfaces/include/my_robot_interfaces/my_robot_interfaces/srv/detail/compute_rectangle_area__type_support.hpp
[0.801s] -- Up-to-date: /home/gh/ros_ws/install/my_robot_interfaces/include/my_robot_interfaces/my_robot_interfaces/srv/detail/compute_rectangle_area__builder.hpp
[0.802s] -- Up-to-date: /home/gh/ros_ws/install/my_robot_interfaces/include/my_robot_interfaces/my_robot_interfaces/srv/detail/set_led__type_support.hpp
[0.802s] -- Up-to-date: /home/gh/ros_ws/install/my_robot_interfaces/include/my_robot_interfaces/my_robot_interfaces/srv/detail/set_led__struct.hpp
[0.802s] -- Up-to-date: /home/gh/ros_ws/install/my_robot_interfaces/include/my_robot_interfaces/my_robot_interfaces
[0.802s] -- Up-to-date: /home/gh/ros_ws/install/my_robot_interfaces/include/my_robot_interfaces/my_robot_interfaces/msg
[0.802s] -- Up-to-date: /home/gh/ros_ws/install/my_robot_interfaces/include/my_robot_interfaces/my_robot_interfaces/msg/rosidl_typesupport_fastrtps_cpp__visibility_control.h
[0.802s] -- Up-to-date: /home/gh/ros_ws/install/my_robot_interfaces/include/my_robot_interfaces/my_robot_interfaces/msg/detail
[0.802s] -- Up-to-date: /home/gh/ros_ws/install/my_robot_interfaces/include/my_robot_interfaces/my_robot_interfaces/msg/detail/hardware_status__rosidl_typesupport_fastrtps_cpp.hpp
[0.803s] -- Up-to-date: /home/gh/ros_ws/install/my_robot_interfaces/include/my_robot_interfaces/my_robot_interfaces/msg/detail/dds_fastrtps
[0.803s] -- Up-to-date: /home/gh/ros_ws/install/my_robot_interfaces/include/my_robot_interfaces/my_robot_interfaces/msg/detail/led_state_array__rosidl_typesupport_fastrtps_cpp.hpp
[0.803s] -- Up-to-date: /home/gh/ros_ws/install/my_robot_interfaces/include/my_robot_interfaces/my_robot_interfaces/srv
[0.803s] -- Up-to-date: /home/gh/ros_ws/install/my_robot_interfaces/include/my_robot_interfaces/my_robot_interfaces/srv/detail
[0.804s] -- Up-to-date: /home/gh/ros_ws/install/my_robot_interfaces/include/my_robot_interfaces/my_robot_interfaces/srv/detail/dds_fastrtps
[0.804s] -- Up-to-date: /home/gh/ros_ws/install/my_robot_interfaces/include/my_robot_interfaces/my_robot_interfaces/srv/detail/set_led__rosidl_typesupport_fastrtps_cpp.hpp
[0.804s] -- Up-to-date: /home/gh/ros_ws/install/my_robot_interfaces/include/my_robot_interfaces/my_robot_interfaces/srv/detail/compute_rectangle_area__rosidl_typesupport_fastrtps_cpp.hpp
[0.804s] -- Up-to-date: /home/gh/ros_ws/install/my_robot_interfaces/lib/libmy_robot_interfaces__rosidl_typesupport_fastrtps_cpp.so
[0.804s] -- Up-to-date: /home/gh/ros_ws/install/my_robot_interfaces/include/my_robot_interfaces/my_robot_interfaces
[0.804s] -- Up-to-date: /home/gh/ros_ws/install/my_robot_interfaces/include/my_robot_interfaces/my_robot_interfaces/msg
[0.804s] -- Up-to-date: /home/gh/ros_ws/install/my_robot_interfaces/include/my_robot_interfaces/my_robot_interfaces/msg/detail
[0.805s] -- Up-to-date: /home/gh/ros_ws/install/my_robot_interfaces/include/my_robot_interfaces/my_robot_interfaces/msg/detail/hardware_status__rosidl_typesupport_introspection_cpp.hpp
[0.805s] -- Up-to-date: /home/gh/ros_ws/install/my_robot_interfaces/include/my_robot_interfaces/my_robot_interfaces/msg/detail/led_state_array__type_support.cpp
[0.805s] -- Up-to-date: /home/gh/ros_ws/install/my_robot_interfaces/include/my_robot_interfaces/my_robot_interfaces/msg/detail/hardware_status__type_support.cpp
[0.805s] -- Up-to-date: /home/gh/ros_ws/install/my_robot_interfaces/include/my_robot_interfaces/my_robot_interfaces/msg/detail/led_state_array__rosidl_typesupport_introspection_cpp.hpp
[0.805s] -- Up-to-date: /home/gh/ros_ws/install/my_robot_interfaces/include/my_robot_interfaces/my_robot_interfaces/srv
[0.805s] -- Up-to-date: /home/gh/ros_ws/install/my_robot_interfaces/include/my_robot_interfaces/my_robot_interfaces/srv/detail
[0.806s] -- Up-to-date: /home/gh/ros_ws/install/my_robot_interfaces/include/my_robot_interfaces/my_robot_interfaces/srv/detail/set_led__type_support.cpp
[0.806s] -- Up-to-date: /home/gh/ros_ws/install/my_robot_interfaces/include/my_robot_interfaces/my_robot_interfaces/srv/detail/set_led__rosidl_typesupport_introspection_cpp.hpp
[0.806s] -- Up-to-date: /home/gh/ros_ws/install/my_robot_interfaces/include/my_robot_interfaces/my_robot_interfaces/srv/detail/compute_rectangle_area__rosidl_typesupport_introspection_cpp.hpp
[0.806s] -- Up-to-date: /home/gh/ros_ws/install/my_robot_interfaces/include/my_robot_interfaces/my_robot_interfaces/srv/detail/compute_rectangle_area__type_support.cpp
[0.806s] -- Up-to-date: /home/gh/ros_ws/install/my_robot_interfaces/lib/libmy_robot_interfaces__rosidl_typesupport_introspection_cpp.so
[0.806s] -- Up-to-date: /home/gh/ros_ws/install/my_robot_interfaces/lib/libmy_robot_interfaces__rosidl_typesupport_cpp.so
[0.806s] -- Up-to-date: /home/gh/ros_ws/install/my_robot_interfaces/share/my_robot_interfaces/environment/pythonpath.sh
[0.807s] -- Up-to-date: /home/gh/ros_ws/install/my_robot_interfaces/share/my_robot_interfaces/environment/pythonpath.dsv
[0.807s] -- Up-to-date: /home/gh/ros_ws/install/my_robot_interfaces/lib/python3.12/site-packages/my_robot_interfaces-0.0.0-py3.12.egg-info
[0.807s] -- Installing: /home/gh/ros_ws/install/my_robot_interfaces/lib/python3.12/site-packages/my_robot_interfaces-0.0.0-py3.12.egg-info/top_level.txt
[0.807s] -- Installing: /home/gh/ros_ws/install/my_robot_interfaces/lib/python3.12/site-packages/my_robot_interfaces-0.0.0-py3.12.egg-info/SOURCES.txt
[0.807s] -- Installing: /home/gh/ros_ws/install/my_robot_interfaces/lib/python3.12/site-packages/my_robot_interfaces-0.0.0-py3.12.egg-info/PKG-INFO
[0.807s] -- Installing: /home/gh/ros_ws/install/my_robot_interfaces/lib/python3.12/site-packages/my_robot_interfaces-0.0.0-py3.12.egg-info/dependency_links.txt
[0.807s] -- Up-to-date: /home/gh/ros_ws/install/my_robot_interfaces/lib/python3.12/site-packages/my_robot_interfaces
[0.807s] -- Up-to-date: /home/gh/ros_ws/install/my_robot_interfaces/lib/python3.12/site-packages/my_robot_interfaces/msg
[0.807s] -- Up-to-date: /home/gh/ros_ws/install/my_robot_interfaces/lib/python3.12/site-packages/my_robot_interfaces/msg/__init__.py
[0.807s] -- Up-to-date: /home/gh/ros_ws/install/my_robot_interfaces/lib/python3.12/site-packages/my_robot_interfaces/msg/_led_state_array_s.c
[0.807s] -- Up-to-date: /home/gh/ros_ws/install/my_robot_interfaces/lib/python3.12/site-packages/my_robot_interfaces/msg/_hardware_status.py
[0.807s] -- Up-to-date: /home/gh/ros_ws/install/my_robot_interfaces/lib/python3.12/site-packages/my_robot_interfaces/msg/_hardware_status_s.c
[0.808s] -- Up-to-date: /home/gh/ros_ws/install/my_robot_interfaces/lib/python3.12/site-packages/my_robot_interfaces/msg/_led_state_array.py
[0.808s] -- Up-to-date: /home/gh/ros_ws/install/my_robot_interfaces/lib/python3.12/site-packages/my_robot_interfaces/__init__.py
[0.808s] -- Up-to-date: /home/gh/ros_ws/install/my_robot_interfaces/lib/python3.12/site-packages/my_robot_interfaces/_my_robot_interfaces_s.ep.rosidl_typesupport_c.c
[0.808s] -- Up-to-date: /home/gh/ros_ws/install/my_robot_interfaces/lib/python3.12/site-packages/my_robot_interfaces/my_robot_interfaces_s__rosidl_typesupport_c.so
[0.808s] -- Up-to-date: /home/gh/ros_ws/install/my_robot_interfaces/lib/python3.12/site-packages/my_robot_interfaces/my_robot_interfaces_s__rosidl_typesupport_fastrtps_c.so
[0.808s] -- Up-to-date: /home/gh/ros_ws/install/my_robot_interfaces/lib/python3.12/site-packages/my_robot_interfaces/_my_robot_interfaces_s.ep.rosidl_typesupport_fastrtps_c.c
[0.808s] -- Up-to-date: /home/gh/ros_ws/install/my_robot_interfaces/lib/python3.12/site-packages/my_robot_interfaces/my_robot_interfaces_s__rosidl_typesupport_introspection_c.so
[0.808s] -- Up-to-date: /home/gh/ros_ws/install/my_robot_interfaces/lib/python3.12/site-packages/my_robot_interfaces/_my_robot_interfaces_s.ep.rosidl_typesupport_introspection_c.c
[0.808s] -- Up-to-date: /home/gh/ros_ws/install/my_robot_interfaces/lib/python3.12/site-packages/my_robot_interfaces/srv
[0.808s] -- Up-to-date: /home/gh/ros_ws/install/my_robot_interfaces/lib/python3.12/site-packages/my_robot_interfaces/srv/__init__.py
[0.808s] -- Up-to-date: /home/gh/ros_ws/install/my_robot_interfaces/lib/python3.12/site-packages/my_robot_interfaces/srv/_set_led_s.c
[0.809s] -- Up-to-date: /home/gh/ros_ws/install/my_robot_interfaces/lib/python3.12/site-packages/my_robot_interfaces/srv/_set_led.py
[0.809s] -- Up-to-date: /home/gh/ros_ws/install/my_robot_interfaces/lib/python3.12/site-packages/my_robot_interfaces/srv/_compute_rectangle_area_s.c
[0.809s] -- Up-to-date: /home/gh/ros_ws/install/my_robot_interfaces/lib/python3.12/site-packages/my_robot_interfaces/srv/_compute_rectangle_area.py
[0.854s] Listing '/home/gh/ros_ws/install/my_robot_interfaces/lib/python3.12/site-packages/my_robot_interfaces'...
[0.854s] Listing '/home/gh/ros_ws/install/my_robot_interfaces/lib/python3.12/site-packages/my_robot_interfaces/msg'...
[0.854s] Listing '/home/gh/ros_ws/install/my_robot_interfaces/lib/python3.12/site-packages/my_robot_interfaces/srv'...
[0.861s] -- Up-to-date: /home/gh/ros_ws/install/my_robot_interfaces/lib/python3.12/site-packages/my_robot_interfaces/my_robot_interfaces_s__rosidl_typesupport_fastrtps_c.so
[0.862s] -- Up-to-date: /home/gh/ros_ws/install/my_robot_interfaces/lib/python3.12/site-packages/my_robot_interfaces/my_robot_interfaces_s__rosidl_typesupport_introspection_c.so
[0.863s] -- Up-to-date: /home/gh/ros_ws/install/my_robot_interfaces/lib/python3.12/site-packages/my_robot_interfaces/my_robot_interfaces_s__rosidl_typesupport_c.so
[0.863s] -- Up-to-date: /home/gh/ros_ws/install/my_robot_interfaces/lib/libmy_robot_interfaces__rosidl_generator_py.so
[0.864s] -- Up-to-date: /home/gh/ros_ws/install/my_robot_interfaces/share/my_robot_interfaces/msg/HardwareStatus.idl
[0.864s] -- Up-to-date: /home/gh/ros_ws/install/my_robot_interfaces/share/my_robot_interfaces/msg/LedStateArray.idl
[0.865s] -- Up-to-date: /home/gh/ros_ws/install/my_robot_interfaces/share/my_robot_interfaces/srv/ComputeRectangleArea.idl
[0.865s] -- Up-to-date: /home/gh/ros_ws/install/my_robot_interfaces/share/my_robot_interfaces/srv/SetLed.idl
[0.865s] -- Up-to-date: /home/gh/ros_ws/install/my_robot_interfaces/share/my_robot_interfaces/msg/HardwareStatus.msg
[0.865s] -- Up-to-date: /home/gh/ros_ws/install/my_robot_interfaces/share/my_robot_interfaces/msg/LedStateArray.msg
[0.866s] -- Up-to-date: /home/gh/ros_ws/install/my_robot_interfaces/share/my_robot_interfaces/srv/ComputeRectangleArea.srv
[0.866s] -- Up-to-date: /home/gh/ros_ws/install/my_robot_interfaces/share/my_robot_interfaces/srv/SetLed.srv
[0.866s] -- Up-to-date: /home/gh/ros_ws/install/my_robot_interfaces/share/ament_index/resource_index/package_run_dependencies/my_robot_interfaces
[0.866s] -- Up-to-date: /home/gh/ros_ws/install/my_robot_interfaces/share/ament_index/resource_index/parent_prefix_path/my_robot_interfaces
[0.866s] -- Up-to-date: /home/gh/ros_ws/install/my_robot_interfaces/share/my_robot_interfaces/environment/ament_prefix_path.sh
[0.866s] -- Up-to-date: /home/gh/ros_ws/install/my_robot_interfaces/share/my_robot_interfaces/environment/ament_prefix_path.dsv
[0.867s] -- Up-to-date: /home/gh/ros_ws/install/my_robot_interfaces/share/my_robot_interfaces/environment/path.sh
[0.867s] -- Up-to-date: /home/gh/ros_ws/install/my_robot_interfaces/share/my_robot_interfaces/environment/path.dsv
[0.867s] -- Up-to-date: /home/gh/ros_ws/install/my_robot_interfaces/share/my_robot_interfaces/local_setup.bash
[0.867s] -- Up-to-date: /home/gh/ros_ws/install/my_robot_interfaces/share/my_robot_interfaces/local_setup.sh
[0.867s] -- Up-to-date: /home/gh/ros_ws/install/my_robot_interfaces/share/my_robot_interfaces/local_setup.zsh
[0.868s] -- Up-to-date: /home/gh/ros_ws/install/my_robot_interfaces/share/my_robot_interfaces/local_setup.dsv
[0.868s] -- Installing: /home/gh/ros_ws/install/my_robot_interfaces/share/my_robot_interfaces/package.dsv
[0.868s] -- Up-to-date: /home/gh/ros_ws/install/my_robot_interfaces/share/ament_index/resource_index/packages/my_robot_interfaces
[0.868s] -- Up-to-date: /home/gh/ros_ws/install/my_robot_interfaces/share/my_robot_interfaces/cmake/export_my_robot_interfaces__rosidl_generator_cExport.cmake
[0.868s] -- Up-to-date: /home/gh/ros_ws/install/my_robot_interfaces/share/my_robot_interfaces/cmake/export_my_robot_interfaces__rosidl_generator_cExport-noconfig.cmake
[0.869s] -- Up-to-date: /home/gh/ros_ws/install/my_robot_interfaces/share/my_robot_interfaces/cmake/export_my_robot_interfaces__rosidl_typesupport_fastrtps_cExport.cmake
[0.869s] -- Up-to-date: /home/gh/ros_ws/install/my_robot_interfaces/share/my_robot_interfaces/cmake/export_my_robot_interfaces__rosidl_typesupport_fastrtps_cExport-noconfig.cmake
[0.869s] -- Up-to-date: /home/gh/ros_ws/install/my_robot_interfaces/share/my_robot_interfaces/cmake/my_robot_interfaces__rosidl_typesupport_introspection_cExport.cmake
[0.869s] -- Up-to-date: /home/gh/ros_ws/install/my_robot_interfaces/share/my_robot_interfaces/cmake/my_robot_interfaces__rosidl_typesupport_introspection_cExport-noconfig.cmake
[0.869s] -- Up-to-date: /home/gh/ros_ws/install/my_robot_interfaces/share/my_robot_interfaces/cmake/my_robot_interfaces__rosidl_typesupport_cExport.cmake
[0.870s] -- Up-to-date: /home/gh/ros_ws/install/my_robot_interfaces/share/my_robot_interfaces/cmake/my_robot_interfaces__rosidl_typesupport_cExport-noconfig.cmake
[0.870s] -- Up-to-date: /home/gh/ros_ws/install/my_robot_interfaces/share/my_robot_interfaces/cmake/export_my_robot_interfaces__rosidl_generator_cppExport.cmake
[0.870s] -- Up-to-date: /home/gh/ros_ws/install/my_robot_interfaces/share/my_robot_interfaces/cmake/export_my_robot_interfaces__rosidl_typesupport_fastrtps_cppExport.cmake
[0.870s] -- Up-to-date: /home/gh/ros_ws/install/my_robot_interfaces/share/my_robot_interfaces/cmake/export_my_robot_interfaces__rosidl_typesupport_fastrtps_cppExport-noconfig.cmake
[0.870s] -- Up-to-date: /home/gh/ros_ws/install/my_robot_interfaces/share/my_robot_interfaces/cmake/my_robot_interfaces__rosidl_typesupport_introspection_cppExport.cmake
[0.871s] -- Up-to-date: /home/gh/ros_ws/install/my_robot_interfaces/share/my_robot_interfaces/cmake/my_robot_interfaces__rosidl_typesupport_introspection_cppExport-noconfig.cmake
[0.871s] -- Up-to-date: /home/gh/ros_ws/install/my_robot_interfaces/share/my_robot_interfaces/cmake/my_robot_interfaces__rosidl_typesupport_cppExport.cmake
[0.871s] -- Up-to-date: /home/gh/ros_ws/install/my_robot_interfaces/share/my_robot_interfaces/cmake/my_robot_interfaces__rosidl_typesupport_cppExport-noconfig.cmake
[0.871s] -- Up-to-date: /home/gh/ros_ws/install/my_robot_interfaces/share/my_robot_interfaces/cmake/export_my_robot_interfaces__rosidl_generator_pyExport.cmake
[0.871s] -- Up-to-date: /home/gh/ros_ws/install/my_robot_interfaces/share/my_robot_interfaces/cmake/export_my_robot_interfaces__rosidl_generator_pyExport-noconfig.cmake
[0.871s] -- Up-to-date: /home/gh/ros_ws/install/my_robot_interfaces/share/my_robot_interfaces/cmake/rosidl_cmake-extras.cmake
[0.871s] -- Up-to-date: /home/gh/ros_ws/install/my_robot_interfaces/share/my_robot_interfaces/cmake/ament_cmake_export_dependencies-extras.cmake
[0.872s] -- Up-to-date: /home/gh/ros_ws/install/my_robot_interfaces/share/my_robot_interfaces/cmake/ament_cmake_export_include_directories-extras.cmake
[0.872s] -- Up-to-date: /home/gh/ros_ws/install/my_robot_interfaces/share/my_robot_interfaces/cmake/ament_cmake_export_libraries-extras.cmake
[0.872s] -- Up-to-date: /home/gh/ros_ws/install/my_robot_interfaces/share/my_robot_interfaces/cmake/ament_cmake_export_targets-extras.cmake
[0.872s] -- Up-to-date: /home/gh/ros_ws/install/my_robot_interfaces/share/my_robot_interfaces/cmake/rosidl_cmake_export_typesupport_targets-extras.cmake
[0.872s] -- Up-to-date: /home/gh/ros_ws/install/my_robot_interfaces/share/my_robot_interfaces/cmake/rosidl_cmake_export_typesupport_libraries-extras.cmake
[0.872s] -- Up-to-date: /home/gh/ros_ws/install/my_robot_interfaces/share/my_robot_interfaces/cmake/my_robot_interfacesConfig.cmake
[0.872s] -- Up-to-date: /home/gh/ros_ws/install/my_robot_interfaces/share/my_robot_interfaces/cmake/my_robot_interfacesConfig-version.cmake
[0.872s] -- Up-to-date: /home/gh/ros_ws/install/my_robot_interfaces/share/my_robot_interfaces/package.xml
[0.874s] Invoked command in '/home/gh/ros_ws/build/my_robot_interfaces' returned '0': CMAKE_PREFIX_PATH=${CMAKE_PREFIX_PATH}:/home/gh/ros_ws/install/pypkg:/home/gh/ros_ws/install/my_py_pkg:/opt/ros/jazzy DEBUGINFOD_URLS=https://debuginfod.ubuntu.com /usr/bin/cmake --install /home/gh/ros_ws/build/my_robot_interfaces
