[0.046s] Invoking command in '/home/gh/ros_ws/build/my_cpp_pkg': CMAKE_PREFIX_PATH=/home/gh/ros_ws/install/my_robot_interfaces:/home/gh/ros_ws/install/my_robot_bringup:/home/gh/ros_ws/install/my_cpp_pkg:/home/gh/ros_ws/install/cpppkg:/opt/ros/jazzy/opt/gz_math_vendor:/opt/ros/jazzy/opt/gz_utils_vendor:/opt/ros/jazzy/opt/gz_cmake_vendor:/home/gh/ros_ws/install/pypkg:/home/gh/ros_ws/install/my_py_pkg:/opt/ros/jazzy DEBUGINFOD_URLS=https://debuginfod.ubuntu.com PYTHONPATH=/home/gh/ros_ws/install/my_robot_interfaces/lib/python3.12/site-packages:/home/gh/ros_ws/install/pypkg/lib/python3.12/site-packages:/home/gh/ros_ws/install/my_py_pkg/lib/python3.12/site-packages:/opt/ros/jazzy/lib/python3.12/site-packages /usr/bin/cmake --build /home/gh/ros_ws/build/my_cpp_pkg -- -j8 -l8
[0.242s] [  9%] Built target add_two_ints_client
[0.262s] [ 18%] Built target smartphone
[0.266s] [ 27%] Built target add_two_ints_server
[0.270s] [ 36%] Built target cpp_node
[0.280s] [ 45%] Built target add_two_ints_client_no_oop
[0.280s] [ 54%] Built target number_publisher
[0.283s] [ 63%] Built target number_counter
[0.285s] [ 72%] Built target robot_news_station
[0.333s] [ 81%] Built target hw_status_publisher
[0.337s] [ 90%] Built target led_panel
[0.339s] [100%] Built target battery
[0.556s] Invoked command in '/home/gh/ros_ws/build/my_cpp_pkg' returned '0': CMAKE_PREFIX_PATH=/home/gh/ros_ws/install/my_robot_interfaces:/home/gh/ros_ws/install/my_robot_bringup:/home/gh/ros_ws/install/my_cpp_pkg:/home/gh/ros_ws/install/cpppkg:/opt/ros/jazzy/opt/gz_math_vendor:/opt/ros/jazzy/opt/gz_utils_vendor:/opt/ros/jazzy/opt/gz_cmake_vendor:/home/gh/ros_ws/install/pypkg:/home/gh/ros_ws/install/my_py_pkg:/opt/ros/jazzy DEBUGINFOD_URLS=https://debuginfod.ubuntu.com PYTHONPATH=/home/gh/ros_ws/install/my_robot_interfaces/lib/python3.12/site-packages:/home/gh/ros_ws/install/pypkg/lib/python3.12/site-packages:/home/gh/ros_ws/install/my_py_pkg/lib/python3.12/site-packages:/opt/ros/jazzy/lib/python3.12/site-packages /usr/bin/cmake --build /home/gh/ros_ws/build/my_cpp_pkg -- -j8 -l8
[0.557s] Invoking command in '/home/gh/ros_ws/build/my_cpp_pkg': CMAKE_PREFIX_PATH=/home/gh/ros_ws/install/my_robot_interfaces:/home/gh/ros_ws/install/my_robot_bringup:/home/gh/ros_ws/install/my_cpp_pkg:/home/gh/ros_ws/install/cpppkg:/opt/ros/jazzy/opt/gz_math_vendor:/opt/ros/jazzy/opt/gz_utils_vendor:/opt/ros/jazzy/opt/gz_cmake_vendor:/home/gh/ros_ws/install/pypkg:/home/gh/ros_ws/install/my_py_pkg:/opt/ros/jazzy DEBUGINFOD_URLS=https://debuginfod.ubuntu.com PYTHONPATH=/home/gh/ros_ws/install/my_robot_interfaces/lib/python3.12/site-packages:/home/gh/ros_ws/install/pypkg/lib/python3.12/site-packages:/home/gh/ros_ws/install/my_py_pkg/lib/python3.12/site-packages:/opt/ros/jazzy/lib/python3.12/site-packages /usr/bin/cmake --install /home/gh/ros_ws/build/my_cpp_pkg
[0.569s] -- Install configuration: ""
[0.570s] -- Up-to-date: /home/gh/ros_ws/install/my_cpp_pkg/lib/my_cpp_pkg/cpp_node
[0.570s] -- Up-to-date: /home/gh/ros_ws/install/my_cpp_pkg/lib/my_cpp_pkg/robot_news_station
[0.571s] -- Up-to-date: /home/gh/ros_ws/install/my_cpp_pkg/lib/my_cpp_pkg/smartphone
[0.572s] -- Up-to-date: /home/gh/ros_ws/install/my_cpp_pkg/lib/my_cpp_pkg/number_publisher
[0.573s] -- Up-to-date: /home/gh/ros_ws/install/my_cpp_pkg/lib/my_cpp_pkg/number_counter
[0.574s] -- Up-to-date: /home/gh/ros_ws/install/my_cpp_pkg/lib/my_cpp_pkg/add_two_ints_server
[0.574s] -- Up-to-date: /home/gh/ros_ws/install/my_cpp_pkg/lib/my_cpp_pkg/add_two_ints_client_no_oop
[0.575s] -- Up-to-date: /home/gh/ros_ws/install/my_cpp_pkg/lib/my_cpp_pkg/add_two_ints_client
[0.576s] -- Up-to-date: /home/gh/ros_ws/install/my_cpp_pkg/lib/my_cpp_pkg/hw_status_publisher
[0.576s] -- Up-to-date: /home/gh/ros_ws/install/my_cpp_pkg/lib/my_cpp_pkg/led_panel
[0.577s] -- Up-to-date: /home/gh/ros_ws/install/my_cpp_pkg/lib/my_cpp_pkg/battery
[0.578s] -- Up-to-date: /home/gh/ros_ws/install/my_cpp_pkg/share/ament_index/resource_index/package_run_dependencies/my_cpp_pkg
[0.578s] -- Up-to-date: /home/gh/ros_ws/install/my_cpp_pkg/share/ament_index/resource_index/parent_prefix_path/my_cpp_pkg
[0.578s] -- Up-to-date: /home/gh/ros_ws/install/my_cpp_pkg/share/my_cpp_pkg/environment/ament_prefix_path.sh
[0.578s] -- Up-to-date: /home/gh/ros_ws/install/my_cpp_pkg/share/my_cpp_pkg/environment/ament_prefix_path.dsv
[0.579s] -- Up-to-date: /home/gh/ros_ws/install/my_cpp_pkg/share/my_cpp_pkg/environment/path.sh
[0.579s] -- Up-to-date: /home/gh/ros_ws/install/my_cpp_pkg/share/my_cpp_pkg/environment/path.dsv
[0.579s] -- Up-to-date: /home/gh/ros_ws/install/my_cpp_pkg/share/my_cpp_pkg/local_setup.bash
[0.579s] -- Up-to-date: /home/gh/ros_ws/install/my_cpp_pkg/share/my_cpp_pkg/local_setup.sh
[0.579s] -- Up-to-date: /home/gh/ros_ws/install/my_cpp_pkg/share/my_cpp_pkg/local_setup.zsh
[0.580s] -- Up-to-date: /home/gh/ros_ws/install/my_cpp_pkg/share/my_cpp_pkg/local_setup.dsv
[0.580s] -- Installing: /home/gh/ros_ws/install/my_cpp_pkg/share/my_cpp_pkg/package.dsv
[0.581s] -- Up-to-date: /home/gh/ros_ws/install/my_cpp_pkg/share/ament_index/resource_index/packages/my_cpp_pkg
[0.581s] -- Up-to-date: /home/gh/ros_ws/install/my_cpp_pkg/share/my_cpp_pkg/cmake/my_cpp_pkgConfig.cmake
[0.581s] -- Up-to-date: /home/gh/ros_ws/install/my_cpp_pkg/share/my_cpp_pkg/cmake/my_cpp_pkgConfig-version.cmake
[0.582s] -- Up-to-date: /home/gh/ros_ws/install/my_cpp_pkg/share/my_cpp_pkg/package.xml
[0.584s] Invoked command in '/home/gh/ros_ws/build/my_cpp_pkg' returned '0': CMAKE_PREFIX_PATH=/home/gh/ros_ws/install/my_robot_interfaces:/home/gh/ros_ws/install/my_robot_bringup:/home/gh/ros_ws/install/my_cpp_pkg:/home/gh/ros_ws/install/cpppkg:/opt/ros/jazzy/opt/gz_math_vendor:/opt/ros/jazzy/opt/gz_utils_vendor:/opt/ros/jazzy/opt/gz_cmake_vendor:/home/gh/ros_ws/install/pypkg:/home/gh/ros_ws/install/my_py_pkg:/opt/ros/jazzy DEBUGINFOD_URLS=https://debuginfod.ubuntu.com PYTHONPATH=/home/gh/ros_ws/install/my_robot_interfaces/lib/python3.12/site-packages:/home/gh/ros_ws/install/pypkg/lib/python3.12/site-packages:/home/gh/ros_ws/install/my_py_pkg/lib/python3.12/site-packages:/opt/ros/jazzy/lib/python3.12/site-packages /usr/bin/cmake --install /home/gh/ros_ws/build/my_cpp_pkg
