-- Found ament_cmake: 2.5.3 (/opt/ros/jazzy/share/ament_cmake/cmake)
-- Found rclcpp: 28.1.8 (/opt/ros/jazzy/share/rclcpp/cmake)
-- Found rosidl_generator_c: 4.6.5 (/opt/ros/jazzy/share/rosidl_generator_c/cmake)
-- Found rosidl_generator_cpp: 4.6.5 (/opt/ros/jazzy/share/rosidl_generator_cpp/cmake)
-- Using all available rosidl_typesupport_c: rosidl_typesupport_fastrtps_c;rosidl_typesupport_introspection_c
-- Using all available rosidl_typesupport_cpp: rosidl_typesupport_fastrtps_cpp;rosidl_typesupport_introspection_cpp
-- Found rmw_implementation_cmake: 7.3.2 (/opt/ros/jazzy/share/rmw_implementation_cmake/cmake)
-- Found rmw_fastrtps_cpp: 8.4.2 (/opt/ros/jazzy/share/rmw_fastrtps_cpp/cmake)
-- Using RMW implementation 'rmw_fastrtps_cpp' as default
-- Configuring done (0.7s)
-- Generating done (0.0s)
-- Build files have been written to: /home/gh/ros_ws/build/cpppkg
[ 50%] [32mBuilding CXX object CMakeFiles/cpp_node.dir/src/firstnode.cpp.o[0m
[100%] [32m[1mLinking CXX executable cpp_node[0m
[100%] Built target cpp_node
-- Install configuration: ""
-- Installing: /home/gh/ros_ws/install/cpppkg/lib/cpppkg/cpp_node
-- Set non-toolchain portion of runtime path of "/home/gh/ros_ws/install/cpppkg/lib/cpppkg/cpp_node" to ""
-- Up-to-date: /home/gh/ros_ws/install/cpppkg/share/ament_index/resource_index/package_run_dependencies/cpppkg
-- Up-to-date: /home/gh/ros_ws/install/cpppkg/share/ament_index/resource_index/parent_prefix_path/cpppkg
-- Up-to-date: /home/gh/ros_ws/install/cpppkg/share/cpppkg/environment/ament_prefix_path.sh
-- Up-to-date: /home/gh/ros_ws/install/cpppkg/share/cpppkg/environment/ament_prefix_path.dsv
-- Up-to-date: /home/gh/ros_ws/install/cpppkg/share/cpppkg/environment/path.sh
-- Up-to-date: /home/gh/ros_ws/install/cpppkg/share/cpppkg/environment/path.dsv
-- Up-to-date: /home/gh/ros_ws/install/cpppkg/share/cpppkg/local_setup.bash
-- Up-to-date: /home/gh/ros_ws/install/cpppkg/share/cpppkg/local_setup.sh
-- Up-to-date: /home/gh/ros_ws/install/cpppkg/share/cpppkg/local_setup.zsh
-- Up-to-date: /home/gh/ros_ws/install/cpppkg/share/cpppkg/local_setup.dsv
-- Installing: /home/gh/ros_ws/install/cpppkg/share/cpppkg/package.dsv
-- Up-to-date: /home/gh/ros_ws/install/cpppkg/share/ament_index/resource_index/packages/cpppkg
-- Up-to-date: /home/gh/ros_ws/install/cpppkg/share/cpppkg/cmake/cpppkgConfig.cmake
-- Up-to-date: /home/gh/ros_ws/install/cpppkg/share/cpppkg/cmake/cpppkgConfig-version.cmake
-- Up-to-date: /home/gh/ros_ws/install/cpppkg/share/cpppkg/package.xml
