[0.019s] Invoking command in '/home/gh/ros_ws/build/cpppkg': CMAKE_PREFIX_PATH=${CMAKE_PREFIX_PATH}:/opt/ros/jazzy DEBUGINFOD_URLS=https://debuginfod.ubuntu.com /usr/bin/cmake --build /home/gh/ros_ws/build/cpppkg -- -j8 -l8
[0.050s] -- Found ament_cmake: 2.5.3 (/opt/ros/jazzy/share/ament_cmake/cmake)
[0.297s] -- Found rclcpp: 28.1.8 (/opt/ros/jazzy/share/rclcpp/cmake)
[0.333s] -- Found rosidl_generator_c: 4.6.5 (/opt/ros/jazzy/share/rosidl_generator_c/cmake)
[0.344s] -- Found rosidl_generator_cpp: 4.6.5 (/opt/ros/jazzy/share/rosidl_generator_cpp/cmake)
[0.358s] -- Using all available rosidl_typesupport_c: rosidl_typesupport_fastrtps_c;rosidl_typesupport_introspection_c
[0.375s] -- Using all available rosidl_typesupport_cpp: rosidl_typesupport_fastrtps_cpp;rosidl_typesupport_introspection_cpp
[0.452s] -- Found rmw_implementation_cmake: 7.3.2 (/opt/ros/jazzy/share/rmw_implementation_cmake/cmake)
[0.454s] -- Found rmw_fastrtps_cpp: 8.4.2 (/opt/ros/jazzy/share/rmw_fastrtps_cpp/cmake)
[0.538s] -- Using RMW implementation 'rmw_fastrtps_cpp' as default
[0.720s] -- Configuring done (0.7s)
[0.733s] -- Generating done (0.0s)
[0.738s] -- Build files have been written to: /home/gh/ros_ws/build/cpppkg
[0.778s] [ 50%] [32mBuilding CXX object CMakeFiles/cpp_node.dir/src/firstnode.cpp.o[0m
[4.505s] [100%] [32m[1mLinking CXX executable cpp_node[0m
[4.752s] [100%] Built target cpp_node
[4.767s] Invoked command in '/home/gh/ros_ws/build/cpppkg' returned '0': CMAKE_PREFIX_PATH=${CMAKE_PREFIX_PATH}:/opt/ros/jazzy DEBUGINFOD_URLS=https://debuginfod.ubuntu.com /usr/bin/cmake --build /home/gh/ros_ws/build/cpppkg -- -j8 -l8
[4.780s] Invoking command in '/home/gh/ros_ws/build/cpppkg': CMAKE_PREFIX_PATH=${CMAKE_PREFIX_PATH}:/opt/ros/jazzy DEBUGINFOD_URLS=https://debuginfod.ubuntu.com /usr/bin/cmake --install /home/gh/ros_ws/build/cpppkg
[4.790s] -- Install configuration: ""
[4.791s] -- Installing: /home/gh/ros_ws/install/cpppkg/lib/cpppkg/cpp_node
[4.792s] -- Set non-toolchain portion of runtime path of "/home/gh/ros_ws/install/cpppkg/lib/cpppkg/cpp_node" to ""
[4.792s] -- Up-to-date: /home/gh/ros_ws/install/cpppkg/share/ament_index/resource_index/package_run_dependencies/cpppkg
[4.792s] -- Up-to-date: /home/gh/ros_ws/install/cpppkg/share/ament_index/resource_index/parent_prefix_path/cpppkg
[4.792s] -- Up-to-date: /home/gh/ros_ws/install/cpppkg/share/cpppkg/environment/ament_prefix_path.sh
[4.792s] -- Up-to-date: /home/gh/ros_ws/install/cpppkg/share/cpppkg/environment/ament_prefix_path.dsv
[4.792s] -- Up-to-date: /home/gh/ros_ws/install/cpppkg/share/cpppkg/environment/path.sh
[4.793s] -- Up-to-date: /home/gh/ros_ws/install/cpppkg/share/cpppkg/environment/path.dsv
[4.793s] -- Up-to-date: /home/gh/ros_ws/install/cpppkg/share/cpppkg/local_setup.bash
[4.793s] -- Up-to-date: /home/gh/ros_ws/install/cpppkg/share/cpppkg/local_setup.sh
[4.793s] -- Up-to-date: /home/gh/ros_ws/install/cpppkg/share/cpppkg/local_setup.zsh
[4.793s] -- Up-to-date: /home/gh/ros_ws/install/cpppkg/share/cpppkg/local_setup.dsv
[4.793s] -- Installing: /home/gh/ros_ws/install/cpppkg/share/cpppkg/package.dsv
[4.793s] -- Up-to-date: /home/gh/ros_ws/install/cpppkg/share/ament_index/resource_index/packages/cpppkg
[4.793s] -- Up-to-date: /home/gh/ros_ws/install/cpppkg/share/cpppkg/cmake/cpppkgConfig.cmake
[4.793s] -- Up-to-date: /home/gh/ros_ws/install/cpppkg/share/cpppkg/cmake/cpppkgConfig-version.cmake
[4.793s] -- Up-to-date: /home/gh/ros_ws/install/cpppkg/share/cpppkg/package.xml
[4.795s] Invoked command in '/home/gh/ros_ws/build/cpppkg' returned '0': CMAKE_PREFIX_PATH=${CMAKE_PREFIX_PATH}:/opt/ros/jazzy DEBUGINFOD_URLS=https://debuginfod.ubuntu.com /usr/bin/cmake --install /home/gh/ros_ws/build/cpppkg
