[  1%] Built target my_robot_interfaces__rosidl_generator_type_description
[  1%] Built target ament_cmake_python_copy_my_robot_interfaces
[  3%] Built target my_robot_interfaces__cpp
[ 25%] Built target my_robot_interfaces__rosidl_generator_c
[ 34%] Built target my_robot_interfaces__rosidl_typesupport_cpp
[ 50%] Built target my_robot_interfaces__rosidl_typesupport_introspection_c
[ 53%] Built target my_robot_interfaces__rosidl_typesupport_introspection_cpp
[ 62%] Built target my_robot_interfaces__rosidl_typesupport_c
[ 71%] Built target my_robot_interfaces__rosidl_typesupport_fastrtps_cpp
[ 81%] Built target my_robot_interfaces__rosidl_typesupport_fastrtps_c
[ 81%] Built target my_robot_interfaces
[ 82%] Built target my_robot_interfaces__py
[ 90%] Built target my_robot_interfaces__rosidl_generator_py
[100%] Built target my_robot_interfaces_s__rosidl_typesupport_c
[100%] Built target my_robot_interfaces_s__rosidl_typesupport_fastrtps_c
[100%] Built target my_robot_interfaces_s__rosidl_typesupport_introspection_c
running egg_info
writing my_robot_interfaces.egg-info/PKG-INFO
writing dependency_links to my_robot_interfaces.egg-info/dependency_links.txt
writing top-level names to my_robot_interfaces.egg-info/top_level.txt
reading manifest file 'my_robot_interfaces.egg-info/SOURCES.txt'
writing manifest file 'my_robot_interfaces.egg-info/SOURCES.txt'
[100%] Built target ament_cmake_python_build_my_robot_interfaces_egg
