-- The C compiler identification is GNU 13.3.0
-- The CXX compiler identification is GNU 13.3.0
-- Detecting C compiler ABI info
-- Detecting C compiler ABI info - done
-- Check for working C compiler: /usr/bin/cc - skipped
-- Detecting C compile features
-- Detecting C compile features - done
-- Detecting CXX compiler ABI info
-- Detecting CXX compiler ABI info - done
-- Check for working CXX compiler: /usr/bin/c++ - skipped
-- Detecting CXX compile features
-- Detecting CXX compile features - done
-- Found ament_cmake: 2.5.3 (/opt/ros/jazzy/share/ament_cmake/cmake)
-- Found Python3: /usr/bin/python3 (found version "3.12.3") found components: Interpreter 
-- Found rosidl_default_generators: 1.6.0 (/opt/ros/jazzy/share/rosidl_default_generators/cmake)
-- Using all available rosidl_typesupport_c: rosidl_typesupport_fastrtps_c;rosidl_typesupport_introspection_c
-- Using all available rosidl_typesupport_cpp: rosidl_typesupport_fastrtps_cpp;rosidl_typesupport_introspection_cpp
-- Found rosidl_adapter: 4.6.5 (/opt/ros/jazzy/share/rosidl_adapter/cmake)
-- Found ament_cmake_ros: 0.12.0 (/opt/ros/jazzy/share/ament_cmake_ros/cmake)
-- Using all available rosidl_typesupport_c: rosidl_typesupport_fastrtps_c;rosidl_typesupport_introspection_c
-- Using all available rosidl_typesupport_cpp: rosidl_typesupport_fastrtps_cpp;rosidl_typesupport_introspection_cpp
-- Found python_cmake_module: 0.11.1 (/opt/ros/jazzy/share/python_cmake_module/cmake)
-- Found PythonExtra: /usr/bin/python3  
-- Found Python3: /usr/bin/python3 (found version "3.12.3") found components: Interpreter Development NumPy Development.Module Development.Embed 
-- Configuring done (4.7s)
-- Generating done (0.0s)
-- Build files have been written to: /home/gh/ros_ws/build/finalprojectinterfaces
[  1%] [34m[1mGenerating type hashes for ROS interfaces[0m
[  1%] Built target ament_cmake_python_copy_finalprojectinterfaces
[  1%] Built target finalprojectinterfaces__rosidl_generator_type_description
[  3%] [34m[1mGenerating C code for ROS interfaces[0m
[  5%] [34m[1mGenerating C++ code for ROS interfaces[0m
running egg_info
creating finalprojectinterfaces.egg-info
writing finalprojectinterfaces.egg-info/PKG-INFO
writing dependency_links to finalprojectinterfaces.egg-info/dependency_links.txt
writing top-level names to finalprojectinterfaces.egg-info/top_level.txt
writing manifest file 'finalprojectinterfaces.egg-info/SOURCES.txt'
reading manifest file 'finalprojectinterfaces.egg-info/SOURCES.txt'
writing manifest file 'finalprojectinterfaces.egg-info/SOURCES.txt'
[  5%] Built target ament_cmake_python_build_finalprojectinterfaces_egg
[  5%] Built target finalprojectinterfaces__cpp
[  7%] [32mBuilding C object CMakeFiles/finalprojectinterfaces__rosidl_generator_c.dir/rosidl_generator_c/finalprojectinterfaces/msg/detail/turtle_array__description.c.o[0m
[  9%] [32mBuilding C object CMakeFiles/finalprojectinterfaces__rosidl_generator_c.dir/rosidl_generator_c/finalprojectinterfaces/msg/detail/turtle__description.c.o[0m
[ 12%] [32mBuilding C object CMakeFiles/finalprojectinterfaces__rosidl_generator_c.dir/rosidl_generator_c/finalprojectinterfaces/msg/detail/turtle_array__functions.c.o[0m
[ 12%] [32mBuilding C object CMakeFiles/finalprojectinterfaces__rosidl_generator_c.dir/rosidl_generator_c/finalprojectinterfaces/msg/detail/turtle_array__type_support.c.o[0m
[ 14%] [32mBuilding C object CMakeFiles/finalprojectinterfaces__rosidl_generator_c.dir/rosidl_generator_c/finalprojectinterfaces/srv/detail/catch_turtle__description.c.o[0m
[ 16%] [32mBuilding C object CMakeFiles/finalprojectinterfaces__rosidl_generator_c.dir/rosidl_generator_c/finalprojectinterfaces/msg/detail/turtle__functions.c.o[0m
[ 18%] [32mBuilding C object CMakeFiles/finalprojectinterfaces__rosidl_generator_c.dir/rosidl_generator_c/finalprojectinterfaces/msg/detail/turtle__type_support.c.o[0m
[ 20%] [32mBuilding C object CMakeFiles/finalprojectinterfaces__rosidl_generator_c.dir/rosidl_generator_c/finalprojectinterfaces/srv/detail/catch_turtle__functions.c.o[0m
[ 22%] [32mBuilding C object CMakeFiles/finalprojectinterfaces__rosidl_generator_c.dir/rosidl_generator_c/finalprojectinterfaces/srv/detail/catch_turtle__type_support.c.o[0m
[ 24%] [32m[1mLinking C shared library libfinalprojectinterfaces__rosidl_generator_c.so[0m
[ 24%] Built target finalprojectinterfaces__rosidl_generator_c
[ 25%] [34m[1mGenerating C++ introspection for ROS interfaces[0m
[ 27%] [34m[1mGenerating C++ type support for eProsima Fast-RTPS[0m
[ 29%] [34m[1mGenerating C type support dispatch for ROS interfaces[0m
[ 31%] [34m[1mGenerating C++ type support dispatch for ROS interfaces[0m
[ 33%] [34m[1mGenerating C type support for eProsima Fast-RTPS[0m
[ 35%] [34m[1mGenerating C introspection for ROS interfaces[0m
[ 37%] [32mBuilding CXX object CMakeFiles/finalprojectinterfaces__rosidl_typesupport_c.dir/rosidl_typesupport_c/finalprojectinterfaces/msg/turtle_array__type_support.cpp.o[0m
[ 40%] [32mBuilding CXX object CMakeFiles/finalprojectinterfaces__rosidl_typesupport_c.dir/rosidl_typesupport_c/finalprojectinterfaces/srv/catch_turtle__type_support.cpp.o[0m
[ 38%] [32mBuilding CXX object CMakeFiles/finalprojectinterfaces__rosidl_typesupport_c.dir/rosidl_typesupport_c/finalprojectinterfaces/msg/turtle__type_support.cpp.o[0m
[ 42%] [32mBuilding CXX object CMakeFiles/finalprojectinterfaces__rosidl_typesupport_introspection_cpp.dir/rosidl_typesupport_introspection_cpp/finalprojectinterfaces/msg/detail/turtle_array__type_support.cpp.o[0m
[ 44%] [32mBuilding CXX object CMakeFiles/finalprojectinterfaces__rosidl_typesupport_introspection_cpp.dir/rosidl_typesupport_introspection_cpp/finalprojectinterfaces/msg/detail/turtle__type_support.cpp.o[0m
[ 46%] [32mBuilding CXX object CMakeFiles/finalprojectinterfaces__rosidl_typesupport_introspection_cpp.dir/rosidl_typesupport_introspection_cpp/finalprojectinterfaces/srv/detail/catch_turtle__type_support.cpp.o[0m
[ 48%] [32m[1mLinking CXX shared library libfinalprojectinterfaces__rosidl_typesupport_c.so[0m
[ 50%] [32mBuilding CXX object CMakeFiles/finalprojectinterfaces__rosidl_typesupport_cpp.dir/rosidl_typesupport_cpp/finalprojectinterfaces/msg/turtle_array__type_support.cpp.o[0m
[ 50%] Built target finalprojectinterfaces__rosidl_typesupport_c
[ 51%] [32mBuilding CXX object CMakeFiles/finalprojectinterfaces__rosidl_typesupport_fastrtps_cpp.dir/rosidl_typesupport_fastrtps_cpp/finalprojectinterfaces/msg/detail/dds_fastrtps/turtle_array__type_support.cpp.o[0m
[ 53%] [32mBuilding CXX object CMakeFiles/finalprojectinterfaces__rosidl_typesupport_cpp.dir/rosidl_typesupport_cpp/finalprojectinterfaces/msg/turtle__type_support.cpp.o[0m
[ 55%] [32mBuilding C object CMakeFiles/finalprojectinterfaces__rosidl_typesupport_introspection_c.dir/rosidl_typesupport_introspection_c/finalprojectinterfaces/msg/detail/turtle_array__type_support.c.o[0m
[ 57%] [32mBuilding C object CMakeFiles/finalprojectinterfaces__rosidl_typesupport_introspection_c.dir/rosidl_typesupport_introspection_c/finalprojectinterfaces/msg/detail/turtle__type_support.c.o[0m
[ 59%] [32mBuilding CXX object CMakeFiles/finalprojectinterfaces__rosidl_typesupport_fastrtps_c.dir/rosidl_typesupport_fastrtps_c/finalprojectinterfaces/msg/detail/turtle_array__type_support_c.cpp.o[0m
[ 61%] [32mBuilding C object CMakeFiles/finalprojectinterfaces__rosidl_typesupport_introspection_c.dir/rosidl_typesupport_introspection_c/finalprojectinterfaces/srv/detail/catch_turtle__type_support.c.o[0m
[ 62%] [32m[1mLinking C shared library libfinalprojectinterfaces__rosidl_typesupport_introspection_c.so[0m
[ 64%] [32mBuilding CXX object CMakeFiles/finalprojectinterfaces__rosidl_typesupport_fastrtps_c.dir/rosidl_typesupport_fastrtps_c/finalprojectinterfaces/msg/detail/turtle__type_support_c.cpp.o[0m
[ 64%] Built target finalprojectinterfaces__rosidl_typesupport_introspection_c
[ 66%] [32mBuilding CXX object CMakeFiles/finalprojectinterfaces__rosidl_typesupport_cpp.dir/rosidl_typesupport_cpp/finalprojectinterfaces/srv/catch_turtle__type_support.cpp.o[0m
[ 68%] [32mBuilding CXX object CMakeFiles/finalprojectinterfaces__rosidl_typesupport_fastrtps_cpp.dir/rosidl_typesupport_fastrtps_cpp/finalprojectinterfaces/msg/detail/dds_fastrtps/turtle__type_support.cpp.o[0m
[ 70%] [32mBuilding CXX object CMakeFiles/finalprojectinterfaces__rosidl_typesupport_fastrtps_cpp.dir/rosidl_typesupport_fastrtps_cpp/finalprojectinterfaces/srv/detail/dds_fastrtps/catch_turtle__type_support.cpp.o[0m
[ 72%] [32mBuilding CXX object CMakeFiles/finalprojectinterfaces__rosidl_typesupport_fastrtps_c.dir/rosidl_typesupport_fastrtps_c/finalprojectinterfaces/srv/detail/catch_turtle__type_support_c.cpp.o[0m
[ 74%] [32m[1mLinking CXX shared library libfinalprojectinterfaces__rosidl_typesupport_introspection_cpp.so[0m
[ 74%] Built target finalprojectinterfaces__rosidl_typesupport_introspection_cpp
[ 75%] [32m[1mLinking CXX shared library libfinalprojectinterfaces__rosidl_typesupport_cpp.so[0m
[ 75%] Built target finalprojectinterfaces__rosidl_typesupport_cpp
[ 77%] [32m[1mLinking CXX shared library libfinalprojectinterfaces__rosidl_typesupport_fastrtps_c.so[0m
[ 77%] Built target finalprojectinterfaces__rosidl_typesupport_fastrtps_c
[ 79%] [32m[1mLinking CXX shared library libfinalprojectinterfaces__rosidl_typesupport_fastrtps_cpp.so[0m
[ 79%] Built target finalprojectinterfaces__rosidl_typesupport_fastrtps_cpp
[ 79%] Built target finalprojectinterfaces
[ 81%] [34m[1mGenerating Python code for ROS interfaces[0m
[ 81%] Built target finalprojectinterfaces__py
[ 87%] [32mBuilding C object CMakeFiles/finalprojectinterfaces__rosidl_generator_py.dir/rosidl_generator_py/finalprojectinterfaces/srv/_catch_turtle_s.c.o[0m
[ 87%] [32mBuilding C object CMakeFiles/finalprojectinterfaces__rosidl_generator_py.dir/rosidl_generator_py/finalprojectinterfaces/msg/_turtle_array_s.c.o[0m
[ 87%] [32mBuilding C object CMakeFiles/finalprojectinterfaces__rosidl_generator_py.dir/rosidl_generator_py/finalprojectinterfaces/msg/_turtle_s.c.o[0m
[ 88%] [32m[1mLinking C shared library libfinalprojectinterfaces__rosidl_generator_py.so[0m
[ 88%] Built target finalprojectinterfaces__rosidl_generator_py
[ 94%] [32mBuilding C object CMakeFiles/finalprojectinterfaces_s__rosidl_typesupport_fastrtps_c.dir/rosidl_generator_py/finalprojectinterfaces/_finalprojectinterfaces_s.ep.rosidl_typesupport_fastrtps_c.c.o[0m
[ 94%] [32mBuilding C object CMakeFiles/finalprojectinterfaces_s__rosidl_typesupport_c.dir/rosidl_generator_py/finalprojectinterfaces/_finalprojectinterfaces_s.ep.rosidl_typesupport_c.c.o[0m
[ 94%] [32mBuilding C object CMakeFiles/finalprojectinterfaces_s__rosidl_typesupport_introspection_c.dir/rosidl_generator_py/finalprojectinterfaces/_finalprojectinterfaces_s.ep.rosidl_typesupport_introspection_c.c.o[0m
[ 96%] [32m[1mLinking C shared module rosidl_generator_py/finalprojectinterfaces/finalprojectinterfaces_s__rosidl_typesupport_c.so[0m
[ 98%] [32m[1mLinking C shared module rosidl_generator_py/finalprojectinterfaces/finalprojectinterfaces_s__rosidl_typesupport_introspection_c.so[0m
[100%] [32m[1mLinking C shared module rosidl_generator_py/finalprojectinterfaces/finalprojectinterfaces_s__rosidl_typesupport_fastrtps_c.so[0m
[100%] Built target finalprojectinterfaces_s__rosidl_typesupport_c
[100%] Built target finalprojectinterfaces_s__rosidl_typesupport_introspection_c
[100%] Built target finalprojectinterfaces_s__rosidl_typesupport_fastrtps_c
-- Install configuration: ""
-- Installing: /home/gh/ros_ws/install/finalprojectinterfaces/share/ament_index/resource_index/rosidl_interfaces/finalprojectinterfaces
-- Installing: /home/gh/ros_ws/install/finalprojectinterfaces/share/finalprojectinterfaces/msg/TurtleArray.json
-- Installing: /home/gh/ros_ws/install/finalprojectinterfaces/share/finalprojectinterfaces/msg/Turtle.json
-- Installing: /home/gh/ros_ws/install/finalprojectinterfaces/share/finalprojectinterfaces/srv/CatchTurtle.json
-- Installing: /home/gh/ros_ws/install/finalprojectinterfaces/include/finalprojectinterfaces/finalprojectinterfaces
-- Installing: /home/gh/ros_ws/install/finalprojectinterfaces/include/finalprojectinterfaces/finalprojectinterfaces/msg
-- Installing: /home/gh/ros_ws/install/finalprojectinterfaces/include/finalprojectinterfaces/finalprojectinterfaces/msg/rosidl_generator_c__visibility_control.h
-- Installing: /home/gh/ros_ws/install/finalprojectinterfaces/include/finalprojectinterfaces/finalprojectinterfaces/msg/turtle_array.h
-- Installing: /home/gh/ros_ws/install/finalprojectinterfaces/include/finalprojectinterfaces/finalprojectinterfaces/msg/turtle.h
-- Installing: /home/gh/ros_ws/install/finalprojectinterfaces/include/finalprojectinterfaces/finalprojectinterfaces/msg/detail
-- Installing: /home/gh/ros_ws/install/finalprojectinterfaces/include/finalprojectinterfaces/finalprojectinterfaces/msg/detail/turtle__functions.h
-- Installing: /home/gh/ros_ws/install/finalprojectinterfaces/include/finalprojectinterfaces/finalprojectinterfaces/msg/detail/turtle_array__description.c
-- Installing: /home/gh/ros_ws/install/finalprojectinterfaces/include/finalprojectinterfaces/finalprojectinterfaces/msg/detail/turtle__struct.h
-- Installing: /home/gh/ros_ws/install/finalprojectinterfaces/include/finalprojectinterfaces/finalprojectinterfaces/msg/detail/turtle__description.c
-- Installing: /home/gh/ros_ws/install/finalprojectinterfaces/include/finalprojectinterfaces/finalprojectinterfaces/msg/detail/turtle_array__functions.c
-- Installing: /home/gh/ros_ws/install/finalprojectinterfaces/include/finalprojectinterfaces/finalprojectinterfaces/msg/detail/turtle__functions.c
-- Installing: /home/gh/ros_ws/install/finalprojectinterfaces/include/finalprojectinterfaces/finalprojectinterfaces/msg/detail/turtle__type_support.c
-- Installing: /home/gh/ros_ws/install/finalprojectinterfaces/include/finalprojectinterfaces/finalprojectinterfaces/msg/detail/turtle__type_support.h
-- Installing: /home/gh/ros_ws/install/finalprojectinterfaces/include/finalprojectinterfaces/finalprojectinterfaces/msg/detail/turtle_array__type_support.h
-- Installing: /home/gh/ros_ws/install/finalprojectinterfaces/include/finalprojectinterfaces/finalprojectinterfaces/msg/detail/turtle_array__struct.h
-- Installing: /home/gh/ros_ws/install/finalprojectinterfaces/include/finalprojectinterfaces/finalprojectinterfaces/msg/detail/turtle_array__type_support.c
-- Installing: /home/gh/ros_ws/install/finalprojectinterfaces/include/finalprojectinterfaces/finalprojectinterfaces/msg/detail/turtle_array__functions.h
-- Installing: /home/gh/ros_ws/install/finalprojectinterfaces/include/finalprojectinterfaces/finalprojectinterfaces/srv
-- Installing: /home/gh/ros_ws/install/finalprojectinterfaces/include/finalprojectinterfaces/finalprojectinterfaces/srv/catch_turtle.h
-- Installing: /home/gh/ros_ws/install/finalprojectinterfaces/include/finalprojectinterfaces/finalprojectinterfaces/srv/detail
-- Installing: /home/gh/ros_ws/install/finalprojectinterfaces/include/finalprojectinterfaces/finalprojectinterfaces/srv/detail/catch_turtle__struct.h
-- Installing: /home/gh/ros_ws/install/finalprojectinterfaces/include/finalprojectinterfaces/finalprojectinterfaces/srv/detail/catch_turtle__functions.c
-- Installing: /home/gh/ros_ws/install/finalprojectinterfaces/include/finalprojectinterfaces/finalprojectinterfaces/srv/detail/catch_turtle__description.c
-- Installing: /home/gh/ros_ws/install/finalprojectinterfaces/include/finalprojectinterfaces/finalprojectinterfaces/srv/detail/catch_turtle__type_support.h
-- Installing: /home/gh/ros_ws/install/finalprojectinterfaces/include/finalprojectinterfaces/finalprojectinterfaces/srv/detail/catch_turtle__type_support.c
-- Installing: /home/gh/ros_ws/install/finalprojectinterfaces/include/finalprojectinterfaces/finalprojectinterfaces/srv/detail/catch_turtle__functions.h
-- Installing: /home/gh/ros_ws/install/finalprojectinterfaces/share/finalprojectinterfaces/environment/library_path.sh
-- Installing: /home/gh/ros_ws/install/finalprojectinterfaces/share/finalprojectinterfaces/environment/library_path.dsv
-- Installing: /home/gh/ros_ws/install/finalprojectinterfaces/lib/libfinalprojectinterfaces__rosidl_generator_c.so
-- Set non-toolchain portion of runtime path of "/home/gh/ros_ws/install/finalprojectinterfaces/lib/libfinalprojectinterfaces__rosidl_generator_c.so" to ""
-- Up-to-date: /home/gh/ros_ws/install/finalprojectinterfaces/include/finalprojectinterfaces/finalprojectinterfaces
-- Up-to-date: /home/gh/ros_ws/install/finalprojectinterfaces/include/finalprojectinterfaces/finalprojectinterfaces/msg
-- Installing: /home/gh/ros_ws/install/finalprojectinterfaces/include/finalprojectinterfaces/finalprojectinterfaces/msg/rosidl_typesupport_fastrtps_c__visibility_control.h
-- Up-to-date: /home/gh/ros_ws/install/finalprojectinterfaces/include/finalprojectinterfaces/finalprojectinterfaces/msg/detail
-- Installing: /home/gh/ros_ws/install/finalprojectinterfaces/include/finalprojectinterfaces/finalprojectinterfaces/msg/detail/turtle__rosidl_typesupport_fastrtps_c.h
-- Installing: /home/gh/ros_ws/install/finalprojectinterfaces/include/finalprojectinterfaces/finalprojectinterfaces/msg/detail/turtle_array__rosidl_typesupport_fastrtps_c.h
-- Up-to-date: /home/gh/ros_ws/install/finalprojectinterfaces/include/finalprojectinterfaces/finalprojectinterfaces/srv
-- Up-to-date: /home/gh/ros_ws/install/finalprojectinterfaces/include/finalprojectinterfaces/finalprojectinterfaces/srv/detail
-- Installing: /home/gh/ros_ws/install/finalprojectinterfaces/include/finalprojectinterfaces/finalprojectinterfaces/srv/detail/catch_turtle__rosidl_typesupport_fastrtps_c.h
-- Installing: /home/gh/ros_ws/install/finalprojectinterfaces/lib/libfinalprojectinterfaces__rosidl_typesupport_fastrtps_c.so
-- Set non-toolchain portion of runtime path of "/home/gh/ros_ws/install/finalprojectinterfaces/lib/libfinalprojectinterfaces__rosidl_typesupport_fastrtps_c.so" to ""
-- Up-to-date: /home/gh/ros_ws/install/finalprojectinterfaces/include/finalprojectinterfaces/finalprojectinterfaces
-- Up-to-date: /home/gh/ros_ws/install/finalprojectinterfaces/include/finalprojectinterfaces/finalprojectinterfaces/msg
-- Installing: /home/gh/ros_ws/install/finalprojectinterfaces/include/finalprojectinterfaces/finalprojectinterfaces/msg/rosidl_typesupport_introspection_c__visibility_control.h
-- Up-to-date: /home/gh/ros_ws/install/finalprojectinterfaces/include/finalprojectinterfaces/finalprojectinterfaces/msg/detail
-- Installing: /home/gh/ros_ws/install/finalprojectinterfaces/include/finalprojectinterfaces/finalprojectinterfaces/msg/detail/turtle__type_support.c
-- Installing: /home/gh/ros_ws/install/finalprojectinterfaces/include/finalprojectinterfaces/finalprojectinterfaces/msg/detail/turtle_array__rosidl_typesupport_introspection_c.h
-- Installing: /home/gh/ros_ws/install/finalprojectinterfaces/include/finalprojectinterfaces/finalprojectinterfaces/msg/detail/turtle__rosidl_typesupport_introspection_c.h
-- Installing: /home/gh/ros_ws/install/finalprojectinterfaces/include/finalprojectinterfaces/finalprojectinterfaces/msg/detail/turtle_array__type_support.c
-- Up-to-date: /home/gh/ros_ws/install/finalprojectinterfaces/include/finalprojectinterfaces/finalprojectinterfaces/srv
-- Up-to-date: /home/gh/ros_ws/install/finalprojectinterfaces/include/finalprojectinterfaces/finalprojectinterfaces/srv/detail
-- Installing: /home/gh/ros_ws/install/finalprojectinterfaces/include/finalprojectinterfaces/finalprojectinterfaces/srv/detail/catch_turtle__type_support.c
-- Installing: /home/gh/ros_ws/install/finalprojectinterfaces/include/finalprojectinterfaces/finalprojectinterfaces/srv/detail/catch_turtle__rosidl_typesupport_introspection_c.h
-- Installing: /home/gh/ros_ws/install/finalprojectinterfaces/lib/libfinalprojectinterfaces__rosidl_typesupport_introspection_c.so
-- Set non-toolchain portion of runtime path of "/home/gh/ros_ws/install/finalprojectinterfaces/lib/libfinalprojectinterfaces__rosidl_typesupport_introspection_c.so" to ""
-- Installing: /home/gh/ros_ws/install/finalprojectinterfaces/lib/libfinalprojectinterfaces__rosidl_typesupport_c.so
-- Set non-toolchain portion of runtime path of "/home/gh/ros_ws/install/finalprojectinterfaces/lib/libfinalprojectinterfaces__rosidl_typesupport_c.so" to ""
-- Up-to-date: /home/gh/ros_ws/install/finalprojectinterfaces/include/finalprojectinterfaces/finalprojectinterfaces
-- Up-to-date: /home/gh/ros_ws/install/finalprojectinterfaces/include/finalprojectinterfaces/finalprojectinterfaces/msg
-- Installing: /home/gh/ros_ws/install/finalprojectinterfaces/include/finalprojectinterfaces/finalprojectinterfaces/msg/turtle_array.hpp
-- Installing: /home/gh/ros_ws/install/finalprojectinterfaces/include/finalprojectinterfaces/finalprojectinterfaces/msg/turtle.hpp
-- Installing: /home/gh/ros_ws/install/finalprojectinterfaces/include/finalprojectinterfaces/finalprojectinterfaces/msg/rosidl_generator_cpp__visibility_control.hpp
-- Up-to-date: /home/gh/ros_ws/install/finalprojectinterfaces/include/finalprojectinterfaces/finalprojectinterfaces/msg/detail
-- Installing: /home/gh/ros_ws/install/finalprojectinterfaces/include/finalprojectinterfaces/finalprojectinterfaces/msg/detail/turtle__builder.hpp
-- Installing: /home/gh/ros_ws/install/finalprojectinterfaces/include/finalprojectinterfaces/finalprojectinterfaces/msg/detail/turtle_array__traits.hpp
-- Installing: /home/gh/ros_ws/install/finalprojectinterfaces/include/finalprojectinterfaces/finalprojectinterfaces/msg/detail/turtle__struct.hpp
-- Installing: /home/gh/ros_ws/install/finalprojectinterfaces/include/finalprojectinterfaces/finalprojectinterfaces/msg/detail/turtle__traits.hpp
-- Installing: /home/gh/ros_ws/install/finalprojectinterfaces/include/finalprojectinterfaces/finalprojectinterfaces/msg/detail/turtle_array__builder.hpp
-- Installing: /home/gh/ros_ws/install/finalprojectinterfaces/include/finalprojectinterfaces/finalprojectinterfaces/msg/detail/turtle_array__type_support.hpp
-- Installing: /home/gh/ros_ws/install/finalprojectinterfaces/include/finalprojectinterfaces/finalprojectinterfaces/msg/detail/turtle__type_support.hpp
-- Installing: /home/gh/ros_ws/install/finalprojectinterfaces/include/finalprojectinterfaces/finalprojectinterfaces/msg/detail/turtle_array__struct.hpp
-- Up-to-date: /home/gh/ros_ws/install/finalprojectinterfaces/include/finalprojectinterfaces/finalprojectinterfaces/srv
-- Installing: /home/gh/ros_ws/install/finalprojectinterfaces/include/finalprojectinterfaces/finalprojectinterfaces/srv/catch_turtle.hpp
-- Up-to-date: /home/gh/ros_ws/install/finalprojectinterfaces/include/finalprojectinterfaces/finalprojectinterfaces/srv/detail
-- Installing: /home/gh/ros_ws/install/finalprojectinterfaces/include/finalprojectinterfaces/finalprojectinterfaces/srv/detail/catch_turtle__traits.hpp
-- Installing: /home/gh/ros_ws/install/finalprojectinterfaces/include/finalprojectinterfaces/finalprojectinterfaces/srv/detail/catch_turtle__struct.hpp
-- Installing: /home/gh/ros_ws/install/finalprojectinterfaces/include/finalprojectinterfaces/finalprojectinterfaces/srv/detail/catch_turtle__builder.hpp
-- Installing: /home/gh/ros_ws/install/finalprojectinterfaces/include/finalprojectinterfaces/finalprojectinterfaces/srv/detail/catch_turtle__type_support.hpp
-- Up-to-date: /home/gh/ros_ws/install/finalprojectinterfaces/include/finalprojectinterfaces/finalprojectinterfaces
-- Up-to-date: /home/gh/ros_ws/install/finalprojectinterfaces/include/finalprojectinterfaces/finalprojectinterfaces/msg
-- Installing: /home/gh/ros_ws/install/finalprojectinterfaces/include/finalprojectinterfaces/finalprojectinterfaces/msg/rosidl_typesupport_fastrtps_cpp__visibility_control.h
-- Up-to-date: /home/gh/ros_ws/install/finalprojectinterfaces/include/finalprojectinterfaces/finalprojectinterfaces/msg/detail
-- Installing: /home/gh/ros_ws/install/finalprojectinterfaces/include/finalprojectinterfaces/finalprojectinterfaces/msg/detail/turtle_array__rosidl_typesupport_fastrtps_cpp.hpp
-- Installing: /home/gh/ros_ws/install/finalprojectinterfaces/include/finalprojectinterfaces/finalprojectinterfaces/msg/detail/turtle__rosidl_typesupport_fastrtps_cpp.hpp
-- Installing: /home/gh/ros_ws/install/finalprojectinterfaces/include/finalprojectinterfaces/finalprojectinterfaces/msg/detail/dds_fastrtps
-- Up-to-date: /home/gh/ros_ws/install/finalprojectinterfaces/include/finalprojectinterfaces/finalprojectinterfaces/srv
-- Up-to-date: /home/gh/ros_ws/install/finalprojectinterfaces/include/finalprojectinterfaces/finalprojectinterfaces/srv/detail
-- Installing: /home/gh/ros_ws/install/finalprojectinterfaces/include/finalprojectinterfaces/finalprojectinterfaces/srv/detail/dds_fastrtps
-- Installing: /home/gh/ros_ws/install/finalprojectinterfaces/include/finalprojectinterfaces/finalprojectinterfaces/srv/detail/catch_turtle__rosidl_typesupport_fastrtps_cpp.hpp
-- Installing: /home/gh/ros_ws/install/finalprojectinterfaces/lib/libfinalprojectinterfaces__rosidl_typesupport_fastrtps_cpp.so
-- Set non-toolchain portion of runtime path of "/home/gh/ros_ws/install/finalprojectinterfaces/lib/libfinalprojectinterfaces__rosidl_typesupport_fastrtps_cpp.so" to ""
-- Up-to-date: /home/gh/ros_ws/install/finalprojectinterfaces/include/finalprojectinterfaces/finalprojectinterfaces
-- Up-to-date: /home/gh/ros_ws/install/finalprojectinterfaces/include/finalprojectinterfaces/finalprojectinterfaces/msg
-- Up-to-date: /home/gh/ros_ws/install/finalprojectinterfaces/include/finalprojectinterfaces/finalprojectinterfaces/msg/detail
-- Installing: /home/gh/ros_ws/install/finalprojectinterfaces/include/finalprojectinterfaces/finalprojectinterfaces/msg/detail/turtle_array__type_support.cpp
-- Installing: /home/gh/ros_ws/install/finalprojectinterfaces/include/finalprojectinterfaces/finalprojectinterfaces/msg/detail/turtle__type_support.cpp
-- Installing: /home/gh/ros_ws/install/finalprojectinterfaces/include/finalprojectinterfaces/finalprojectinterfaces/msg/detail/turtle_array__rosidl_typesupport_introspection_cpp.hpp
-- Installing: /home/gh/ros_ws/install/finalprojectinterfaces/include/finalprojectinterfaces/finalprojectinterfaces/msg/detail/turtle__rosidl_typesupport_introspection_cpp.hpp
-- Up-to-date: /home/gh/ros_ws/install/finalprojectinterfaces/include/finalprojectinterfaces/finalprojectinterfaces/srv
-- Up-to-date: /home/gh/ros_ws/install/finalprojectinterfaces/include/finalprojectinterfaces/finalprojectinterfaces/srv/detail
-- Installing: /home/gh/ros_ws/install/finalprojectinterfaces/include/finalprojectinterfaces/finalprojectinterfaces/srv/detail/catch_turtle__type_support.cpp
-- Installing: /home/gh/ros_ws/install/finalprojectinterfaces/include/finalprojectinterfaces/finalprojectinterfaces/srv/detail/catch_turtle__rosidl_typesupport_introspection_cpp.hpp
-- Installing: /home/gh/ros_ws/install/finalprojectinterfaces/lib/libfinalprojectinterfaces__rosidl_typesupport_introspection_cpp.so
-- Set non-toolchain portion of runtime path of "/home/gh/ros_ws/install/finalprojectinterfaces/lib/libfinalprojectinterfaces__rosidl_typesupport_introspection_cpp.so" to ""
-- Installing: /home/gh/ros_ws/install/finalprojectinterfaces/lib/libfinalprojectinterfaces__rosidl_typesupport_cpp.so
-- Set non-toolchain portion of runtime path of "/home/gh/ros_ws/install/finalprojectinterfaces/lib/libfinalprojectinterfaces__rosidl_typesupport_cpp.so" to ""
-- Installing: /home/gh/ros_ws/install/finalprojectinterfaces/share/finalprojectinterfaces/environment/pythonpath.sh
-- Installing: /home/gh/ros_ws/install/finalprojectinterfaces/share/finalprojectinterfaces/environment/pythonpath.dsv
-- Installing: /home/gh/ros_ws/install/finalprojectinterfaces/lib/python3.12/site-packages/finalprojectinterfaces-0.0.0-py3.12.egg-info
-- Installing: /home/gh/ros_ws/install/finalprojectinterfaces/lib/python3.12/site-packages/finalprojectinterfaces-0.0.0-py3.12.egg-info/top_level.txt
-- Installing: /home/gh/ros_ws/install/finalprojectinterfaces/lib/python3.12/site-packages/finalprojectinterfaces-0.0.0-py3.12.egg-info/SOURCES.txt
-- Installing: /home/gh/ros_ws/install/finalprojectinterfaces/lib/python3.12/site-packages/finalprojectinterfaces-0.0.0-py3.12.egg-info/PKG-INFO
-- Installing: /home/gh/ros_ws/install/finalprojectinterfaces/lib/python3.12/site-packages/finalprojectinterfaces-0.0.0-py3.12.egg-info/dependency_links.txt
-- Installing: /home/gh/ros_ws/install/finalprojectinterfaces/lib/python3.12/site-packages/finalprojectinterfaces
-- Installing: /home/gh/ros_ws/install/finalprojectinterfaces/lib/python3.12/site-packages/finalprojectinterfaces/msg
-- Installing: /home/gh/ros_ws/install/finalprojectinterfaces/lib/python3.12/site-packages/finalprojectinterfaces/msg/__init__.py
-- Installing: /home/gh/ros_ws/install/finalprojectinterfaces/lib/python3.12/site-packages/finalprojectinterfaces/msg/_turtle.py
-- Installing: /home/gh/ros_ws/install/finalprojectinterfaces/lib/python3.12/site-packages/finalprojectinterfaces/msg/_turtle_array_s.c
-- Installing: /home/gh/ros_ws/install/finalprojectinterfaces/lib/python3.12/site-packages/finalprojectinterfaces/msg/_turtle_array.py
-- Installing: /home/gh/ros_ws/install/finalprojectinterfaces/lib/python3.12/site-packages/finalprojectinterfaces/msg/_turtle_s.c
-- Installing: /home/gh/ros_ws/install/finalprojectinterfaces/lib/python3.12/site-packages/finalprojectinterfaces/__init__.py
-- Installing: /home/gh/ros_ws/install/finalprojectinterfaces/lib/python3.12/site-packages/finalprojectinterfaces/_finalprojectinterfaces_s.ep.rosidl_typesupport_c.c
-- Installing: /home/gh/ros_ws/install/finalprojectinterfaces/lib/python3.12/site-packages/finalprojectinterfaces/finalprojectinterfaces_s__rosidl_typesupport_introspection_c.so
-- Installing: /home/gh/ros_ws/install/finalprojectinterfaces/lib/python3.12/site-packages/finalprojectinterfaces/_finalprojectinterfaces_s.ep.rosidl_typesupport_fastrtps_c.c
-- Installing: /home/gh/ros_ws/install/finalprojectinterfaces/lib/python3.12/site-packages/finalprojectinterfaces/_finalprojectinterfaces_s.ep.rosidl_typesupport_introspection_c.c
-- Installing: /home/gh/ros_ws/install/finalprojectinterfaces/lib/python3.12/site-packages/finalprojectinterfaces/finalprojectinterfaces_s__rosidl_typesupport_fastrtps_c.so
-- Installing: /home/gh/ros_ws/install/finalprojectinterfaces/lib/python3.12/site-packages/finalprojectinterfaces/srv
-- Installing: /home/gh/ros_ws/install/finalprojectinterfaces/lib/python3.12/site-packages/finalprojectinterfaces/srv/__init__.py
-- Installing: /home/gh/ros_ws/install/finalprojectinterfaces/lib/python3.12/site-packages/finalprojectinterfaces/srv/_catch_turtle.py
-- Installing: /home/gh/ros_ws/install/finalprojectinterfaces/lib/python3.12/site-packages/finalprojectinterfaces/srv/_catch_turtle_s.c
-- Installing: /home/gh/ros_ws/install/finalprojectinterfaces/lib/python3.12/site-packages/finalprojectinterfaces/finalprojectinterfaces_s__rosidl_typesupport_c.so
Listing '/home/gh/ros_ws/install/finalprojectinterfaces/lib/python3.12/site-packages/finalprojectinterfaces'...
Compiling '/home/gh/ros_ws/install/finalprojectinterfaces/lib/python3.12/site-packages/finalprojectinterfaces/__init__.py'...
Listing '/home/gh/ros_ws/install/finalprojectinterfaces/lib/python3.12/site-packages/finalprojectinterfaces/msg'...
Compiling '/home/gh/ros_ws/install/finalprojectinterfaces/lib/python3.12/site-packages/finalprojectinterfaces/msg/__init__.py'...
Compiling '/home/gh/ros_ws/install/finalprojectinterfaces/lib/python3.12/site-packages/finalprojectinterfaces/msg/_turtle.py'...
Compiling '/home/gh/ros_ws/install/finalprojectinterfaces/lib/python3.12/site-packages/finalprojectinterfaces/msg/_turtle_array.py'...
Listing '/home/gh/ros_ws/install/finalprojectinterfaces/lib/python3.12/site-packages/finalprojectinterfaces/srv'...
Compiling '/home/gh/ros_ws/install/finalprojectinterfaces/lib/python3.12/site-packages/finalprojectinterfaces/srv/__init__.py'...
Compiling '/home/gh/ros_ws/install/finalprojectinterfaces/lib/python3.12/site-packages/finalprojectinterfaces/srv/_catch_turtle.py'...
-- Installing: /home/gh/ros_ws/install/finalprojectinterfaces/lib/python3.12/site-packages/finalprojectinterfaces/finalprojectinterfaces_s__rosidl_typesupport_fastrtps_c.so
-- Set non-toolchain portion of runtime path of "/home/gh/ros_ws/install/finalprojectinterfaces/lib/python3.12/site-packages/finalprojectinterfaces/finalprojectinterfaces_s__rosidl_typesupport_fastrtps_c.so" to ""
-- Installing: /home/gh/ros_ws/install/finalprojectinterfaces/lib/python3.12/site-packages/finalprojectinterfaces/finalprojectinterfaces_s__rosidl_typesupport_introspection_c.so
-- Set non-toolchain portion of runtime path of "/home/gh/ros_ws/install/finalprojectinterfaces/lib/python3.12/site-packages/finalprojectinterfaces/finalprojectinterfaces_s__rosidl_typesupport_introspection_c.so" to ""
-- Installing: /home/gh/ros_ws/install/finalprojectinterfaces/lib/python3.12/site-packages/finalprojectinterfaces/finalprojectinterfaces_s__rosidl_typesupport_c.so
-- Set non-toolchain portion of runtime path of "/home/gh/ros_ws/install/finalprojectinterfaces/lib/python3.12/site-packages/finalprojectinterfaces/finalprojectinterfaces_s__rosidl_typesupport_c.so" to ""
-- Installing: /home/gh/ros_ws/install/finalprojectinterfaces/lib/libfinalprojectinterfaces__rosidl_generator_py.so
-- Set non-toolchain portion of runtime path of "/home/gh/ros_ws/install/finalprojectinterfaces/lib/libfinalprojectinterfaces__rosidl_generator_py.so" to ""
-- Installing: /home/gh/ros_ws/install/finalprojectinterfaces/share/finalprojectinterfaces/msg/TurtleArray.idl
-- Installing: /home/gh/ros_ws/install/finalprojectinterfaces/share/finalprojectinterfaces/msg/Turtle.idl
-- Installing: /home/gh/ros_ws/install/finalprojectinterfaces/share/finalprojectinterfaces/srv/CatchTurtle.idl
-- Installing: /home/gh/ros_ws/install/finalprojectinterfaces/share/finalprojectinterfaces/msg/TurtleArray.msg
-- Installing: /home/gh/ros_ws/install/finalprojectinterfaces/share/finalprojectinterfaces/msg/Turtle.msg
-- Installing: /home/gh/ros_ws/install/finalprojectinterfaces/share/finalprojectinterfaces/srv/CatchTurtle.srv
-- Installing: /home/gh/ros_ws/install/finalprojectinterfaces/share/ament_index/resource_index/package_run_dependencies/finalprojectinterfaces
-- Installing: /home/gh/ros_ws/install/finalprojectinterfaces/share/ament_index/resource_index/parent_prefix_path/finalprojectinterfaces
-- Installing: /home/gh/ros_ws/install/finalprojectinterfaces/share/finalprojectinterfaces/environment/ament_prefix_path.sh
-- Installing: /home/gh/ros_ws/install/finalprojectinterfaces/share/finalprojectinterfaces/environment/ament_prefix_path.dsv
-- Installing: /home/gh/ros_ws/install/finalprojectinterfaces/share/finalprojectinterfaces/environment/path.sh
-- Installing: /home/gh/ros_ws/install/finalprojectinterfaces/share/finalprojectinterfaces/environment/path.dsv
-- Installing: /home/gh/ros_ws/install/finalprojectinterfaces/share/finalprojectinterfaces/local_setup.bash
-- Installing: /home/gh/ros_ws/install/finalprojectinterfaces/share/finalprojectinterfaces/local_setup.sh
-- Installing: /home/gh/ros_ws/install/finalprojectinterfaces/share/finalprojectinterfaces/local_setup.zsh
-- Installing: /home/gh/ros_ws/install/finalprojectinterfaces/share/finalprojectinterfaces/local_setup.dsv
-- Installing: /home/gh/ros_ws/install/finalprojectinterfaces/share/finalprojectinterfaces/package.dsv
-- Installing: /home/gh/ros_ws/install/finalprojectinterfaces/share/ament_index/resource_index/packages/finalprojectinterfaces
-- Installing: /home/gh/ros_ws/install/finalprojectinterfaces/share/finalprojectinterfaces/cmake/export_finalprojectinterfaces__rosidl_generator_cExport.cmake
-- Installing: /home/gh/ros_ws/install/finalprojectinterfaces/share/finalprojectinterfaces/cmake/export_finalprojectinterfaces__rosidl_generator_cExport-noconfig.cmake
-- Installing: /home/gh/ros_ws/install/finalprojectinterfaces/share/finalprojectinterfaces/cmake/export_finalprojectinterfaces__rosidl_typesupport_fastrtps_cExport.cmake
-- Installing: /home/gh/ros_ws/install/finalprojectinterfaces/share/finalprojectinterfaces/cmake/export_finalprojectinterfaces__rosidl_typesupport_fastrtps_cExport-noconfig.cmake
-- Installing: /home/gh/ros_ws/install/finalprojectinterfaces/share/finalprojectinterfaces/cmake/finalprojectinterfaces__rosidl_typesupport_introspection_cExport.cmake
-- Installing: /home/gh/ros_ws/install/finalprojectinterfaces/share/finalprojectinterfaces/cmake/finalprojectinterfaces__rosidl_typesupport_introspection_cExport-noconfig.cmake
-- Installing: /home/gh/ros_ws/install/finalprojectinterfaces/share/finalprojectinterfaces/cmake/finalprojectinterfaces__rosidl_typesupport_cExport.cmake
-- Installing: /home/gh/ros_ws/install/finalprojectinterfaces/share/finalprojectinterfaces/cmake/finalprojectinterfaces__rosidl_typesupport_cExport-noconfig.cmake
-- Installing: /home/gh/ros_ws/install/finalprojectinterfaces/share/finalprojectinterfaces/cmake/export_finalprojectinterfaces__rosidl_generator_cppExport.cmake
-- Installing: /home/gh/ros_ws/install/finalprojectinterfaces/share/finalprojectinterfaces/cmake/export_finalprojectinterfaces__rosidl_typesupport_fastrtps_cppExport.cmake
-- Installing: /home/gh/ros_ws/install/finalprojectinterfaces/share/finalprojectinterfaces/cmake/export_finalprojectinterfaces__rosidl_typesupport_fastrtps_cppExport-noconfig.cmake
-- Installing: /home/gh/ros_ws/install/finalprojectinterfaces/share/finalprojectinterfaces/cmake/finalprojectinterfaces__rosidl_typesupport_introspection_cppExport.cmake
-- Installing: /home/gh/ros_ws/install/finalprojectinterfaces/share/finalprojectinterfaces/cmake/finalprojectinterfaces__rosidl_typesupport_introspection_cppExport-noconfig.cmake
-- Installing: /home/gh/ros_ws/install/finalprojectinterfaces/share/finalprojectinterfaces/cmake/finalprojectinterfaces__rosidl_typesupport_cppExport.cmake
-- Installing: /home/gh/ros_ws/install/finalprojectinterfaces/share/finalprojectinterfaces/cmake/finalprojectinterfaces__rosidl_typesupport_cppExport-noconfig.cmake
-- Installing: /home/gh/ros_ws/install/finalprojectinterfaces/share/finalprojectinterfaces/cmake/export_finalprojectinterfaces__rosidl_generator_pyExport.cmake
-- Installing: /home/gh/ros_ws/install/finalprojectinterfaces/share/finalprojectinterfaces/cmake/export_finalprojectinterfaces__rosidl_generator_pyExport-noconfig.cmake
-- Installing: /home/gh/ros_ws/install/finalprojectinterfaces/share/finalprojectinterfaces/cmake/rosidl_cmake-extras.cmake
-- Installing: /home/gh/ros_ws/install/finalprojectinterfaces/share/finalprojectinterfaces/cmake/ament_cmake_export_dependencies-extras.cmake
-- Installing: /home/gh/ros_ws/install/finalprojectinterfaces/share/finalprojectinterfaces/cmake/ament_cmake_export_include_directories-extras.cmake
-- Installing: /home/gh/ros_ws/install/finalprojectinterfaces/share/finalprojectinterfaces/cmake/ament_cmake_export_libraries-extras.cmake
-- Installing: /home/gh/ros_ws/install/finalprojectinterfaces/share/finalprojectinterfaces/cmake/ament_cmake_export_targets-extras.cmake
-- Installing: /home/gh/ros_ws/install/finalprojectinterfaces/share/finalprojectinterfaces/cmake/rosidl_cmake_export_typesupport_targets-extras.cmake
-- Installing: /home/gh/ros_ws/install/finalprojectinterfaces/share/finalprojectinterfaces/cmake/rosidl_cmake_export_typesupport_libraries-extras.cmake
-- Installing: /home/gh/ros_ws/install/finalprojectinterfaces/share/finalprojectinterfaces/cmake/finalprojectinterfacesConfig.cmake
-- Installing: /home/gh/ros_ws/install/finalprojectinterfaces/share/finalprojectinterfaces/cmake/finalprojectinterfacesConfig-version.cmake
-- Installing: /home/gh/ros_ws/install/finalprojectinterfaces/share/finalprojectinterfaces/package.xml
