[0.022s] Invoking command in '/home/gh/ros_ws/build/finalprojectinterfaces': CMAKE_PREFIX_PATH=${CMAKE_PREFIX_PATH}:/home/gh/ros_ws/install/pypkg:/home/gh/ros_ws/install/my_py_pkg:/opt/ros/jazzy DEBUGINFOD_URLS=https://debuginfod.ubuntu.com /usr/bin/cmake /home/gh/ros_ws/src/finalprojectinterfaces -DCMAKE_INSTALL_PREFIX=/home/gh/ros_ws/install/finalprojectinterfaces
[0.131s] -- The C compiler identification is GNU 13.3.0
[0.259s] -- The CXX compiler identification is GNU 13.3.0
[0.286s] -- Detecting C compiler ABI info
[0.453s] -- Detecting C compiler ABI info - done
[0.468s] -- Check for working C compiler: /usr/bin/cc - skipped
[0.469s] -- Detecting C compile features
[0.469s] -- Detecting C compile features - done
[0.484s] -- Detecting CXX compiler ABI info
[0.644s] -- Detecting CXX compiler ABI info - done
[0.658s] -- Check for working CXX compiler: /usr/bin/c++ - skipped
[0.658s] -- Detecting CXX compile features
[0.659s] -- Detecting CXX compile features - done
[0.663s] -- Found ament_cmake: 2.5.3 (/opt/ros/jazzy/share/ament_cmake/cmake)
[0.892s] -- Found Python3: /usr/bin/python3 (found version "3.12.3") found components: Interpreter 
[1.234s] -- Found rosidl_default_generators: 1.6.0 (/opt/ros/jazzy/share/rosidl_default_generators/cmake)
[1.252s] -- Using all available rosidl_typesupport_c: rosidl_typesupport_fastrtps_c;rosidl_typesupport_introspection_c
[1.342s] -- Using all available rosidl_typesupport_cpp: rosidl_typesupport_fastrtps_cpp;rosidl_typesupport_introspection_cpp
[1.412s] -- Found rosidl_adapter: 4.6.5 (/opt/ros/jazzy/share/rosidl_adapter/cmake)
[2.372s] -- Found ament_cmake_ros: 0.12.0 (/opt/ros/jazzy/share/ament_cmake_ros/cmake)
[3.002s] -- Using all available rosidl_typesupport_c: rosidl_typesupport_fastrtps_c;rosidl_typesupport_introspection_c
[3.889s] -- Using all available rosidl_typesupport_cpp: rosidl_typesupport_fastrtps_cpp;rosidl_typesupport_introspection_cpp
[3.897s] -- Found python_cmake_module: 0.11.1 (/opt/ros/jazzy/share/python_cmake_module/cmake)
[4.077s] -- Found PythonExtra: /usr/bin/python3  
[4.659s] -- Found Python3: /usr/bin/python3 (found version "3.12.3") found components: Interpreter Development NumPy Development.Module Development.Embed 
[4.723s] -- Configuring done (4.7s)
[4.777s] -- Generating done (0.0s)
[4.794s] -- Build files have been written to: /home/gh/ros_ws/build/finalprojectinterfaces
[4.802s] Invoked command in '/home/gh/ros_ws/build/finalprojectinterfaces' returned '0': CMAKE_PREFIX_PATH=${CMAKE_PREFIX_PATH}:/home/gh/ros_ws/install/pypkg:/home/gh/ros_ws/install/my_py_pkg:/opt/ros/jazzy DEBUGINFOD_URLS=https://debuginfod.ubuntu.com /usr/bin/cmake /home/gh/ros_ws/src/finalprojectinterfaces -DCMAKE_INSTALL_PREFIX=/home/gh/ros_ws/install/finalprojectinterfaces
[4.804s] Invoking command in '/home/gh/ros_ws/build/finalprojectinterfaces': CMAKE_PREFIX_PATH=${CMAKE_PREFIX_PATH}:/home/gh/ros_ws/install/pypkg:/home/gh/ros_ws/install/my_py_pkg:/opt/ros/jazzy DEBUGINFOD_URLS=https://debuginfod.ubuntu.com /usr/bin/cmake --build /home/gh/ros_ws/build/finalprojectinterfaces -- -j8 -l8
[4.871s] [  1%] [34m[1mGenerating type hashes for ROS interfaces[0m
[4.883s] [  1%] Built target ament_cmake_python_copy_finalprojectinterfaces
[5.213s] [  1%] Built target finalprojectinterfaces__rosidl_generator_type_description
[5.231s] [  3%] [34m[1mGenerating C code for ROS interfaces[0m
[5.256s] [  5%] [34m[1mGenerating C++ code for ROS interfaces[0m
[5.257s] running egg_info
[5.257s] creating finalprojectinterfaces.egg-info
[5.317s] writing finalprojectinterfaces.egg-info/PKG-INFO
[5.317s] writing dependency_links to finalprojectinterfaces.egg-info/dependency_links.txt
[5.318s] writing top-level names to finalprojectinterfaces.egg-info/top_level.txt
[5.318s] writing manifest file 'finalprojectinterfaces.egg-info/SOURCES.txt'
[5.413s] reading manifest file 'finalprojectinterfaces.egg-info/SOURCES.txt'
[5.414s] writing manifest file 'finalprojectinterfaces.egg-info/SOURCES.txt'
[5.457s] [  5%] Built target ament_cmake_python_build_finalprojectinterfaces_egg
[5.900s] [  5%] Built target finalprojectinterfaces__cpp
[5.940s] [  7%] [32mBuilding C object CMakeFiles/finalprojectinterfaces__rosidl_generator_c.dir/rosidl_generator_c/finalprojectinterfaces/msg/detail/turtle_array__description.c.o[0m
[5.940s] [  9%] [32mBuilding C object CMakeFiles/finalprojectinterfaces__rosidl_generator_c.dir/rosidl_generator_c/finalprojectinterfaces/msg/detail/turtle__description.c.o[0m
[5.941s] [ 12%] [32mBuilding C object CMakeFiles/finalprojectinterfaces__rosidl_generator_c.dir/rosidl_generator_c/finalprojectinterfaces/msg/detail/turtle_array__functions.c.o[0m
[5.941s] [ 12%] [32mBuilding C object CMakeFiles/finalprojectinterfaces__rosidl_generator_c.dir/rosidl_generator_c/finalprojectinterfaces/msg/detail/turtle_array__type_support.c.o[0m
[5.942s] [ 14%] [32mBuilding C object CMakeFiles/finalprojectinterfaces__rosidl_generator_c.dir/rosidl_generator_c/finalprojectinterfaces/srv/detail/catch_turtle__description.c.o[0m
[5.942s] [ 16%] [32mBuilding C object CMakeFiles/finalprojectinterfaces__rosidl_generator_c.dir/rosidl_generator_c/finalprojectinterfaces/msg/detail/turtle__functions.c.o[0m
[5.957s] [ 18%] [32mBuilding C object CMakeFiles/finalprojectinterfaces__rosidl_generator_c.dir/rosidl_generator_c/finalprojectinterfaces/msg/detail/turtle__type_support.c.o[0m
[5.957s] [ 20%] [32mBuilding C object CMakeFiles/finalprojectinterfaces__rosidl_generator_c.dir/rosidl_generator_c/finalprojectinterfaces/srv/detail/catch_turtle__functions.c.o[0m
[6.014s] [ 22%] [32mBuilding C object CMakeFiles/finalprojectinterfaces__rosidl_generator_c.dir/rosidl_generator_c/finalprojectinterfaces/srv/detail/catch_turtle__type_support.c.o[0m
[6.073s] [ 24%] [32m[1mLinking C shared library libfinalprojectinterfaces__rosidl_generator_c.so[0m
[6.130s] [ 24%] Built target finalprojectinterfaces__rosidl_generator_c
[6.147s] [ 25%] [34m[1mGenerating C++ introspection for ROS interfaces[0m
[6.147s] [ 27%] [34m[1mGenerating C++ type support for eProsima Fast-RTPS[0m
[6.147s] [ 29%] [34m[1mGenerating C type support dispatch for ROS interfaces[0m
[6.150s] [ 31%] [34m[1mGenerating C++ type support dispatch for ROS interfaces[0m
[6.150s] [ 33%] [34m[1mGenerating C type support for eProsima Fast-RTPS[0m
[6.150s] [ 35%] [34m[1mGenerating C introspection for ROS interfaces[0m
[6.643s] [ 37%] [32mBuilding CXX object CMakeFiles/finalprojectinterfaces__rosidl_typesupport_c.dir/rosidl_typesupport_c/finalprojectinterfaces/msg/turtle_array__type_support.cpp.o[0m
[6.643s] [ 40%] [32mBuilding CXX object CMakeFiles/finalprojectinterfaces__rosidl_typesupport_c.dir/rosidl_typesupport_c/finalprojectinterfaces/srv/catch_turtle__type_support.cpp.o[0m
[6.643s] [ 38%] [32mBuilding CXX object CMakeFiles/finalprojectinterfaces__rosidl_typesupport_c.dir/rosidl_typesupport_c/finalprojectinterfaces/msg/turtle__type_support.cpp.o[0m
[6.669s] [ 42%] [32mBuilding CXX object CMakeFiles/finalprojectinterfaces__rosidl_typesupport_introspection_cpp.dir/rosidl_typesupport_introspection_cpp/finalprojectinterfaces/msg/detail/turtle_array__type_support.cpp.o[0m
[6.746s] [ 44%] [32mBuilding CXX object CMakeFiles/finalprojectinterfaces__rosidl_typesupport_introspection_cpp.dir/rosidl_typesupport_introspection_cpp/finalprojectinterfaces/msg/detail/turtle__type_support.cpp.o[0m
[6.752s] [ 46%] [32mBuilding CXX object CMakeFiles/finalprojectinterfaces__rosidl_typesupport_introspection_cpp.dir/rosidl_typesupport_introspection_cpp/finalprojectinterfaces/srv/detail/catch_turtle__type_support.cpp.o[0m
[6.752s] [ 48%] [32m[1mLinking CXX shared library libfinalprojectinterfaces__rosidl_typesupport_c.so[0m
[6.756s] [ 50%] [32mBuilding CXX object CMakeFiles/finalprojectinterfaces__rosidl_typesupport_cpp.dir/rosidl_typesupport_cpp/finalprojectinterfaces/msg/turtle_array__type_support.cpp.o[0m
[6.861s] [ 50%] Built target finalprojectinterfaces__rosidl_typesupport_c
[6.884s] [ 51%] [32mBuilding CXX object CMakeFiles/finalprojectinterfaces__rosidl_typesupport_fastrtps_cpp.dir/rosidl_typesupport_fastrtps_cpp/finalprojectinterfaces/msg/detail/dds_fastrtps/turtle_array__type_support.cpp.o[0m
[6.892s] [ 53%] [32mBuilding CXX object CMakeFiles/finalprojectinterfaces__rosidl_typesupport_cpp.dir/rosidl_typesupport_cpp/finalprojectinterfaces/msg/turtle__type_support.cpp.o[0m
[6.907s] [ 55%] [32mBuilding C object CMakeFiles/finalprojectinterfaces__rosidl_typesupport_introspection_c.dir/rosidl_typesupport_introspection_c/finalprojectinterfaces/msg/detail/turtle_array__type_support.c.o[0m
[7.071s] [ 57%] [32mBuilding C object CMakeFiles/finalprojectinterfaces__rosidl_typesupport_introspection_c.dir/rosidl_typesupport_introspection_c/finalprojectinterfaces/msg/detail/turtle__type_support.c.o[0m
[7.079s] [ 59%] [32mBuilding CXX object CMakeFiles/finalprojectinterfaces__rosidl_typesupport_fastrtps_c.dir/rosidl_typesupport_fastrtps_c/finalprojectinterfaces/msg/detail/turtle_array__type_support_c.cpp.o[0m
[7.229s] [ 61%] [32mBuilding C object CMakeFiles/finalprojectinterfaces__rosidl_typesupport_introspection_c.dir/rosidl_typesupport_introspection_c/finalprojectinterfaces/srv/detail/catch_turtle__type_support.c.o[0m
[7.415s] [ 62%] [32m[1mLinking C shared library libfinalprojectinterfaces__rosidl_typesupport_introspection_c.so[0m
[7.462s] [ 64%] [32mBuilding CXX object CMakeFiles/finalprojectinterfaces__rosidl_typesupport_fastrtps_c.dir/rosidl_typesupport_fastrtps_c/finalprojectinterfaces/msg/detail/turtle__type_support_c.cpp.o[0m
[7.550s] [ 64%] Built target finalprojectinterfaces__rosidl_typesupport_introspection_c
[7.553s] [ 66%] [32mBuilding CXX object CMakeFiles/finalprojectinterfaces__rosidl_typesupport_cpp.dir/rosidl_typesupport_cpp/finalprojectinterfaces/srv/catch_turtle__type_support.cpp.o[0m
[7.577s] [ 68%] [32mBuilding CXX object CMakeFiles/finalprojectinterfaces__rosidl_typesupport_fastrtps_cpp.dir/rosidl_typesupport_fastrtps_cpp/finalprojectinterfaces/msg/detail/dds_fastrtps/turtle__type_support.cpp.o[0m
[7.622s] [ 70%] [32mBuilding CXX object CMakeFiles/finalprojectinterfaces__rosidl_typesupport_fastrtps_cpp.dir/rosidl_typesupport_fastrtps_cpp/finalprojectinterfaces/srv/detail/dds_fastrtps/catch_turtle__type_support.cpp.o[0m
[7.738s] [ 72%] [32mBuilding CXX object CMakeFiles/finalprojectinterfaces__rosidl_typesupport_fastrtps_c.dir/rosidl_typesupport_fastrtps_c/finalprojectinterfaces/srv/detail/catch_turtle__type_support_c.cpp.o[0m
[7.790s] [ 74%] [32m[1mLinking CXX shared library libfinalprojectinterfaces__rosidl_typesupport_introspection_cpp.so[0m
[8.018s] [ 74%] Built target finalprojectinterfaces__rosidl_typesupport_introspection_cpp
[8.367s] [ 75%] [32m[1mLinking CXX shared library libfinalprojectinterfaces__rosidl_typesupport_cpp.so[0m
[8.500s] [ 75%] Built target finalprojectinterfaces__rosidl_typesupport_cpp
[8.698s] [ 77%] [32m[1mLinking CXX shared library libfinalprojectinterfaces__rosidl_typesupport_fastrtps_c.so[0m
[8.816s] [ 77%] Built target finalprojectinterfaces__rosidl_typesupport_fastrtps_c
[8.889s] [ 79%] [32m[1mLinking CXX shared library libfinalprojectinterfaces__rosidl_typesupport_fastrtps_cpp.so[0m
[9.002s] [ 79%] Built target finalprojectinterfaces__rosidl_typesupport_fastrtps_cpp
[9.033s] [ 79%] Built target finalprojectinterfaces
[9.064s] [ 81%] [34m[1mGenerating Python code for ROS interfaces[0m
[9.678s] [ 81%] Built target finalprojectinterfaces__py
[9.708s] [ 87%] [32mBuilding C object CMakeFiles/finalprojectinterfaces__rosidl_generator_py.dir/rosidl_generator_py/finalprojectinterfaces/srv/_catch_turtle_s.c.o[0m
[9.708s] [ 87%] [32mBuilding C object CMakeFiles/finalprojectinterfaces__rosidl_generator_py.dir/rosidl_generator_py/finalprojectinterfaces/msg/_turtle_array_s.c.o[0m
[9.708s] [ 87%] [32mBuilding C object CMakeFiles/finalprojectinterfaces__rosidl_generator_py.dir/rosidl_generator_py/finalprojectinterfaces/msg/_turtle_s.c.o[0m
[9.913s] [ 88%] [32m[1mLinking C shared library libfinalprojectinterfaces__rosidl_generator_py.so[0m
[9.975s] [ 88%] Built target finalprojectinterfaces__rosidl_generator_py
[10.002s] [ 94%] [32mBuilding C object CMakeFiles/finalprojectinterfaces_s__rosidl_typesupport_fastrtps_c.dir/rosidl_generator_py/finalprojectinterfaces/_finalprojectinterfaces_s.ep.rosidl_typesupport_fastrtps_c.c.o[0m
[10.003s] [ 94%] [32mBuilding C object CMakeFiles/finalprojectinterfaces_s__rosidl_typesupport_c.dir/rosidl_generator_py/finalprojectinterfaces/_finalprojectinterfaces_s.ep.rosidl_typesupport_c.c.o[0m
[10.003s] [ 94%] [32mBuilding C object CMakeFiles/finalprojectinterfaces_s__rosidl_typesupport_introspection_c.dir/rosidl_generator_py/finalprojectinterfaces/_finalprojectinterfaces_s.ep.rosidl_typesupport_introspection_c.c.o[0m
[10.153s] [ 96%] [32m[1mLinking C shared module rosidl_generator_py/finalprojectinterfaces/finalprojectinterfaces_s__rosidl_typesupport_c.so[0m
[10.159s] [ 98%] [32m[1mLinking C shared module rosidl_generator_py/finalprojectinterfaces/finalprojectinterfaces_s__rosidl_typesupport_introspection_c.so[0m
[10.170s] [100%] [32m[1mLinking C shared module rosidl_generator_py/finalprojectinterfaces/finalprojectinterfaces_s__rosidl_typesupport_fastrtps_c.so[0m
[10.201s] [100%] Built target finalprojectinterfaces_s__rosidl_typesupport_c
[10.208s] [100%] Built target finalprojectinterfaces_s__rosidl_typesupport_introspection_c
[10.216s] [100%] Built target finalprojectinterfaces_s__rosidl_typesupport_fastrtps_c
[10.234s] Invoked command in '/home/gh/ros_ws/build/finalprojectinterfaces' returned '0': CMAKE_PREFIX_PATH=${CMAKE_PREFIX_PATH}:/home/gh/ros_ws/install/pypkg:/home/gh/ros_ws/install/my_py_pkg:/opt/ros/jazzy DEBUGINFOD_URLS=https://debuginfod.ubuntu.com /usr/bin/cmake --build /home/gh/ros_ws/build/finalprojectinterfaces -- -j8 -l8
[10.235s] Invoking command in '/home/gh/ros_ws/build/finalprojectinterfaces': CMAKE_PREFIX_PATH=${CMAKE_PREFIX_PATH}:/home/gh/ros_ws/install/pypkg:/home/gh/ros_ws/install/my_py_pkg:/opt/ros/jazzy DEBUGINFOD_URLS=https://debuginfod.ubuntu.com /usr/bin/cmake --install /home/gh/ros_ws/build/finalprojectinterfaces
[10.248s] -- Install configuration: ""
[10.248s] -- Installing: /home/gh/ros_ws/install/finalprojectinterfaces/share/ament_index/resource_index/rosidl_interfaces/finalprojectinterfaces
[10.248s] -- Installing: /home/gh/ros_ws/install/finalprojectinterfaces/share/finalprojectinterfaces/msg/TurtleArray.json
[10.248s] -- Installing: /home/gh/ros_ws/install/finalprojectinterfaces/share/finalprojectinterfaces/msg/Turtle.json
[10.249s] -- Installing: /home/gh/ros_ws/install/finalprojectinterfaces/share/finalprojectinterfaces/srv/CatchTurtle.json
[10.249s] -- Installing: /home/gh/ros_ws/install/finalprojectinterfaces/include/finalprojectinterfaces/finalprojectinterfaces
[10.249s] -- Installing: /home/gh/ros_ws/install/finalprojectinterfaces/include/finalprojectinterfaces/finalprojectinterfaces/msg
[10.249s] -- Installing: /home/gh/ros_ws/install/finalprojectinterfaces/include/finalprojectinterfaces/finalprojectinterfaces/msg/rosidl_generator_c__visibility_control.h
[10.250s] -- Installing: /home/gh/ros_ws/install/finalprojectinterfaces/include/finalprojectinterfaces/finalprojectinterfaces/msg/turtle_array.h
[10.250s] -- Installing: /home/gh/ros_ws/install/finalprojectinterfaces/include/finalprojectinterfaces/finalprojectinterfaces/msg/turtle.h
[10.250s] -- Installing: /home/gh/ros_ws/install/finalprojectinterfaces/include/finalprojectinterfaces/finalprojectinterfaces/msg/detail
[10.250s] -- Installing: /home/gh/ros_ws/install/finalprojectinterfaces/include/finalprojectinterfaces/finalprojectinterfaces/msg/detail/turtle__functions.h
[10.250s] -- Installing: /home/gh/ros_ws/install/finalprojectinterfaces/include/finalprojectinterfaces/finalprojectinterfaces/msg/detail/turtle_array__description.c
[10.251s] -- Installing: /home/gh/ros_ws/install/finalprojectinterfaces/include/finalprojectinterfaces/finalprojectinterfaces/msg/detail/turtle__struct.h
[10.251s] -- Installing: /home/gh/ros_ws/install/finalprojectinterfaces/include/finalprojectinterfaces/finalprojectinterfaces/msg/detail/turtle__description.c
[10.251s] -- Installing: /home/gh/ros_ws/install/finalprojectinterfaces/include/finalprojectinterfaces/finalprojectinterfaces/msg/detail/turtle_array__functions.c
[10.251s] -- Installing: /home/gh/ros_ws/install/finalprojectinterfaces/include/finalprojectinterfaces/finalprojectinterfaces/msg/detail/turtle__functions.c
[10.252s] -- Installing: /home/gh/ros_ws/install/finalprojectinterfaces/include/finalprojectinterfaces/finalprojectinterfaces/msg/detail/turtle__type_support.c
[10.252s] -- Installing: /home/gh/ros_ws/install/finalprojectinterfaces/include/finalprojectinterfaces/finalprojectinterfaces/msg/detail/turtle__type_support.h
[10.252s] -- Installing: /home/gh/ros_ws/install/finalprojectinterfaces/include/finalprojectinterfaces/finalprojectinterfaces/msg/detail/turtle_array__type_support.h
[10.252s] -- Installing: /home/gh/ros_ws/install/finalprojectinterfaces/include/finalprojectinterfaces/finalprojectinterfaces/msg/detail/turtle_array__struct.h
[10.253s] -- Installing: /home/gh/ros_ws/install/finalprojectinterfaces/include/finalprojectinterfaces/finalprojectinterfaces/msg/detail/turtle_array__type_support.c
[10.253s] -- Installing: /home/gh/ros_ws/install/finalprojectinterfaces/include/finalprojectinterfaces/finalprojectinterfaces/msg/detail/turtle_array__functions.h
[10.253s] -- Installing: /home/gh/ros_ws/install/finalprojectinterfaces/include/finalprojectinterfaces/finalprojectinterfaces/srv
[10.253s] -- Installing: /home/gh/ros_ws/install/finalprojectinterfaces/include/finalprojectinterfaces/finalprojectinterfaces/srv/catch_turtle.h
[10.253s] -- Installing: /home/gh/ros_ws/install/finalprojectinterfaces/include/finalprojectinterfaces/finalprojectinterfaces/srv/detail
[10.253s] -- Installing: /home/gh/ros_ws/install/finalprojectinterfaces/include/finalprojectinterfaces/finalprojectinterfaces/srv/detail/catch_turtle__struct.h
[10.253s] -- Installing: /home/gh/ros_ws/install/finalprojectinterfaces/include/finalprojectinterfaces/finalprojectinterfaces/srv/detail/catch_turtle__functions.c
[10.254s] -- Installing: /home/gh/ros_ws/install/finalprojectinterfaces/include/finalprojectinterfaces/finalprojectinterfaces/srv/detail/catch_turtle__description.c
[10.254s] -- Installing: /home/gh/ros_ws/install/finalprojectinterfaces/include/finalprojectinterfaces/finalprojectinterfaces/srv/detail/catch_turtle__type_support.h
[10.254s] -- Installing: /home/gh/ros_ws/install/finalprojectinterfaces/include/finalprojectinterfaces/finalprojectinterfaces/srv/detail/catch_turtle__type_support.c
[10.254s] -- Installing: /home/gh/ros_ws/install/finalprojectinterfaces/include/finalprojectinterfaces/finalprojectinterfaces/srv/detail/catch_turtle__functions.h
[10.255s] -- Installing: /home/gh/ros_ws/install/finalprojectinterfaces/share/finalprojectinterfaces/environment/library_path.sh
[10.255s] -- Installing: /home/gh/ros_ws/install/finalprojectinterfaces/share/finalprojectinterfaces/environment/library_path.dsv
[10.255s] -- Installing: /home/gh/ros_ws/install/finalprojectinterfaces/lib/libfinalprojectinterfaces__rosidl_generator_c.so
[10.256s] -- Set non-toolchain portion of runtime path of "/home/gh/ros_ws/install/finalprojectinterfaces/lib/libfinalprojectinterfaces__rosidl_generator_c.so" to ""
[10.257s] -- Up-to-date: /home/gh/ros_ws/install/finalprojectinterfaces/include/finalprojectinterfaces/finalprojectinterfaces
[10.257s] -- Up-to-date: /home/gh/ros_ws/install/finalprojectinterfaces/include/finalprojectinterfaces/finalprojectinterfaces/msg
[10.257s] -- Installing: /home/gh/ros_ws/install/finalprojectinterfaces/include/finalprojectinterfaces/finalprojectinterfaces/msg/rosidl_typesupport_fastrtps_c__visibility_control.h
[10.257s] -- Up-to-date: /home/gh/ros_ws/install/finalprojectinterfaces/include/finalprojectinterfaces/finalprojectinterfaces/msg/detail
[10.257s] -- Installing: /home/gh/ros_ws/install/finalprojectinterfaces/include/finalprojectinterfaces/finalprojectinterfaces/msg/detail/turtle__rosidl_typesupport_fastrtps_c.h
[10.258s] -- Installing: /home/gh/ros_ws/install/finalprojectinterfaces/include/finalprojectinterfaces/finalprojectinterfaces/msg/detail/turtle_array__rosidl_typesupport_fastrtps_c.h
[10.258s] -- Up-to-date: /home/gh/ros_ws/install/finalprojectinterfaces/include/finalprojectinterfaces/finalprojectinterfaces/srv
[10.258s] -- Up-to-date: /home/gh/ros_ws/install/finalprojectinterfaces/include/finalprojectinterfaces/finalprojectinterfaces/srv/detail
[10.258s] -- Installing: /home/gh/ros_ws/install/finalprojectinterfaces/include/finalprojectinterfaces/finalprojectinterfaces/srv/detail/catch_turtle__rosidl_typesupport_fastrtps_c.h
[10.258s] -- Installing: /home/gh/ros_ws/install/finalprojectinterfaces/lib/libfinalprojectinterfaces__rosidl_typesupport_fastrtps_c.so
[10.259s] -- Set non-toolchain portion of runtime path of "/home/gh/ros_ws/install/finalprojectinterfaces/lib/libfinalprojectinterfaces__rosidl_typesupport_fastrtps_c.so" to ""
[10.259s] -- Up-to-date: /home/gh/ros_ws/install/finalprojectinterfaces/include/finalprojectinterfaces/finalprojectinterfaces
[10.259s] -- Up-to-date: /home/gh/ros_ws/install/finalprojectinterfaces/include/finalprojectinterfaces/finalprojectinterfaces/msg
[10.259s] -- Installing: /home/gh/ros_ws/install/finalprojectinterfaces/include/finalprojectinterfaces/finalprojectinterfaces/msg/rosidl_typesupport_introspection_c__visibility_control.h
[10.260s] -- Up-to-date: /home/gh/ros_ws/install/finalprojectinterfaces/include/finalprojectinterfaces/finalprojectinterfaces/msg/detail
[10.260s] -- Installing: /home/gh/ros_ws/install/finalprojectinterfaces/include/finalprojectinterfaces/finalprojectinterfaces/msg/detail/turtle__type_support.c
[10.260s] -- Installing: /home/gh/ros_ws/install/finalprojectinterfaces/include/finalprojectinterfaces/finalprojectinterfaces/msg/detail/turtle_array__rosidl_typesupport_introspection_c.h
[10.260s] -- Installing: /home/gh/ros_ws/install/finalprojectinterfaces/include/finalprojectinterfaces/finalprojectinterfaces/msg/detail/turtle__rosidl_typesupport_introspection_c.h
[10.261s] -- Installing: /home/gh/ros_ws/install/finalprojectinterfaces/include/finalprojectinterfaces/finalprojectinterfaces/msg/detail/turtle_array__type_support.c
[10.261s] -- Up-to-date: /home/gh/ros_ws/install/finalprojectinterfaces/include/finalprojectinterfaces/finalprojectinterfaces/srv
[10.261s] -- Up-to-date: /home/gh/ros_ws/install/finalprojectinterfaces/include/finalprojectinterfaces/finalprojectinterfaces/srv/detail
[10.261s] -- Installing: /home/gh/ros_ws/install/finalprojectinterfaces/include/finalprojectinterfaces/finalprojectinterfaces/srv/detail/catch_turtle__type_support.c
[10.261s] -- Installing: /home/gh/ros_ws/install/finalprojectinterfaces/include/finalprojectinterfaces/finalprojectinterfaces/srv/detail/catch_turtle__rosidl_typesupport_introspection_c.h
[10.261s] -- Installing: /home/gh/ros_ws/install/finalprojectinterfaces/lib/libfinalprojectinterfaces__rosidl_typesupport_introspection_c.so
[10.262s] -- Set non-toolchain portion of runtime path of "/home/gh/ros_ws/install/finalprojectinterfaces/lib/libfinalprojectinterfaces__rosidl_typesupport_introspection_c.so" to ""
[10.262s] -- Installing: /home/gh/ros_ws/install/finalprojectinterfaces/lib/libfinalprojectinterfaces__rosidl_typesupport_c.so
[10.262s] -- Set non-toolchain portion of runtime path of "/home/gh/ros_ws/install/finalprojectinterfaces/lib/libfinalprojectinterfaces__rosidl_typesupport_c.so" to ""
[10.263s] -- Up-to-date: /home/gh/ros_ws/install/finalprojectinterfaces/include/finalprojectinterfaces/finalprojectinterfaces
[10.263s] -- Up-to-date: /home/gh/ros_ws/install/finalprojectinterfaces/include/finalprojectinterfaces/finalprojectinterfaces/msg
[10.263s] -- Installing: /home/gh/ros_ws/install/finalprojectinterfaces/include/finalprojectinterfaces/finalprojectinterfaces/msg/turtle_array.hpp
[10.263s] -- Installing: /home/gh/ros_ws/install/finalprojectinterfaces/include/finalprojectinterfaces/finalprojectinterfaces/msg/turtle.hpp
[10.263s] -- Installing: /home/gh/ros_ws/install/finalprojectinterfaces/include/finalprojectinterfaces/finalprojectinterfaces/msg/rosidl_generator_cpp__visibility_control.hpp
[10.263s] -- Up-to-date: /home/gh/ros_ws/install/finalprojectinterfaces/include/finalprojectinterfaces/finalprojectinterfaces/msg/detail
[10.264s] -- Installing: /home/gh/ros_ws/install/finalprojectinterfaces/include/finalprojectinterfaces/finalprojectinterfaces/msg/detail/turtle__builder.hpp
[10.264s] -- Installing: /home/gh/ros_ws/install/finalprojectinterfaces/include/finalprojectinterfaces/finalprojectinterfaces/msg/detail/turtle_array__traits.hpp
[10.264s] -- Installing: /home/gh/ros_ws/install/finalprojectinterfaces/include/finalprojectinterfaces/finalprojectinterfaces/msg/detail/turtle__struct.hpp
[10.264s] -- Installing: /home/gh/ros_ws/install/finalprojectinterfaces/include/finalprojectinterfaces/finalprojectinterfaces/msg/detail/turtle__traits.hpp
[10.264s] -- Installing: /home/gh/ros_ws/install/finalprojectinterfaces/include/finalprojectinterfaces/finalprojectinterfaces/msg/detail/turtle_array__builder.hpp
[10.265s] -- Installing: /home/gh/ros_ws/install/finalprojectinterfaces/include/finalprojectinterfaces/finalprojectinterfaces/msg/detail/turtle_array__type_support.hpp
[10.265s] -- Installing: /home/gh/ros_ws/install/finalprojectinterfaces/include/finalprojectinterfaces/finalprojectinterfaces/msg/detail/turtle__type_support.hpp
[10.266s] -- Installing: /home/gh/ros_ws/install/finalprojectinterfaces/include/finalprojectinterfaces/finalprojectinterfaces/msg/detail/turtle_array__struct.hpp
[10.266s] -- Up-to-date: /home/gh/ros_ws/install/finalprojectinterfaces/include/finalprojectinterfaces/finalprojectinterfaces/srv
[10.266s] -- Installing: /home/gh/ros_ws/install/finalprojectinterfaces/include/finalprojectinterfaces/finalprojectinterfaces/srv/catch_turtle.hpp
[10.267s] -- Up-to-date: /home/gh/ros_ws/install/finalprojectinterfaces/include/finalprojectinterfaces/finalprojectinterfaces/srv/detail
[10.267s] -- Installing: /home/gh/ros_ws/install/finalprojectinterfaces/include/finalprojectinterfaces/finalprojectinterfaces/srv/detail/catch_turtle__traits.hpp
[10.267s] -- Installing: /home/gh/ros_ws/install/finalprojectinterfaces/include/finalprojectinterfaces/finalprojectinterfaces/srv/detail/catch_turtle__struct.hpp
[10.267s] -- Installing: /home/gh/ros_ws/install/finalprojectinterfaces/include/finalprojectinterfaces/finalprojectinterfaces/srv/detail/catch_turtle__builder.hpp
[10.267s] -- Installing: /home/gh/ros_ws/install/finalprojectinterfaces/include/finalprojectinterfaces/finalprojectinterfaces/srv/detail/catch_turtle__type_support.hpp
[10.267s] -- Up-to-date: /home/gh/ros_ws/install/finalprojectinterfaces/include/finalprojectinterfaces/finalprojectinterfaces
[10.268s] -- Up-to-date: /home/gh/ros_ws/install/finalprojectinterfaces/include/finalprojectinterfaces/finalprojectinterfaces/msg
[10.268s] -- Installing: /home/gh/ros_ws/install/finalprojectinterfaces/include/finalprojectinterfaces/finalprojectinterfaces/msg/rosidl_typesupport_fastrtps_cpp__visibility_control.h
[10.268s] -- Up-to-date: /home/gh/ros_ws/install/finalprojectinterfaces/include/finalprojectinterfaces/finalprojectinterfaces/msg/detail
[10.268s] -- Installing: /home/gh/ros_ws/install/finalprojectinterfaces/include/finalprojectinterfaces/finalprojectinterfaces/msg/detail/turtle_array__rosidl_typesupport_fastrtps_cpp.hpp
[10.268s] -- Installing: /home/gh/ros_ws/install/finalprojectinterfaces/include/finalprojectinterfaces/finalprojectinterfaces/msg/detail/turtle__rosidl_typesupport_fastrtps_cpp.hpp
[10.268s] -- Installing: /home/gh/ros_ws/install/finalprojectinterfaces/include/finalprojectinterfaces/finalprojectinterfaces/msg/detail/dds_fastrtps
[10.268s] -- Up-to-date: /home/gh/ros_ws/install/finalprojectinterfaces/include/finalprojectinterfaces/finalprojectinterfaces/srv
[10.268s] -- Up-to-date: /home/gh/ros_ws/install/finalprojectinterfaces/include/finalprojectinterfaces/finalprojectinterfaces/srv/detail
[10.268s] -- Installing: /home/gh/ros_ws/install/finalprojectinterfaces/include/finalprojectinterfaces/finalprojectinterfaces/srv/detail/dds_fastrtps
[10.269s] -- Installing: /home/gh/ros_ws/install/finalprojectinterfaces/include/finalprojectinterfaces/finalprojectinterfaces/srv/detail/catch_turtle__rosidl_typesupport_fastrtps_cpp.hpp
[10.269s] -- Installing: /home/gh/ros_ws/install/finalprojectinterfaces/lib/libfinalprojectinterfaces__rosidl_typesupport_fastrtps_cpp.so
[10.269s] -- Set non-toolchain portion of runtime path of "/home/gh/ros_ws/install/finalprojectinterfaces/lib/libfinalprojectinterfaces__rosidl_typesupport_fastrtps_cpp.so" to ""
[10.269s] -- Up-to-date: /home/gh/ros_ws/install/finalprojectinterfaces/include/finalprojectinterfaces/finalprojectinterfaces
[10.269s] -- Up-to-date: /home/gh/ros_ws/install/finalprojectinterfaces/include/finalprojectinterfaces/finalprojectinterfaces/msg
[10.270s] -- Up-to-date: /home/gh/ros_ws/install/finalprojectinterfaces/include/finalprojectinterfaces/finalprojectinterfaces/msg/detail
[10.270s] -- Installing: /home/gh/ros_ws/install/finalprojectinterfaces/include/finalprojectinterfaces/finalprojectinterfaces/msg/detail/turtle_array__type_support.cpp
[10.270s] -- Installing: /home/gh/ros_ws/install/finalprojectinterfaces/include/finalprojectinterfaces/finalprojectinterfaces/msg/detail/turtle__type_support.cpp
[10.270s] -- Installing: /home/gh/ros_ws/install/finalprojectinterfaces/include/finalprojectinterfaces/finalprojectinterfaces/msg/detail/turtle_array__rosidl_typesupport_introspection_cpp.hpp
[10.270s] -- Installing: /home/gh/ros_ws/install/finalprojectinterfaces/include/finalprojectinterfaces/finalprojectinterfaces/msg/detail/turtle__rosidl_typesupport_introspection_cpp.hpp
[10.270s] -- Up-to-date: /home/gh/ros_ws/install/finalprojectinterfaces/include/finalprojectinterfaces/finalprojectinterfaces/srv
[10.270s] -- Up-to-date: /home/gh/ros_ws/install/finalprojectinterfaces/include/finalprojectinterfaces/finalprojectinterfaces/srv/detail
[10.270s] -- Installing: /home/gh/ros_ws/install/finalprojectinterfaces/include/finalprojectinterfaces/finalprojectinterfaces/srv/detail/catch_turtle__type_support.cpp
[10.270s] -- Installing: /home/gh/ros_ws/install/finalprojectinterfaces/include/finalprojectinterfaces/finalprojectinterfaces/srv/detail/catch_turtle__rosidl_typesupport_introspection_cpp.hpp
[10.271s] -- Installing: /home/gh/ros_ws/install/finalprojectinterfaces/lib/libfinalprojectinterfaces__rosidl_typesupport_introspection_cpp.so
[10.272s] -- Set non-toolchain portion of runtime path of "/home/gh/ros_ws/install/finalprojectinterfaces/lib/libfinalprojectinterfaces__rosidl_typesupport_introspection_cpp.so" to ""
[10.272s] -- Installing: /home/gh/ros_ws/install/finalprojectinterfaces/lib/libfinalprojectinterfaces__rosidl_typesupport_cpp.so
[10.273s] -- Set non-toolchain portion of runtime path of "/home/gh/ros_ws/install/finalprojectinterfaces/lib/libfinalprojectinterfaces__rosidl_typesupport_cpp.so" to ""
[10.273s] -- Installing: /home/gh/ros_ws/install/finalprojectinterfaces/share/finalprojectinterfaces/environment/pythonpath.sh
[10.273s] -- Installing: /home/gh/ros_ws/install/finalprojectinterfaces/share/finalprojectinterfaces/environment/pythonpath.dsv
[10.273s] -- Installing: /home/gh/ros_ws/install/finalprojectinterfaces/lib/python3.12/site-packages/finalprojectinterfaces-0.0.0-py3.12.egg-info
[10.273s] -- Installing: /home/gh/ros_ws/install/finalprojectinterfaces/lib/python3.12/site-packages/finalprojectinterfaces-0.0.0-py3.12.egg-info/top_level.txt
[10.274s] -- Installing: /home/gh/ros_ws/install/finalprojectinterfaces/lib/python3.12/site-packages/finalprojectinterfaces-0.0.0-py3.12.egg-info/SOURCES.txt
[10.274s] -- Installing: /home/gh/ros_ws/install/finalprojectinterfaces/lib/python3.12/site-packages/finalprojectinterfaces-0.0.0-py3.12.egg-info/PKG-INFO
[10.274s] -- Installing: /home/gh/ros_ws/install/finalprojectinterfaces/lib/python3.12/site-packages/finalprojectinterfaces-0.0.0-py3.12.egg-info/dependency_links.txt
[10.274s] -- Installing: /home/gh/ros_ws/install/finalprojectinterfaces/lib/python3.12/site-packages/finalprojectinterfaces
[10.274s] -- Installing: /home/gh/ros_ws/install/finalprojectinterfaces/lib/python3.12/site-packages/finalprojectinterfaces/msg
[10.274s] -- Installing: /home/gh/ros_ws/install/finalprojectinterfaces/lib/python3.12/site-packages/finalprojectinterfaces/msg/__init__.py
[10.274s] -- Installing: /home/gh/ros_ws/install/finalprojectinterfaces/lib/python3.12/site-packages/finalprojectinterfaces/msg/_turtle.py
[10.275s] -- Installing: /home/gh/ros_ws/install/finalprojectinterfaces/lib/python3.12/site-packages/finalprojectinterfaces/msg/_turtle_array_s.c
[10.275s] -- Installing: /home/gh/ros_ws/install/finalprojectinterfaces/lib/python3.12/site-packages/finalprojectinterfaces/msg/_turtle_array.py
[10.275s] -- Installing: /home/gh/ros_ws/install/finalprojectinterfaces/lib/python3.12/site-packages/finalprojectinterfaces/msg/_turtle_s.c
[10.275s] -- Installing: /home/gh/ros_ws/install/finalprojectinterfaces/lib/python3.12/site-packages/finalprojectinterfaces/__init__.py
[10.275s] -- Installing: /home/gh/ros_ws/install/finalprojectinterfaces/lib/python3.12/site-packages/finalprojectinterfaces/_finalprojectinterfaces_s.ep.rosidl_typesupport_c.c
[10.276s] -- Installing: /home/gh/ros_ws/install/finalprojectinterfaces/lib/python3.12/site-packages/finalprojectinterfaces/finalprojectinterfaces_s__rosidl_typesupport_introspection_c.so
[10.276s] -- Installing: /home/gh/ros_ws/install/finalprojectinterfaces/lib/python3.12/site-packages/finalprojectinterfaces/_finalprojectinterfaces_s.ep.rosidl_typesupport_fastrtps_c.c
[10.276s] -- Installing: /home/gh/ros_ws/install/finalprojectinterfaces/lib/python3.12/site-packages/finalprojectinterfaces/_finalprojectinterfaces_s.ep.rosidl_typesupport_introspection_c.c
[10.276s] -- Installing: /home/gh/ros_ws/install/finalprojectinterfaces/lib/python3.12/site-packages/finalprojectinterfaces/finalprojectinterfaces_s__rosidl_typesupport_fastrtps_c.so
[10.277s] -- Installing: /home/gh/ros_ws/install/finalprojectinterfaces/lib/python3.12/site-packages/finalprojectinterfaces/srv
[10.277s] -- Installing: /home/gh/ros_ws/install/finalprojectinterfaces/lib/python3.12/site-packages/finalprojectinterfaces/srv/__init__.py
[10.277s] -- Installing: /home/gh/ros_ws/install/finalprojectinterfaces/lib/python3.12/site-packages/finalprojectinterfaces/srv/_catch_turtle.py
[10.277s] -- Installing: /home/gh/ros_ws/install/finalprojectinterfaces/lib/python3.12/site-packages/finalprojectinterfaces/srv/_catch_turtle_s.c
[10.277s] -- Installing: /home/gh/ros_ws/install/finalprojectinterfaces/lib/python3.12/site-packages/finalprojectinterfaces/finalprojectinterfaces_s__rosidl_typesupport_c.so
[10.331s] Listing '/home/gh/ros_ws/install/finalprojectinterfaces/lib/python3.12/site-packages/finalprojectinterfaces'...
[10.331s] Compiling '/home/gh/ros_ws/install/finalprojectinterfaces/lib/python3.12/site-packages/finalprojectinterfaces/__init__.py'...
[10.331s] Listing '/home/gh/ros_ws/install/finalprojectinterfaces/lib/python3.12/site-packages/finalprojectinterfaces/msg'...
[10.331s] Compiling '/home/gh/ros_ws/install/finalprojectinterfaces/lib/python3.12/site-packages/finalprojectinterfaces/msg/__init__.py'...
[10.331s] Compiling '/home/gh/ros_ws/install/finalprojectinterfaces/lib/python3.12/site-packages/finalprojectinterfaces/msg/_turtle.py'...
[10.331s] Compiling '/home/gh/ros_ws/install/finalprojectinterfaces/lib/python3.12/site-packages/finalprojectinterfaces/msg/_turtle_array.py'...
[10.332s] Listing '/home/gh/ros_ws/install/finalprojectinterfaces/lib/python3.12/site-packages/finalprojectinterfaces/srv'...
[10.332s] Compiling '/home/gh/ros_ws/install/finalprojectinterfaces/lib/python3.12/site-packages/finalprojectinterfaces/srv/__init__.py'...
[10.332s] Compiling '/home/gh/ros_ws/install/finalprojectinterfaces/lib/python3.12/site-packages/finalprojectinterfaces/srv/_catch_turtle.py'...
[10.338s] -- Installing: /home/gh/ros_ws/install/finalprojectinterfaces/lib/python3.12/site-packages/finalprojectinterfaces/finalprojectinterfaces_s__rosidl_typesupport_fastrtps_c.so
[10.338s] -- Set non-toolchain portion of runtime path of "/home/gh/ros_ws/install/finalprojectinterfaces/lib/python3.12/site-packages/finalprojectinterfaces/finalprojectinterfaces_s__rosidl_typesupport_fastrtps_c.so" to ""
[10.338s] -- Installing: /home/gh/ros_ws/install/finalprojectinterfaces/lib/python3.12/site-packages/finalprojectinterfaces/finalprojectinterfaces_s__rosidl_typesupport_introspection_c.so
[10.339s] -- Set non-toolchain portion of runtime path of "/home/gh/ros_ws/install/finalprojectinterfaces/lib/python3.12/site-packages/finalprojectinterfaces/finalprojectinterfaces_s__rosidl_typesupport_introspection_c.so" to ""
[10.339s] -- Installing: /home/gh/ros_ws/install/finalprojectinterfaces/lib/python3.12/site-packages/finalprojectinterfaces/finalprojectinterfaces_s__rosidl_typesupport_c.so
[10.340s] -- Set non-toolchain portion of runtime path of "/home/gh/ros_ws/install/finalprojectinterfaces/lib/python3.12/site-packages/finalprojectinterfaces/finalprojectinterfaces_s__rosidl_typesupport_c.so" to ""
[10.340s] -- Installing: /home/gh/ros_ws/install/finalprojectinterfaces/lib/libfinalprojectinterfaces__rosidl_generator_py.so
[10.341s] -- Set non-toolchain portion of runtime path of "/home/gh/ros_ws/install/finalprojectinterfaces/lib/libfinalprojectinterfaces__rosidl_generator_py.so" to ""
[10.341s] -- Installing: /home/gh/ros_ws/install/finalprojectinterfaces/share/finalprojectinterfaces/msg/TurtleArray.idl
[10.341s] -- Installing: /home/gh/ros_ws/install/finalprojectinterfaces/share/finalprojectinterfaces/msg/Turtle.idl
[10.341s] -- Installing: /home/gh/ros_ws/install/finalprojectinterfaces/share/finalprojectinterfaces/srv/CatchTurtle.idl
[10.342s] -- Installing: /home/gh/ros_ws/install/finalprojectinterfaces/share/finalprojectinterfaces/msg/TurtleArray.msg
[10.342s] -- Installing: /home/gh/ros_ws/install/finalprojectinterfaces/share/finalprojectinterfaces/msg/Turtle.msg
[10.342s] -- Installing: /home/gh/ros_ws/install/finalprojectinterfaces/share/finalprojectinterfaces/srv/CatchTurtle.srv
[10.342s] -- Installing: /home/gh/ros_ws/install/finalprojectinterfaces/share/ament_index/resource_index/package_run_dependencies/finalprojectinterfaces
[10.342s] -- Installing: /home/gh/ros_ws/install/finalprojectinterfaces/share/ament_index/resource_index/parent_prefix_path/finalprojectinterfaces
[10.343s] -- Installing: /home/gh/ros_ws/install/finalprojectinterfaces/share/finalprojectinterfaces/environment/ament_prefix_path.sh
[10.343s] -- Installing: /home/gh/ros_ws/install/finalprojectinterfaces/share/finalprojectinterfaces/environment/ament_prefix_path.dsv
[10.343s] -- Installing: /home/gh/ros_ws/install/finalprojectinterfaces/share/finalprojectinterfaces/environment/path.sh
[10.343s] -- Installing: /home/gh/ros_ws/install/finalprojectinterfaces/share/finalprojectinterfaces/environment/path.dsv
[10.343s] -- Installing: /home/gh/ros_ws/install/finalprojectinterfaces/share/finalprojectinterfaces/local_setup.bash
[10.343s] -- Installing: /home/gh/ros_ws/install/finalprojectinterfaces/share/finalprojectinterfaces/local_setup.sh
[10.344s] -- Installing: /home/gh/ros_ws/install/finalprojectinterfaces/share/finalprojectinterfaces/local_setup.zsh
[10.344s] -- Installing: /home/gh/ros_ws/install/finalprojectinterfaces/share/finalprojectinterfaces/local_setup.dsv
[10.344s] -- Installing: /home/gh/ros_ws/install/finalprojectinterfaces/share/finalprojectinterfaces/package.dsv
[10.344s] -- Installing: /home/gh/ros_ws/install/finalprojectinterfaces/share/ament_index/resource_index/packages/finalprojectinterfaces
[10.344s] -- Installing: /home/gh/ros_ws/install/finalprojectinterfaces/share/finalprojectinterfaces/cmake/export_finalprojectinterfaces__rosidl_generator_cExport.cmake
[10.344s] -- Installing: /home/gh/ros_ws/install/finalprojectinterfaces/share/finalprojectinterfaces/cmake/export_finalprojectinterfaces__rosidl_generator_cExport-noconfig.cmake
[10.345s] -- Installing: /home/gh/ros_ws/install/finalprojectinterfaces/share/finalprojectinterfaces/cmake/export_finalprojectinterfaces__rosidl_typesupport_fastrtps_cExport.cmake
[10.345s] -- Installing: /home/gh/ros_ws/install/finalprojectinterfaces/share/finalprojectinterfaces/cmake/export_finalprojectinterfaces__rosidl_typesupport_fastrtps_cExport-noconfig.cmake
[10.345s] -- Installing: /home/gh/ros_ws/install/finalprojectinterfaces/share/finalprojectinterfaces/cmake/finalprojectinterfaces__rosidl_typesupport_introspection_cExport.cmake
[10.345s] -- Installing: /home/gh/ros_ws/install/finalprojectinterfaces/share/finalprojectinterfaces/cmake/finalprojectinterfaces__rosidl_typesupport_introspection_cExport-noconfig.cmake
[10.345s] -- Installing: /home/gh/ros_ws/install/finalprojectinterfaces/share/finalprojectinterfaces/cmake/finalprojectinterfaces__rosidl_typesupport_cExport.cmake
[10.346s] -- Installing: /home/gh/ros_ws/install/finalprojectinterfaces/share/finalprojectinterfaces/cmake/finalprojectinterfaces__rosidl_typesupport_cExport-noconfig.cmake
[10.346s] -- Installing: /home/gh/ros_ws/install/finalprojectinterfaces/share/finalprojectinterfaces/cmake/export_finalprojectinterfaces__rosidl_generator_cppExport.cmake
[10.346s] -- Installing: /home/gh/ros_ws/install/finalprojectinterfaces/share/finalprojectinterfaces/cmake/export_finalprojectinterfaces__rosidl_typesupport_fastrtps_cppExport.cmake
[10.346s] -- Installing: /home/gh/ros_ws/install/finalprojectinterfaces/share/finalprojectinterfaces/cmake/export_finalprojectinterfaces__rosidl_typesupport_fastrtps_cppExport-noconfig.cmake
[10.346s] -- Installing: /home/gh/ros_ws/install/finalprojectinterfaces/share/finalprojectinterfaces/cmake/finalprojectinterfaces__rosidl_typesupport_introspection_cppExport.cmake
[10.347s] -- Installing: /home/gh/ros_ws/install/finalprojectinterfaces/share/finalprojectinterfaces/cmake/finalprojectinterfaces__rosidl_typesupport_introspection_cppExport-noconfig.cmake
[10.347s] -- Installing: /home/gh/ros_ws/install/finalprojectinterfaces/share/finalprojectinterfaces/cmake/finalprojectinterfaces__rosidl_typesupport_cppExport.cmake
[10.347s] -- Installing: /home/gh/ros_ws/install/finalprojectinterfaces/share/finalprojectinterfaces/cmake/finalprojectinterfaces__rosidl_typesupport_cppExport-noconfig.cmake
[10.347s] -- Installing: /home/gh/ros_ws/install/finalprojectinterfaces/share/finalprojectinterfaces/cmake/export_finalprojectinterfaces__rosidl_generator_pyExport.cmake
[10.347s] -- Installing: /home/gh/ros_ws/install/finalprojectinterfaces/share/finalprojectinterfaces/cmake/export_finalprojectinterfaces__rosidl_generator_pyExport-noconfig.cmake
[10.348s] -- Installing: /home/gh/ros_ws/install/finalprojectinterfaces/share/finalprojectinterfaces/cmake/rosidl_cmake-extras.cmake
[10.348s] -- Installing: /home/gh/ros_ws/install/finalprojectinterfaces/share/finalprojectinterfaces/cmake/ament_cmake_export_dependencies-extras.cmake
[10.348s] -- Installing: /home/gh/ros_ws/install/finalprojectinterfaces/share/finalprojectinterfaces/cmake/ament_cmake_export_include_directories-extras.cmake
[10.348s] -- Installing: /home/gh/ros_ws/install/finalprojectinterfaces/share/finalprojectinterfaces/cmake/ament_cmake_export_libraries-extras.cmake
[10.348s] -- Installing: /home/gh/ros_ws/install/finalprojectinterfaces/share/finalprojectinterfaces/cmake/ament_cmake_export_targets-extras.cmake
[10.349s] -- Installing: /home/gh/ros_ws/install/finalprojectinterfaces/share/finalprojectinterfaces/cmake/rosidl_cmake_export_typesupport_targets-extras.cmake
[10.349s] -- Installing: /home/gh/ros_ws/install/finalprojectinterfaces/share/finalprojectinterfaces/cmake/rosidl_cmake_export_typesupport_libraries-extras.cmake
[10.349s] -- Installing: /home/gh/ros_ws/install/finalprojectinterfaces/share/finalprojectinterfaces/cmake/finalprojectinterfacesConfig.cmake
[10.349s] -- Installing: /home/gh/ros_ws/install/finalprojectinterfaces/share/finalprojectinterfaces/cmake/finalprojectinterfacesConfig-version.cmake
[10.349s] -- Installing: /home/gh/ros_ws/install/finalprojectinterfaces/share/finalprojectinterfaces/package.xml
[10.352s] Invoked command in '/home/gh/ros_ws/build/finalprojectinterfaces' returned '0': CMAKE_PREFIX_PATH=${CMAKE_PREFIX_PATH}:/home/gh/ros_ws/install/pypkg:/home/gh/ros_ws/install/my_py_pkg:/opt/ros/jazzy DEBUGINFOD_URLS=https://debuginfod.ubuntu.com /usr/bin/cmake --install /home/gh/ros_ws/build/finalprojectinterfaces
