[0.044s] Invoking command in '/home/gh/ros_ws/build/my_cpp_pkg': CMAKE_PREFIX_PATH=/home/gh/ros_ws/install/my_robot_interfaces:/home/gh/ros_ws/install/my_robot_bringup:/home/gh/ros_ws/install/my_cpp_pkg:/home/gh/ros_ws/install/cpppkg:/opt/ros/jazzy/opt/gz_math_vendor:/opt/ros/jazzy/opt/gz_utils_vendor:/opt/ros/jazzy/opt/gz_cmake_vendor:/home/gh/ros_ws/install/pypkg:/home/gh/ros_ws/install/my_py_pkg:/opt/ros/jazzy DEBUGINFOD_URLS=https://debuginfod.ubuntu.com PYTHONPATH=/home/gh/ros_ws/install/my_robot_interfaces/lib/python3.12/site-packages:/home/gh/ros_ws/install/pypkg/lib/python3.12/site-packages:/home/gh/ros_ws/install/my_py_pkg/lib/python3.12/site-packages:/opt/ros/jazzy/lib/python3.12/site-packages /usr/bin/cmake --build /home/gh/ros_ws/build/my_cpp_pkg -- -j8 -l8
[0.271s] [  9%] Built target robot_news_station
[0.296s] [ 18%] Built target cpp_node
[0.298s] [ 27%] Built target smartphone
[0.301s] [ 36%] Built target number_publisher
[0.302s] [ 45%] Built target add_two_ints_client
[0.341s] [ 54%] Built target add_two_ints_client_no_oop
[0.345s] [ 63%] Built target number_counter
[0.368s] [ 72%] Built target add_two_ints_server
[0.424s] [ 81%] Built target hw_status_publisher
[0.426s] [ 90%] Built target battery
[0.429s] [100%] Built target led_panel
[0.802s] Invoked command in '/home/gh/ros_ws/build/my_cpp_pkg' returned '0': CMAKE_PREFIX_PATH=/home/gh/ros_ws/install/my_robot_interfaces:/home/gh/ros_ws/install/my_robot_bringup:/home/gh/ros_ws/install/my_cpp_pkg:/home/gh/ros_ws/install/cpppkg:/opt/ros/jazzy/opt/gz_math_vendor:/opt/ros/jazzy/opt/gz_utils_vendor:/opt/ros/jazzy/opt/gz_cmake_vendor:/home/gh/ros_ws/install/pypkg:/home/gh/ros_ws/install/my_py_pkg:/opt/ros/jazzy DEBUGINFOD_URLS=https://debuginfod.ubuntu.com PYTHONPATH=/home/gh/ros_ws/install/my_robot_interfaces/lib/python3.12/site-packages:/home/gh/ros_ws/install/pypkg/lib/python3.12/site-packages:/home/gh/ros_ws/install/my_py_pkg/lib/python3.12/site-packages:/opt/ros/jazzy/lib/python3.12/site-packages /usr/bin/cmake --build /home/gh/ros_ws/build/my_cpp_pkg -- -j8 -l8
[0.810s] Invoking command in '/home/gh/ros_ws/build/my_cpp_pkg': CMAKE_PREFIX_PATH=/home/gh/ros_ws/install/my_robot_interfaces:/home/gh/ros_ws/install/my_robot_bringup:/home/gh/ros_ws/install/my_cpp_pkg:/home/gh/ros_ws/install/cpppkg:/opt/ros/jazzy/opt/gz_math_vendor:/opt/ros/jazzy/opt/gz_utils_vendor:/opt/ros/jazzy/opt/gz_cmake_vendor:/home/gh/ros_ws/install/pypkg:/home/gh/ros_ws/install/my_py_pkg:/opt/ros/jazzy DEBUGINFOD_URLS=https://debuginfod.ubuntu.com PYTHONPATH=/home/gh/ros_ws/install/my_robot_interfaces/lib/python3.12/site-packages:/home/gh/ros_ws/install/pypkg/lib/python3.12/site-packages:/home/gh/ros_ws/install/my_py_pkg/lib/python3.12/site-packages:/opt/ros/jazzy/lib/python3.12/site-packages /usr/bin/cmake --install /home/gh/ros_ws/build/my_cpp_pkg
[0.857s] -- Install configuration: ""
[0.864s] -- Up-to-date: /home/gh/ros_ws/install/my_cpp_pkg/lib/my_cpp_pkg/cpp_node
[0.865s] -- Up-to-date: /home/gh/ros_ws/install/my_cpp_pkg/lib/my_cpp_pkg/robot_news_station
[0.867s] -- Up-to-date: /home/gh/ros_ws/install/my_cpp_pkg/lib/my_cpp_pkg/smartphone
[0.875s] -- Up-to-date: /home/gh/ros_ws/install/my_cpp_pkg/lib/my_cpp_pkg/number_publisher
[0.875s] -- Up-to-date: /home/gh/ros_ws/install/my_cpp_pkg/lib/my_cpp_pkg/number_counter
[0.881s] -- Up-to-date: /home/gh/ros_ws/install/my_cpp_pkg/lib/my_cpp_pkg/add_two_ints_server
[0.889s] -- Up-to-date: /home/gh/ros_ws/install/my_cpp_pkg/lib/my_cpp_pkg/add_two_ints_client_no_oop
[0.892s] -- Up-to-date: /home/gh/ros_ws/install/my_cpp_pkg/lib/my_cpp_pkg/add_two_ints_client
[0.899s] -- Up-to-date: /home/gh/ros_ws/install/my_cpp_pkg/lib/my_cpp_pkg/hw_status_publisher
[0.902s] -- Up-to-date: /home/gh/ros_ws/install/my_cpp_pkg/lib/my_cpp_pkg/led_panel
[0.904s] -- Up-to-date: /home/gh/ros_ws/install/my_cpp_pkg/lib/my_cpp_pkg/battery
[0.907s] -- Up-to-date: /home/gh/ros_ws/install/my_cpp_pkg/share/ament_index/resource_index/package_run_dependencies/my_cpp_pkg
[0.916s] -- Up-to-date: /home/gh/ros_ws/install/my_cpp_pkg/share/ament_index/resource_index/parent_prefix_path/my_cpp_pkg
[0.917s] -- Up-to-date: /home/gh/ros_ws/install/my_cpp_pkg/share/my_cpp_pkg/environment/ament_prefix_path.sh
[0.917s] -- Up-to-date: /home/gh/ros_ws/install/my_cpp_pkg/share/my_cpp_pkg/environment/ament_prefix_path.dsv
[0.917s] -- Up-to-date: /home/gh/ros_ws/install/my_cpp_pkg/share/my_cpp_pkg/environment/path.sh
[0.918s] -- Up-to-date: /home/gh/ros_ws/install/my_cpp_pkg/share/my_cpp_pkg/environment/path.dsv
[0.918s] -- Up-to-date: /home/gh/ros_ws/install/my_cpp_pkg/share/my_cpp_pkg/local_setup.bash
[0.918s] -- Up-to-date: /home/gh/ros_ws/install/my_cpp_pkg/share/my_cpp_pkg/local_setup.sh
[0.918s] -- Up-to-date: /home/gh/ros_ws/install/my_cpp_pkg/share/my_cpp_pkg/local_setup.zsh
[0.918s] -- Up-to-date: /home/gh/ros_ws/install/my_cpp_pkg/share/my_cpp_pkg/local_setup.dsv
[0.919s] -- Installing: /home/gh/ros_ws/install/my_cpp_pkg/share/my_cpp_pkg/package.dsv
[0.919s] -- Up-to-date: /home/gh/ros_ws/install/my_cpp_pkg/share/ament_index/resource_index/packages/my_cpp_pkg
[0.919s] -- Up-to-date: /home/gh/ros_ws/install/my_cpp_pkg/share/my_cpp_pkg/cmake/my_cpp_pkgConfig.cmake
[0.919s] -- Up-to-date: /home/gh/ros_ws/install/my_cpp_pkg/share/my_cpp_pkg/cmake/my_cpp_pkgConfig-version.cmake
[0.929s] -- Up-to-date: /home/gh/ros_ws/install/my_cpp_pkg/share/my_cpp_pkg/package.xml
[0.929s] Invoked command in '/home/gh/ros_ws/build/my_cpp_pkg' returned '0': CMAKE_PREFIX_PATH=/home/gh/ros_ws/install/my_robot_interfaces:/home/gh/ros_ws/install/my_robot_bringup:/home/gh/ros_ws/install/my_cpp_pkg:/home/gh/ros_ws/install/cpppkg:/opt/ros/jazzy/opt/gz_math_vendor:/opt/ros/jazzy/opt/gz_utils_vendor:/opt/ros/jazzy/opt/gz_cmake_vendor:/home/gh/ros_ws/install/pypkg:/home/gh/ros_ws/install/my_py_pkg:/opt/ros/jazzy DEBUGINFOD_URLS=https://debuginfod.ubuntu.com PYTHONPATH=/home/gh/ros_ws/install/my_robot_interfaces/lib/python3.12/site-packages:/home/gh/ros_ws/install/pypkg/lib/python3.12/site-packages:/home/gh/ros_ws/install/my_py_pkg/lib/python3.12/site-packages:/opt/ros/jazzy/lib/python3.12/site-packages /usr/bin/cmake --install /home/gh/ros_ws/build/my_cpp_pkg
