[0.020s] Invoking command in '/home/gh/ros_ws/build/my_robot_interfaces': CMAKE_PREFIX_PATH=${CMAKE_PREFIX_PATH}:/home/gh/ros_ws/install/pypkg:/home/gh/ros_ws/install/my_py_pkg:/opt/ros/jazzy DEBUGINFOD_URLS=https://debuginfod.ubuntu.com /usr/bin/cmake --build /home/gh/ros_ws/build/my_robot_interfaces -- -j8 -l8
[0.091s] [  1%] Built target my_robot_interfaces__rosidl_generator_type_description
[0.106s] [  1%] Built target ament_cmake_python_copy_my_robot_interfaces
[0.123s] [  3%] Built target my_robot_interfaces__cpp
[0.135s] [ 25%] Built target my_robot_interfaces__rosidl_generator_c
[0.190s] [ 35%] Built target my_robot_interfaces__rosidl_typesupport_fastrtps_cpp
[0.190s] [ 45%] Built target my_robot_interfaces__rosidl_typesupport_introspection_cpp
[0.190s] [ 54%] Built target my_robot_interfaces__rosidl_typesupport_introspection_c
[0.191s] [ 62%] Built target my_robot_interfaces__rosidl_typesupport_cpp
[0.194s] [ 71%] Built target my_robot_interfaces__rosidl_typesupport_fastrtps_c
[0.197s] [ 81%] Built target my_robot_interfaces__rosidl_typesupport_c
[0.234s] [ 81%] Built target my_robot_interfaces
[0.263s] [ 82%] Built target my_robot_interfaces__py
[0.301s] [ 90%] Built target my_robot_interfaces__rosidl_generator_py
[0.342s] [ 93%] Built target my_robot_interfaces_s__rosidl_typesupport_fastrtps_c
[0.347s] [ 96%] Built target my_robot_interfaces_s__rosidl_typesupport_introspection_c
[0.350s] [100%] Built target my_robot_interfaces_s__rosidl_typesupport_c
[0.505s] running egg_info
[0.545s] writing my_robot_interfaces.egg-info/PKG-INFO
[0.547s] writing dependency_links to my_robot_interfaces.egg-info/dependency_links.txt
[0.548s] writing top-level names to my_robot_interfaces.egg-info/top_level.txt
[0.652s] reading manifest file 'my_robot_interfaces.egg-info/SOURCES.txt'
[0.654s] writing manifest file 'my_robot_interfaces.egg-info/SOURCES.txt'
[0.689s] [100%] Built target ament_cmake_python_build_my_robot_interfaces_egg
[0.706s] Invoked command in '/home/gh/ros_ws/build/my_robot_interfaces' returned '0': CMAKE_PREFIX_PATH=${CMAKE_PREFIX_PATH}:/home/gh/ros_ws/install/pypkg:/home/gh/ros_ws/install/my_py_pkg:/opt/ros/jazzy DEBUGINFOD_URLS=https://debuginfod.ubuntu.com /usr/bin/cmake --build /home/gh/ros_ws/build/my_robot_interfaces -- -j8 -l8
[0.719s] Invoking command in '/home/gh/ros_ws/build/my_robot_interfaces': CMAKE_PREFIX_PATH=${CMAKE_PREFIX_PATH}:/home/gh/ros_ws/install/pypkg:/home/gh/ros_ws/install/my_py_pkg:/opt/ros/jazzy DEBUGINFOD_URLS=https://debuginfod.ubuntu.com /usr/bin/cmake --install /home/gh/ros_ws/build/my_robot_interfaces
[0.730s] -- Install configuration: ""
[0.730s] -- Up-to-date: /home/gh/ros_ws/install/my_robot_interfaces/share/ament_index/resource_index/rosidl_interfaces/my_robot_interfaces
[0.730s] -- Up-to-date: /home/gh/ros_ws/install/my_robot_interfaces/share/my_robot_interfaces/msg/HardwareStatus.json
[0.731s] -- Up-to-date: /home/gh/ros_ws/install/my_robot_interfaces/share/my_robot_interfaces/msg/LedStateArray.json
[0.731s] -- Up-to-date: /home/gh/ros_ws/install/my_robot_interfaces/share/my_robot_interfaces/srv/ComputeRectangleArea.json
[0.731s] -- Up-to-date: /home/gh/ros_ws/install/my_robot_interfaces/share/my_robot_interfaces/srv/SetLed.json
[0.732s] -- Up-to-date: /home/gh/ros_ws/install/my_robot_interfaces/include/my_robot_interfaces/my_robot_interfaces
[0.732s] -- Up-to-date: /home/gh/ros_ws/install/my_robot_interfaces/include/my_robot_interfaces/my_robot_interfaces/msg
[0.732s] -- Up-to-date: /home/gh/ros_ws/install/my_robot_interfaces/include/my_robot_interfaces/my_robot_interfaces/msg/rosidl_generator_c__visibility_control.h
[0.732s] -- Up-to-date: /home/gh/ros_ws/install/my_robot_interfaces/include/my_robot_interfaces/my_robot_interfaces/msg/hardware_status.h
[0.733s] -- Up-to-date: /home/gh/ros_ws/install/my_robot_interfaces/include/my_robot_interfaces/my_robot_interfaces/msg/led_state_array.h
[0.733s] -- Up-to-date: /home/gh/ros_ws/install/my_robot_interfaces/include/my_robot_interfaces/my_robot_interfaces/msg/detail
[0.733s] -- Up-to-date: /home/gh/ros_ws/install/my_robot_interfaces/include/my_robot_interfaces/my_robot_interfaces/msg/detail/hardware_status__functions.c
[0.733s] -- Up-to-date: /home/gh/ros_ws/install/my_robot_interfaces/include/my_robot_interfaces/my_robot_interfaces/msg/detail/hardware_status__functions.h
[0.734s] -- Up-to-date: /home/gh/ros_ws/install/my_robot_interfaces/include/my_robot_interfaces/my_robot_interfaces/msg/detail/led_state_array__struct.h
[0.734s] -- Up-to-date: /home/gh/ros_ws/install/my_robot_interfaces/include/my_robot_interfaces/my_robot_interfaces/msg/detail/led_state_array__functions.h
[0.734s] -- Up-to-date: /home/gh/ros_ws/install/my_robot_interfaces/include/my_robot_interfaces/my_robot_interfaces/msg/detail/led_state_array__description.c
[0.734s] -- Up-to-date: /home/gh/ros_ws/install/my_robot_interfaces/include/my_robot_interfaces/my_robot_interfaces/msg/detail/hardware_status__struct.h
[0.735s] -- Up-to-date: /home/gh/ros_ws/install/my_robot_interfaces/include/my_robot_interfaces/my_robot_interfaces/msg/detail/led_state_array__type_support.c
[0.735s] -- Up-to-date: /home/gh/ros_ws/install/my_robot_interfaces/include/my_robot_interfaces/my_robot_interfaces/msg/detail/led_state_array__type_support.h
[0.735s] -- Up-to-date: /home/gh/ros_ws/install/my_robot_interfaces/include/my_robot_interfaces/my_robot_interfaces/msg/detail/led_state_array__functions.c
[0.735s] -- Up-to-date: /home/gh/ros_ws/install/my_robot_interfaces/include/my_robot_interfaces/my_robot_interfaces/msg/detail/hardware_status__type_support.c
[0.736s] -- Up-to-date: /home/gh/ros_ws/install/my_robot_interfaces/include/my_robot_interfaces/my_robot_interfaces/msg/detail/hardware_status__type_support.h
[0.736s] -- Up-to-date: /home/gh/ros_ws/install/my_robot_interfaces/include/my_robot_interfaces/my_robot_interfaces/msg/detail/hardware_status__description.c
[0.736s] -- Up-to-date: /home/gh/ros_ws/install/my_robot_interfaces/include/my_robot_interfaces/my_robot_interfaces/srv
[0.736s] -- Up-to-date: /home/gh/ros_ws/install/my_robot_interfaces/include/my_robot_interfaces/my_robot_interfaces/srv/set_led.h
[0.736s] -- Up-to-date: /home/gh/ros_ws/install/my_robot_interfaces/include/my_robot_interfaces/my_robot_interfaces/srv/compute_rectangle_area.h
[0.737s] -- Up-to-date: /home/gh/ros_ws/install/my_robot_interfaces/include/my_robot_interfaces/my_robot_interfaces/srv/detail
[0.737s] -- Up-to-date: /home/gh/ros_ws/install/my_robot_interfaces/include/my_robot_interfaces/my_robot_interfaces/srv/detail/compute_rectangle_area__type_support.h
[0.737s] -- Up-to-date: /home/gh/ros_ws/install/my_robot_interfaces/include/my_robot_interfaces/my_robot_interfaces/srv/detail/compute_rectangle_area__functions.c
[0.737s] -- Up-to-date: /home/gh/ros_ws/install/my_robot_interfaces/include/my_robot_interfaces/my_robot_interfaces/srv/detail/set_led__type_support.h
[0.737s] -- Up-to-date: /home/gh/ros_ws/install/my_robot_interfaces/include/my_robot_interfaces/my_robot_interfaces/srv/detail/set_led__struct.h
[0.738s] -- Up-to-date: /home/gh/ros_ws/install/my_robot_interfaces/include/my_robot_interfaces/my_robot_interfaces/srv/detail/compute_rectangle_area__type_support.c
[0.738s] -- Up-to-date: /home/gh/ros_ws/install/my_robot_interfaces/include/my_robot_interfaces/my_robot_interfaces/srv/detail/set_led__type_support.c
[0.738s] -- Up-to-date: /home/gh/ros_ws/install/my_robot_interfaces/include/my_robot_interfaces/my_robot_interfaces/srv/detail/set_led__functions.c
[0.738s] -- Up-to-date: /home/gh/ros_ws/install/my_robot_interfaces/include/my_robot_interfaces/my_robot_interfaces/srv/detail/compute_rectangle_area__functions.h
[0.739s] -- Up-to-date: /home/gh/ros_ws/install/my_robot_interfaces/include/my_robot_interfaces/my_robot_interfaces/srv/detail/set_led__description.c
[0.739s] -- Up-to-date: /home/gh/ros_ws/install/my_robot_interfaces/include/my_robot_interfaces/my_robot_interfaces/srv/detail/set_led__functions.h
[0.739s] -- Up-to-date: /home/gh/ros_ws/install/my_robot_interfaces/include/my_robot_interfaces/my_robot_interfaces/srv/detail/compute_rectangle_area__struct.h
[0.739s] -- Up-to-date: /home/gh/ros_ws/install/my_robot_interfaces/include/my_robot_interfaces/my_robot_interfaces/srv/detail/compute_rectangle_area__description.c
[0.740s] -- Up-to-date: /home/gh/ros_ws/install/my_robot_interfaces/share/my_robot_interfaces/environment/library_path.sh
[0.740s] -- Up-to-date: /home/gh/ros_ws/install/my_robot_interfaces/share/my_robot_interfaces/environment/library_path.dsv
[0.740s] -- Up-to-date: /home/gh/ros_ws/install/my_robot_interfaces/lib/libmy_robot_interfaces__rosidl_generator_c.so
[0.740s] -- Up-to-date: /home/gh/ros_ws/install/my_robot_interfaces/include/my_robot_interfaces/my_robot_interfaces
[0.740s] -- Up-to-date: /home/gh/ros_ws/install/my_robot_interfaces/include/my_robot_interfaces/my_robot_interfaces/msg
[0.741s] -- Up-to-date: /home/gh/ros_ws/install/my_robot_interfaces/include/my_robot_interfaces/my_robot_interfaces/msg/rosidl_typesupport_fastrtps_c__visibility_control.h
[0.741s] -- Up-to-date: /home/gh/ros_ws/install/my_robot_interfaces/include/my_robot_interfaces/my_robot_interfaces/msg/detail
[0.741s] -- Up-to-date: /home/gh/ros_ws/install/my_robot_interfaces/include/my_robot_interfaces/my_robot_interfaces/msg/detail/led_state_array__rosidl_typesupport_fastrtps_c.h
[0.741s] -- Up-to-date: /home/gh/ros_ws/install/my_robot_interfaces/include/my_robot_interfaces/my_robot_interfaces/msg/detail/hardware_status__rosidl_typesupport_fastrtps_c.h
[0.741s] -- Up-to-date: /home/gh/ros_ws/install/my_robot_interfaces/include/my_robot_interfaces/my_robot_interfaces/srv
[0.741s] -- Up-to-date: /home/gh/ros_ws/install/my_robot_interfaces/include/my_robot_interfaces/my_robot_interfaces/srv/detail
[0.741s] -- Up-to-date: /home/gh/ros_ws/install/my_robot_interfaces/include/my_robot_interfaces/my_robot_interfaces/srv/detail/set_led__rosidl_typesupport_fastrtps_c.h
[0.742s] -- Up-to-date: /home/gh/ros_ws/install/my_robot_interfaces/include/my_robot_interfaces/my_robot_interfaces/srv/detail/compute_rectangle_area__rosidl_typesupport_fastrtps_c.h
[0.742s] -- Up-to-date: /home/gh/ros_ws/install/my_robot_interfaces/lib/libmy_robot_interfaces__rosidl_typesupport_fastrtps_c.so
[0.742s] -- Up-to-date: /home/gh/ros_ws/install/my_robot_interfaces/include/my_robot_interfaces/my_robot_interfaces
[0.742s] -- Up-to-date: /home/gh/ros_ws/install/my_robot_interfaces/include/my_robot_interfaces/my_robot_interfaces/msg
[0.742s] -- Up-to-date: /home/gh/ros_ws/install/my_robot_interfaces/include/my_robot_interfaces/my_robot_interfaces/msg/rosidl_typesupport_introspection_c__visibility_control.h
[0.742s] -- Up-to-date: /home/gh/ros_ws/install/my_robot_interfaces/include/my_robot_interfaces/my_robot_interfaces/msg/detail
[0.743s] -- Up-to-date: /home/gh/ros_ws/install/my_robot_interfaces/include/my_robot_interfaces/my_robot_interfaces/msg/detail/led_state_array__rosidl_typesupport_introspection_c.h
[0.743s] -- Up-to-date: /home/gh/ros_ws/install/my_robot_interfaces/include/my_robot_interfaces/my_robot_interfaces/msg/detail/hardware_status__rosidl_typesupport_introspection_c.h
[0.743s] -- Up-to-date: /home/gh/ros_ws/install/my_robot_interfaces/include/my_robot_interfaces/my_robot_interfaces/msg/detail/led_state_array__type_support.c
[0.743s] -- Up-to-date: /home/gh/ros_ws/install/my_robot_interfaces/include/my_robot_interfaces/my_robot_interfaces/msg/detail/hardware_status__type_support.c
[0.744s] -- Up-to-date: /home/gh/ros_ws/install/my_robot_interfaces/include/my_robot_interfaces/my_robot_interfaces/srv
[0.744s] -- Up-to-date: /home/gh/ros_ws/install/my_robot_interfaces/include/my_robot_interfaces/my_robot_interfaces/srv/detail
[0.744s] -- Up-to-date: /home/gh/ros_ws/install/my_robot_interfaces/include/my_robot_interfaces/my_robot_interfaces/srv/detail/set_led__rosidl_typesupport_introspection_c.h
[0.744s] -- Up-to-date: /home/gh/ros_ws/install/my_robot_interfaces/include/my_robot_interfaces/my_robot_interfaces/srv/detail/compute_rectangle_area__type_support.c
[0.744s] -- Up-to-date: /home/gh/ros_ws/install/my_robot_interfaces/include/my_robot_interfaces/my_robot_interfaces/srv/detail/set_led__type_support.c
[0.744s] -- Up-to-date: /home/gh/ros_ws/install/my_robot_interfaces/include/my_robot_interfaces/my_robot_interfaces/srv/detail/compute_rectangle_area__rosidl_typesupport_introspection_c.h
[0.744s] -- Up-to-date: /home/gh/ros_ws/install/my_robot_interfaces/lib/libmy_robot_interfaces__rosidl_typesupport_introspection_c.so
[0.745s] -- Up-to-date: /home/gh/ros_ws/install/my_robot_interfaces/lib/libmy_robot_interfaces__rosidl_typesupport_c.so
[0.745s] -- Up-to-date: /home/gh/ros_ws/install/my_robot_interfaces/include/my_robot_interfaces/my_robot_interfaces
[0.745s] -- Up-to-date: /home/gh/ros_ws/install/my_robot_interfaces/include/my_robot_interfaces/my_robot_interfaces/msg
[0.745s] -- Up-to-date: /home/gh/ros_ws/install/my_robot_interfaces/include/my_robot_interfaces/my_robot_interfaces/msg/hardware_status.hpp
[0.745s] -- Up-to-date: /home/gh/ros_ws/install/my_robot_interfaces/include/my_robot_interfaces/my_robot_interfaces/msg/rosidl_generator_cpp__visibility_control.hpp
[0.746s] -- Up-to-date: /home/gh/ros_ws/install/my_robot_interfaces/include/my_robot_interfaces/my_robot_interfaces/msg/led_state_array.hpp
[0.746s] -- Up-to-date: /home/gh/ros_ws/install/my_robot_interfaces/include/my_robot_interfaces/my_robot_interfaces/msg/detail
[0.746s] -- Up-to-date: /home/gh/ros_ws/install/my_robot_interfaces/include/my_robot_interfaces/my_robot_interfaces/msg/detail/led_state_array__struct.hpp
[0.746s] -- Up-to-date: /home/gh/ros_ws/install/my_robot_interfaces/include/my_robot_interfaces/my_robot_interfaces/msg/detail/hardware_status__builder.hpp
[0.746s] -- Up-to-date: /home/gh/ros_ws/install/my_robot_interfaces/include/my_robot_interfaces/my_robot_interfaces/msg/detail/hardware_status__type_support.hpp
[0.746s] -- Up-to-date: /home/gh/ros_ws/install/my_robot_interfaces/include/my_robot_interfaces/my_robot_interfaces/msg/detail/hardware_status__struct.hpp
[0.747s] -- Up-to-date: /home/gh/ros_ws/install/my_robot_interfaces/include/my_robot_interfaces/my_robot_interfaces/msg/detail/led_state_array__traits.hpp
[0.747s] -- Up-to-date: /home/gh/ros_ws/install/my_robot_interfaces/include/my_robot_interfaces/my_robot_interfaces/msg/detail/led_state_array__type_support.hpp
[0.747s] -- Up-to-date: /home/gh/ros_ws/install/my_robot_interfaces/include/my_robot_interfaces/my_robot_interfaces/msg/detail/led_state_array__builder.hpp
[0.747s] -- Up-to-date: /home/gh/ros_ws/install/my_robot_interfaces/include/my_robot_interfaces/my_robot_interfaces/msg/detail/hardware_status__traits.hpp
[0.747s] -- Up-to-date: /home/gh/ros_ws/install/my_robot_interfaces/include/my_robot_interfaces/my_robot_interfaces/srv
[0.748s] -- Up-to-date: /home/gh/ros_ws/install/my_robot_interfaces/include/my_robot_interfaces/my_robot_interfaces/srv/set_led.hpp
[0.748s] -- Up-to-date: /home/gh/ros_ws/install/my_robot_interfaces/include/my_robot_interfaces/my_robot_interfaces/srv/compute_rectangle_area.hpp
[0.748s] -- Up-to-date: /home/gh/ros_ws/install/my_robot_interfaces/include/my_robot_interfaces/my_robot_interfaces/srv/detail
[0.748s] -- Up-to-date: /home/gh/ros_ws/install/my_robot_interfaces/include/my_robot_interfaces/my_robot_interfaces/srv/detail/set_led__builder.hpp
[0.748s] -- Up-to-date: /home/gh/ros_ws/install/my_robot_interfaces/include/my_robot_interfaces/my_robot_interfaces/srv/detail/compute_rectangle_area__traits.hpp
[0.748s] -- Up-to-date: /home/gh/ros_ws/install/my_robot_interfaces/include/my_robot_interfaces/my_robot_interfaces/srv/detail/compute_rectangle_area__struct.hpp
[0.749s] -- Up-to-date: /home/gh/ros_ws/install/my_robot_interfaces/include/my_robot_interfaces/my_robot_interfaces/srv/detail/set_led__traits.hpp
[0.749s] -- Up-to-date: /home/gh/ros_ws/install/my_robot_interfaces/include/my_robot_interfaces/my_robot_interfaces/srv/detail/compute_rectangle_area__type_support.hpp
[0.749s] -- Up-to-date: /home/gh/ros_ws/install/my_robot_interfaces/include/my_robot_interfaces/my_robot_interfaces/srv/detail/compute_rectangle_area__builder.hpp
[0.749s] -- Up-to-date: /home/gh/ros_ws/install/my_robot_interfaces/include/my_robot_interfaces/my_robot_interfaces/srv/detail/set_led__type_support.hpp
[0.749s] -- Up-to-date: /home/gh/ros_ws/install/my_robot_interfaces/include/my_robot_interfaces/my_robot_interfaces/srv/detail/set_led__struct.hpp
[0.749s] -- Up-to-date: /home/gh/ros_ws/install/my_robot_interfaces/include/my_robot_interfaces/my_robot_interfaces
[0.750s] -- Up-to-date: /home/gh/ros_ws/install/my_robot_interfaces/include/my_robot_interfaces/my_robot_interfaces/msg
[0.750s] -- Up-to-date: /home/gh/ros_ws/install/my_robot_interfaces/include/my_robot_interfaces/my_robot_interfaces/msg/rosidl_typesupport_fastrtps_cpp__visibility_control.h
[0.750s] -- Up-to-date: /home/gh/ros_ws/install/my_robot_interfaces/include/my_robot_interfaces/my_robot_interfaces/msg/detail
[0.750s] -- Up-to-date: /home/gh/ros_ws/install/my_robot_interfaces/include/my_robot_interfaces/my_robot_interfaces/msg/detail/hardware_status__rosidl_typesupport_fastrtps_cpp.hpp
[0.750s] -- Up-to-date: /home/gh/ros_ws/install/my_robot_interfaces/include/my_robot_interfaces/my_robot_interfaces/msg/detail/dds_fastrtps
[0.750s] -- Up-to-date: /home/gh/ros_ws/install/my_robot_interfaces/include/my_robot_interfaces/my_robot_interfaces/msg/detail/led_state_array__rosidl_typesupport_fastrtps_cpp.hpp
[0.751s] -- Up-to-date: /home/gh/ros_ws/install/my_robot_interfaces/include/my_robot_interfaces/my_robot_interfaces/srv
[0.751s] -- Up-to-date: /home/gh/ros_ws/install/my_robot_interfaces/include/my_robot_interfaces/my_robot_interfaces/srv/detail
[0.751s] -- Up-to-date: /home/gh/ros_ws/install/my_robot_interfaces/include/my_robot_interfaces/my_robot_interfaces/srv/detail/dds_fastrtps
[0.751s] -- Up-to-date: /home/gh/ros_ws/install/my_robot_interfaces/include/my_robot_interfaces/my_robot_interfaces/srv/detail/set_led__rosidl_typesupport_fastrtps_cpp.hpp
[0.751s] -- Up-to-date: /home/gh/ros_ws/install/my_robot_interfaces/include/my_robot_interfaces/my_robot_interfaces/srv/detail/compute_rectangle_area__rosidl_typesupport_fastrtps_cpp.hpp
[0.751s] -- Up-to-date: /home/gh/ros_ws/install/my_robot_interfaces/lib/libmy_robot_interfaces__rosidl_typesupport_fastrtps_cpp.so
[0.752s] -- Up-to-date: /home/gh/ros_ws/install/my_robot_interfaces/include/my_robot_interfaces/my_robot_interfaces
[0.752s] -- Up-to-date: /home/gh/ros_ws/install/my_robot_interfaces/include/my_robot_interfaces/my_robot_interfaces/msg
[0.752s] -- Up-to-date: /home/gh/ros_ws/install/my_robot_interfaces/include/my_robot_interfaces/my_robot_interfaces/msg/detail
[0.752s] -- Up-to-date: /home/gh/ros_ws/install/my_robot_interfaces/include/my_robot_interfaces/my_robot_interfaces/msg/detail/hardware_status__rosidl_typesupport_introspection_cpp.hpp
[0.752s] -- Up-to-date: /home/gh/ros_ws/install/my_robot_interfaces/include/my_robot_interfaces/my_robot_interfaces/msg/detail/led_state_array__type_support.cpp
[0.753s] -- Up-to-date: /home/gh/ros_ws/install/my_robot_interfaces/include/my_robot_interfaces/my_robot_interfaces/msg/detail/hardware_status__type_support.cpp
[0.753s] -- Up-to-date: /home/gh/ros_ws/install/my_robot_interfaces/include/my_robot_interfaces/my_robot_interfaces/msg/detail/led_state_array__rosidl_typesupport_introspection_cpp.hpp
[0.753s] -- Up-to-date: /home/gh/ros_ws/install/my_robot_interfaces/include/my_robot_interfaces/my_robot_interfaces/srv
[0.753s] -- Up-to-date: /home/gh/ros_ws/install/my_robot_interfaces/include/my_robot_interfaces/my_robot_interfaces/srv/detail
[0.753s] -- Up-to-date: /home/gh/ros_ws/install/my_robot_interfaces/include/my_robot_interfaces/my_robot_interfaces/srv/detail/set_led__type_support.cpp
[0.753s] -- Up-to-date: /home/gh/ros_ws/install/my_robot_interfaces/include/my_robot_interfaces/my_robot_interfaces/srv/detail/set_led__rosidl_typesupport_introspection_cpp.hpp
[0.754s] -- Up-to-date: /home/gh/ros_ws/install/my_robot_interfaces/include/my_robot_interfaces/my_robot_interfaces/srv/detail/compute_rectangle_area__rosidl_typesupport_introspection_cpp.hpp
[0.754s] -- Up-to-date: /home/gh/ros_ws/install/my_robot_interfaces/include/my_robot_interfaces/my_robot_interfaces/srv/detail/compute_rectangle_area__type_support.cpp
[0.754s] -- Up-to-date: /home/gh/ros_ws/install/my_robot_interfaces/lib/libmy_robot_interfaces__rosidl_typesupport_introspection_cpp.so
[0.754s] -- Up-to-date: /home/gh/ros_ws/install/my_robot_interfaces/lib/libmy_robot_interfaces__rosidl_typesupport_cpp.so
[0.754s] -- Up-to-date: /home/gh/ros_ws/install/my_robot_interfaces/share/my_robot_interfaces/environment/pythonpath.sh
[0.754s] -- Up-to-date: /home/gh/ros_ws/install/my_robot_interfaces/share/my_robot_interfaces/environment/pythonpath.dsv
[0.755s] -- Up-to-date: /home/gh/ros_ws/install/my_robot_interfaces/lib/python3.12/site-packages/my_robot_interfaces-0.0.0-py3.12.egg-info
[0.755s] -- Installing: /home/gh/ros_ws/install/my_robot_interfaces/lib/python3.12/site-packages/my_robot_interfaces-0.0.0-py3.12.egg-info/top_level.txt
[0.755s] -- Installing: /home/gh/ros_ws/install/my_robot_interfaces/lib/python3.12/site-packages/my_robot_interfaces-0.0.0-py3.12.egg-info/SOURCES.txt
[0.755s] -- Installing: /home/gh/ros_ws/install/my_robot_interfaces/lib/python3.12/site-packages/my_robot_interfaces-0.0.0-py3.12.egg-info/PKG-INFO
[0.755s] -- Installing: /home/gh/ros_ws/install/my_robot_interfaces/lib/python3.12/site-packages/my_robot_interfaces-0.0.0-py3.12.egg-info/dependency_links.txt
[0.755s] -- Up-to-date: /home/gh/ros_ws/install/my_robot_interfaces/lib/python3.12/site-packages/my_robot_interfaces
[0.756s] -- Up-to-date: /home/gh/ros_ws/install/my_robot_interfaces/lib/python3.12/site-packages/my_robot_interfaces/msg
[0.756s] -- Up-to-date: /home/gh/ros_ws/install/my_robot_interfaces/lib/python3.12/site-packages/my_robot_interfaces/msg/__init__.py
[0.756s] -- Up-to-date: /home/gh/ros_ws/install/my_robot_interfaces/lib/python3.12/site-packages/my_robot_interfaces/msg/_led_state_array_s.c
[0.756s] -- Up-to-date: /home/gh/ros_ws/install/my_robot_interfaces/lib/python3.12/site-packages/my_robot_interfaces/msg/_hardware_status.py
[0.756s] -- Up-to-date: /home/gh/ros_ws/install/my_robot_interfaces/lib/python3.12/site-packages/my_robot_interfaces/msg/_hardware_status_s.c
[0.756s] -- Up-to-date: /home/gh/ros_ws/install/my_robot_interfaces/lib/python3.12/site-packages/my_robot_interfaces/msg/_led_state_array.py
[0.757s] -- Up-to-date: /home/gh/ros_ws/install/my_robot_interfaces/lib/python3.12/site-packages/my_robot_interfaces/__init__.py
[0.757s] -- Up-to-date: /home/gh/ros_ws/install/my_robot_interfaces/lib/python3.12/site-packages/my_robot_interfaces/_my_robot_interfaces_s.ep.rosidl_typesupport_c.c
[0.758s] -- Up-to-date: /home/gh/ros_ws/install/my_robot_interfaces/lib/python3.12/site-packages/my_robot_interfaces/my_robot_interfaces_s__rosidl_typesupport_c.so
[0.758s] -- Up-to-date: /home/gh/ros_ws/install/my_robot_interfaces/lib/python3.12/site-packages/my_robot_interfaces/my_robot_interfaces_s__rosidl_typesupport_fastrtps_c.so
[0.758s] -- Up-to-date: /home/gh/ros_ws/install/my_robot_interfaces/lib/python3.12/site-packages/my_robot_interfaces/_my_robot_interfaces_s.ep.rosidl_typesupport_fastrtps_c.c
[0.758s] -- Up-to-date: /home/gh/ros_ws/install/my_robot_interfaces/lib/python3.12/site-packages/my_robot_interfaces/my_robot_interfaces_s__rosidl_typesupport_introspection_c.so
[0.758s] -- Up-to-date: /home/gh/ros_ws/install/my_robot_interfaces/lib/python3.12/site-packages/my_robot_interfaces/_my_robot_interfaces_s.ep.rosidl_typesupport_introspection_c.c
[0.758s] -- Up-to-date: /home/gh/ros_ws/install/my_robot_interfaces/lib/python3.12/site-packages/my_robot_interfaces/srv
[0.758s] -- Up-to-date: /home/gh/ros_ws/install/my_robot_interfaces/lib/python3.12/site-packages/my_robot_interfaces/srv/__init__.py
[0.758s] -- Up-to-date: /home/gh/ros_ws/install/my_robot_interfaces/lib/python3.12/site-packages/my_robot_interfaces/srv/_set_led_s.c
[0.758s] -- Up-to-date: /home/gh/ros_ws/install/my_robot_interfaces/lib/python3.12/site-packages/my_robot_interfaces/srv/_set_led.py
[0.758s] -- Up-to-date: /home/gh/ros_ws/install/my_robot_interfaces/lib/python3.12/site-packages/my_robot_interfaces/srv/_compute_rectangle_area_s.c
[0.759s] -- Up-to-date: /home/gh/ros_ws/install/my_robot_interfaces/lib/python3.12/site-packages/my_robot_interfaces/srv/_compute_rectangle_area.py
[0.818s] Listing '/home/gh/ros_ws/install/my_robot_interfaces/lib/python3.12/site-packages/my_robot_interfaces'...
[0.818s] Listing '/home/gh/ros_ws/install/my_robot_interfaces/lib/python3.12/site-packages/my_robot_interfaces/msg'...
[0.818s] Listing '/home/gh/ros_ws/install/my_robot_interfaces/lib/python3.12/site-packages/my_robot_interfaces/srv'...
[0.855s] -- Up-to-date: /home/gh/ros_ws/install/my_robot_interfaces/lib/python3.12/site-packages/my_robot_interfaces/my_robot_interfaces_s__rosidl_typesupport_fastrtps_c.so
[0.856s] -- Up-to-date: /home/gh/ros_ws/install/my_robot_interfaces/lib/python3.12/site-packages/my_robot_interfaces/my_robot_interfaces_s__rosidl_typesupport_introspection_c.so
[0.858s] -- Up-to-date: /home/gh/ros_ws/install/my_robot_interfaces/lib/python3.12/site-packages/my_robot_interfaces/my_robot_interfaces_s__rosidl_typesupport_c.so
[0.858s] -- Up-to-date: /home/gh/ros_ws/install/my_robot_interfaces/lib/libmy_robot_interfaces__rosidl_generator_py.so
[0.858s] -- Up-to-date: /home/gh/ros_ws/install/my_robot_interfaces/share/my_robot_interfaces/msg/HardwareStatus.idl
[0.858s] -- Up-to-date: /home/gh/ros_ws/install/my_robot_interfaces/share/my_robot_interfaces/msg/LedStateArray.idl
[0.881s] -- Up-to-date: /home/gh/ros_ws/install/my_robot_interfaces/share/my_robot_interfaces/srv/ComputeRectangleArea.idl
[0.881s] -- Up-to-date: /home/gh/ros_ws/install/my_robot_interfaces/share/my_robot_interfaces/srv/SetLed.idl
[0.882s] -- Up-to-date: /home/gh/ros_ws/install/my_robot_interfaces/share/my_robot_interfaces/msg/HardwareStatus.msg
[0.882s] -- Up-to-date: /home/gh/ros_ws/install/my_robot_interfaces/share/my_robot_interfaces/msg/LedStateArray.msg
[0.882s] -- Up-to-date: /home/gh/ros_ws/install/my_robot_interfaces/share/my_robot_interfaces/srv/ComputeRectangleArea.srv
[0.883s] -- Up-to-date: /home/gh/ros_ws/install/my_robot_interfaces/share/my_robot_interfaces/srv/SetLed.srv
[0.883s] -- Up-to-date: /home/gh/ros_ws/install/my_robot_interfaces/share/ament_index/resource_index/package_run_dependencies/my_robot_interfaces
[0.883s] -- Up-to-date: /home/gh/ros_ws/install/my_robot_interfaces/share/ament_index/resource_index/parent_prefix_path/my_robot_interfaces
[0.883s] -- Up-to-date: /home/gh/ros_ws/install/my_robot_interfaces/share/my_robot_interfaces/environment/ament_prefix_path.sh
[0.883s] -- Up-to-date: /home/gh/ros_ws/install/my_robot_interfaces/share/my_robot_interfaces/environment/ament_prefix_path.dsv
[0.883s] -- Up-to-date: /home/gh/ros_ws/install/my_robot_interfaces/share/my_robot_interfaces/environment/path.sh
[0.884s] -- Up-to-date: /home/gh/ros_ws/install/my_robot_interfaces/share/my_robot_interfaces/environment/path.dsv
[0.884s] -- Up-to-date: /home/gh/ros_ws/install/my_robot_interfaces/share/my_robot_interfaces/local_setup.bash
[0.884s] -- Up-to-date: /home/gh/ros_ws/install/my_robot_interfaces/share/my_robot_interfaces/local_setup.sh
[0.884s] -- Up-to-date: /home/gh/ros_ws/install/my_robot_interfaces/share/my_robot_interfaces/local_setup.zsh
[0.884s] -- Up-to-date: /home/gh/ros_ws/install/my_robot_interfaces/share/my_robot_interfaces/local_setup.dsv
[0.885s] -- Installing: /home/gh/ros_ws/install/my_robot_interfaces/share/my_robot_interfaces/package.dsv
[0.885s] -- Up-to-date: /home/gh/ros_ws/install/my_robot_interfaces/share/ament_index/resource_index/packages/my_robot_interfaces
[0.885s] -- Up-to-date: /home/gh/ros_ws/install/my_robot_interfaces/share/my_robot_interfaces/cmake/export_my_robot_interfaces__rosidl_generator_cExport.cmake
[0.885s] -- Up-to-date: /home/gh/ros_ws/install/my_robot_interfaces/share/my_robot_interfaces/cmake/export_my_robot_interfaces__rosidl_generator_cExport-noconfig.cmake
[0.890s] -- Up-to-date: /home/gh/ros_ws/install/my_robot_interfaces/share/my_robot_interfaces/cmake/export_my_robot_interfaces__rosidl_typesupport_fastrtps_cExport.cmake
[0.891s] -- Up-to-date: /home/gh/ros_ws/install/my_robot_interfaces/share/my_robot_interfaces/cmake/export_my_robot_interfaces__rosidl_typesupport_fastrtps_cExport-noconfig.cmake
[0.891s] -- Up-to-date: /home/gh/ros_ws/install/my_robot_interfaces/share/my_robot_interfaces/cmake/my_robot_interfaces__rosidl_typesupport_introspection_cExport.cmake
[0.891s] -- Up-to-date: /home/gh/ros_ws/install/my_robot_interfaces/share/my_robot_interfaces/cmake/my_robot_interfaces__rosidl_typesupport_introspection_cExport-noconfig.cmake
[0.895s] -- Up-to-date: /home/gh/ros_ws/install/my_robot_interfaces/share/my_robot_interfaces/cmake/my_robot_interfaces__rosidl_typesupport_cExport.cmake
[0.895s] -- Up-to-date: /home/gh/ros_ws/install/my_robot_interfaces/share/my_robot_interfaces/cmake/my_robot_interfaces__rosidl_typesupport_cExport-noconfig.cmake
[0.895s] -- Up-to-date: /home/gh/ros_ws/install/my_robot_interfaces/share/my_robot_interfaces/cmake/export_my_robot_interfaces__rosidl_generator_cppExport.cmake
[0.896s] -- Up-to-date: /home/gh/ros_ws/install/my_robot_interfaces/share/my_robot_interfaces/cmake/export_my_robot_interfaces__rosidl_typesupport_fastrtps_cppExport.cmake
[0.896s] -- Up-to-date: /home/gh/ros_ws/install/my_robot_interfaces/share/my_robot_interfaces/cmake/export_my_robot_interfaces__rosidl_typesupport_fastrtps_cppExport-noconfig.cmake
[0.897s] -- Up-to-date: /home/gh/ros_ws/install/my_robot_interfaces/share/my_robot_interfaces/cmake/my_robot_interfaces__rosidl_typesupport_introspection_cppExport.cmake
[0.897s] -- Up-to-date: /home/gh/ros_ws/install/my_robot_interfaces/share/my_robot_interfaces/cmake/my_robot_interfaces__rosidl_typesupport_introspection_cppExport-noconfig.cmake
[0.897s] -- Up-to-date: /home/gh/ros_ws/install/my_robot_interfaces/share/my_robot_interfaces/cmake/my_robot_interfaces__rosidl_typesupport_cppExport.cmake
[0.897s] -- Up-to-date: /home/gh/ros_ws/install/my_robot_interfaces/share/my_robot_interfaces/cmake/my_robot_interfaces__rosidl_typesupport_cppExport-noconfig.cmake
[0.898s] -- Up-to-date: /home/gh/ros_ws/install/my_robot_interfaces/share/my_robot_interfaces/cmake/export_my_robot_interfaces__rosidl_generator_pyExport.cmake
[0.898s] -- Up-to-date: /home/gh/ros_ws/install/my_robot_interfaces/share/my_robot_interfaces/cmake/export_my_robot_interfaces__rosidl_generator_pyExport-noconfig.cmake
[0.898s] -- Up-to-date: /home/gh/ros_ws/install/my_robot_interfaces/share/my_robot_interfaces/cmake/rosidl_cmake-extras.cmake
[0.898s] -- Up-to-date: /home/gh/ros_ws/install/my_robot_interfaces/share/my_robot_interfaces/cmake/ament_cmake_export_dependencies-extras.cmake
[0.898s] -- Up-to-date: /home/gh/ros_ws/install/my_robot_interfaces/share/my_robot_interfaces/cmake/ament_cmake_export_include_directories-extras.cmake
[0.899s] -- Up-to-date: /home/gh/ros_ws/install/my_robot_interfaces/share/my_robot_interfaces/cmake/ament_cmake_export_libraries-extras.cmake
[0.899s] -- Up-to-date: /home/gh/ros_ws/install/my_robot_interfaces/share/my_robot_interfaces/cmake/ament_cmake_export_targets-extras.cmake
[0.899s] -- Up-to-date: /home/gh/ros_ws/install/my_robot_interfaces/share/my_robot_interfaces/cmake/rosidl_cmake_export_typesupport_targets-extras.cmake
[0.906s] -- Up-to-date: /home/gh/ros_ws/install/my_robot_interfaces/share/my_robot_interfaces/cmake/rosidl_cmake_export_typesupport_libraries-extras.cmake
[0.907s] -- Up-to-date: /home/gh/ros_ws/install/my_robot_interfaces/share/my_robot_interfaces/cmake/my_robot_interfacesConfig.cmake
[0.907s] -- Up-to-date: /home/gh/ros_ws/install/my_robot_interfaces/share/my_robot_interfaces/cmake/my_robot_interfacesConfig-version.cmake
[0.907s] -- Up-to-date: /home/gh/ros_ws/install/my_robot_interfaces/share/my_robot_interfaces/package.xml
[0.914s] Invoked command in '/home/gh/ros_ws/build/my_robot_interfaces' returned '0': CMAKE_PREFIX_PATH=${CMAKE_PREFIX_PATH}:/home/gh/ros_ws/install/pypkg:/home/gh/ros_ws/install/my_py_pkg:/opt/ros/jazzy DEBUGINFOD_URLS=https://debuginfod.ubuntu.com /usr/bin/cmake --install /home/gh/ros_ws/build/my_robot_interfaces
