-- Found ament_cmake: 2.5.3 (/opt/ros/jazzy/share/ament_cmake/cmake)
-- Found rclcpp: 28.1.8 (/opt/ros/jazzy/share/rclcpp/cmake)
-- Found rosidl_generator_c: 4.6.5 (/opt/ros/jazzy/share/rosidl_generator_c/cmake)
-- Found rosidl_generator_cpp: 4.6.5 (/opt/ros/jazzy/share/rosidl_generator_cpp/cmake)
-- Using all available rosidl_typesupport_c: rosidl_typesupport_fastrtps_c;rosidl_typesupport_introspection_c
-- Using all available rosidl_typesupport_cpp: rosidl_typesupport_fastrtps_cpp;rosidl_typesupport_introspection_cpp
-- Found rmw_implementation_cmake: 7.3.2 (/opt/ros/jazzy/share/rmw_implementation_cmake/cmake)
-- Found rmw_fastrtps_cpp: 8.4.2 (/opt/ros/jazzy/share/rmw_fastrtps_cpp/cmake)
-- Found OpenSSL: /usr/lib/x86_64-linux-gnu/libcrypto.so (found version "3.0.13")  
-- Found FastRTPS: /opt/ros/jazzy/include (Required is at least version "2.13") 
-- Using RMW implementation 'rmw_fastrtps_cpp' as default
-- Found example_interfaces: 0.12.0 (/opt/ros/jazzy/share/example_interfaces/cmake)
-- Configuring done (1.6s)
-- Generating done (0.0s)
-- Build files have been written to: /home/gh/ros_ws/build/finalproject
[ 25%] [32mBuilding CXX object CMakeFiles/turtle_controller.dir/src/turtle_controller.cpp.o[0m
[ 50%] [32mBuilding CXX object CMakeFiles/turtle_spawner.dir/src/turtle_spawner.cpp.o[0m
[ 75%] [32m[1mLinking CXX executable turtle_controller[0m
[100%] [32m[1mLinking CXX executable turtle_spawner[0m
[100%] Built target turtle_controller
[100%] Built target turtle_spawner
-- Install configuration: ""
-- Installing: /home/gh/ros_ws/install/finalproject/share/ament_index/resource_index/package_run_dependencies/finalproject
-- Installing: /home/gh/ros_ws/install/finalproject/share/ament_index/resource_index/parent_prefix_path/finalproject
-- Installing: /home/gh/ros_ws/install/finalproject/share/finalproject/environment/ament_prefix_path.sh
-- Installing: /home/gh/ros_ws/install/finalproject/share/finalproject/environment/ament_prefix_path.dsv
-- Installing: /home/gh/ros_ws/install/finalproject/share/finalproject/environment/path.sh
-- Installing: /home/gh/ros_ws/install/finalproject/share/finalproject/environment/path.dsv
-- Installing: /home/gh/ros_ws/install/finalproject/share/finalproject/local_setup.bash
-- Installing: /home/gh/ros_ws/install/finalproject/share/finalproject/local_setup.sh
-- Installing: /home/gh/ros_ws/install/finalproject/share/finalproject/local_setup.zsh
-- Installing: /home/gh/ros_ws/install/finalproject/share/finalproject/local_setup.dsv
-- Installing: /home/gh/ros_ws/install/finalproject/share/finalproject/package.dsv
-- Installing: /home/gh/ros_ws/install/finalproject/share/ament_index/resource_index/packages/finalproject
-- Installing: /home/gh/ros_ws/install/finalproject/share/finalproject/cmake/finalprojectConfig.cmake
-- Installing: /home/gh/ros_ws/install/finalproject/share/finalproject/cmake/finalprojectConfig-version.cmake
-- Installing: /home/gh/ros_ws/install/finalproject/share/finalproject/package.xml
