[0.015s] Invoking command in '/home/gh/ros_ws/build/finalproject': CMAKE_PREFIX_PATH=${CMAKE_PREFIX_PATH}:/home/gh/ros_ws/install/pypkg:/home/gh/ros_ws/install/my_py_pkg:/opt/ros/jazzy DEBUGINFOD_URLS=https://debuginfod.ubuntu.com /usr/bin/cmake /home/gh/ros_ws/src/finalproject -DCMAKE_INSTALL_PREFIX=/home/gh/ros_ws/install/finalproject
[0.035s] -- Found ament_cmake: 2.5.3 (/opt/ros/jazzy/share/ament_cmake/cmake)
[0.453s] -- Found rclcpp: 28.1.8 (/opt/ros/jazzy/share/rclcpp/cmake)
[0.521s] -- Found rosidl_generator_c: 4.6.5 (/opt/ros/jazzy/share/rosidl_generator_c/cmake)
[0.547s] -- Found rosidl_generator_cpp: 4.6.5 (/opt/ros/jazzy/share/rosidl_generator_cpp/cmake)
[0.576s] -- Using all available rosidl_typesupport_c: rosidl_typesupport_fastrtps_c;rosidl_typesupport_introspection_c
[0.613s] -- Using all available rosidl_typesupport_cpp: rosidl_typesupport_fastrtps_cpp;rosidl_typesupport_introspection_cpp
[0.787s] -- Found rmw_implementation_cmake: 7.3.2 (/opt/ros/jazzy/share/rmw_implementation_cmake/cmake)
[0.807s] -- Found rmw_fastrtps_cpp: 8.4.2 (/opt/ros/jazzy/share/rmw_fastrtps_cpp/cmake)
[1.064s] -- Found OpenSSL: /usr/lib/x86_64-linux-gnu/libcrypto.so (found version "3.0.13")  
[1.123s] -- Found FastRTPS: /opt/ros/jazzy/include (Required is at least version "2.13") 
[1.172s] -- Using RMW implementation 'rmw_fastrtps_cpp' as default
[1.376s] -- Found example_interfaces: 0.12.0 (/opt/ros/jazzy/share/example_interfaces/cmake)
[1.627s] -- Configuring done (1.6s)
[1.663s] -- Generating done (0.0s)
[1.666s] -- Build files have been written to: /home/gh/ros_ws/build/finalproject
[1.679s] Invoked command in '/home/gh/ros_ws/build/finalproject' returned '0': CMAKE_PREFIX_PATH=${CMAKE_PREFIX_PATH}:/home/gh/ros_ws/install/pypkg:/home/gh/ros_ws/install/my_py_pkg:/opt/ros/jazzy DEBUGINFOD_URLS=https://debuginfod.ubuntu.com /usr/bin/cmake /home/gh/ros_ws/src/finalproject -DCMAKE_INSTALL_PREFIX=/home/gh/ros_ws/install/finalproject
[1.680s] Invoking command in '/home/gh/ros_ws/build/finalproject': CMAKE_PREFIX_PATH=${CMAKE_PREFIX_PATH}:/home/gh/ros_ws/install/pypkg:/home/gh/ros_ws/install/my_py_pkg:/opt/ros/jazzy DEBUGINFOD_URLS=https://debuginfod.ubuntu.com /usr/bin/cmake --build /home/gh/ros_ws/build/finalproject -- -j8 -l8
[1.748s] [ 25%] [32mBuilding CXX object CMakeFiles/turtle_controller.dir/src/turtle_controller.cpp.o[0m
[1.752s] [ 50%] [32mBuilding CXX object CMakeFiles/turtle_spawner.dir/src/turtle_spawner.cpp.o[0m
[6.644s] [ 75%] [32m[1mLinking CXX executable turtle_controller[0m
[6.732s] [100%] [32m[1mLinking CXX executable turtle_spawner[0m
[6.888s] [100%] Built target turtle_controller
[6.968s] [100%] Built target turtle_spawner
[6.983s] Invoked command in '/home/gh/ros_ws/build/finalproject' returned '0': CMAKE_PREFIX_PATH=${CMAKE_PREFIX_PATH}:/home/gh/ros_ws/install/pypkg:/home/gh/ros_ws/install/my_py_pkg:/opt/ros/jazzy DEBUGINFOD_URLS=https://debuginfod.ubuntu.com /usr/bin/cmake --build /home/gh/ros_ws/build/finalproject -- -j8 -l8
[6.985s] Invoking command in '/home/gh/ros_ws/build/finalproject': CMAKE_PREFIX_PATH=${CMAKE_PREFIX_PATH}:/home/gh/ros_ws/install/pypkg:/home/gh/ros_ws/install/my_py_pkg:/opt/ros/jazzy DEBUGINFOD_URLS=https://debuginfod.ubuntu.com /usr/bin/cmake --install /home/gh/ros_ws/build/finalproject
[6.996s] -- Install configuration: ""
[6.996s] -- Installing: /home/gh/ros_ws/install/finalproject/share/ament_index/resource_index/package_run_dependencies/finalproject
[6.996s] -- Installing: /home/gh/ros_ws/install/finalproject/share/ament_index/resource_index/parent_prefix_path/finalproject
[6.997s] -- Installing: /home/gh/ros_ws/install/finalproject/share/finalproject/environment/ament_prefix_path.sh
[6.997s] -- Installing: /home/gh/ros_ws/install/finalproject/share/finalproject/environment/ament_prefix_path.dsv
[6.997s] -- Installing: /home/gh/ros_ws/install/finalproject/share/finalproject/environment/path.sh
[6.997s] -- Installing: /home/gh/ros_ws/install/finalproject/share/finalproject/environment/path.dsv
[6.997s] -- Installing: /home/gh/ros_ws/install/finalproject/share/finalproject/local_setup.bash
[6.998s] -- Installing: /home/gh/ros_ws/install/finalproject/share/finalproject/local_setup.sh
[6.998s] -- Installing: /home/gh/ros_ws/install/finalproject/share/finalproject/local_setup.zsh
[6.998s] -- Installing: /home/gh/ros_ws/install/finalproject/share/finalproject/local_setup.dsv
[6.998s] -- Installing: /home/gh/ros_ws/install/finalproject/share/finalproject/package.dsv
[6.999s] -- Installing: /home/gh/ros_ws/install/finalproject/share/ament_index/resource_index/packages/finalproject
[6.999s] -- Installing: /home/gh/ros_ws/install/finalproject/share/finalproject/cmake/finalprojectConfig.cmake
[6.999s] -- Installing: /home/gh/ros_ws/install/finalproject/share/finalproject/cmake/finalprojectConfig-version.cmake
[7.000s] -- Installing: /home/gh/ros_ws/install/finalproject/share/finalproject/package.xml
[7.003s] Invoked command in '/home/gh/ros_ws/build/finalproject' returned '0': CMAKE_PREFIX_PATH=${CMAKE_PREFIX_PATH}:/home/gh/ros_ws/install/pypkg:/home/gh/ros_ws/install/my_py_pkg:/opt/ros/jazzy DEBUGINFOD_URLS=https://debuginfod.ubuntu.com /usr/bin/cmake --install /home/gh/ros_ws/build/finalproject
