[0.033s] Invoking command in '/home/gh/ros_ws/build/my_robot_interfaces': CMAKE_PREFIX_PATH=${CMAKE_PREFIX_PATH}:/home/gh/ros_ws/install/pypkg:/home/gh/ros_ws/install/my_py_pkg:/opt/ros/jazzy DEBUGINFOD_URLS=https://debuginfod.ubuntu.com /usr/bin/cmake --build /home/gh/ros_ws/build/my_robot_interfaces -- -j8 -l8
[0.148s] [  1%] Built target my_robot_interfaces__rosidl_generator_type_description
[0.170s] [  1%] Built target ament_cmake_python_copy_my_robot_interfaces
[0.192s] [  3%] Built target my_robot_interfaces__cpp
[0.202s] [ 25%] Built target my_robot_interfaces__rosidl_generator_c
[0.270s] [ 34%] Built target my_robot_interfaces__rosidl_typesupport_introspection_c
[0.281s] [ 43%] Built target my_robot_interfaces__rosidl_typesupport_cpp
[0.283s] [ 53%] Built target my_robot_interfaces__rosidl_typesupport_fastrtps_cpp
[0.294s] [ 62%] Built target my_robot_interfaces__rosidl_typesupport_introspection_cpp
[0.294s] [ 78%] Built target my_robot_interfaces__rosidl_typesupport_c
[0.296s] [ 81%] Built target my_robot_interfaces__rosidl_typesupport_fastrtps_c
[0.333s] [ 81%] Built target my_robot_interfaces
[0.386s] [ 82%] Built target my_robot_interfaces__py
[0.462s] [ 90%] Built target my_robot_interfaces__rosidl_generator_py
[0.531s] [ 93%] Built target my_robot_interfaces_s__rosidl_typesupport_fastrtps_c
[0.544s] [ 96%] Built target my_robot_interfaces_s__rosidl_typesupport_c
[0.556s] [100%] Built target my_robot_interfaces_s__rosidl_typesupport_introspection_c
[0.732s] running egg_info
[0.782s] writing my_robot_interfaces.egg-info/PKG-INFO
[0.782s] writing dependency_links to my_robot_interfaces.egg-info/dependency_links.txt
[0.783s] writing top-level names to my_robot_interfaces.egg-info/top_level.txt
[0.967s] reading manifest file 'my_robot_interfaces.egg-info/SOURCES.txt'
[0.967s] writing manifest file 'my_robot_interfaces.egg-info/SOURCES.txt'
[1.051s] [100%] Built target ament_cmake_python_build_my_robot_interfaces_egg
