[0.016s] Invoking command in '/home/gh/ros_ws/build/finalProjectLauncher': AMENT_PREFIX_PATH=/home/gh/ros_ws/install/finalproject:${AMENT_PREFIX_PATH} CMAKE_PREFIX_PATH=/home/gh/ros_ws/install/finalproject:/home/gh/ros_ws/install/my_robot_bringup:/home/gh/ros_ws/install/my_cpp_pkg:/home/gh/ros_ws/install/my_robot_interfaces:/home/gh/ros_ws/install/cpppkg:/opt/ros/jazzy/opt/gz_math_vendor:/opt/ros/jazzy/opt/gz_utils_vendor:/opt/ros/jazzy/opt/gz_cmake_vendor:/home/gh/ros_ws/install/pypkg:/home/gh/ros_ws/install/my_py_pkg:/opt/ros/jazzy DEBUGINFOD_URLS=https://debuginfod.ubuntu.com /usr/bin/cmake --build /home/gh/ros_ws/build/finalProjectLauncher -- -j8 -l8
[0.081s] Invoked command in '/home/gh/ros_ws/build/finalProjectLauncher' returned '0': AMENT_PREFIX_PATH=/home/gh/ros_ws/install/finalproject:${AMENT_PREFIX_PATH} CMAKE_PREFIX_PATH=/home/gh/ros_ws/install/finalproject:/home/gh/ros_ws/install/my_robot_bringup:/home/gh/ros_ws/install/my_cpp_pkg:/home/gh/ros_ws/install/my_robot_interfaces:/home/gh/ros_ws/install/cpppkg:/opt/ros/jazzy/opt/gz_math_vendor:/opt/ros/jazzy/opt/gz_utils_vendor:/opt/ros/jazzy/opt/gz_cmake_vendor:/home/gh/ros_ws/install/pypkg:/home/gh/ros_ws/install/my_py_pkg:/opt/ros/jazzy DEBUGINFOD_URLS=https://debuginfod.ubuntu.com /usr/bin/cmake --build /home/gh/ros_ws/build/finalProjectLauncher -- -j8 -l8
[0.083s] Invoking command in '/home/gh/ros_ws/build/finalProjectLauncher': AMENT_PREFIX_PATH=/home/gh/ros_ws/install/finalproject:${AMENT_PREFIX_PATH} CMAKE_PREFIX_PATH=/home/gh/ros_ws/install/finalproject:/home/gh/ros_ws/install/my_robot_bringup:/home/gh/ros_ws/install/my_cpp_pkg:/home/gh/ros_ws/install/my_robot_interfaces:/home/gh/ros_ws/install/cpppkg:/opt/ros/jazzy/opt/gz_math_vendor:/opt/ros/jazzy/opt/gz_utils_vendor:/opt/ros/jazzy/opt/gz_cmake_vendor:/home/gh/ros_ws/install/pypkg:/home/gh/ros_ws/install/my_py_pkg:/opt/ros/jazzy DEBUGINFOD_URLS=https://debuginfod.ubuntu.com /usr/bin/cmake --install /home/gh/ros_ws/build/finalProjectLauncher
[0.099s] -- Install configuration: ""
[0.099s] -- Up-to-date: /home/gh/ros_ws/install/finalProjectLauncher/share/finalProjectLauncher//launch
[0.100s] -- Up-to-date: /home/gh/ros_ws/install/finalProjectLauncher/share/finalProjectLauncher//launch/finalProject.launch.xml
[0.100s] -- Up-to-date: /home/gh/ros_ws/install/finalProjectLauncher/share/ament_index/resource_index/package_run_dependencies/finalProjectLauncher
[0.100s] -- Up-to-date: /home/gh/ros_ws/install/finalProjectLauncher/share/ament_index/resource_index/parent_prefix_path/finalProjectLauncher
[0.100s] -- Up-to-date: /home/gh/ros_ws/install/finalProjectLauncher/share/finalProjectLauncher/environment/ament_prefix_path.sh
[0.101s] -- Up-to-date: /home/gh/ros_ws/install/finalProjectLauncher/share/finalProjectLauncher/environment/ament_prefix_path.dsv
[0.101s] -- Up-to-date: /home/gh/ros_ws/install/finalProjectLauncher/share/finalProjectLauncher/environment/path.sh
[0.101s] -- Up-to-date: /home/gh/ros_ws/install/finalProjectLauncher/share/finalProjectLauncher/environment/path.dsv
[0.101s] -- Up-to-date: /home/gh/ros_ws/install/finalProjectLauncher/share/finalProjectLauncher/local_setup.bash
[0.101s] -- Up-to-date: /home/gh/ros_ws/install/finalProjectLauncher/share/finalProjectLauncher/local_setup.sh
[0.102s] -- Up-to-date: /home/gh/ros_ws/install/finalProjectLauncher/share/finalProjectLauncher/local_setup.zsh
[0.102s] -- Up-to-date: /home/gh/ros_ws/install/finalProjectLauncher/share/finalProjectLauncher/local_setup.dsv
[0.102s] -- Installing: /home/gh/ros_ws/install/finalProjectLauncher/share/finalProjectLauncher/package.dsv
[0.102s] -- Up-to-date: /home/gh/ros_ws/install/finalProjectLauncher/share/ament_index/resource_index/packages/finalProjectLauncher
[0.102s] -- Up-to-date: /home/gh/ros_ws/install/finalProjectLauncher/share/finalProjectLauncher/cmake/finalProjectLauncherConfig.cmake
[0.103s] -- Up-to-date: /home/gh/ros_ws/install/finalProjectLauncher/share/finalProjectLauncher/cmake/finalProjectLauncherConfig-version.cmake
[0.103s] -- Up-to-date: /home/gh/ros_ws/install/finalProjectLauncher/share/finalProjectLauncher/package.xml
[0.106s] Invoked command in '/home/gh/ros_ws/build/finalProjectLauncher' returned '0': AMENT_PREFIX_PATH=/home/gh/ros_ws/install/finalproject:${AMENT_PREFIX_PATH} CMAKE_PREFIX_PATH=/home/gh/ros_ws/install/finalproject:/home/gh/ros_ws/install/my_robot_bringup:/home/gh/ros_ws/install/my_cpp_pkg:/home/gh/ros_ws/install/my_robot_interfaces:/home/gh/ros_ws/install/cpppkg:/opt/ros/jazzy/opt/gz_math_vendor:/opt/ros/jazzy/opt/gz_utils_vendor:/opt/ros/jazzy/opt/gz_cmake_vendor:/home/gh/ros_ws/install/pypkg:/home/gh/ros_ws/install/my_py_pkg:/opt/ros/jazzy DEBUGINFOD_URLS=https://debuginfod.ubuntu.com /usr/bin/cmake --install /home/gh/ros_ws/build/finalProjectLauncher
