[ 50%] Built target turtle_spawner
[100%] Built target turtle_controller
-- Install configuration: ""
-- Up-to-date: /home/gh/ros_ws/install/finalproject/lib/finalproject/turtle_spawner
-- Up-to-date: /home/gh/ros_ws/install/finalproject/lib/finalproject/turtle_controller
-- Up-to-date: /home/gh/ros_ws/install/finalproject/share/ament_index/resource_index/package_run_dependencies/finalproject
-- Up-to-date: /home/gh/ros_ws/install/finalproject/share/ament_index/resource_index/parent_prefix_path/finalproject
-- Up-to-date: /home/gh/ros_ws/install/finalproject/share/finalproject/environment/ament_prefix_path.sh
-- Up-to-date: /home/gh/ros_ws/install/finalproject/share/finalproject/environment/ament_prefix_path.dsv
-- Up-to-date: /home/gh/ros_ws/install/finalproject/share/finalproject/environment/path.sh
-- Up-to-date: /home/gh/ros_ws/install/finalproject/share/finalproject/environment/path.dsv
-- Up-to-date: /home/gh/ros_ws/install/finalproject/share/finalproject/local_setup.bash
-- Up-to-date: /home/gh/ros_ws/install/finalproject/share/finalproject/local_setup.sh
-- Up-to-date: /home/gh/ros_ws/install/finalproject/share/finalproject/local_setup.zsh
-- Up-to-date: /home/gh/ros_ws/install/finalproject/share/finalproject/local_setup.dsv
-- Installing: /home/gh/ros_ws/install/finalproject/share/finalproject/package.dsv
-- Up-to-date: /home/gh/ros_ws/install/finalproject/share/ament_index/resource_index/packages/finalproject
-- Up-to-date: /home/gh/ros_ws/install/finalproject/share/finalproject/cmake/finalprojectConfig.cmake
-- Up-to-date: /home/gh/ros_ws/install/finalproject/share/finalproject/cmake/finalprojectConfig-version.cmake
-- Up-to-date: /home/gh/ros_ws/install/finalproject/share/finalproject/package.xml
