[0.021s] Invoking command in '/home/gh/ros_ws/build/finalproject': CMAKE_PREFIX_PATH=${CMAKE_PREFIX_PATH}:/home/gh/ros_ws/install/pypkg:/home/gh/ros_ws/install/my_py_pkg:/opt/ros/jazzy DEBUGINFOD_URLS=https://debuginfod.ubuntu.com /usr/bin/cmake --build /home/gh/ros_ws/build/finalproject -- -j8 -l8
[0.108s] [ 50%] Built target turtle_spawner
[0.115s] [100%] Built target turtle_controller
[0.137s] Invoked command in '/home/gh/ros_ws/build/finalproject' returned '0': CMAKE_PREFIX_PATH=${CMAKE_PREFIX_PATH}:/home/gh/ros_ws/install/pypkg:/home/gh/ros_ws/install/my_py_pkg:/opt/ros/jazzy DEBUGINFOD_URLS=https://debuginfod.ubuntu.com /usr/bin/cmake --build /home/gh/ros_ws/build/finalproject -- -j8 -l8
[0.158s] Invoking command in '/home/gh/ros_ws/build/finalproject': CMAKE_PREFIX_PATH=${CMAKE_PREFIX_PATH}:/home/gh/ros_ws/install/pypkg:/home/gh/ros_ws/install/my_py_pkg:/opt/ros/jazzy DEBUGINFOD_URLS=https://debuginfod.ubuntu.com /usr/bin/cmake --install /home/gh/ros_ws/build/finalproject
[0.187s] -- Install configuration: ""
[0.187s] -- Up-to-date: /home/gh/ros_ws/install/finalproject/lib/finalproject/turtle_spawner
[0.187s] -- Up-to-date: /home/gh/ros_ws/install/finalproject/lib/finalproject/turtle_controller
[0.187s] -- Up-to-date: /home/gh/ros_ws/install/finalproject/share/ament_index/resource_index/package_run_dependencies/finalproject
[0.188s] -- Up-to-date: /home/gh/ros_ws/install/finalproject/share/ament_index/resource_index/parent_prefix_path/finalproject
[0.188s] -- Up-to-date: /home/gh/ros_ws/install/finalproject/share/finalproject/environment/ament_prefix_path.sh
[0.189s] -- Up-to-date: /home/gh/ros_ws/install/finalproject/share/finalproject/environment/ament_prefix_path.dsv
[0.189s] -- Up-to-date: /home/gh/ros_ws/install/finalproject/share/finalproject/environment/path.sh
[0.190s] -- Up-to-date: /home/gh/ros_ws/install/finalproject/share/finalproject/environment/path.dsv
[0.190s] -- Up-to-date: /home/gh/ros_ws/install/finalproject/share/finalproject/local_setup.bash
[0.190s] -- Up-to-date: /home/gh/ros_ws/install/finalproject/share/finalproject/local_setup.sh
[0.191s] -- Up-to-date: /home/gh/ros_ws/install/finalproject/share/finalproject/local_setup.zsh
[0.191s] -- Up-to-date: /home/gh/ros_ws/install/finalproject/share/finalproject/local_setup.dsv
[0.191s] -- Installing: /home/gh/ros_ws/install/finalproject/share/finalproject/package.dsv
[0.191s] -- Up-to-date: /home/gh/ros_ws/install/finalproject/share/ament_index/resource_index/packages/finalproject
[0.191s] -- Up-to-date: /home/gh/ros_ws/install/finalproject/share/finalproject/cmake/finalprojectConfig.cmake
[0.193s] -- Up-to-date: /home/gh/ros_ws/install/finalproject/share/finalproject/cmake/finalprojectConfig-version.cmake
[0.193s] -- Up-to-date: /home/gh/ros_ws/install/finalproject/share/finalproject/package.xml
[0.197s] Invoked command in '/home/gh/ros_ws/build/finalproject' returned '0': CMAKE_PREFIX_PATH=${CMAKE_PREFIX_PATH}:/home/gh/ros_ws/install/pypkg:/home/gh/ros_ws/install/my_py_pkg:/opt/ros/jazzy DEBUGINFOD_URLS=https://debuginfod.ubuntu.com /usr/bin/cmake --install /home/gh/ros_ws/build/finalproject
