[0.020s] Invoking command in '/home/gh/ros_ws/build/my_robot_interfaces': CMAKE_PREFIX_PATH=${CMAKE_PREFIX_PATH}:/home/gh/ros_ws/install/pypkg:/home/gh/ros_ws/install/my_py_pkg:/opt/ros/jazzy DEBUGINFOD_URLS=https://debuginfod.ubuntu.com /usr/bin/cmake --build /home/gh/ros_ws/build/my_robot_interfaces -- -j8 -l8
[0.104s] [  1%] Built target my_robot_interfaces__rosidl_generator_type_description
[0.123s] [  1%] Built target ament_cmake_python_copy_my_robot_interfaces
[0.145s] [  3%] Built target my_robot_interfaces__cpp
[0.156s] [ 25%] Built target my_robot_interfaces__rosidl_generator_c
[0.226s] [ 35%] Built target my_robot_interfaces__rosidl_typesupport_cpp
[0.226s] [ 43%] Built target my_robot_interfaces__rosidl_typesupport_introspection_cpp
[0.226s] [ 53%] Built target my_robot_interfaces__rosidl_typesupport_introspection_c
[0.228s] [ 62%] Built target my_robot_interfaces__rosidl_typesupport_fastrtps_c
[0.231s] [ 71%] Built target my_robot_interfaces__rosidl_typesupport_fastrtps_cpp
[0.238s] [ 81%] Built target my_robot_interfaces__rosidl_typesupport_c
[0.276s] [ 81%] Built target my_robot_interfaces
[0.314s] [ 82%] Built target my_robot_interfaces__py
[0.361s] [ 90%] Built target my_robot_interfaces__rosidl_generator_py
[0.412s] [ 93%] Built target my_robot_interfaces_s__rosidl_typesupport_fastrtps_c
[0.414s] [ 96%] Built target my_robot_interfaces_s__rosidl_typesupport_c
[0.422s] [100%] Built target my_robot_interfaces_s__rosidl_typesupport_introspection_c
[0.675s] running egg_info
[0.739s] writing my_robot_interfaces.egg-info/PKG-INFO
[0.740s] writing dependency_links to my_robot_interfaces.egg-info/dependency_links.txt
[0.741s] writing top-level names to my_robot_interfaces.egg-info/top_level.txt
[0.930s] reading manifest file 'my_robot_interfaces.egg-info/SOURCES.txt'
[0.931s] writing manifest file 'my_robot_interfaces.egg-info/SOURCES.txt'
[1.000s] [100%] Built target ament_cmake_python_build_my_robot_interfaces_egg
[1.037s] Invoked command in '/home/gh/ros_ws/build/my_robot_interfaces' returned '0': CMAKE_PREFIX_PATH=${CMAKE_PREFIX_PATH}:/home/gh/ros_ws/install/pypkg:/home/gh/ros_ws/install/my_py_pkg:/opt/ros/jazzy DEBUGINFOD_URLS=https://debuginfod.ubuntu.com /usr/bin/cmake --build /home/gh/ros_ws/build/my_robot_interfaces -- -j8 -l8
[1.062s] Invoking command in '/home/gh/ros_ws/build/my_robot_interfaces': CMAKE_PREFIX_PATH=${CMAKE_PREFIX_PATH}:/home/gh/ros_ws/install/pypkg:/home/gh/ros_ws/install/my_py_pkg:/opt/ros/jazzy DEBUGINFOD_URLS=https://debuginfod.ubuntu.com /usr/bin/cmake --install /home/gh/ros_ws/build/my_robot_interfaces
[1.083s] -- Install configuration: ""
[1.085s] -- Up-to-date: /home/gh/ros_ws/install/my_robot_interfaces/share/ament_index/resource_index/rosidl_interfaces/my_robot_interfaces
[1.085s] -- Up-to-date: /home/gh/ros_ws/install/my_robot_interfaces/share/my_robot_interfaces/msg/HardwareStatus.json
[1.085s] -- Up-to-date: /home/gh/ros_ws/install/my_robot_interfaces/share/my_robot_interfaces/msg/LedStateArray.json
[1.086s] -- Up-to-date: /home/gh/ros_ws/install/my_robot_interfaces/share/my_robot_interfaces/srv/ComputeRectangleArea.json
[1.086s] -- Up-to-date: /home/gh/ros_ws/install/my_robot_interfaces/share/my_robot_interfaces/srv/SetLed.json
[1.086s] -- Up-to-date: /home/gh/ros_ws/install/my_robot_interfaces/include/my_robot_interfaces/my_robot_interfaces
[1.086s] -- Up-to-date: /home/gh/ros_ws/install/my_robot_interfaces/include/my_robot_interfaces/my_robot_interfaces/msg
[1.087s] -- Up-to-date: /home/gh/ros_ws/install/my_robot_interfaces/include/my_robot_interfaces/my_robot_interfaces/msg/rosidl_generator_c__visibility_control.h
[1.087s] -- Up-to-date: /home/gh/ros_ws/install/my_robot_interfaces/include/my_robot_interfaces/my_robot_interfaces/msg/hardware_status.h
[1.087s] -- Up-to-date: /home/gh/ros_ws/install/my_robot_interfaces/include/my_robot_interfaces/my_robot_interfaces/msg/led_state_array.h
[1.087s] -- Up-to-date: /home/gh/ros_ws/install/my_robot_interfaces/include/my_robot_interfaces/my_robot_interfaces/msg/detail
[1.087s] -- Up-to-date: /home/gh/ros_ws/install/my_robot_interfaces/include/my_robot_interfaces/my_robot_interfaces/msg/detail/hardware_status__functions.c
[1.088s] -- Up-to-date: /home/gh/ros_ws/install/my_robot_interfaces/include/my_robot_interfaces/my_robot_interfaces/msg/detail/hardware_status__functions.h
[1.088s] -- Up-to-date: /home/gh/ros_ws/install/my_robot_interfaces/include/my_robot_interfaces/my_robot_interfaces/msg/detail/led_state_array__struct.h
[1.088s] -- Up-to-date: /home/gh/ros_ws/install/my_robot_interfaces/include/my_robot_interfaces/my_robot_interfaces/msg/detail/led_state_array__functions.h
[1.088s] -- Up-to-date: /home/gh/ros_ws/install/my_robot_interfaces/include/my_robot_interfaces/my_robot_interfaces/msg/detail/led_state_array__description.c
[1.089s] -- Up-to-date: /home/gh/ros_ws/install/my_robot_interfaces/include/my_robot_interfaces/my_robot_interfaces/msg/detail/hardware_status__struct.h
[1.089s] -- Up-to-date: /home/gh/ros_ws/install/my_robot_interfaces/include/my_robot_interfaces/my_robot_interfaces/msg/detail/led_state_array__type_support.c
[1.089s] -- Up-to-date: /home/gh/ros_ws/install/my_robot_interfaces/include/my_robot_interfaces/my_robot_interfaces/msg/detail/led_state_array__type_support.h
[1.089s] -- Up-to-date: /home/gh/ros_ws/install/my_robot_interfaces/include/my_robot_interfaces/my_robot_interfaces/msg/detail/led_state_array__functions.c
[1.089s] -- Up-to-date: /home/gh/ros_ws/install/my_robot_interfaces/include/my_robot_interfaces/my_robot_interfaces/msg/detail/hardware_status__type_support.c
[1.089s] -- Up-to-date: /home/gh/ros_ws/install/my_robot_interfaces/include/my_robot_interfaces/my_robot_interfaces/msg/detail/hardware_status__type_support.h
[1.090s] -- Up-to-date: /home/gh/ros_ws/install/my_robot_interfaces/include/my_robot_interfaces/my_robot_interfaces/msg/detail/hardware_status__description.c
[1.090s] -- Up-to-date: /home/gh/ros_ws/install/my_robot_interfaces/include/my_robot_interfaces/my_robot_interfaces/srv
[1.090s] -- Up-to-date: /home/gh/ros_ws/install/my_robot_interfaces/include/my_robot_interfaces/my_robot_interfaces/srv/set_led.h
[1.091s] -- Up-to-date: /home/gh/ros_ws/install/my_robot_interfaces/include/my_robot_interfaces/my_robot_interfaces/srv/compute_rectangle_area.h
[1.091s] -- Up-to-date: /home/gh/ros_ws/install/my_robot_interfaces/include/my_robot_interfaces/my_robot_interfaces/srv/detail
[1.091s] -- Up-to-date: /home/gh/ros_ws/install/my_robot_interfaces/include/my_robot_interfaces/my_robot_interfaces/srv/detail/compute_rectangle_area__type_support.h
[1.092s] -- Up-to-date: /home/gh/ros_ws/install/my_robot_interfaces/include/my_robot_interfaces/my_robot_interfaces/srv/detail/compute_rectangle_area__functions.c
[1.092s] -- Up-to-date: /home/gh/ros_ws/install/my_robot_interfaces/include/my_robot_interfaces/my_robot_interfaces/srv/detail/set_led__type_support.h
[1.092s] -- Up-to-date: /home/gh/ros_ws/install/my_robot_interfaces/include/my_robot_interfaces/my_robot_interfaces/srv/detail/set_led__struct.h
[1.092s] -- Up-to-date: /home/gh/ros_ws/install/my_robot_interfaces/include/my_robot_interfaces/my_robot_interfaces/srv/detail/compute_rectangle_area__type_support.c
[1.092s] -- Up-to-date: /home/gh/ros_ws/install/my_robot_interfaces/include/my_robot_interfaces/my_robot_interfaces/srv/detail/set_led__type_support.c
[1.093s] -- Up-to-date: /home/gh/ros_ws/install/my_robot_interfaces/include/my_robot_interfaces/my_robot_interfaces/srv/detail/set_led__functions.c
[1.093s] -- Up-to-date: /home/gh/ros_ws/install/my_robot_interfaces/include/my_robot_interfaces/my_robot_interfaces/srv/detail/compute_rectangle_area__functions.h
[1.093s] -- Up-to-date: /home/gh/ros_ws/install/my_robot_interfaces/include/my_robot_interfaces/my_robot_interfaces/srv/detail/set_led__description.c
[1.093s] -- Up-to-date: /home/gh/ros_ws/install/my_robot_interfaces/include/my_robot_interfaces/my_robot_interfaces/srv/detail/set_led__functions.h
[1.094s] -- Up-to-date: /home/gh/ros_ws/install/my_robot_interfaces/include/my_robot_interfaces/my_robot_interfaces/srv/detail/compute_rectangle_area__struct.h
[1.094s] -- Up-to-date: /home/gh/ros_ws/install/my_robot_interfaces/include/my_robot_interfaces/my_robot_interfaces/srv/detail/compute_rectangle_area__description.c
[1.094s] -- Up-to-date: /home/gh/ros_ws/install/my_robot_interfaces/share/my_robot_interfaces/environment/library_path.sh
[1.094s] -- Up-to-date: /home/gh/ros_ws/install/my_robot_interfaces/share/my_robot_interfaces/environment/library_path.dsv
[1.095s] -- Up-to-date: /home/gh/ros_ws/install/my_robot_interfaces/lib/libmy_robot_interfaces__rosidl_generator_c.so
[1.095s] -- Up-to-date: /home/gh/ros_ws/install/my_robot_interfaces/include/my_robot_interfaces/my_robot_interfaces
[1.095s] -- Up-to-date: /home/gh/ros_ws/install/my_robot_interfaces/include/my_robot_interfaces/my_robot_interfaces/msg
[1.095s] -- Up-to-date: /home/gh/ros_ws/install/my_robot_interfaces/include/my_robot_interfaces/my_robot_interfaces/msg/rosidl_typesupport_fastrtps_c__visibility_control.h
[1.096s] -- Up-to-date: /home/gh/ros_ws/install/my_robot_interfaces/include/my_robot_interfaces/my_robot_interfaces/msg/detail
[1.096s] -- Up-to-date: /home/gh/ros_ws/install/my_robot_interfaces/include/my_robot_interfaces/my_robot_interfaces/msg/detail/led_state_array__rosidl_typesupport_fastrtps_c.h
[1.096s] -- Up-to-date: /home/gh/ros_ws/install/my_robot_interfaces/include/my_robot_interfaces/my_robot_interfaces/msg/detail/hardware_status__rosidl_typesupport_fastrtps_c.h
[1.096s] -- Up-to-date: /home/gh/ros_ws/install/my_robot_interfaces/include/my_robot_interfaces/my_robot_interfaces/srv
[1.096s] -- Up-to-date: /home/gh/ros_ws/install/my_robot_interfaces/include/my_robot_interfaces/my_robot_interfaces/srv/detail
[1.097s] -- Up-to-date: /home/gh/ros_ws/install/my_robot_interfaces/include/my_robot_interfaces/my_robot_interfaces/srv/detail/set_led__rosidl_typesupport_fastrtps_c.h
[1.097s] -- Up-to-date: /home/gh/ros_ws/install/my_robot_interfaces/include/my_robot_interfaces/my_robot_interfaces/srv/detail/compute_rectangle_area__rosidl_typesupport_fastrtps_c.h
[1.097s] -- Up-to-date: /home/gh/ros_ws/install/my_robot_interfaces/lib/libmy_robot_interfaces__rosidl_typesupport_fastrtps_c.so
[1.097s] -- Up-to-date: /home/gh/ros_ws/install/my_robot_interfaces/include/my_robot_interfaces/my_robot_interfaces
[1.097s] -- Up-to-date: /home/gh/ros_ws/install/my_robot_interfaces/include/my_robot_interfaces/my_robot_interfaces/msg
[1.097s] -- Up-to-date: /home/gh/ros_ws/install/my_robot_interfaces/include/my_robot_interfaces/my_robot_interfaces/msg/rosidl_typesupport_introspection_c__visibility_control.h
[1.098s] -- Up-to-date: /home/gh/ros_ws/install/my_robot_interfaces/include/my_robot_interfaces/my_robot_interfaces/msg/detail
[1.098s] -- Up-to-date: /home/gh/ros_ws/install/my_robot_interfaces/include/my_robot_interfaces/my_robot_interfaces/msg/detail/led_state_array__rosidl_typesupport_introspection_c.h
[1.098s] -- Up-to-date: /home/gh/ros_ws/install/my_robot_interfaces/include/my_robot_interfaces/my_robot_interfaces/msg/detail/hardware_status__rosidl_typesupport_introspection_c.h
[1.098s] -- Up-to-date: /home/gh/ros_ws/install/my_robot_interfaces/include/my_robot_interfaces/my_robot_interfaces/msg/detail/led_state_array__type_support.c
[1.098s] -- Up-to-date: /home/gh/ros_ws/install/my_robot_interfaces/include/my_robot_interfaces/my_robot_interfaces/msg/detail/hardware_status__type_support.c
[1.099s] -- Up-to-date: /home/gh/ros_ws/install/my_robot_interfaces/include/my_robot_interfaces/my_robot_interfaces/srv
[1.099s] -- Up-to-date: /home/gh/ros_ws/install/my_robot_interfaces/include/my_robot_interfaces/my_robot_interfaces/srv/detail
[1.099s] -- Up-to-date: /home/gh/ros_ws/install/my_robot_interfaces/include/my_robot_interfaces/my_robot_interfaces/srv/detail/set_led__rosidl_typesupport_introspection_c.h
[1.099s] -- Up-to-date: /home/gh/ros_ws/install/my_robot_interfaces/include/my_robot_interfaces/my_robot_interfaces/srv/detail/compute_rectangle_area__type_support.c
[1.099s] -- Up-to-date: /home/gh/ros_ws/install/my_robot_interfaces/include/my_robot_interfaces/my_robot_interfaces/srv/detail/set_led__type_support.c
[1.100s] -- Up-to-date: /home/gh/ros_ws/install/my_robot_interfaces/include/my_robot_interfaces/my_robot_interfaces/srv/detail/compute_rectangle_area__rosidl_typesupport_introspection_c.h
[1.101s] -- Up-to-date: /home/gh/ros_ws/install/my_robot_interfaces/lib/libmy_robot_interfaces__rosidl_typesupport_introspection_c.so
[1.101s] -- Up-to-date: /home/gh/ros_ws/install/my_robot_interfaces/lib/libmy_robot_interfaces__rosidl_typesupport_c.so
[1.103s] -- Up-to-date: /home/gh/ros_ws/install/my_robot_interfaces/include/my_robot_interfaces/my_robot_interfaces
[1.103s] -- Up-to-date: /home/gh/ros_ws/install/my_robot_interfaces/include/my_robot_interfaces/my_robot_interfaces/msg
[1.104s] -- Up-to-date: /home/gh/ros_ws/install/my_robot_interfaces/include/my_robot_interfaces/my_robot_interfaces/msg/hardware_status.hpp
[1.104s] -- Up-to-date: /home/gh/ros_ws/install/my_robot_interfaces/include/my_robot_interfaces/my_robot_interfaces/msg/rosidl_generator_cpp__visibility_control.hpp
[1.104s] -- Up-to-date: /home/gh/ros_ws/install/my_robot_interfaces/include/my_robot_interfaces/my_robot_interfaces/msg/led_state_array.hpp
[1.104s] -- Up-to-date: /home/gh/ros_ws/install/my_robot_interfaces/include/my_robot_interfaces/my_robot_interfaces/msg/detail
[1.104s] -- Up-to-date: /home/gh/ros_ws/install/my_robot_interfaces/include/my_robot_interfaces/my_robot_interfaces/msg/detail/led_state_array__struct.hpp
[1.105s] -- Up-to-date: /home/gh/ros_ws/install/my_robot_interfaces/include/my_robot_interfaces/my_robot_interfaces/msg/detail/hardware_status__builder.hpp
[1.105s] -- Up-to-date: /home/gh/ros_ws/install/my_robot_interfaces/include/my_robot_interfaces/my_robot_interfaces/msg/detail/hardware_status__type_support.hpp
[1.105s] -- Up-to-date: /home/gh/ros_ws/install/my_robot_interfaces/include/my_robot_interfaces/my_robot_interfaces/msg/detail/hardware_status__struct.hpp
[1.105s] -- Up-to-date: /home/gh/ros_ws/install/my_robot_interfaces/include/my_robot_interfaces/my_robot_interfaces/msg/detail/led_state_array__traits.hpp
[1.105s] -- Up-to-date: /home/gh/ros_ws/install/my_robot_interfaces/include/my_robot_interfaces/my_robot_interfaces/msg/detail/led_state_array__type_support.hpp
[1.106s] -- Up-to-date: /home/gh/ros_ws/install/my_robot_interfaces/include/my_robot_interfaces/my_robot_interfaces/msg/detail/led_state_array__builder.hpp
[1.106s] -- Up-to-date: /home/gh/ros_ws/install/my_robot_interfaces/include/my_robot_interfaces/my_robot_interfaces/msg/detail/hardware_status__traits.hpp
[1.106s] -- Up-to-date: /home/gh/ros_ws/install/my_robot_interfaces/include/my_robot_interfaces/my_robot_interfaces/srv
[1.106s] -- Up-to-date: /home/gh/ros_ws/install/my_robot_interfaces/include/my_robot_interfaces/my_robot_interfaces/srv/set_led.hpp
[1.106s] -- Up-to-date: /home/gh/ros_ws/install/my_robot_interfaces/include/my_robot_interfaces/my_robot_interfaces/srv/compute_rectangle_area.hpp
[1.107s] -- Up-to-date: /home/gh/ros_ws/install/my_robot_interfaces/include/my_robot_interfaces/my_robot_interfaces/srv/detail
[1.107s] -- Up-to-date: /home/gh/ros_ws/install/my_robot_interfaces/include/my_robot_interfaces/my_robot_interfaces/srv/detail/set_led__builder.hpp
[1.108s] -- Up-to-date: /home/gh/ros_ws/install/my_robot_interfaces/include/my_robot_interfaces/my_robot_interfaces/srv/detail/compute_rectangle_area__traits.hpp
[1.108s] -- Up-to-date: /home/gh/ros_ws/install/my_robot_interfaces/include/my_robot_interfaces/my_robot_interfaces/srv/detail/compute_rectangle_area__struct.hpp
[1.108s] -- Up-to-date: /home/gh/ros_ws/install/my_robot_interfaces/include/my_robot_interfaces/my_robot_interfaces/srv/detail/set_led__traits.hpp
[1.109s] -- Up-to-date: /home/gh/ros_ws/install/my_robot_interfaces/include/my_robot_interfaces/my_robot_interfaces/srv/detail/compute_rectangle_area__type_support.hpp
[1.109s] -- Up-to-date: /home/gh/ros_ws/install/my_robot_interfaces/include/my_robot_interfaces/my_robot_interfaces/srv/detail/compute_rectangle_area__builder.hpp
[1.109s] -- Up-to-date: /home/gh/ros_ws/install/my_robot_interfaces/include/my_robot_interfaces/my_robot_interfaces/srv/detail/set_led__type_support.hpp
[1.109s] -- Up-to-date: /home/gh/ros_ws/install/my_robot_interfaces/include/my_robot_interfaces/my_robot_interfaces/srv/detail/set_led__struct.hpp
[1.110s] -- Up-to-date: /home/gh/ros_ws/install/my_robot_interfaces/include/my_robot_interfaces/my_robot_interfaces
[1.110s] -- Up-to-date: /home/gh/ros_ws/install/my_robot_interfaces/include/my_robot_interfaces/my_robot_interfaces/msg
[1.110s] -- Up-to-date: /home/gh/ros_ws/install/my_robot_interfaces/include/my_robot_interfaces/my_robot_interfaces/msg/rosidl_typesupport_fastrtps_cpp__visibility_control.h
[1.111s] -- Up-to-date: /home/gh/ros_ws/install/my_robot_interfaces/include/my_robot_interfaces/my_robot_interfaces/msg/detail
[1.111s] -- Up-to-date: /home/gh/ros_ws/install/my_robot_interfaces/include/my_robot_interfaces/my_robot_interfaces/msg/detail/hardware_status__rosidl_typesupport_fastrtps_cpp.hpp
[1.111s] -- Up-to-date: /home/gh/ros_ws/install/my_robot_interfaces/include/my_robot_interfaces/my_robot_interfaces/msg/detail/dds_fastrtps
[1.111s] -- Up-to-date: /home/gh/ros_ws/install/my_robot_interfaces/include/my_robot_interfaces/my_robot_interfaces/msg/detail/led_state_array__rosidl_typesupport_fastrtps_cpp.hpp
[1.112s] -- Up-to-date: /home/gh/ros_ws/install/my_robot_interfaces/include/my_robot_interfaces/my_robot_interfaces/srv
[1.112s] -- Up-to-date: /home/gh/ros_ws/install/my_robot_interfaces/include/my_robot_interfaces/my_robot_interfaces/srv/detail
[1.112s] -- Up-to-date: /home/gh/ros_ws/install/my_robot_interfaces/include/my_robot_interfaces/my_robot_interfaces/srv/detail/dds_fastrtps
[1.112s] -- Up-to-date: /home/gh/ros_ws/install/my_robot_interfaces/include/my_robot_interfaces/my_robot_interfaces/srv/detail/set_led__rosidl_typesupport_fastrtps_cpp.hpp
[1.112s] -- Up-to-date: /home/gh/ros_ws/install/my_robot_interfaces/include/my_robot_interfaces/my_robot_interfaces/srv/detail/compute_rectangle_area__rosidl_typesupport_fastrtps_cpp.hpp
[1.112s] -- Up-to-date: /home/gh/ros_ws/install/my_robot_interfaces/lib/libmy_robot_interfaces__rosidl_typesupport_fastrtps_cpp.so
[1.113s] -- Up-to-date: /home/gh/ros_ws/install/my_robot_interfaces/include/my_robot_interfaces/my_robot_interfaces
[1.113s] -- Up-to-date: /home/gh/ros_ws/install/my_robot_interfaces/include/my_robot_interfaces/my_robot_interfaces/msg
[1.113s] -- Up-to-date: /home/gh/ros_ws/install/my_robot_interfaces/include/my_robot_interfaces/my_robot_interfaces/msg/detail
[1.113s] -- Up-to-date: /home/gh/ros_ws/install/my_robot_interfaces/include/my_robot_interfaces/my_robot_interfaces/msg/detail/hardware_status__rosidl_typesupport_introspection_cpp.hpp
[1.113s] -- Up-to-date: /home/gh/ros_ws/install/my_robot_interfaces/include/my_robot_interfaces/my_robot_interfaces/msg/detail/led_state_array__type_support.cpp
[1.114s] -- Up-to-date: /home/gh/ros_ws/install/my_robot_interfaces/include/my_robot_interfaces/my_robot_interfaces/msg/detail/hardware_status__type_support.cpp
[1.114s] -- Up-to-date: /home/gh/ros_ws/install/my_robot_interfaces/include/my_robot_interfaces/my_robot_interfaces/msg/detail/led_state_array__rosidl_typesupport_introspection_cpp.hpp
[1.114s] -- Up-to-date: /home/gh/ros_ws/install/my_robot_interfaces/include/my_robot_interfaces/my_robot_interfaces/srv
[1.114s] -- Up-to-date: /home/gh/ros_ws/install/my_robot_interfaces/include/my_robot_interfaces/my_robot_interfaces/srv/detail
[1.115s] -- Up-to-date: /home/gh/ros_ws/install/my_robot_interfaces/include/my_robot_interfaces/my_robot_interfaces/srv/detail/set_led__type_support.cpp
[1.115s] -- Up-to-date: /home/gh/ros_ws/install/my_robot_interfaces/include/my_robot_interfaces/my_robot_interfaces/srv/detail/set_led__rosidl_typesupport_introspection_cpp.hpp
[1.115s] -- Up-to-date: /home/gh/ros_ws/install/my_robot_interfaces/include/my_robot_interfaces/my_robot_interfaces/srv/detail/compute_rectangle_area__rosidl_typesupport_introspection_cpp.hpp
[1.115s] -- Up-to-date: /home/gh/ros_ws/install/my_robot_interfaces/include/my_robot_interfaces/my_robot_interfaces/srv/detail/compute_rectangle_area__type_support.cpp
[1.116s] -- Up-to-date: /home/gh/ros_ws/install/my_robot_interfaces/lib/libmy_robot_interfaces__rosidl_typesupport_introspection_cpp.so
[1.116s] -- Up-to-date: /home/gh/ros_ws/install/my_robot_interfaces/lib/libmy_robot_interfaces__rosidl_typesupport_cpp.so
[1.116s] -- Up-to-date: /home/gh/ros_ws/install/my_robot_interfaces/share/my_robot_interfaces/environment/pythonpath.sh
[1.117s] -- Up-to-date: /home/gh/ros_ws/install/my_robot_interfaces/share/my_robot_interfaces/environment/pythonpath.dsv
[1.117s] -- Up-to-date: /home/gh/ros_ws/install/my_robot_interfaces/lib/python3.12/site-packages/my_robot_interfaces-0.0.0-py3.12.egg-info
[1.117s] -- Installing: /home/gh/ros_ws/install/my_robot_interfaces/lib/python3.12/site-packages/my_robot_interfaces-0.0.0-py3.12.egg-info/top_level.txt
[1.117s] -- Installing: /home/gh/ros_ws/install/my_robot_interfaces/lib/python3.12/site-packages/my_robot_interfaces-0.0.0-py3.12.egg-info/SOURCES.txt
[1.119s] -- Installing: /home/gh/ros_ws/install/my_robot_interfaces/lib/python3.12/site-packages/my_robot_interfaces-0.0.0-py3.12.egg-info/PKG-INFO
[1.119s] -- Installing: /home/gh/ros_ws/install/my_robot_interfaces/lib/python3.12/site-packages/my_robot_interfaces-0.0.0-py3.12.egg-info/dependency_links.txt
[1.119s] -- Up-to-date: /home/gh/ros_ws/install/my_robot_interfaces/lib/python3.12/site-packages/my_robot_interfaces
[1.119s] -- Up-to-date: /home/gh/ros_ws/install/my_robot_interfaces/lib/python3.12/site-packages/my_robot_interfaces/msg
[1.120s] -- Up-to-date: /home/gh/ros_ws/install/my_robot_interfaces/lib/python3.12/site-packages/my_robot_interfaces/msg/__init__.py
[1.120s] -- Up-to-date: /home/gh/ros_ws/install/my_robot_interfaces/lib/python3.12/site-packages/my_robot_interfaces/msg/_led_state_array_s.c
[1.120s] -- Up-to-date: /home/gh/ros_ws/install/my_robot_interfaces/lib/python3.12/site-packages/my_robot_interfaces/msg/_hardware_status.py
[1.120s] -- Up-to-date: /home/gh/ros_ws/install/my_robot_interfaces/lib/python3.12/site-packages/my_robot_interfaces/msg/_hardware_status_s.c
[1.121s] -- Up-to-date: /home/gh/ros_ws/install/my_robot_interfaces/lib/python3.12/site-packages/my_robot_interfaces/msg/_led_state_array.py
[1.121s] -- Up-to-date: /home/gh/ros_ws/install/my_robot_interfaces/lib/python3.12/site-packages/my_robot_interfaces/__init__.py
[1.121s] -- Up-to-date: /home/gh/ros_ws/install/my_robot_interfaces/lib/python3.12/site-packages/my_robot_interfaces/_my_robot_interfaces_s.ep.rosidl_typesupport_c.c
[1.122s] -- Up-to-date: /home/gh/ros_ws/install/my_robot_interfaces/lib/python3.12/site-packages/my_robot_interfaces/my_robot_interfaces_s__rosidl_typesupport_c.so
[1.122s] -- Up-to-date: /home/gh/ros_ws/install/my_robot_interfaces/lib/python3.12/site-packages/my_robot_interfaces/my_robot_interfaces_s__rosidl_typesupport_fastrtps_c.so
[1.122s] -- Up-to-date: /home/gh/ros_ws/install/my_robot_interfaces/lib/python3.12/site-packages/my_robot_interfaces/_my_robot_interfaces_s.ep.rosidl_typesupport_fastrtps_c.c
[1.122s] -- Up-to-date: /home/gh/ros_ws/install/my_robot_interfaces/lib/python3.12/site-packages/my_robot_interfaces/my_robot_interfaces_s__rosidl_typesupport_introspection_c.so
[1.122s] -- Up-to-date: /home/gh/ros_ws/install/my_robot_interfaces/lib/python3.12/site-packages/my_robot_interfaces/_my_robot_interfaces_s.ep.rosidl_typesupport_introspection_c.c
[1.123s] -- Up-to-date: /home/gh/ros_ws/install/my_robot_interfaces/lib/python3.12/site-packages/my_robot_interfaces/srv
[1.123s] -- Up-to-date: /home/gh/ros_ws/install/my_robot_interfaces/lib/python3.12/site-packages/my_robot_interfaces/srv/__init__.py
[1.123s] -- Up-to-date: /home/gh/ros_ws/install/my_robot_interfaces/lib/python3.12/site-packages/my_robot_interfaces/srv/_set_led_s.c
[1.123s] -- Up-to-date: /home/gh/ros_ws/install/my_robot_interfaces/lib/python3.12/site-packages/my_robot_interfaces/srv/_set_led.py
[1.123s] -- Up-to-date: /home/gh/ros_ws/install/my_robot_interfaces/lib/python3.12/site-packages/my_robot_interfaces/srv/_compute_rectangle_area_s.c
[1.124s] -- Up-to-date: /home/gh/ros_ws/install/my_robot_interfaces/lib/python3.12/site-packages/my_robot_interfaces/srv/_compute_rectangle_area.py
[1.221s] Listing '/home/gh/ros_ws/install/my_robot_interfaces/lib/python3.12/site-packages/my_robot_interfaces'...
[1.221s] Listing '/home/gh/ros_ws/install/my_robot_interfaces/lib/python3.12/site-packages/my_robot_interfaces/msg'...
[1.222s] Listing '/home/gh/ros_ws/install/my_robot_interfaces/lib/python3.12/site-packages/my_robot_interfaces/srv'...
[1.237s] -- Up-to-date: /home/gh/ros_ws/install/my_robot_interfaces/lib/python3.12/site-packages/my_robot_interfaces/my_robot_interfaces_s__rosidl_typesupport_fastrtps_c.so
[1.237s] -- Up-to-date: /home/gh/ros_ws/install/my_robot_interfaces/lib/python3.12/site-packages/my_robot_interfaces/my_robot_interfaces_s__rosidl_typesupport_introspection_c.so
[1.241s] -- Up-to-date: /home/gh/ros_ws/install/my_robot_interfaces/lib/python3.12/site-packages/my_robot_interfaces/my_robot_interfaces_s__rosidl_typesupport_c.so
[1.241s] -- Up-to-date: /home/gh/ros_ws/install/my_robot_interfaces/lib/libmy_robot_interfaces__rosidl_generator_py.so
[1.243s] -- Up-to-date: /home/gh/ros_ws/install/my_robot_interfaces/share/my_robot_interfaces/msg/HardwareStatus.idl
[1.243s] -- Up-to-date: /home/gh/ros_ws/install/my_robot_interfaces/share/my_robot_interfaces/msg/LedStateArray.idl
[1.243s] -- Up-to-date: /home/gh/ros_ws/install/my_robot_interfaces/share/my_robot_interfaces/srv/ComputeRectangleArea.idl
[1.245s] -- Up-to-date: /home/gh/ros_ws/install/my_robot_interfaces/share/my_robot_interfaces/srv/SetLed.idl
[1.245s] -- Up-to-date: /home/gh/ros_ws/install/my_robot_interfaces/share/my_robot_interfaces/msg/HardwareStatus.msg
[1.245s] -- Up-to-date: /home/gh/ros_ws/install/my_robot_interfaces/share/my_robot_interfaces/msg/LedStateArray.msg
[1.245s] -- Up-to-date: /home/gh/ros_ws/install/my_robot_interfaces/share/my_robot_interfaces/srv/ComputeRectangleArea.srv
[1.246s] -- Up-to-date: /home/gh/ros_ws/install/my_robot_interfaces/share/my_robot_interfaces/srv/SetLed.srv
[1.246s] -- Up-to-date: /home/gh/ros_ws/install/my_robot_interfaces/share/ament_index/resource_index/package_run_dependencies/my_robot_interfaces
[1.246s] -- Up-to-date: /home/gh/ros_ws/install/my_robot_interfaces/share/ament_index/resource_index/parent_prefix_path/my_robot_interfaces
[1.257s] -- Up-to-date: /home/gh/ros_ws/install/my_robot_interfaces/share/my_robot_interfaces/environment/ament_prefix_path.sh
[1.257s] -- Up-to-date: /home/gh/ros_ws/install/my_robot_interfaces/share/my_robot_interfaces/environment/ament_prefix_path.dsv
[1.257s] -- Up-to-date: /home/gh/ros_ws/install/my_robot_interfaces/share/my_robot_interfaces/environment/path.sh
[1.257s] -- Up-to-date: /home/gh/ros_ws/install/my_robot_interfaces/share/my_robot_interfaces/environment/path.dsv
[1.257s] -- Up-to-date: /home/gh/ros_ws/install/my_robot_interfaces/share/my_robot_interfaces/local_setup.bash
[1.258s] -- Up-to-date: /home/gh/ros_ws/install/my_robot_interfaces/share/my_robot_interfaces/local_setup.sh
[1.258s] -- Up-to-date: /home/gh/ros_ws/install/my_robot_interfaces/share/my_robot_interfaces/local_setup.zsh
[1.258s] -- Up-to-date: /home/gh/ros_ws/install/my_robot_interfaces/share/my_robot_interfaces/local_setup.dsv
[1.258s] -- Installing: /home/gh/ros_ws/install/my_robot_interfaces/share/my_robot_interfaces/package.dsv
[1.258s] -- Up-to-date: /home/gh/ros_ws/install/my_robot_interfaces/share/ament_index/resource_index/packages/my_robot_interfaces
[1.259s] -- Up-to-date: /home/gh/ros_ws/install/my_robot_interfaces/share/my_robot_interfaces/cmake/export_my_robot_interfaces__rosidl_generator_cExport.cmake
[1.259s] -- Up-to-date: /home/gh/ros_ws/install/my_robot_interfaces/share/my_robot_interfaces/cmake/export_my_robot_interfaces__rosidl_generator_cExport-noconfig.cmake
[1.259s] -- Up-to-date: /home/gh/ros_ws/install/my_robot_interfaces/share/my_robot_interfaces/cmake/export_my_robot_interfaces__rosidl_typesupport_fastrtps_cExport.cmake
[1.259s] -- Up-to-date: /home/gh/ros_ws/install/my_robot_interfaces/share/my_robot_interfaces/cmake/export_my_robot_interfaces__rosidl_typesupport_fastrtps_cExport-noconfig.cmake
[1.271s] -- Up-to-date: /home/gh/ros_ws/install/my_robot_interfaces/share/my_robot_interfaces/cmake/my_robot_interfaces__rosidl_typesupport_introspection_cExport.cmake
[1.272s] -- Up-to-date: /home/gh/ros_ws/install/my_robot_interfaces/share/my_robot_interfaces/cmake/my_robot_interfaces__rosidl_typesupport_introspection_cExport-noconfig.cmake
[1.272s] -- Up-to-date: /home/gh/ros_ws/install/my_robot_interfaces/share/my_robot_interfaces/cmake/my_robot_interfaces__rosidl_typesupport_cExport.cmake
[1.273s] -- Up-to-date: /home/gh/ros_ws/install/my_robot_interfaces/share/my_robot_interfaces/cmake/my_robot_interfaces__rosidl_typesupport_cExport-noconfig.cmake
[1.273s] -- Up-to-date: /home/gh/ros_ws/install/my_robot_interfaces/share/my_robot_interfaces/cmake/export_my_robot_interfaces__rosidl_generator_cppExport.cmake
[1.278s] -- Up-to-date: /home/gh/ros_ws/install/my_robot_interfaces/share/my_robot_interfaces/cmake/export_my_robot_interfaces__rosidl_typesupport_fastrtps_cppExport.cmake
[1.278s] -- Up-to-date: /home/gh/ros_ws/install/my_robot_interfaces/share/my_robot_interfaces/cmake/export_my_robot_interfaces__rosidl_typesupport_fastrtps_cppExport-noconfig.cmake
[1.278s] -- Up-to-date: /home/gh/ros_ws/install/my_robot_interfaces/share/my_robot_interfaces/cmake/my_robot_interfaces__rosidl_typesupport_introspection_cppExport.cmake
[1.279s] -- Up-to-date: /home/gh/ros_ws/install/my_robot_interfaces/share/my_robot_interfaces/cmake/my_robot_interfaces__rosidl_typesupport_introspection_cppExport-noconfig.cmake
[1.279s] -- Up-to-date: /home/gh/ros_ws/install/my_robot_interfaces/share/my_robot_interfaces/cmake/my_robot_interfaces__rosidl_typesupport_cppExport.cmake
[1.279s] -- Up-to-date: /home/gh/ros_ws/install/my_robot_interfaces/share/my_robot_interfaces/cmake/my_robot_interfaces__rosidl_typesupport_cppExport-noconfig.cmake
[1.279s] -- Up-to-date: /home/gh/ros_ws/install/my_robot_interfaces/share/my_robot_interfaces/cmake/export_my_robot_interfaces__rosidl_generator_pyExport.cmake
[1.279s] -- Up-to-date: /home/gh/ros_ws/install/my_robot_interfaces/share/my_robot_interfaces/cmake/export_my_robot_interfaces__rosidl_generator_pyExport-noconfig.cmake
[1.280s] -- Up-to-date: /home/gh/ros_ws/install/my_robot_interfaces/share/my_robot_interfaces/cmake/rosidl_cmake-extras.cmake
[1.280s] -- Up-to-date: /home/gh/ros_ws/install/my_robot_interfaces/share/my_robot_interfaces/cmake/ament_cmake_export_dependencies-extras.cmake
[1.280s] -- Up-to-date: /home/gh/ros_ws/install/my_robot_interfaces/share/my_robot_interfaces/cmake/ament_cmake_export_include_directories-extras.cmake
[1.280s] -- Up-to-date: /home/gh/ros_ws/install/my_robot_interfaces/share/my_robot_interfaces/cmake/ament_cmake_export_libraries-extras.cmake
[1.280s] -- Up-to-date: /home/gh/ros_ws/install/my_robot_interfaces/share/my_robot_interfaces/cmake/ament_cmake_export_targets-extras.cmake
[1.281s] -- Up-to-date: /home/gh/ros_ws/install/my_robot_interfaces/share/my_robot_interfaces/cmake/rosidl_cmake_export_typesupport_targets-extras.cmake
[1.281s] -- Up-to-date: /home/gh/ros_ws/install/my_robot_interfaces/share/my_robot_interfaces/cmake/rosidl_cmake_export_typesupport_libraries-extras.cmake
[1.281s] -- Up-to-date: /home/gh/ros_ws/install/my_robot_interfaces/share/my_robot_interfaces/cmake/my_robot_interfacesConfig.cmake
[1.281s] -- Up-to-date: /home/gh/ros_ws/install/my_robot_interfaces/share/my_robot_interfaces/cmake/my_robot_interfacesConfig-version.cmake
[1.284s] -- Up-to-date: /home/gh/ros_ws/install/my_robot_interfaces/share/my_robot_interfaces/package.xml
[1.284s] Invoked command in '/home/gh/ros_ws/build/my_robot_interfaces' returned '0': CMAKE_PREFIX_PATH=${CMAKE_PREFIX_PATH}:/home/gh/ros_ws/install/pypkg:/home/gh/ros_ws/install/my_py_pkg:/opt/ros/jazzy DEBUGINFOD_URLS=https://debuginfod.ubuntu.com /usr/bin/cmake --install /home/gh/ros_ws/build/my_robot_interfaces
