[0.154s] DEBUG:colcon:Command line arguments: ['/usr/bin/colcon', 'build']
[0.154s] DEBUG:colcon:Parsed command line arguments: Namespace(log_base=None, log_level=None, verb_name='build', build_base='build', install_base='install', merge_install=False, symlink_install=False, test_result_base=None, continue_on_error=False, executor='parallel', parallel_workers=8, event_handlers=None, ignore_user_meta=False, metas=['./colcon.meta'], base_paths=['.'], packages_ignore=None, packages_ignore_regex=None, paths=None, packages_up_to=None, packages_up_to_regex=None, packages_above=None, packages_above_and_dependencies=None, packages_above_depth=None, packages_select_by_dep=None, packages_skip_by_dep=None, packages_skip_up_to=None, packages_select_build_failed=False, packages_skip_build_finished=False, packages_select_test_failures=False, packages_skip_test_passed=False, packages_select=None, packages_skip=None, packages_select_regex=None, packages_skip_regex=None, packages_start=None, packages_end=None, allow_overriding=[], cmake_args=None, cmake_target=None, cmake_target_skip_unavailable=False, cmake_clean_cache=False, cmake_clean_first=False, cmake_force_configure=False, ament_cmake_args=None, catkin_cmake_args=None, catkin_skip_building_tests=False, mixin_files=None, mixin=None, verb_parser=<colcon_mixin.mixin.mixin_argument.MixinArgumentDecorator object at 0x7325505a0b00>, verb_extension=<colcon_core.verb.build.BuildVerb object at 0x7325505a0830>, main=<bound method BuildVerb.main of <colcon_core.verb.build.BuildVerb object at 0x7325505a0830>>, mixin_verb=('build',))
[0.212s] Level 1:colcon.colcon_core.package_discovery:discover_packages(colcon_meta) check parameters
[0.212s] Level 1:colcon.colcon_core.package_discovery:discover_packages(recursive) check parameters
[0.212s] Level 1:colcon.colcon_core.package_discovery:discover_packages(ignore) check parameters
[0.212s] Level 1:colcon.colcon_core.package_discovery:discover_packages(path) check parameters
[0.212s] Level 1:colcon.colcon_core.package_discovery:discover_packages(colcon_meta) discover
[0.212s] Level 1:colcon.colcon_core.package_discovery:discover_packages(recursive) discover
[0.212s] INFO:colcon.colcon_core.package_discovery:Crawling recursively for packages in '/home/gh/ros_ws'
[0.212s] Level 1:colcon.colcon_core.package_identification:_identify(.) by extensions ['ignore', 'ignore_ament_install']
[0.212s] Level 1:colcon.colcon_core.package_identification:_identify(.) by extension 'ignore'
[0.212s] Level 1:colcon.colcon_core.package_identification:_identify(.) by extension 'ignore_ament_install'
[0.213s] Level 1:colcon.colcon_core.package_identification:_identify(.) by extensions ['colcon_pkg']
[0.213s] Level 1:colcon.colcon_core.package_identification:_identify(.) by extension 'colcon_pkg'
[0.213s] Level 1:colcon.colcon_core.package_identification:_identify(.) by extensions ['colcon_meta']
[0.213s] Level 1:colcon.colcon_core.package_identification:_identify(.) by extension 'colcon_meta'
[0.213s] Level 1:colcon.colcon_core.package_identification:_identify(.) by extensions ['ros']
[0.213s] Level 1:colcon.colcon_core.package_identification:_identify(.) by extension 'ros'
[0.253s] Level 1:colcon.colcon_core.package_identification:_identify(.) by extensions ['cmake', 'python']
[0.253s] Level 1:colcon.colcon_core.package_identification:_identify(.) by extension 'cmake'
[0.253s] Level 1:colcon.colcon_core.package_identification:_identify(.) by extension 'python'
[0.253s] Level 1:colcon.colcon_core.package_identification:_identify(.) by extensions ['python_setup_py']
[0.253s] Level 1:colcon.colcon_core.package_identification:_identify(.) by extension 'python_setup_py'
[0.254s] Level 1:colcon.colcon_core.package_identification:_identify(build) by extensions ['ignore', 'ignore_ament_install']
[0.254s] Level 1:colcon.colcon_core.package_identification:_identify(build) by extension 'ignore'
[0.254s] Level 1:colcon.colcon_core.package_identification:_identify(build) ignored
[0.254s] Level 1:colcon.colcon_core.package_identification:_identify(install) by extensions ['ignore', 'ignore_ament_install']
[0.254s] Level 1:colcon.colcon_core.package_identification:_identify(install) by extension 'ignore'
[0.254s] Level 1:colcon.colcon_core.package_identification:_identify(install) ignored
[0.254s] Level 1:colcon.colcon_core.package_identification:_identify(log) by extensions ['ignore', 'ignore_ament_install']
[0.254s] Level 1:colcon.colcon_core.package_identification:_identify(log) by extension 'ignore'
[0.255s] Level 1:colcon.colcon_core.package_identification:_identify(log) ignored
[0.255s] Level 1:colcon.colcon_core.package_identification:_identify(src) by extensions ['ignore', 'ignore_ament_install']
[0.255s] Level 1:colcon.colcon_core.package_identification:_identify(src) by extension 'ignore'
[0.255s] Level 1:colcon.colcon_core.package_identification:_identify(src) by extension 'ignore_ament_install'
[0.255s] Level 1:colcon.colcon_core.package_identification:_identify(src) by extensions ['colcon_pkg']
[0.255s] Level 1:colcon.colcon_core.package_identification:_identify(src) by extension 'colcon_pkg'
[0.255s] Level 1:colcon.colcon_core.package_identification:_identify(src) by extensions ['colcon_meta']
[0.255s] Level 1:colcon.colcon_core.package_identification:_identify(src) by extension 'colcon_meta'
[0.255s] Level 1:colcon.colcon_core.package_identification:_identify(src) by extensions ['ros']
[0.255s] Level 1:colcon.colcon_core.package_identification:_identify(src) by extension 'ros'
[0.255s] Level 1:colcon.colcon_core.package_identification:_identify(src) by extensions ['cmake', 'python']
[0.255s] Level 1:colcon.colcon_core.package_identification:_identify(src) by extension 'cmake'
[0.255s] Level 1:colcon.colcon_core.package_identification:_identify(src) by extension 'python'
[0.256s] Level 1:colcon.colcon_core.package_identification:_identify(src) by extensions ['python_setup_py']
[0.256s] Level 1:colcon.colcon_core.package_identification:_identify(src) by extension 'python_setup_py'
[0.256s] Level 1:colcon.colcon_core.package_identification:_identify(src/finalProjectLauncher) by extensions ['ignore', 'ignore_ament_install']
[0.256s] Level 1:colcon.colcon_core.package_identification:_identify(src/finalProjectLauncher) by extension 'ignore'
[0.256s] Level 1:colcon.colcon_core.package_identification:_identify(src/finalProjectLauncher) by extension 'ignore_ament_install'
[0.256s] Level 1:colcon.colcon_core.package_identification:_identify(src/finalProjectLauncher) by extensions ['colcon_pkg']
[0.256s] Level 1:colcon.colcon_core.package_identification:_identify(src/finalProjectLauncher) by extension 'colcon_pkg'
[0.256s] Level 1:colcon.colcon_core.package_identification:_identify(src/finalProjectLauncher) by extensions ['colcon_meta']
[0.256s] Level 1:colcon.colcon_core.package_identification:_identify(src/finalProjectLauncher) by extension 'colcon_meta'
[0.256s] Level 1:colcon.colcon_core.package_identification:_identify(src/finalProjectLauncher) by extensions ['ros']
[0.256s] Level 1:colcon.colcon_core.package_identification:_identify(src/finalProjectLauncher) by extension 'ros'
[0.259s] DEBUG:colcon.colcon_core.package_identification:Package 'src/finalProjectLauncher' with type 'ros.ament_cmake' and name 'finalProjectLauncher'
[0.259s] Level 1:colcon.colcon_core.package_identification:_identify(src/finalproject) by extensions ['ignore', 'ignore_ament_install']
[0.259s] Level 1:colcon.colcon_core.package_identification:_identify(src/finalproject) by extension 'ignore'
[0.260s] Level 1:colcon.colcon_core.package_identification:_identify(src/finalproject) by extension 'ignore_ament_install'
[0.260s] Level 1:colcon.colcon_core.package_identification:_identify(src/finalproject) by extensions ['colcon_pkg']
[0.260s] Level 1:colcon.colcon_core.package_identification:_identify(src/finalproject) by extension 'colcon_pkg'
[0.260s] Level 1:colcon.colcon_core.package_identification:_identify(src/finalproject) by extensions ['colcon_meta']
[0.260s] Level 1:colcon.colcon_core.package_identification:_identify(src/finalproject) by extension 'colcon_meta'
[0.260s] Level 1:colcon.colcon_core.package_identification:_identify(src/finalproject) by extensions ['ros']
[0.260s] Level 1:colcon.colcon_core.package_identification:_identify(src/finalproject) by extension 'ros'
[0.261s] DEBUG:colcon.colcon_core.package_identification:Package 'src/finalproject' with type 'ros.ament_cmake' and name 'finalproject'
[0.261s] Level 1:colcon.colcon_core.package_identification:_identify(src/my_cpp_pkg) by extensions ['ignore', 'ignore_ament_install']
[0.261s] Level 1:colcon.colcon_core.package_identification:_identify(src/my_cpp_pkg) by extension 'ignore'
[0.261s] Level 1:colcon.colcon_core.package_identification:_identify(src/my_cpp_pkg) by extension 'ignore_ament_install'
[0.261s] Level 1:colcon.colcon_core.package_identification:_identify(src/my_cpp_pkg) by extensions ['colcon_pkg']
[0.261s] Level 1:colcon.colcon_core.package_identification:_identify(src/my_cpp_pkg) by extension 'colcon_pkg'
[0.261s] Level 1:colcon.colcon_core.package_identification:_identify(src/my_cpp_pkg) by extensions ['colcon_meta']
[0.261s] Level 1:colcon.colcon_core.package_identification:_identify(src/my_cpp_pkg) by extension 'colcon_meta'
[0.261s] Level 1:colcon.colcon_core.package_identification:_identify(src/my_cpp_pkg) by extensions ['ros']
[0.261s] Level 1:colcon.colcon_core.package_identification:_identify(src/my_cpp_pkg) by extension 'ros'
[0.262s] DEBUG:colcon.colcon_core.package_identification:Package 'src/my_cpp_pkg' with type 'ros.ament_cmake' and name 'my_cpp_pkg'
[0.262s] Level 1:colcon.colcon_core.package_identification:_identify(src/my_py_pkg) by extensions ['ignore', 'ignore_ament_install']
[0.262s] Level 1:colcon.colcon_core.package_identification:_identify(src/my_py_pkg) by extension 'ignore'
[0.263s] Level 1:colcon.colcon_core.package_identification:_identify(src/my_py_pkg) by extension 'ignore_ament_install'
[0.263s] Level 1:colcon.colcon_core.package_identification:_identify(src/my_py_pkg) by extensions ['colcon_pkg']
[0.263s] Level 1:colcon.colcon_core.package_identification:_identify(src/my_py_pkg) by extension 'colcon_pkg'
[0.263s] Level 1:colcon.colcon_core.package_identification:_identify(src/my_py_pkg) by extensions ['colcon_meta']
[0.263s] Level 1:colcon.colcon_core.package_identification:_identify(src/my_py_pkg) by extension 'colcon_meta'
[0.263s] Level 1:colcon.colcon_core.package_identification:_identify(src/my_py_pkg) by extensions ['ros']
[0.263s] Level 1:colcon.colcon_core.package_identification:_identify(src/my_py_pkg) by extension 'ros'
[0.264s] DEBUG:colcon.colcon_core.package_identification:Package 'src/my_py_pkg' with type 'ros.ament_python' and name 'my_py_pkg'
[0.264s] Level 1:colcon.colcon_core.package_identification:_identify(src/my_robot_bringup) by extensions ['ignore', 'ignore_ament_install']
[0.264s] Level 1:colcon.colcon_core.package_identification:_identify(src/my_robot_bringup) by extension 'ignore'
[0.264s] Level 1:colcon.colcon_core.package_identification:_identify(src/my_robot_bringup) by extension 'ignore_ament_install'
[0.264s] Level 1:colcon.colcon_core.package_identification:_identify(src/my_robot_bringup) by extensions ['colcon_pkg']
[0.264s] Level 1:colcon.colcon_core.package_identification:_identify(src/my_robot_bringup) by extension 'colcon_pkg'
[0.264s] Level 1:colcon.colcon_core.package_identification:_identify(src/my_robot_bringup) by extensions ['colcon_meta']
[0.264s] Level 1:colcon.colcon_core.package_identification:_identify(src/my_robot_bringup) by extension 'colcon_meta'
[0.264s] Level 1:colcon.colcon_core.package_identification:_identify(src/my_robot_bringup) by extensions ['ros']
[0.265s] Level 1:colcon.colcon_core.package_identification:_identify(src/my_robot_bringup) by extension 'ros'
[0.265s] DEBUG:colcon.colcon_core.package_identification:Package 'src/my_robot_bringup' with type 'ros.ament_cmake' and name 'my_robot_bringup'
[0.265s] Level 1:colcon.colcon_core.package_identification:_identify(src/my_robot_interfaces) by extensions ['ignore', 'ignore_ament_install']
[0.265s] Level 1:colcon.colcon_core.package_identification:_identify(src/my_robot_interfaces) by extension 'ignore'
[0.265s] Level 1:colcon.colcon_core.package_identification:_identify(src/my_robot_interfaces) by extension 'ignore_ament_install'
[0.266s] Level 1:colcon.colcon_core.package_identification:_identify(src/my_robot_interfaces) by extensions ['colcon_pkg']
[0.266s] Level 1:colcon.colcon_core.package_identification:_identify(src/my_robot_interfaces) by extension 'colcon_pkg'
[0.266s] Level 1:colcon.colcon_core.package_identification:_identify(src/my_robot_interfaces) by extensions ['colcon_meta']
[0.266s] Level 1:colcon.colcon_core.package_identification:_identify(src/my_robot_interfaces) by extension 'colcon_meta'
[0.266s] Level 1:colcon.colcon_core.package_identification:_identify(src/my_robot_interfaces) by extensions ['ros']
[0.266s] Level 1:colcon.colcon_core.package_identification:_identify(src/my_robot_interfaces) by extension 'ros'
[0.267s] DEBUG:colcon.colcon_core.package_identification:Package 'src/my_robot_interfaces' with type 'ros.ament_cmake' and name 'my_robot_interfaces'
[0.267s] Level 1:colcon.colcon_core.package_discovery:discover_packages(recursive) using defaults
[0.267s] Level 1:colcon.colcon_core.package_discovery:discover_packages(ignore) discover
[0.267s] Level 1:colcon.colcon_core.package_discovery:discover_packages(ignore) using defaults
[0.267s] Level 1:colcon.colcon_core.package_discovery:discover_packages(path) discover
[0.267s] Level 1:colcon.colcon_core.package_discovery:discover_packages(path) using defaults
[0.296s] Level 1:colcon.colcon_core.package_discovery:discover_packages(prefix_path) check parameters
[0.296s] Level 1:colcon.colcon_core.package_discovery:discover_packages(prefix_path) discover
[0.299s] DEBUG:colcon.colcon_installed_package_information.package_discovery:Found 8 installed packages in /home/gh/ros_ws/install
[0.303s] DEBUG:colcon.colcon_installed_package_information.package_discovery:Found 285 installed packages in /opt/ros/jazzy
[0.305s] Level 1:colcon.colcon_core.package_discovery:discover_packages(prefix_path) using defaults
[0.375s] Level 5:colcon.colcon_core.verb:set package 'finalproject' build argument 'cmake_args' from command line to 'None'
[0.375s] Level 5:colcon.colcon_core.verb:set package 'finalproject' build argument 'cmake_target' from command line to 'None'
[0.375s] Level 5:colcon.colcon_core.verb:set package 'finalproject' build argument 'cmake_target_skip_unavailable' from command line to 'False'
[0.375s] Level 5:colcon.colcon_core.verb:set package 'finalproject' build argument 'cmake_clean_cache' from command line to 'False'
[0.375s] Level 5:colcon.colcon_core.verb:set package 'finalproject' build argument 'cmake_clean_first' from command line to 'False'
[0.375s] Level 5:colcon.colcon_core.verb:set package 'finalproject' build argument 'cmake_force_configure' from command line to 'False'
[0.375s] Level 5:colcon.colcon_core.verb:set package 'finalproject' build argument 'ament_cmake_args' from command line to 'None'
[0.375s] Level 5:colcon.colcon_core.verb:set package 'finalproject' build argument 'catkin_cmake_args' from command line to 'None'
[0.375s] Level 5:colcon.colcon_core.verb:set package 'finalproject' build argument 'catkin_skip_building_tests' from command line to 'False'
[0.375s] DEBUG:colcon.colcon_core.verb:Building package 'finalproject' with the following arguments: {'ament_cmake_args': None, 'build_base': '/home/gh/ros_ws/build/finalproject', 'catkin_cmake_args': None, 'catkin_skip_building_tests': False, 'cmake_args': None, 'cmake_clean_cache': False, 'cmake_clean_first': False, 'cmake_force_configure': False, 'cmake_target': None, 'cmake_target_skip_unavailable': False, 'install_base': '/home/gh/ros_ws/install/finalproject', 'merge_install': False, 'path': '/home/gh/ros_ws/src/finalproject', 'symlink_install': False, 'test_result_base': None}
[0.376s] Level 5:colcon.colcon_core.verb:set package 'my_robot_interfaces' build argument 'cmake_args' from command line to 'None'
[0.376s] Level 5:colcon.colcon_core.verb:set package 'my_robot_interfaces' build argument 'cmake_target' from command line to 'None'
[0.376s] Level 5:colcon.colcon_core.verb:set package 'my_robot_interfaces' build argument 'cmake_target_skip_unavailable' from command line to 'False'
[0.376s] Level 5:colcon.colcon_core.verb:set package 'my_robot_interfaces' build argument 'cmake_clean_cache' from command line to 'False'
[0.376s] Level 5:colcon.colcon_core.verb:set package 'my_robot_interfaces' build argument 'cmake_clean_first' from command line to 'False'
[0.376s] Level 5:colcon.colcon_core.verb:set package 'my_robot_interfaces' build argument 'cmake_force_configure' from command line to 'False'
[0.376s] Level 5:colcon.colcon_core.verb:set package 'my_robot_interfaces' build argument 'ament_cmake_args' from command line to 'None'
[0.376s] Level 5:colcon.colcon_core.verb:set package 'my_robot_interfaces' build argument 'catkin_cmake_args' from command line to 'None'
[0.376s] Level 5:colcon.colcon_core.verb:set package 'my_robot_interfaces' build argument 'catkin_skip_building_tests' from command line to 'False'
[0.376s] DEBUG:colcon.colcon_core.verb:Building package 'my_robot_interfaces' with the following arguments: {'ament_cmake_args': None, 'build_base': '/home/gh/ros_ws/build/my_robot_interfaces', 'catkin_cmake_args': None, 'catkin_skip_building_tests': False, 'cmake_args': None, 'cmake_clean_cache': False, 'cmake_clean_first': False, 'cmake_force_configure': False, 'cmake_target': None, 'cmake_target_skip_unavailable': False, 'install_base': '/home/gh/ros_ws/install/my_robot_interfaces', 'merge_install': False, 'path': '/home/gh/ros_ws/src/my_robot_interfaces', 'symlink_install': False, 'test_result_base': None}
[0.376s] Level 5:colcon.colcon_core.verb:set package 'finalProjectLauncher' build argument 'cmake_args' from command line to 'None'
[0.376s] Level 5:colcon.colcon_core.verb:set package 'finalProjectLauncher' build argument 'cmake_target' from command line to 'None'
[0.376s] Level 5:colcon.colcon_core.verb:set package 'finalProjectLauncher' build argument 'cmake_target_skip_unavailable' from command line to 'False'
[0.376s] Level 5:colcon.colcon_core.verb:set package 'finalProjectLauncher' build argument 'cmake_clean_cache' from command line to 'False'
[0.377s] Level 5:colcon.colcon_core.verb:set package 'finalProjectLauncher' build argument 'cmake_clean_first' from command line to 'False'
[0.377s] Level 5:colcon.colcon_core.verb:set package 'finalProjectLauncher' build argument 'cmake_force_configure' from command line to 'False'
[0.377s] Level 5:colcon.colcon_core.verb:set package 'finalProjectLauncher' build argument 'ament_cmake_args' from command line to 'None'
[0.377s] Level 5:colcon.colcon_core.verb:set package 'finalProjectLauncher' build argument 'catkin_cmake_args' from command line to 'None'
[0.377s] Level 5:colcon.colcon_core.verb:set package 'finalProjectLauncher' build argument 'catkin_skip_building_tests' from command line to 'False'
[0.377s] DEBUG:colcon.colcon_core.verb:Building package 'finalProjectLauncher' with the following arguments: {'ament_cmake_args': None, 'build_base': '/home/gh/ros_ws/build/finalProjectLauncher', 'catkin_cmake_args': None, 'catkin_skip_building_tests': False, 'cmake_args': None, 'cmake_clean_cache': False, 'cmake_clean_first': False, 'cmake_force_configure': False, 'cmake_target': None, 'cmake_target_skip_unavailable': False, 'install_base': '/home/gh/ros_ws/install/finalProjectLauncher', 'merge_install': False, 'path': '/home/gh/ros_ws/src/finalProjectLauncher', 'symlink_install': False, 'test_result_base': None}
[0.377s] Level 5:colcon.colcon_core.verb:set package 'my_cpp_pkg' build argument 'cmake_args' from command line to 'None'
[0.377s] Level 5:colcon.colcon_core.verb:set package 'my_cpp_pkg' build argument 'cmake_target' from command line to 'None'
[0.377s] Level 5:colcon.colcon_core.verb:set package 'my_cpp_pkg' build argument 'cmake_target_skip_unavailable' from command line to 'False'
[0.377s] Level 5:colcon.colcon_core.verb:set package 'my_cpp_pkg' build argument 'cmake_clean_cache' from command line to 'False'
[0.377s] Level 5:colcon.colcon_core.verb:set package 'my_cpp_pkg' build argument 'cmake_clean_first' from command line to 'False'
[0.377s] Level 5:colcon.colcon_core.verb:set package 'my_cpp_pkg' build argument 'cmake_force_configure' from command line to 'False'
[0.377s] Level 5:colcon.colcon_core.verb:set package 'my_cpp_pkg' build argument 'ament_cmake_args' from command line to 'None'
[0.377s] Level 5:colcon.colcon_core.verb:set package 'my_cpp_pkg' build argument 'catkin_cmake_args' from command line to 'None'
[0.377s] Level 5:colcon.colcon_core.verb:set package 'my_cpp_pkg' build argument 'catkin_skip_building_tests' from command line to 'False'
[0.377s] DEBUG:colcon.colcon_core.verb:Building package 'my_cpp_pkg' with the following arguments: {'ament_cmake_args': None, 'build_base': '/home/gh/ros_ws/build/my_cpp_pkg', 'catkin_cmake_args': None, 'catkin_skip_building_tests': False, 'cmake_args': None, 'cmake_clean_cache': False, 'cmake_clean_first': False, 'cmake_force_configure': False, 'cmake_target': None, 'cmake_target_skip_unavailable': False, 'install_base': '/home/gh/ros_ws/install/my_cpp_pkg', 'merge_install': False, 'path': '/home/gh/ros_ws/src/my_cpp_pkg', 'symlink_install': False, 'test_result_base': None}
[0.378s] Level 5:colcon.colcon_core.verb:set package 'my_py_pkg' build argument 'cmake_args' from command line to 'None'
[0.378s] Level 5:colcon.colcon_core.verb:set package 'my_py_pkg' build argument 'cmake_target' from command line to 'None'
[0.378s] Level 5:colcon.colcon_core.verb:set package 'my_py_pkg' build argument 'cmake_target_skip_unavailable' from command line to 'False'
[0.378s] Level 5:colcon.colcon_core.verb:set package 'my_py_pkg' build argument 'cmake_clean_cache' from command line to 'False'
[0.378s] Level 5:colcon.colcon_core.verb:set package 'my_py_pkg' build argument 'cmake_clean_first' from command line to 'False'
[0.378s] Level 5:colcon.colcon_core.verb:set package 'my_py_pkg' build argument 'cmake_force_configure' from command line to 'False'
[0.378s] Level 5:colcon.colcon_core.verb:set package 'my_py_pkg' build argument 'ament_cmake_args' from command line to 'None'
[0.378s] Level 5:colcon.colcon_core.verb:set package 'my_py_pkg' build argument 'catkin_cmake_args' from command line to 'None'
[0.378s] Level 5:colcon.colcon_core.verb:set package 'my_py_pkg' build argument 'catkin_skip_building_tests' from command line to 'False'
[0.378s] DEBUG:colcon.colcon_core.verb:Building package 'my_py_pkg' with the following arguments: {'ament_cmake_args': None, 'build_base': '/home/gh/ros_ws/build/my_py_pkg', 'catkin_cmake_args': None, 'catkin_skip_building_tests': False, 'cmake_args': None, 'cmake_clean_cache': False, 'cmake_clean_first': False, 'cmake_force_configure': False, 'cmake_target': None, 'cmake_target_skip_unavailable': False, 'install_base': '/home/gh/ros_ws/install/my_py_pkg', 'merge_install': False, 'path': '/home/gh/ros_ws/src/my_py_pkg', 'symlink_install': False, 'test_result_base': None}
[0.378s] Level 5:colcon.colcon_core.verb:set package 'my_robot_bringup' build argument 'cmake_args' from command line to 'None'
[0.378s] Level 5:colcon.colcon_core.verb:set package 'my_robot_bringup' build argument 'cmake_target' from command line to 'None'
[0.378s] Level 5:colcon.colcon_core.verb:set package 'my_robot_bringup' build argument 'cmake_target_skip_unavailable' from command line to 'False'
[0.378s] Level 5:colcon.colcon_core.verb:set package 'my_robot_bringup' build argument 'cmake_clean_cache' from command line to 'False'
[0.378s] Level 5:colcon.colcon_core.verb:set package 'my_robot_bringup' build argument 'cmake_clean_first' from command line to 'False'
[0.378s] Level 5:colcon.colcon_core.verb:set package 'my_robot_bringup' build argument 'cmake_force_configure' from command line to 'False'
[0.378s] Level 5:colcon.colcon_core.verb:set package 'my_robot_bringup' build argument 'ament_cmake_args' from command line to 'None'
[0.378s] Level 5:colcon.colcon_core.verb:set package 'my_robot_bringup' build argument 'catkin_cmake_args' from command line to 'None'
[0.378s] Level 5:colcon.colcon_core.verb:set package 'my_robot_bringup' build argument 'catkin_skip_building_tests' from command line to 'False'
[0.379s] DEBUG:colcon.colcon_core.verb:Building package 'my_robot_bringup' with the following arguments: {'ament_cmake_args': None, 'build_base': '/home/gh/ros_ws/build/my_robot_bringup', 'catkin_cmake_args': None, 'catkin_skip_building_tests': False, 'cmake_args': None, 'cmake_clean_cache': False, 'cmake_clean_first': False, 'cmake_force_configure': False, 'cmake_target': None, 'cmake_target_skip_unavailable': False, 'install_base': '/home/gh/ros_ws/install/my_robot_bringup', 'merge_install': False, 'path': '/home/gh/ros_ws/src/my_robot_bringup', 'symlink_install': False, 'test_result_base': None}
[0.379s] INFO:colcon.colcon_core.executor:Executing jobs using 'parallel' executor
[0.380s] DEBUG:colcon.colcon_parallel_executor.executor.parallel:run_until_complete
[0.380s] INFO:colcon.colcon_ros.task.ament_cmake.build:Building ROS package in '/home/gh/ros_ws/src/my_robot_interfaces' with build type 'ament_cmake'
[0.380s] INFO:colcon.colcon_cmake.task.cmake.build:Building CMake package in '/home/gh/ros_ws/src/my_robot_interfaces'
[0.383s] INFO:colcon.colcon_core.plugin_system:Skipping extension 'colcon_core.shell.bat': Not used on non-Windows systems
[0.383s] INFO:colcon.colcon_core.shell:Skip shell extension 'powershell' for command environment: Not usable outside of PowerShell
[0.383s] DEBUG:colcon.colcon_core.shell:Skip shell extension 'dsv' for command environment
[0.389s] INFO:colcon.colcon_ros.task.ament_cmake.build:Building ROS package in '/home/gh/ros_ws/src/finalproject' with build type 'ament_cmake'
[0.389s] INFO:colcon.colcon_cmake.task.cmake.build:Building CMake package in '/home/gh/ros_ws/src/finalproject'
[0.389s] INFO:colcon.colcon_core.shell:Skip shell extension 'powershell' for command environment: Not usable outside of PowerShell
[0.390s] DEBUG:colcon.colcon_core.shell:Skip shell extension 'dsv' for command environment
[0.400s] DEBUG:colcon.colcon_core.event_handler.log_command:Invoking command in '/home/gh/ros_ws/build/my_robot_interfaces': CMAKE_PREFIX_PATH=${CMAKE_PREFIX_PATH}:/home/gh/ros_ws/install/pypkg:/home/gh/ros_ws/install/my_py_pkg:/opt/ros/jazzy DEBUGINFOD_URLS=https://debuginfod.ubuntu.com /usr/bin/cmake --build /home/gh/ros_ws/build/my_robot_interfaces -- -j8 -l8
[0.408s] DEBUG:colcon.colcon_core.event_handler.log_command:Invoking command in '/home/gh/ros_ws/build/finalproject': CMAKE_PREFIX_PATH=${CMAKE_PREFIX_PATH}:/home/gh/ros_ws/install/pypkg:/home/gh/ros_ws/install/my_py_pkg:/opt/ros/jazzy DEBUGINFOD_URLS=https://debuginfod.ubuntu.com /usr/bin/cmake --build /home/gh/ros_ws/build/finalproject -- -j8 -l8
[1.418s] DEBUG:colcon.colcon_core.event_handler.log_command:Invoked command in '/home/gh/ros_ws/build/my_robot_interfaces' returned '0': CMAKE_PREFIX_PATH=${CMAKE_PREFIX_PATH}:/home/gh/ros_ws/install/pypkg:/home/gh/ros_ws/install/my_py_pkg:/opt/ros/jazzy DEBUGINFOD_URLS=https://debuginfod.ubuntu.com /usr/bin/cmake --build /home/gh/ros_ws/build/my_robot_interfaces -- -j8 -l8
[1.443s] DEBUG:colcon.colcon_core.event_handler.log_command:Invoking command in '/home/gh/ros_ws/build/my_robot_interfaces': CMAKE_PREFIX_PATH=${CMAKE_PREFIX_PATH}:/home/gh/ros_ws/install/pypkg:/home/gh/ros_ws/install/my_py_pkg:/opt/ros/jazzy DEBUGINFOD_URLS=https://debuginfod.ubuntu.com /usr/bin/cmake --install /home/gh/ros_ws/build/my_robot_interfaces
[1.646s] Level 1:colcon.colcon_core.environment:create_environment_scripts_only(my_robot_interfaces)
[1.663s] Level 1:colcon.colcon_core.environment:checking '/home/gh/ros_ws/install/my_robot_interfaces' for CMake module files
[1.665s] DEBUG:colcon.colcon_core.event_handler.log_command:Invoked command in '/home/gh/ros_ws/build/my_robot_interfaces' returned '0': CMAKE_PREFIX_PATH=${CMAKE_PREFIX_PATH}:/home/gh/ros_ws/install/pypkg:/home/gh/ros_ws/install/my_py_pkg:/opt/ros/jazzy DEBUGINFOD_URLS=https://debuginfod.ubuntu.com /usr/bin/cmake --install /home/gh/ros_ws/build/my_robot_interfaces
[1.666s] Level 1:colcon.colcon_core.environment:checking '/home/gh/ros_ws/install/my_robot_interfaces' for CMake config files
[1.668s] Level 1:colcon.colcon_core.shell:create_environment_hook('my_robot_interfaces', 'cmake_prefix_path')
[1.669s] INFO:colcon.colcon_core.shell:Creating environment hook '/home/gh/ros_ws/install/my_robot_interfaces/share/my_robot_interfaces/hook/cmake_prefix_path.ps1'
[1.670s] INFO:colcon.colcon_core.shell:Creating environment descriptor '/home/gh/ros_ws/install/my_robot_interfaces/share/my_robot_interfaces/hook/cmake_prefix_path.dsv'
[1.672s] INFO:colcon.colcon_core.shell:Creating environment hook '/home/gh/ros_ws/install/my_robot_interfaces/share/my_robot_interfaces/hook/cmake_prefix_path.sh'
[1.675s] Level 1:colcon.colcon_core.environment:checking '/home/gh/ros_ws/install/my_robot_interfaces/lib'
[1.676s] Level 1:colcon.colcon_core.shell:create_environment_hook('my_robot_interfaces', 'ld_library_path_lib')
[1.677s] INFO:colcon.colcon_core.shell:Creating environment hook '/home/gh/ros_ws/install/my_robot_interfaces/share/my_robot_interfaces/hook/ld_library_path_lib.ps1'
[1.677s] INFO:colcon.colcon_core.shell:Creating environment descriptor '/home/gh/ros_ws/install/my_robot_interfaces/share/my_robot_interfaces/hook/ld_library_path_lib.dsv'
[1.678s] INFO:colcon.colcon_core.shell:Creating environment hook '/home/gh/ros_ws/install/my_robot_interfaces/share/my_robot_interfaces/hook/ld_library_path_lib.sh'
[1.679s] Level 1:colcon.colcon_core.environment:checking '/home/gh/ros_ws/install/my_robot_interfaces/bin'
[1.679s] Level 1:colcon.colcon_core.environment:checking '/home/gh/ros_ws/install/my_robot_interfaces/lib/pkgconfig/my_robot_interfaces.pc'
[1.680s] Level 1:colcon.colcon_core.environment:checking '/home/gh/ros_ws/install/my_robot_interfaces/lib/python3.12/site-packages'
[1.680s] Level 1:colcon.colcon_core.shell:create_environment_hook('my_robot_interfaces', 'pythonpath')
[1.680s] INFO:colcon.colcon_core.shell:Creating environment hook '/home/gh/ros_ws/install/my_robot_interfaces/share/my_robot_interfaces/hook/pythonpath.ps1'
[1.681s] INFO:colcon.colcon_core.shell:Creating environment descriptor '/home/gh/ros_ws/install/my_robot_interfaces/share/my_robot_interfaces/hook/pythonpath.dsv'
[1.682s] INFO:colcon.colcon_core.shell:Creating environment hook '/home/gh/ros_ws/install/my_robot_interfaces/share/my_robot_interfaces/hook/pythonpath.sh'
[1.684s] Level 1:colcon.colcon_core.environment:checking '/home/gh/ros_ws/install/my_robot_interfaces/bin'
[1.684s] INFO:colcon.colcon_core.shell:Creating package script '/home/gh/ros_ws/install/my_robot_interfaces/share/my_robot_interfaces/package.ps1'
[1.687s] INFO:colcon.colcon_core.shell:Creating package descriptor '/home/gh/ros_ws/install/my_robot_interfaces/share/my_robot_interfaces/package.dsv'
[1.689s] INFO:colcon.colcon_core.shell:Creating package script '/home/gh/ros_ws/install/my_robot_interfaces/share/my_robot_interfaces/package.sh'
[1.691s] INFO:colcon.colcon_core.shell:Creating package script '/home/gh/ros_ws/install/my_robot_interfaces/share/my_robot_interfaces/package.bash'
[1.694s] INFO:colcon.colcon_core.shell:Creating package script '/home/gh/ros_ws/install/my_robot_interfaces/share/my_robot_interfaces/package.zsh'
[1.696s] Level 1:colcon.colcon_core.environment:create_file_with_runtime_dependencies(/home/gh/ros_ws/install/my_robot_interfaces/share/colcon-core/packages/my_robot_interfaces)
[1.698s] Level 1:colcon.colcon_core.environment:create_environment_scripts_only(my_robot_interfaces)
[1.699s] Level 1:colcon.colcon_core.environment:checking '/home/gh/ros_ws/install/my_robot_interfaces' for CMake module files
[1.702s] Level 1:colcon.colcon_core.environment:checking '/home/gh/ros_ws/install/my_robot_interfaces' for CMake config files
[1.704s] Level 1:colcon.colcon_core.shell:create_environment_hook('my_robot_interfaces', 'cmake_prefix_path')
[1.704s] INFO:colcon.colcon_core.shell:Creating environment hook '/home/gh/ros_ws/install/my_robot_interfaces/share/my_robot_interfaces/hook/cmake_prefix_path.ps1'
[1.706s] INFO:colcon.colcon_core.shell:Creating environment descriptor '/home/gh/ros_ws/install/my_robot_interfaces/share/my_robot_interfaces/hook/cmake_prefix_path.dsv'
[1.707s] INFO:colcon.colcon_core.shell:Creating environment hook '/home/gh/ros_ws/install/my_robot_interfaces/share/my_robot_interfaces/hook/cmake_prefix_path.sh'
[1.709s] Level 1:colcon.colcon_core.environment:checking '/home/gh/ros_ws/install/my_robot_interfaces/lib'
[1.710s] Level 1:colcon.colcon_core.shell:create_environment_hook('my_robot_interfaces', 'ld_library_path_lib')
[1.710s] INFO:colcon.colcon_core.shell:Creating environment hook '/home/gh/ros_ws/install/my_robot_interfaces/share/my_robot_interfaces/hook/ld_library_path_lib.ps1'
[1.711s] INFO:colcon.colcon_core.shell:Creating environment descriptor '/home/gh/ros_ws/install/my_robot_interfaces/share/my_robot_interfaces/hook/ld_library_path_lib.dsv'
[1.712s] INFO:colcon.colcon_core.shell:Creating environment hook '/home/gh/ros_ws/install/my_robot_interfaces/share/my_robot_interfaces/hook/ld_library_path_lib.sh'
[1.713s] Level 1:colcon.colcon_core.environment:checking '/home/gh/ros_ws/install/my_robot_interfaces/bin'
[1.713s] Level 1:colcon.colcon_core.environment:checking '/home/gh/ros_ws/install/my_robot_interfaces/lib/pkgconfig/my_robot_interfaces.pc'
[1.713s] Level 1:colcon.colcon_core.environment:checking '/home/gh/ros_ws/install/my_robot_interfaces/lib/python3.12/site-packages'
[1.714s] Level 1:colcon.colcon_core.shell:create_environment_hook('my_robot_interfaces', 'pythonpath')
[1.714s] INFO:colcon.colcon_core.shell:Creating environment hook '/home/gh/ros_ws/install/my_robot_interfaces/share/my_robot_interfaces/hook/pythonpath.ps1'
[1.715s] INFO:colcon.colcon_core.shell:Creating environment descriptor '/home/gh/ros_ws/install/my_robot_interfaces/share/my_robot_interfaces/hook/pythonpath.dsv'
[1.716s] INFO:colcon.colcon_core.shell:Creating environment hook '/home/gh/ros_ws/install/my_robot_interfaces/share/my_robot_interfaces/hook/pythonpath.sh'
[1.717s] Level 1:colcon.colcon_core.environment:checking '/home/gh/ros_ws/install/my_robot_interfaces/bin'
[1.718s] INFO:colcon.colcon_core.shell:Creating package script '/home/gh/ros_ws/install/my_robot_interfaces/share/my_robot_interfaces/package.ps1'
[1.719s] INFO:colcon.colcon_core.shell:Creating package descriptor '/home/gh/ros_ws/install/my_robot_interfaces/share/my_robot_interfaces/package.dsv'
[1.720s] INFO:colcon.colcon_core.shell:Creating package script '/home/gh/ros_ws/install/my_robot_interfaces/share/my_robot_interfaces/package.sh'
[1.722s] INFO:colcon.colcon_core.shell:Creating package script '/home/gh/ros_ws/install/my_robot_interfaces/share/my_robot_interfaces/package.bash'
[1.723s] INFO:colcon.colcon_core.shell:Creating package script '/home/gh/ros_ws/install/my_robot_interfaces/share/my_robot_interfaces/package.zsh'
[1.724s] Level 1:colcon.colcon_core.environment:create_file_with_runtime_dependencies(/home/gh/ros_ws/install/my_robot_interfaces/share/colcon-core/packages/my_robot_interfaces)
[1.726s] INFO:colcon.colcon_ros.task.ament_cmake.build:Building ROS package in '/home/gh/ros_ws/src/my_cpp_pkg' with build type 'ament_cmake'
[1.727s] INFO:colcon.colcon_cmake.task.cmake.build:Building CMake package in '/home/gh/ros_ws/src/my_cpp_pkg'
[1.727s] INFO:colcon.colcon_core.shell:Skip shell extension 'powershell' for command environment: Not usable outside of PowerShell
[1.727s] DEBUG:colcon.colcon_core.shell:Skip shell extension 'dsv' for command environment
[1.741s] INFO:colcon.colcon_ros.task.ament_python.build:Building ROS package in '/home/gh/ros_ws/src/my_py_pkg' with build type 'ament_python'
[1.741s] Level 1:colcon.colcon_core.shell:create_environment_hook('my_py_pkg', 'ament_prefix_path')
[1.742s] INFO:colcon.colcon_core.shell:Creating environment hook '/home/gh/ros_ws/install/my_py_pkg/share/my_py_pkg/hook/ament_prefix_path.ps1'
[1.743s] INFO:colcon.colcon_core.shell:Creating environment descriptor '/home/gh/ros_ws/install/my_py_pkg/share/my_py_pkg/hook/ament_prefix_path.dsv'
[1.743s] INFO:colcon.colcon_core.shell:Creating environment hook '/home/gh/ros_ws/install/my_py_pkg/share/my_py_pkg/hook/ament_prefix_path.sh'
[1.748s] INFO:colcon.colcon_core.shell:Skip shell extension 'powershell' for command environment: Not usable outside of PowerShell
[1.748s] DEBUG:colcon.colcon_core.shell:Skip shell extension 'dsv' for command environment
[1.770s] DEBUG:colcon.colcon_core.event_handler.log_command:Invoking command in '/home/gh/ros_ws/build/my_cpp_pkg': CMAKE_PREFIX_PATH=/home/gh/ros_ws/install/my_robot_interfaces:/home/gh/ros_ws/install/my_robot_bringup:/home/gh/ros_ws/install/my_cpp_pkg:/home/gh/ros_ws/install/cpppkg:/opt/ros/jazzy/opt/gz_math_vendor:/opt/ros/jazzy/opt/gz_utils_vendor:/opt/ros/jazzy/opt/gz_cmake_vendor:/home/gh/ros_ws/install/pypkg:/home/gh/ros_ws/install/my_py_pkg:/opt/ros/jazzy DEBUGINFOD_URLS=https://debuginfod.ubuntu.com PYTHONPATH=/home/gh/ros_ws/install/my_robot_interfaces/lib/python3.12/site-packages:/home/gh/ros_ws/install/pypkg/lib/python3.12/site-packages:/home/gh/ros_ws/install/my_py_pkg/lib/python3.12/site-packages:/opt/ros/jazzy/lib/python3.12/site-packages /usr/bin/cmake --build /home/gh/ros_ws/build/my_cpp_pkg -- -j8 -l8
[2.506s] INFO:colcon.colcon_core.task.python.build:Building Python package in '/home/gh/ros_ws/src/my_py_pkg'
[2.508s] INFO:colcon.colcon_core.shell:Skip shell extension 'powershell' for command environment: Not usable outside of PowerShell
[2.508s] DEBUG:colcon.colcon_core.shell:Skip shell extension 'dsv' for command environment
[2.529s] DEBUG:colcon.colcon_core.event_handler.log_command:Invoked command in '/home/gh/ros_ws/build/my_cpp_pkg' returned '0': CMAKE_PREFIX_PATH=/home/gh/ros_ws/install/my_robot_interfaces:/home/gh/ros_ws/install/my_robot_bringup:/home/gh/ros_ws/install/my_cpp_pkg:/home/gh/ros_ws/install/cpppkg:/opt/ros/jazzy/opt/gz_math_vendor:/opt/ros/jazzy/opt/gz_utils_vendor:/opt/ros/jazzy/opt/gz_cmake_vendor:/home/gh/ros_ws/install/pypkg:/home/gh/ros_ws/install/my_py_pkg:/opt/ros/jazzy DEBUGINFOD_URLS=https://debuginfod.ubuntu.com PYTHONPATH=/home/gh/ros_ws/install/my_robot_interfaces/lib/python3.12/site-packages:/home/gh/ros_ws/install/pypkg/lib/python3.12/site-packages:/home/gh/ros_ws/install/my_py_pkg/lib/python3.12/site-packages:/opt/ros/jazzy/lib/python3.12/site-packages /usr/bin/cmake --build /home/gh/ros_ws/build/my_cpp_pkg -- -j8 -l8
[2.537s] DEBUG:colcon.colcon_core.event_handler.log_command:Invoking command in '/home/gh/ros_ws/build/my_cpp_pkg': CMAKE_PREFIX_PATH=/home/gh/ros_ws/install/my_robot_interfaces:/home/gh/ros_ws/install/my_robot_bringup:/home/gh/ros_ws/install/my_cpp_pkg:/home/gh/ros_ws/install/cpppkg:/opt/ros/jazzy/opt/gz_math_vendor:/opt/ros/jazzy/opt/gz_utils_vendor:/opt/ros/jazzy/opt/gz_cmake_vendor:/home/gh/ros_ws/install/pypkg:/home/gh/ros_ws/install/my_py_pkg:/opt/ros/jazzy DEBUGINFOD_URLS=https://debuginfod.ubuntu.com PYTHONPATH=/home/gh/ros_ws/install/my_robot_interfaces/lib/python3.12/site-packages:/home/gh/ros_ws/install/pypkg/lib/python3.12/site-packages:/home/gh/ros_ws/install/my_py_pkg/lib/python3.12/site-packages:/opt/ros/jazzy/lib/python3.12/site-packages /usr/bin/cmake --install /home/gh/ros_ws/build/my_cpp_pkg
[2.647s] Level 1:colcon.colcon_core.environment:create_environment_scripts_only(my_cpp_pkg)
[2.647s] Level 1:colcon.colcon_core.environment:checking '/home/gh/ros_ws/install/my_cpp_pkg' for CMake module files
[2.649s] Level 1:colcon.colcon_core.environment:checking '/home/gh/ros_ws/install/my_cpp_pkg' for CMake config files
[2.650s] Level 1:colcon.colcon_core.shell:create_environment_hook('my_cpp_pkg', 'cmake_prefix_path')
[2.650s] INFO:colcon.colcon_core.shell:Creating environment hook '/home/gh/ros_ws/install/my_cpp_pkg/share/my_cpp_pkg/hook/cmake_prefix_path.ps1'
[2.656s] DEBUG:colcon.colcon_core.event_handler.log_command:Invoked command in '/home/gh/ros_ws/build/my_cpp_pkg' returned '0': CMAKE_PREFIX_PATH=/home/gh/ros_ws/install/my_robot_interfaces:/home/gh/ros_ws/install/my_robot_bringup:/home/gh/ros_ws/install/my_cpp_pkg:/home/gh/ros_ws/install/cpppkg:/opt/ros/jazzy/opt/gz_math_vendor:/opt/ros/jazzy/opt/gz_utils_vendor:/opt/ros/jazzy/opt/gz_cmake_vendor:/home/gh/ros_ws/install/pypkg:/home/gh/ros_ws/install/my_py_pkg:/opt/ros/jazzy DEBUGINFOD_URLS=https://debuginfod.ubuntu.com PYTHONPATH=/home/gh/ros_ws/install/my_robot_interfaces/lib/python3.12/site-packages:/home/gh/ros_ws/install/pypkg/lib/python3.12/site-packages:/home/gh/ros_ws/install/my_py_pkg/lib/python3.12/site-packages:/opt/ros/jazzy/lib/python3.12/site-packages /usr/bin/cmake --install /home/gh/ros_ws/build/my_cpp_pkg
[2.662s] INFO:colcon.colcon_core.shell:Creating environment descriptor '/home/gh/ros_ws/install/my_cpp_pkg/share/my_cpp_pkg/hook/cmake_prefix_path.dsv'
[2.663s] INFO:colcon.colcon_core.shell:Creating environment hook '/home/gh/ros_ws/install/my_cpp_pkg/share/my_cpp_pkg/hook/cmake_prefix_path.sh'
[2.664s] Level 1:colcon.colcon_core.environment:checking '/home/gh/ros_ws/install/my_cpp_pkg/lib'
[2.664s] Level 1:colcon.colcon_core.environment:checking '/home/gh/ros_ws/install/my_cpp_pkg/bin'
[2.664s] Level 1:colcon.colcon_core.environment:checking '/home/gh/ros_ws/install/my_cpp_pkg/lib/pkgconfig/my_cpp_pkg.pc'
[2.665s] Level 1:colcon.colcon_core.environment:checking '/home/gh/ros_ws/install/my_cpp_pkg/lib/python3.12/site-packages'
[2.666s] Level 1:colcon.colcon_core.environment:checking '/home/gh/ros_ws/install/my_cpp_pkg/bin'
[2.666s] INFO:colcon.colcon_core.shell:Creating package script '/home/gh/ros_ws/install/my_cpp_pkg/share/my_cpp_pkg/package.ps1'
[2.671s] INFO:colcon.colcon_core.shell:Creating package descriptor '/home/gh/ros_ws/install/my_cpp_pkg/share/my_cpp_pkg/package.dsv'
[2.673s] INFO:colcon.colcon_core.shell:Creating package script '/home/gh/ros_ws/install/my_cpp_pkg/share/my_cpp_pkg/package.sh'
[2.674s] INFO:colcon.colcon_core.shell:Creating package script '/home/gh/ros_ws/install/my_cpp_pkg/share/my_cpp_pkg/package.bash'
[2.675s] INFO:colcon.colcon_core.shell:Creating package script '/home/gh/ros_ws/install/my_cpp_pkg/share/my_cpp_pkg/package.zsh'
[2.679s] Level 1:colcon.colcon_core.environment:create_file_with_runtime_dependencies(/home/gh/ros_ws/install/my_cpp_pkg/share/colcon-core/packages/my_cpp_pkg)
[2.683s] Level 1:colcon.colcon_core.environment:create_environment_scripts_only(my_cpp_pkg)
[2.684s] Level 1:colcon.colcon_core.environment:checking '/home/gh/ros_ws/install/my_cpp_pkg' for CMake module files
[2.687s] Level 1:colcon.colcon_core.environment:checking '/home/gh/ros_ws/install/my_cpp_pkg' for CMake config files
[2.687s] Level 1:colcon.colcon_core.shell:create_environment_hook('my_cpp_pkg', 'cmake_prefix_path')
[2.688s] INFO:colcon.colcon_core.shell:Creating environment hook '/home/gh/ros_ws/install/my_cpp_pkg/share/my_cpp_pkg/hook/cmake_prefix_path.ps1'
[2.690s] INFO:colcon.colcon_core.shell:Creating environment descriptor '/home/gh/ros_ws/install/my_cpp_pkg/share/my_cpp_pkg/hook/cmake_prefix_path.dsv'
[2.692s] INFO:colcon.colcon_core.shell:Creating environment hook '/home/gh/ros_ws/install/my_cpp_pkg/share/my_cpp_pkg/hook/cmake_prefix_path.sh'
[2.693s] Level 1:colcon.colcon_core.environment:checking '/home/gh/ros_ws/install/my_cpp_pkg/lib'
[2.694s] Level 1:colcon.colcon_core.environment:checking '/home/gh/ros_ws/install/my_cpp_pkg/bin'
[2.694s] Level 1:colcon.colcon_core.environment:checking '/home/gh/ros_ws/install/my_cpp_pkg/lib/pkgconfig/my_cpp_pkg.pc'
[2.695s] Level 1:colcon.colcon_core.environment:checking '/home/gh/ros_ws/install/my_cpp_pkg/lib/python3.12/site-packages'
[2.695s] Level 1:colcon.colcon_core.environment:checking '/home/gh/ros_ws/install/my_cpp_pkg/bin'
[2.696s] INFO:colcon.colcon_core.shell:Creating package script '/home/gh/ros_ws/install/my_cpp_pkg/share/my_cpp_pkg/package.ps1'
[2.698s] INFO:colcon.colcon_core.shell:Creating package descriptor '/home/gh/ros_ws/install/my_cpp_pkg/share/my_cpp_pkg/package.dsv'
[2.700s] INFO:colcon.colcon_core.shell:Creating package script '/home/gh/ros_ws/install/my_cpp_pkg/share/my_cpp_pkg/package.sh'
[2.703s] INFO:colcon.colcon_core.shell:Creating package script '/home/gh/ros_ws/install/my_cpp_pkg/share/my_cpp_pkg/package.bash'
[2.704s] INFO:colcon.colcon_core.shell:Creating package script '/home/gh/ros_ws/install/my_cpp_pkg/share/my_cpp_pkg/package.zsh'
[2.706s] Level 1:colcon.colcon_core.environment:create_file_with_runtime_dependencies(/home/gh/ros_ws/install/my_cpp_pkg/share/colcon-core/packages/my_cpp_pkg)
[3.206s] DEBUG:colcon.colcon_core.event_handler.log_command:Invoked command in '/home/gh/ros_ws/build/finalproject' returned '0': CMAKE_PREFIX_PATH=${CMAKE_PREFIX_PATH}:/home/gh/ros_ws/install/pypkg:/home/gh/ros_ws/install/my_py_pkg:/opt/ros/jazzy DEBUGINFOD_URLS=https://debuginfod.ubuntu.com /usr/bin/cmake --build /home/gh/ros_ws/build/finalproject -- -j8 -l8
[3.214s] DEBUG:colcon.colcon_core.event_handler.log_command:Invoking command in '/home/gh/ros_ws/build/finalproject': CMAKE_PREFIX_PATH=${CMAKE_PREFIX_PATH}:/home/gh/ros_ws/install/pypkg:/home/gh/ros_ws/install/my_py_pkg:/opt/ros/jazzy DEBUGINFOD_URLS=https://debuginfod.ubuntu.com /usr/bin/cmake --install /home/gh/ros_ws/build/finalproject
[3.254s] Level 1:colcon.colcon_core.environment:create_environment_scripts_only(finalproject)
[3.254s] Level 1:colcon.colcon_core.environment:checking '/home/gh/ros_ws/install/finalproject' for CMake module files
[3.256s] Level 1:colcon.colcon_core.environment:checking '/home/gh/ros_ws/install/finalproject' for CMake config files
[3.256s] Level 1:colcon.colcon_core.shell:create_environment_hook('finalproject', 'cmake_prefix_path')
[3.265s] INFO:colcon.colcon_core.shell:Creating environment hook '/home/gh/ros_ws/install/finalproject/share/finalproject/hook/cmake_prefix_path.ps1'
[3.267s] INFO:colcon.colcon_core.shell:Creating environment descriptor '/home/gh/ros_ws/install/finalproject/share/finalproject/hook/cmake_prefix_path.dsv'
[3.274s] INFO:colcon.colcon_core.shell:Creating environment hook '/home/gh/ros_ws/install/finalproject/share/finalproject/hook/cmake_prefix_path.sh'
[3.275s] Level 1:colcon.colcon_core.environment:checking '/home/gh/ros_ws/install/finalproject/lib'
[3.275s] Level 1:colcon.colcon_core.environment:checking '/home/gh/ros_ws/install/finalproject/bin'
[3.275s] Level 1:colcon.colcon_core.environment:checking '/home/gh/ros_ws/install/finalproject/lib/pkgconfig/finalproject.pc'
[3.270s] DEBUG:colcon.colcon_core.event_handler.log_command:Invoked command in '/home/gh/ros_ws/build/finalproject' returned '0': CMAKE_PREFIX_PATH=${CMAKE_PREFIX_PATH}:/home/gh/ros_ws/install/pypkg:/home/gh/ros_ws/install/my_py_pkg:/opt/ros/jazzy DEBUGINFOD_URLS=https://debuginfod.ubuntu.com /usr/bin/cmake --install /home/gh/ros_ws/build/finalproject
[3.283s] Level 1:colcon.colcon_core.environment:checking '/home/gh/ros_ws/install/finalproject/lib/python3.12/site-packages'
[3.284s] Level 1:colcon.colcon_core.environment:checking '/home/gh/ros_ws/install/finalproject/bin'
[3.284s] INFO:colcon.colcon_core.shell:Creating package script '/home/gh/ros_ws/install/finalproject/share/finalproject/package.ps1'
[3.289s] INFO:colcon.colcon_core.shell:Creating package descriptor '/home/gh/ros_ws/install/finalproject/share/finalproject/package.dsv'
[3.290s] INFO:colcon.colcon_core.shell:Creating package script '/home/gh/ros_ws/install/finalproject/share/finalproject/package.sh'
[3.297s] INFO:colcon.colcon_core.shell:Creating package script '/home/gh/ros_ws/install/finalproject/share/finalproject/package.bash'
[3.298s] INFO:colcon.colcon_core.shell:Creating package script '/home/gh/ros_ws/install/finalproject/share/finalproject/package.zsh'
[3.298s] Level 1:colcon.colcon_core.environment:create_file_with_runtime_dependencies(/home/gh/ros_ws/install/finalproject/share/colcon-core/packages/finalproject)
[3.299s] Level 1:colcon.colcon_core.environment:create_environment_scripts_only(finalproject)
[3.300s] Level 1:colcon.colcon_core.environment:checking '/home/gh/ros_ws/install/finalproject' for CMake module files
[3.304s] Level 1:colcon.colcon_core.environment:checking '/home/gh/ros_ws/install/finalproject' for CMake config files
[3.305s] Level 1:colcon.colcon_core.shell:create_environment_hook('finalproject', 'cmake_prefix_path')
[3.305s] INFO:colcon.colcon_core.shell:Creating environment hook '/home/gh/ros_ws/install/finalproject/share/finalproject/hook/cmake_prefix_path.ps1'
[3.306s] INFO:colcon.colcon_core.shell:Creating environment descriptor '/home/gh/ros_ws/install/finalproject/share/finalproject/hook/cmake_prefix_path.dsv'
[3.307s] INFO:colcon.colcon_core.shell:Creating environment hook '/home/gh/ros_ws/install/finalproject/share/finalproject/hook/cmake_prefix_path.sh'
[3.308s] Level 1:colcon.colcon_core.environment:checking '/home/gh/ros_ws/install/finalproject/lib'
[3.309s] Level 1:colcon.colcon_core.environment:checking '/home/gh/ros_ws/install/finalproject/bin'
[3.309s] Level 1:colcon.colcon_core.environment:checking '/home/gh/ros_ws/install/finalproject/lib/pkgconfig/finalproject.pc'
[3.310s] Level 1:colcon.colcon_core.environment:checking '/home/gh/ros_ws/install/finalproject/lib/python3.12/site-packages'
[3.311s] Level 1:colcon.colcon_core.environment:checking '/home/gh/ros_ws/install/finalproject/bin'
[3.311s] INFO:colcon.colcon_core.shell:Creating package script '/home/gh/ros_ws/install/finalproject/share/finalproject/package.ps1'
[3.313s] INFO:colcon.colcon_core.shell:Creating package descriptor '/home/gh/ros_ws/install/finalproject/share/finalproject/package.dsv'
[3.316s] INFO:colcon.colcon_core.shell:Creating package script '/home/gh/ros_ws/install/finalproject/share/finalproject/package.sh'
[3.319s] INFO:colcon.colcon_core.shell:Creating package script '/home/gh/ros_ws/install/finalproject/share/finalproject/package.bash'
[3.321s] INFO:colcon.colcon_core.shell:Creating package script '/home/gh/ros_ws/install/finalproject/share/finalproject/package.zsh'
[3.322s] Level 1:colcon.colcon_core.environment:create_file_with_runtime_dependencies(/home/gh/ros_ws/install/finalproject/share/colcon-core/packages/finalproject)
[3.328s] INFO:colcon.colcon_ros.task.ament_cmake.build:Building ROS package in '/home/gh/ros_ws/src/finalProjectLauncher' with build type 'ament_cmake'
[3.329s] INFO:colcon.colcon_cmake.task.cmake.build:Building CMake package in '/home/gh/ros_ws/src/finalProjectLauncher'
[3.330s] INFO:colcon.colcon_core.shell:Skip shell extension 'powershell' for command environment: Not usable outside of PowerShell
[3.330s] DEBUG:colcon.colcon_core.shell:Skip shell extension 'dsv' for command environment
[3.359s] DEBUG:colcon.colcon_core.event_handler.log_command:Invoking command in '/home/gh/ros_ws/build/finalProjectLauncher': AMENT_PREFIX_PATH=/home/gh/ros_ws/install/finalproject:${AMENT_PREFIX_PATH} CMAKE_PREFIX_PATH=/home/gh/ros_ws/install/finalproject:/home/gh/ros_ws/install/my_robot_bringup:/home/gh/ros_ws/install/my_cpp_pkg:/home/gh/ros_ws/install/my_robot_interfaces:/home/gh/ros_ws/install/cpppkg:/opt/ros/jazzy/opt/gz_math_vendor:/opt/ros/jazzy/opt/gz_utils_vendor:/opt/ros/jazzy/opt/gz_cmake_vendor:/home/gh/ros_ws/install/pypkg:/home/gh/ros_ws/install/my_py_pkg:/opt/ros/jazzy DEBUGINFOD_URLS=https://debuginfod.ubuntu.com /usr/bin/cmake --build /home/gh/ros_ws/build/finalProjectLauncher -- -j8 -l8
[3.503s] DEBUG:colcon.colcon_core.event_handler.log_command:Invoked command in '/home/gh/ros_ws/build/finalProjectLauncher' returned '0': AMENT_PREFIX_PATH=/home/gh/ros_ws/install/finalproject:${AMENT_PREFIX_PATH} CMAKE_PREFIX_PATH=/home/gh/ros_ws/install/finalproject:/home/gh/ros_ws/install/my_robot_bringup:/home/gh/ros_ws/install/my_cpp_pkg:/home/gh/ros_ws/install/my_robot_interfaces:/home/gh/ros_ws/install/cpppkg:/opt/ros/jazzy/opt/gz_math_vendor:/opt/ros/jazzy/opt/gz_utils_vendor:/opt/ros/jazzy/opt/gz_cmake_vendor:/home/gh/ros_ws/install/pypkg:/home/gh/ros_ws/install/my_py_pkg:/opt/ros/jazzy DEBUGINFOD_URLS=https://debuginfod.ubuntu.com /usr/bin/cmake --build /home/gh/ros_ws/build/finalProjectLauncher -- -j8 -l8
[3.507s] DEBUG:colcon.colcon_core.event_handler.log_command:Invoking command in '/home/gh/ros_ws/build/finalProjectLauncher': AMENT_PREFIX_PATH=/home/gh/ros_ws/install/finalproject:${AMENT_PREFIX_PATH} CMAKE_PREFIX_PATH=/home/gh/ros_ws/install/finalproject:/home/gh/ros_ws/install/my_robot_bringup:/home/gh/ros_ws/install/my_cpp_pkg:/home/gh/ros_ws/install/my_robot_interfaces:/home/gh/ros_ws/install/cpppkg:/opt/ros/jazzy/opt/gz_math_vendor:/opt/ros/jazzy/opt/gz_utils_vendor:/opt/ros/jazzy/opt/gz_cmake_vendor:/home/gh/ros_ws/install/pypkg:/home/gh/ros_ws/install/my_py_pkg:/opt/ros/jazzy DEBUGINFOD_URLS=https://debuginfod.ubuntu.com /usr/bin/cmake --install /home/gh/ros_ws/build/finalProjectLauncher
[3.533s] Level 1:colcon.colcon_core.environment:create_environment_scripts_only(finalProjectLauncher)
[3.534s] Level 1:colcon.colcon_core.environment:checking '/home/gh/ros_ws/install/finalProjectLauncher' for CMake module files
[3.536s] Level 1:colcon.colcon_core.environment:checking '/home/gh/ros_ws/install/finalProjectLauncher' for CMake config files
[3.536s] Level 1:colcon.colcon_core.shell:create_environment_hook('finalProjectLauncher', 'cmake_prefix_path')
[3.537s] INFO:colcon.colcon_core.shell:Creating environment hook '/home/gh/ros_ws/install/finalProjectLauncher/share/finalProjectLauncher/hook/cmake_prefix_path.ps1'
[3.535s] DEBUG:colcon.colcon_core.event_handler.log_command:Invoked command in '/home/gh/ros_ws/build/finalProjectLauncher' returned '0': AMENT_PREFIX_PATH=/home/gh/ros_ws/install/finalproject:${AMENT_PREFIX_PATH} CMAKE_PREFIX_PATH=/home/gh/ros_ws/install/finalproject:/home/gh/ros_ws/install/my_robot_bringup:/home/gh/ros_ws/install/my_cpp_pkg:/home/gh/ros_ws/install/my_robot_interfaces:/home/gh/ros_ws/install/cpppkg:/opt/ros/jazzy/opt/gz_math_vendor:/opt/ros/jazzy/opt/gz_utils_vendor:/opt/ros/jazzy/opt/gz_cmake_vendor:/home/gh/ros_ws/install/pypkg:/home/gh/ros_ws/install/my_py_pkg:/opt/ros/jazzy DEBUGINFOD_URLS=https://debuginfod.ubuntu.com /usr/bin/cmake --install /home/gh/ros_ws/build/finalProjectLauncher
[3.538s] INFO:colcon.colcon_core.shell:Creating environment descriptor '/home/gh/ros_ws/install/finalProjectLauncher/share/finalProjectLauncher/hook/cmake_prefix_path.dsv'
[3.539s] INFO:colcon.colcon_core.shell:Creating environment hook '/home/gh/ros_ws/install/finalProjectLauncher/share/finalProjectLauncher/hook/cmake_prefix_path.sh'
[3.541s] Level 1:colcon.colcon_core.environment:checking '/home/gh/ros_ws/install/finalProjectLauncher/bin'
[3.541s] Level 1:colcon.colcon_core.environment:checking '/home/gh/ros_ws/install/finalProjectLauncher/lib/pkgconfig/finalProjectLauncher.pc'
[3.542s] Level 1:colcon.colcon_core.environment:checking '/home/gh/ros_ws/install/finalProjectLauncher/lib/python3.12/site-packages'
[3.543s] Level 1:colcon.colcon_core.environment:checking '/home/gh/ros_ws/install/finalProjectLauncher/bin'
[3.543s] INFO:colcon.colcon_core.shell:Creating package script '/home/gh/ros_ws/install/finalProjectLauncher/share/finalProjectLauncher/package.ps1'
[3.545s] INFO:colcon.colcon_core.shell:Creating package descriptor '/home/gh/ros_ws/install/finalProjectLauncher/share/finalProjectLauncher/package.dsv'
[3.546s] INFO:colcon.colcon_core.shell:Creating package script '/home/gh/ros_ws/install/finalProjectLauncher/share/finalProjectLauncher/package.sh'
[3.547s] INFO:colcon.colcon_core.shell:Creating package script '/home/gh/ros_ws/install/finalProjectLauncher/share/finalProjectLauncher/package.bash'
[3.548s] INFO:colcon.colcon_core.shell:Creating package script '/home/gh/ros_ws/install/finalProjectLauncher/share/finalProjectLauncher/package.zsh'
[3.550s] Level 1:colcon.colcon_core.environment:create_file_with_runtime_dependencies(/home/gh/ros_ws/install/finalProjectLauncher/share/colcon-core/packages/finalProjectLauncher)
[3.551s] Level 1:colcon.colcon_core.environment:create_environment_scripts_only(finalProjectLauncher)
[3.551s] Level 1:colcon.colcon_core.environment:checking '/home/gh/ros_ws/install/finalProjectLauncher' for CMake module files
[3.553s] Level 1:colcon.colcon_core.environment:checking '/home/gh/ros_ws/install/finalProjectLauncher' for CMake config files
[3.554s] Level 1:colcon.colcon_core.shell:create_environment_hook('finalProjectLauncher', 'cmake_prefix_path')
[3.554s] INFO:colcon.colcon_core.shell:Creating environment hook '/home/gh/ros_ws/install/finalProjectLauncher/share/finalProjectLauncher/hook/cmake_prefix_path.ps1'
[3.555s] INFO:colcon.colcon_core.shell:Creating environment descriptor '/home/gh/ros_ws/install/finalProjectLauncher/share/finalProjectLauncher/hook/cmake_prefix_path.dsv'
[3.556s] INFO:colcon.colcon_core.shell:Creating environment hook '/home/gh/ros_ws/install/finalProjectLauncher/share/finalProjectLauncher/hook/cmake_prefix_path.sh'
[3.558s] Level 1:colcon.colcon_core.environment:checking '/home/gh/ros_ws/install/finalProjectLauncher/bin'
[3.558s] Level 1:colcon.colcon_core.environment:checking '/home/gh/ros_ws/install/finalProjectLauncher/lib/pkgconfig/finalProjectLauncher.pc'
[3.559s] Level 1:colcon.colcon_core.environment:checking '/home/gh/ros_ws/install/finalProjectLauncher/lib/python3.12/site-packages'
[3.564s] Level 1:colcon.colcon_core.environment:checking '/home/gh/ros_ws/install/finalProjectLauncher/bin'
[3.564s] INFO:colcon.colcon_core.shell:Creating package script '/home/gh/ros_ws/install/finalProjectLauncher/share/finalProjectLauncher/package.ps1'
[3.565s] INFO:colcon.colcon_core.shell:Creating package descriptor '/home/gh/ros_ws/install/finalProjectLauncher/share/finalProjectLauncher/package.dsv'
[3.567s] INFO:colcon.colcon_core.shell:Creating package script '/home/gh/ros_ws/install/finalProjectLauncher/share/finalProjectLauncher/package.sh'
[3.570s] INFO:colcon.colcon_core.shell:Creating package script '/home/gh/ros_ws/install/finalProjectLauncher/share/finalProjectLauncher/package.bash'
[3.571s] INFO:colcon.colcon_core.shell:Creating package script '/home/gh/ros_ws/install/finalProjectLauncher/share/finalProjectLauncher/package.zsh'
[3.572s] Level 1:colcon.colcon_core.environment:create_file_with_runtime_dependencies(/home/gh/ros_ws/install/finalProjectLauncher/share/colcon-core/packages/finalProjectLauncher)
[4.186s] DEBUG:colcon.colcon_core.event_handler.log_command:Invoking command in '/home/gh/ros_ws/src/my_py_pkg': CMAKE_PREFIX_PATH=/home/gh/ros_ws/install/my_robot_interfaces:/home/gh/ros_ws/install/my_robot_bringup:/home/gh/ros_ws/install/my_cpp_pkg:/home/gh/ros_ws/install/cpppkg:/opt/ros/jazzy/opt/gz_math_vendor:/opt/ros/jazzy/opt/gz_utils_vendor:/opt/ros/jazzy/opt/gz_cmake_vendor DEBUGINFOD_URLS=https://debuginfod.ubuntu.com PYTHONPATH=/home/gh/ros_ws/build/my_py_pkg/prefix_override:/usr/lib/python3/dist-packages/colcon_core/task/python/colcon_distutils_commands:/home/gh/ros_ws/install/my_py_pkg/lib/python3.12/site-packages:/home/gh/ros_ws/install/my_robot_interfaces/lib/python3.12/site-packages:/home/gh/ros_ws/install/pypkg/lib/python3.12/site-packages:/home/gh/ros_ws/install/my_py_pkg/lib/python3.12/site-packages:/opt/ros/jazzy/lib/python3.12/site-packages /usr/bin/python3 -W ignore:setup.py install is deprecated -W ignore:easy_install command is deprecated setup.py egg_info --egg-base ../../build/my_py_pkg build --build-base /home/gh/ros_ws/build/my_py_pkg/build install --record /home/gh/ros_ws/build/my_py_pkg/install.log --single-version-externally-managed install_data
[5.121s] Level 1:colcon.colcon_core.environment:checking '/home/gh/ros_ws/install/my_py_pkg' for CMake module files
[5.122s] Level 1:colcon.colcon_core.environment:checking '/home/gh/ros_ws/install/my_py_pkg' for CMake config files
[5.123s] DEBUG:colcon.colcon_core.event_handler.log_command:Invoked command in '/home/gh/ros_ws/src/my_py_pkg' returned '0': CMAKE_PREFIX_PATH=/home/gh/ros_ws/install/my_robot_interfaces:/home/gh/ros_ws/install/my_robot_bringup:/home/gh/ros_ws/install/my_cpp_pkg:/home/gh/ros_ws/install/cpppkg:/opt/ros/jazzy/opt/gz_math_vendor:/opt/ros/jazzy/opt/gz_utils_vendor:/opt/ros/jazzy/opt/gz_cmake_vendor DEBUGINFOD_URLS=https://debuginfod.ubuntu.com PYTHONPATH=/home/gh/ros_ws/build/my_py_pkg/prefix_override:/usr/lib/python3/dist-packages/colcon_core/task/python/colcon_distutils_commands:/home/gh/ros_ws/install/my_py_pkg/lib/python3.12/site-packages:/home/gh/ros_ws/install/my_robot_interfaces/lib/python3.12/site-packages:/home/gh/ros_ws/install/pypkg/lib/python3.12/site-packages:/home/gh/ros_ws/install/my_py_pkg/lib/python3.12/site-packages:/opt/ros/jazzy/lib/python3.12/site-packages /usr/bin/python3 -W ignore:setup.py install is deprecated -W ignore:easy_install command is deprecated setup.py egg_info --egg-base ../../build/my_py_pkg build --build-base /home/gh/ros_ws/build/my_py_pkg/build install --record /home/gh/ros_ws/build/my_py_pkg/install.log --single-version-externally-managed install_data
[5.124s] Level 1:colcon.colcon_core.environment:checking '/home/gh/ros_ws/install/my_py_pkg/lib'
[5.124s] Level 1:colcon.colcon_core.environment:checking '/home/gh/ros_ws/install/my_py_pkg/bin'
[5.124s] Level 1:colcon.colcon_core.environment:checking '/home/gh/ros_ws/install/my_py_pkg/lib/pkgconfig/my_py_pkg.pc'
[5.124s] Level 1:colcon.colcon_core.environment:checking '/home/gh/ros_ws/install/my_py_pkg/lib/python3.12/site-packages'
[5.125s] Level 1:colcon.colcon_core.shell:create_environment_hook('my_py_pkg', 'pythonpath')
[5.125s] INFO:colcon.colcon_core.shell:Creating environment hook '/home/gh/ros_ws/install/my_py_pkg/share/my_py_pkg/hook/pythonpath.ps1'
[5.126s] INFO:colcon.colcon_core.shell:Creating environment descriptor '/home/gh/ros_ws/install/my_py_pkg/share/my_py_pkg/hook/pythonpath.dsv'
[5.126s] INFO:colcon.colcon_core.shell:Creating environment hook '/home/gh/ros_ws/install/my_py_pkg/share/my_py_pkg/hook/pythonpath.sh'
[5.127s] Level 1:colcon.colcon_core.environment:checking '/home/gh/ros_ws/install/my_py_pkg/bin'
[5.127s] Level 1:colcon.colcon_core.environment:create_environment_scripts_only(my_py_pkg)
[5.128s] INFO:colcon.colcon_core.shell:Creating package script '/home/gh/ros_ws/install/my_py_pkg/share/my_py_pkg/package.ps1'
[5.129s] INFO:colcon.colcon_core.shell:Creating package descriptor '/home/gh/ros_ws/install/my_py_pkg/share/my_py_pkg/package.dsv'
[5.130s] INFO:colcon.colcon_core.shell:Creating package script '/home/gh/ros_ws/install/my_py_pkg/share/my_py_pkg/package.sh'
[5.130s] INFO:colcon.colcon_core.shell:Creating package script '/home/gh/ros_ws/install/my_py_pkg/share/my_py_pkg/package.bash'
[5.131s] INFO:colcon.colcon_core.shell:Creating package script '/home/gh/ros_ws/install/my_py_pkg/share/my_py_pkg/package.zsh'
[5.131s] Level 1:colcon.colcon_core.environment:create_file_with_runtime_dependencies(/home/gh/ros_ws/install/my_py_pkg/share/colcon-core/packages/my_py_pkg)
[5.132s] INFO:colcon.colcon_ros.task.ament_cmake.build:Building ROS package in '/home/gh/ros_ws/src/my_robot_bringup' with build type 'ament_cmake'
[5.132s] INFO:colcon.colcon_cmake.task.cmake.build:Building CMake package in '/home/gh/ros_ws/src/my_robot_bringup'
[5.132s] INFO:colcon.colcon_core.shell:Skip shell extension 'powershell' for command environment: Not usable outside of PowerShell
[5.132s] DEBUG:colcon.colcon_core.shell:Skip shell extension 'dsv' for command environment
[5.152s] DEBUG:colcon.colcon_core.event_handler.log_command:Invoking command in '/home/gh/ros_ws/build/my_robot_bringup': AMENT_PREFIX_PATH=/home/gh/ros_ws/install/my_py_pkg:/home/gh/ros_ws/install/pypkg:/home/gh/ros_ws/install/my_robot_bringup:/home/gh/ros_ws/install/my_cpp_pkg:/home/gh/ros_ws/install/my_robot_interfaces:/home/gh/ros_ws/install/cpppkg:/opt/ros/jazzy CMAKE_PREFIX_PATH=/home/gh/ros_ws/install/my_cpp_pkg:/home/gh/ros_ws/install/my_robot_interfaces:/home/gh/ros_ws/install/my_robot_bringup:/home/gh/ros_ws/install/cpppkg:/opt/ros/jazzy/opt/gz_math_vendor:/opt/ros/jazzy/opt/gz_utils_vendor:/opt/ros/jazzy/opt/gz_cmake_vendor:/home/gh/ros_ws/install/pypkg:/home/gh/ros_ws/install/my_py_pkg:/opt/ros/jazzy DEBUGINFOD_URLS=https://debuginfod.ubuntu.com PYTHONPATH=/home/gh/ros_ws/install/my_py_pkg/lib/python3.12/site-packages:/home/gh/ros_ws/install/my_robot_interfaces/lib/python3.12/site-packages:/home/gh/ros_ws/install/pypkg/lib/python3.12/site-packages:/opt/ros/jazzy/lib/python3.12/site-packages /usr/bin/cmake --build /home/gh/ros_ws/build/my_robot_bringup -- -j8 -l8
[5.216s] DEBUG:colcon.colcon_core.event_handler.log_command:Invoked command in '/home/gh/ros_ws/build/my_robot_bringup' returned '0': AMENT_PREFIX_PATH=/home/gh/ros_ws/install/my_py_pkg:/home/gh/ros_ws/install/pypkg:/home/gh/ros_ws/install/my_robot_bringup:/home/gh/ros_ws/install/my_cpp_pkg:/home/gh/ros_ws/install/my_robot_interfaces:/home/gh/ros_ws/install/cpppkg:/opt/ros/jazzy CMAKE_PREFIX_PATH=/home/gh/ros_ws/install/my_cpp_pkg:/home/gh/ros_ws/install/my_robot_interfaces:/home/gh/ros_ws/install/my_robot_bringup:/home/gh/ros_ws/install/cpppkg:/opt/ros/jazzy/opt/gz_math_vendor:/opt/ros/jazzy/opt/gz_utils_vendor:/opt/ros/jazzy/opt/gz_cmake_vendor:/home/gh/ros_ws/install/pypkg:/home/gh/ros_ws/install/my_py_pkg:/opt/ros/jazzy DEBUGINFOD_URLS=https://debuginfod.ubuntu.com PYTHONPATH=/home/gh/ros_ws/install/my_py_pkg/lib/python3.12/site-packages:/home/gh/ros_ws/install/my_robot_interfaces/lib/python3.12/site-packages:/home/gh/ros_ws/install/pypkg/lib/python3.12/site-packages:/opt/ros/jazzy/lib/python3.12/site-packages /usr/bin/cmake --build /home/gh/ros_ws/build/my_robot_bringup -- -j8 -l8
[5.219s] DEBUG:colcon.colcon_core.event_handler.log_command:Invoking command in '/home/gh/ros_ws/build/my_robot_bringup': AMENT_PREFIX_PATH=/home/gh/ros_ws/install/my_py_pkg:/home/gh/ros_ws/install/pypkg:/home/gh/ros_ws/install/my_robot_bringup:/home/gh/ros_ws/install/my_cpp_pkg:/home/gh/ros_ws/install/my_robot_interfaces:/home/gh/ros_ws/install/cpppkg:/opt/ros/jazzy CMAKE_PREFIX_PATH=/home/gh/ros_ws/install/my_cpp_pkg:/home/gh/ros_ws/install/my_robot_interfaces:/home/gh/ros_ws/install/my_robot_bringup:/home/gh/ros_ws/install/cpppkg:/opt/ros/jazzy/opt/gz_math_vendor:/opt/ros/jazzy/opt/gz_utils_vendor:/opt/ros/jazzy/opt/gz_cmake_vendor:/home/gh/ros_ws/install/pypkg:/home/gh/ros_ws/install/my_py_pkg:/opt/ros/jazzy DEBUGINFOD_URLS=https://debuginfod.ubuntu.com PYTHONPATH=/home/gh/ros_ws/install/my_py_pkg/lib/python3.12/site-packages:/home/gh/ros_ws/install/my_robot_interfaces/lib/python3.12/site-packages:/home/gh/ros_ws/install/pypkg/lib/python3.12/site-packages:/opt/ros/jazzy/lib/python3.12/site-packages /usr/bin/cmake --install /home/gh/ros_ws/build/my_robot_bringup
[5.240s] Level 1:colcon.colcon_core.environment:create_environment_scripts_only(my_robot_bringup)
[5.240s] Level 1:colcon.colcon_core.environment:checking '/home/gh/ros_ws/install/my_robot_bringup' for CMake module files
[5.242s] DEBUG:colcon.colcon_core.event_handler.log_command:Invoked command in '/home/gh/ros_ws/build/my_robot_bringup' returned '0': AMENT_PREFIX_PATH=/home/gh/ros_ws/install/my_py_pkg:/home/gh/ros_ws/install/pypkg:/home/gh/ros_ws/install/my_robot_bringup:/home/gh/ros_ws/install/my_cpp_pkg:/home/gh/ros_ws/install/my_robot_interfaces:/home/gh/ros_ws/install/cpppkg:/opt/ros/jazzy CMAKE_PREFIX_PATH=/home/gh/ros_ws/install/my_cpp_pkg:/home/gh/ros_ws/install/my_robot_interfaces:/home/gh/ros_ws/install/my_robot_bringup:/home/gh/ros_ws/install/cpppkg:/opt/ros/jazzy/opt/gz_math_vendor:/opt/ros/jazzy/opt/gz_utils_vendor:/opt/ros/jazzy/opt/gz_cmake_vendor:/home/gh/ros_ws/install/pypkg:/home/gh/ros_ws/install/my_py_pkg:/opt/ros/jazzy DEBUGINFOD_URLS=https://debuginfod.ubuntu.com PYTHONPATH=/home/gh/ros_ws/install/my_py_pkg/lib/python3.12/site-packages:/home/gh/ros_ws/install/my_robot_interfaces/lib/python3.12/site-packages:/home/gh/ros_ws/install/pypkg/lib/python3.12/site-packages:/opt/ros/jazzy/lib/python3.12/site-packages /usr/bin/cmake --install /home/gh/ros_ws/build/my_robot_bringup
[5.243s] Level 1:colcon.colcon_core.environment:checking '/home/gh/ros_ws/install/my_robot_bringup' for CMake config files
[5.243s] Level 1:colcon.colcon_core.shell:create_environment_hook('my_robot_bringup', 'cmake_prefix_path')
[5.244s] INFO:colcon.colcon_core.shell:Creating environment hook '/home/gh/ros_ws/install/my_robot_bringup/share/my_robot_bringup/hook/cmake_prefix_path.ps1'
[5.245s] INFO:colcon.colcon_core.shell:Creating environment descriptor '/home/gh/ros_ws/install/my_robot_bringup/share/my_robot_bringup/hook/cmake_prefix_path.dsv'
[5.246s] INFO:colcon.colcon_core.shell:Creating environment hook '/home/gh/ros_ws/install/my_robot_bringup/share/my_robot_bringup/hook/cmake_prefix_path.sh'
[5.247s] Level 1:colcon.colcon_core.environment:checking '/home/gh/ros_ws/install/my_robot_bringup/bin'
[5.247s] Level 1:colcon.colcon_core.environment:checking '/home/gh/ros_ws/install/my_robot_bringup/lib/pkgconfig/my_robot_bringup.pc'
[5.247s] Level 1:colcon.colcon_core.environment:checking '/home/gh/ros_ws/install/my_robot_bringup/lib/python3.12/site-packages'
[5.248s] Level 1:colcon.colcon_core.environment:checking '/home/gh/ros_ws/install/my_robot_bringup/bin'
[5.248s] INFO:colcon.colcon_core.shell:Creating package script '/home/gh/ros_ws/install/my_robot_bringup/share/my_robot_bringup/package.ps1'
[5.249s] INFO:colcon.colcon_core.shell:Creating package descriptor '/home/gh/ros_ws/install/my_robot_bringup/share/my_robot_bringup/package.dsv'
[5.250s] INFO:colcon.colcon_core.shell:Creating package script '/home/gh/ros_ws/install/my_robot_bringup/share/my_robot_bringup/package.sh'
[5.251s] INFO:colcon.colcon_core.shell:Creating package script '/home/gh/ros_ws/install/my_robot_bringup/share/my_robot_bringup/package.bash'
[5.251s] INFO:colcon.colcon_core.shell:Creating package script '/home/gh/ros_ws/install/my_robot_bringup/share/my_robot_bringup/package.zsh'
[5.252s] Level 1:colcon.colcon_core.environment:create_file_with_runtime_dependencies(/home/gh/ros_ws/install/my_robot_bringup/share/colcon-core/packages/my_robot_bringup)
[5.253s] Level 1:colcon.colcon_core.environment:create_environment_scripts_only(my_robot_bringup)
[5.253s] Level 1:colcon.colcon_core.environment:checking '/home/gh/ros_ws/install/my_robot_bringup' for CMake module files
[5.254s] Level 1:colcon.colcon_core.environment:checking '/home/gh/ros_ws/install/my_robot_bringup' for CMake config files
[5.255s] Level 1:colcon.colcon_core.shell:create_environment_hook('my_robot_bringup', 'cmake_prefix_path')
[5.255s] INFO:colcon.colcon_core.shell:Creating environment hook '/home/gh/ros_ws/install/my_robot_bringup/share/my_robot_bringup/hook/cmake_prefix_path.ps1'
[5.256s] INFO:colcon.colcon_core.shell:Creating environment descriptor '/home/gh/ros_ws/install/my_robot_bringup/share/my_robot_bringup/hook/cmake_prefix_path.dsv'
[5.257s] INFO:colcon.colcon_core.shell:Creating environment hook '/home/gh/ros_ws/install/my_robot_bringup/share/my_robot_bringup/hook/cmake_prefix_path.sh'
[5.258s] Level 1:colcon.colcon_core.environment:checking '/home/gh/ros_ws/install/my_robot_bringup/bin'
[5.258s] Level 1:colcon.colcon_core.environment:checking '/home/gh/ros_ws/install/my_robot_bringup/lib/pkgconfig/my_robot_bringup.pc'
[5.259s] Level 1:colcon.colcon_core.environment:checking '/home/gh/ros_ws/install/my_robot_bringup/lib/python3.12/site-packages'
[5.259s] Level 1:colcon.colcon_core.environment:checking '/home/gh/ros_ws/install/my_robot_bringup/bin'
[5.259s] INFO:colcon.colcon_core.shell:Creating package script '/home/gh/ros_ws/install/my_robot_bringup/share/my_robot_bringup/package.ps1'
[5.260s] INFO:colcon.colcon_core.shell:Creating package descriptor '/home/gh/ros_ws/install/my_robot_bringup/share/my_robot_bringup/package.dsv'
[5.261s] INFO:colcon.colcon_core.shell:Creating package script '/home/gh/ros_ws/install/my_robot_bringup/share/my_robot_bringup/package.sh'
[5.262s] INFO:colcon.colcon_core.shell:Creating package script '/home/gh/ros_ws/install/my_robot_bringup/share/my_robot_bringup/package.bash'
[5.263s] INFO:colcon.colcon_core.shell:Creating package script '/home/gh/ros_ws/install/my_robot_bringup/share/my_robot_bringup/package.zsh'
[5.263s] Level 1:colcon.colcon_core.environment:create_file_with_runtime_dependencies(/home/gh/ros_ws/install/my_robot_bringup/share/colcon-core/packages/my_robot_bringup)
[5.264s] DEBUG:colcon.colcon_parallel_executor.executor.parallel:closing loop
[5.264s] DEBUG:colcon.colcon_parallel_executor.executor.parallel:loop closed
[5.264s] DEBUG:colcon.colcon_parallel_executor.executor.parallel:run_until_complete finished with '0'
[5.264s] DEBUG:colcon.colcon_core.event_reactor:joining thread
[5.272s] INFO:colcon.colcon_core.plugin_system:Skipping extension 'colcon_notification.desktop_notification.terminal_notifier': Not used on non-Darwin systems
[5.273s] INFO:colcon.colcon_core.plugin_system:Skipping extension 'colcon_notification.desktop_notification.win32': Not used on non-Windows systems
[5.273s] INFO:colcon.colcon_notification.desktop_notification:Sending desktop notification using 'notify2'
[5.296s] DEBUG:colcon.colcon_core.event_reactor:joined thread
[5.296s] INFO:colcon.colcon_core.shell:Creating prefix script '/home/gh/ros_ws/install/local_setup.ps1'
[5.298s] INFO:colcon.colcon_core.shell:Creating prefix util module '/home/gh/ros_ws/install/_local_setup_util_ps1.py'
[5.300s] INFO:colcon.colcon_core.shell:Creating prefix chain script '/home/gh/ros_ws/install/setup.ps1'
[5.302s] INFO:colcon.colcon_core.shell:Creating prefix script '/home/gh/ros_ws/install/local_setup.sh'
[5.303s] INFO:colcon.colcon_core.shell:Creating prefix util module '/home/gh/ros_ws/install/_local_setup_util_sh.py'
[5.304s] INFO:colcon.colcon_core.shell:Creating prefix chain script '/home/gh/ros_ws/install/setup.sh'
[5.306s] INFO:colcon.colcon_core.shell:Creating prefix script '/home/gh/ros_ws/install/local_setup.bash'
[5.307s] INFO:colcon.colcon_core.shell:Creating prefix chain script '/home/gh/ros_ws/install/setup.bash'
[5.309s] INFO:colcon.colcon_core.shell:Creating prefix script '/home/gh/ros_ws/install/local_setup.zsh'
[5.310s] INFO:colcon.colcon_core.shell:Creating prefix chain script '/home/gh/ros_ws/install/setup.zsh'
